<?xml version="1.0" encoding="utf-8"?>
<TestRun id="c7145091-b5d4-468c-b24d-762640b60844" name="@ip-10-1-4-15 2025-04-02 13:21:22" xmlns="http://microsoft.com/schemas/VisualStudio/TeamTest/2010">
  <Times creation="2025-04-02T13:21:22.2232082+00:00" queuing="2025-04-02T13:21:22.2232083+00:00" start="2025-04-02T13:21:20.4124024+00:00" finish="2025-04-02T13:21:28.8026417+00:00" />
  <TestSettings name="default" id="67d9d8d6-02a4-41cd-a163-045f47ab85c0">
    <Deployment runDeploymentRoot="_ip-10-1-4-15_2025-04-02_13_21_22" />
  </TestSettings>
  <Results>
    <UnitTestResult executionId="d32a468e-89c9-4825-9bf7-0c5d2217ab01" testId="77789503-c10e-73a5-c7f4-f04379017023" testName="Configurable_products" computerName="ip-10-1-4-15" duration="00:00:00.0000780" startTime="2025-04-02T13:21:27.3447693+00:00" endTime="2025-04-02T13:21:27.3448469+00:00" testType="13cdc9d9-ddb5-4fa4-a97d-d965ccfc6d4b" outcome="NotExecuted" testListId="8c84fa94-04c1-424b-9868-57a2d4851a1d" relativeResultsDirectory="d32a468e-89c9-4825-9bf7-0c5d2217ab01">
      <Output>
        <StdOut>Skipping test: it does not belong to this partition.</StdOut>
        <ErrorInfo>
          <Message>Skipping test: it does not belong to this partition.</Message>
        </ErrorInfo>
      </Output>
    </UnitTestResult>
    <UnitTestResult executionId="8d4945c0-fcda-4723-a4bc-69955fa1fca0" testId="e22e1de4-10e8-b8e5-ea1f-d0f440087ebe" testName="Multiple_products" computerName="ip-10-1-4-15" duration="00:00:00.0000780" startTime="2025-04-02T13:21:25.4312242+00:00" endTime="2025-04-02T13:21:25.4313026+00:00" testType="13cdc9d9-ddb5-4fa4-a97d-d965ccfc6d4b" outcome="NotExecuted" testListId="8c84fa94-04c1-424b-9868-57a2d4851a1d" relativeResultsDirectory="8d4945c0-fcda-4723-a4bc-69955fa1fca0">
      <Output>
        <StdOut>Skipping test: it does not belong to this partition.</StdOut>
        <ErrorInfo>
          <Message>Skipping test: it does not belong to this partition.</Message>
        </ErrorInfo>
      </Output>
    </UnitTestResult>
    <UnitTestResult executionId="88d694b1-1f93-47b0-9993-d64ea663108a" testId="6a99016a-f976-93cf-b799-699a78c03a5f" testName="Can_filter_on_availability" computerName="ip-10-1-4-15" duration="00:00:00.0002630" startTime="2025-04-02T13:21:27.3443697+00:00" endTime="2025-04-02T13:21:27.3446322+00:00" testType="13cdc9d9-ddb5-4fa4-a97d-d965ccfc6d4b" outcome="NotExecuted" testListId="8c84fa94-04c1-424b-9868-57a2d4851a1d" relativeResultsDirectory="88d694b1-1f93-47b0-9993-d64ea663108a">
      <Output>
        <StdOut>Skipping test: it does not belong to this partition.</StdOut>
        <ErrorInfo>
          <Message>Skipping test: it does not belong to this partition.</Message>
        </ErrorInfo>
      </Output>
    </UnitTestResult>
    <UnitTestResult executionId="fbee396d-9bed-44f4-8d0f-e4e593d54c64" testId="2c222735-a87e-b030-53a6-5e6d46928261" testName="Can_specify_values_as_objects_with_a_property_called_value" computerName="ip-10-1-4-15" duration="00:00:00.0001840" startTime="2025-04-02T13:21:25.4235605+00:00" endTime="2025-04-02T13:21:25.4237446+00:00" testType="13cdc9d9-ddb5-4fa4-a97d-d965ccfc6d4b" outcome="NotExecuted" testListId="8c84fa94-04c1-424b-9868-57a2d4851a1d" relativeResultsDirectory="fbee396d-9bed-44f4-8d0f-e4e593d54c64">
      <Output>
        <StdOut>Skipping test: it does not belong to this partition.</StdOut>
        <ErrorInfo>
          <Message>Skipping test: it does not belong to this partition.</Message>
        </ErrorInfo>
      </Output>
    </UnitTestResult>
    <UnitTestResult executionId="ae49913a-6864-45bf-8862-63e239efc652" testId="8ee782c2-5827-1749-c650-465571e1ef47" testName="After_importing_a_valid_product_it_should_be_searchable" computerName="ip-10-1-4-15" duration="00:00:00.0003180" startTime="2025-04-02T13:21:25.4294163+00:00" endTime="2025-04-02T13:21:25.4297347+00:00" testType="13cdc9d9-ddb5-4fa4-a97d-d965ccfc6d4b" outcome="NotExecuted" testListId="8c84fa94-04c1-424b-9868-57a2d4851a1d" relativeResultsDirectory="ae49913a-6864-45bf-8862-63e239efc652">
      <Output>
        <StdOut>Skipping test: it does not belong to this partition.</StdOut>
        <ErrorInfo>
          <Message>Skipping test: it does not belong to this partition.</Message>
        </ErrorInfo>
      </Output>
    </UnitTestResult>
    <UnitTestResult executionId="bdb75f96-6c6d-48ba-82d2-0d23cd033c54" testId="66b49aa0-8bd6-3e93-e210-fad9eb969007" testName="Updating_Configurable_Properties_ImportProducts" computerName="ip-10-1-4-15" duration="00:00:00.0000880" startTime="2025-04-02T13:21:25.4315506+00:00" endTime="2025-04-02T13:21:25.4316382+00:00" testType="13cdc9d9-ddb5-4fa4-a97d-d965ccfc6d4b" outcome="NotExecuted" testListId="8c84fa94-04c1-424b-9868-57a2d4851a1d" relativeResultsDirectory="bdb75f96-6c6d-48ba-82d2-0d23cd033c54">
      <Output>
        <StdOut>Skipping test: it does not belong to this partition.</StdOut>
        <ErrorInfo>
          <Message>Skipping test: it does not belong to this partition.</Message>
        </ErrorInfo>
      </Output>
    </UnitTestResult>
    <UnitTestResult executionId="c4f3b323-e74b-4af9-a3d4-c5c391a819dc" testId="395edfb2-72c2-1137-e67d-5891e9682adf" testName="Search_by_id_works" computerName="ip-10-1-4-15" duration="00:00:00.0645870" startTime="2025-04-02T13:21:28.6757766+00:00" endTime="2025-04-02T13:21:28.7403630+00:00" testType="13cdc9d9-ddb5-4fa4-a97d-d965ccfc6d4b" outcome="Passed" testListId="8c84fa94-04c1-424b-9868-57a2d4851a1d" relativeResultsDirectory="c4f3b323-e74b-4af9-a3d4-c5c391a819dc">
      <Output>
        <StdOut>Warning message/SearchProducts missing_includedfields - No IncludedFields specified for a SearchProducts request.
Warning message/SearchProducts missing_includedfields - No IncludedFields specified for a SearchProducts request.</StdOut>
      </Output>
    </UnitTestResult>
    <UnitTestResult executionId="4677ce79-d95a-404e-9d02-6c4fa65ed858" testId="261f180b-c850-b236-905f-d9f028e19ab9" testName="filter_on_id_should_work" computerName="ip-10-1-4-15" duration="00:00:00.0005960" startTime="2025-04-02T13:21:25.6153118+00:00" endTime="2025-04-02T13:21:25.6159076+00:00" testType="13cdc9d9-ddb5-4fa4-a97d-d965ccfc6d4b" outcome="NotExecuted" testListId="8c84fa94-04c1-424b-9868-57a2d4851a1d" relativeResultsDirectory="4677ce79-d95a-404e-9d02-6c4fa65ed858">
      <Output>
        <StdOut>Skipping test: it does not belong to this partition.</StdOut>
        <ErrorInfo>
          <Message>Skipping test: it does not belong to this partition.</Message>
        </ErrorInfo>
      </Output>
    </UnitTestResult>
    <UnitTestResult executionId="796d7365-d5d7-4770-9619-a2b7c6fa245a" testId="9922dd9b-ed27-2787-b2de-cb8b9fefbb1a" testName="Can_import_images(True)" computerName="ip-10-1-4-15" duration="00:00:00.0002080" startTime="2025-04-02T13:21:25.4301676+00:00" endTime="2025-04-02T13:21:25.4303758+00:00" testType="13cdc9d9-ddb5-4fa4-a97d-d965ccfc6d4b" outcome="NotExecuted" testListId="8c84fa94-04c1-424b-9868-57a2d4851a1d" relativeResultsDirectory="796d7365-d5d7-4770-9619-a2b7c6fa245a">
      <Output>
        <StdOut>Skipping test: it does not belong to this partition.</StdOut>
        <ErrorInfo>
          <Message>Skipping test: it does not belong to this partition.</Message>
        </ErrorInfo>
      </Output>
    </UnitTestResult>
    <UnitTestResult executionId="c42be717-6515-40ad-8a34-f7864ee7311c" testId="96c3b0e4-6d2e-789d-0e25-9e3e18e1cd4f" testName="Can_update_taxcode" computerName="ip-10-1-4-15" duration="00:00:00.0001090" startTime="2025-04-02T13:21:25.4305652+00:00" endTime="2025-04-02T13:21:25.4306737+00:00" testType="13cdc9d9-ddb5-4fa4-a97d-d965ccfc6d4b" outcome="NotExecuted" testListId="8c84fa94-04c1-424b-9868-57a2d4851a1d" relativeResultsDirectory="c42be717-6515-40ad-8a34-f7864ee7311c">
      <Output>
        <StdOut>Skipping test: it does not belong to this partition.</StdOut>
        <ErrorInfo>
          <Message>Skipping test: it does not belong to this partition.</Message>
        </ErrorInfo>
      </Output>
    </UnitTestResult>
    <UnitTestResult executionId="42a9a2b6-4b32-40df-ae71-414fad08f6fb" testId="aa39ba64-97a9-e15c-6017-97422f109913" testName="Can_use_EditProduct_to_edit_product_content" computerName="ip-10-1-4-15" duration="00:00:00.0001310" startTime="2025-04-02T13:21:25.4237537+00:00" endTime="2025-04-02T13:21:25.4238842+00:00" testType="13cdc9d9-ddb5-4fa4-a97d-d965ccfc6d4b" outcome="NotExecuted" testListId="8c84fa94-04c1-424b-9868-57a2d4851a1d" relativeResultsDirectory="42a9a2b6-4b32-40df-ae71-414fad08f6fb">
      <Output>
        <StdOut>Skipping test: it does not belong to this partition.</StdOut>
        <ErrorInfo>
          <Message>Skipping test: it does not belong to this partition.</Message>
        </ErrorInfo>
      </Output>
    </UnitTestResult>
    <UnitTestResult executionId="ec9bf207-c7b2-4378-8d29-ce8b388996ab" testId="587fdef2-0bf2-38bf-d34d-f8f48aa8f1cd" testName="ExportProductBaseExcelAsyncShouldWork" computerName="ip-10-1-4-15" duration="00:00:00.3737900" startTime="2025-04-02T13:21:25.8810368+00:00" endTime="2025-04-02T13:21:26.2548263+00:00" testType="13cdc9d9-ddb5-4fa4-a97d-d965ccfc6d4b" outcome="Passed" testListId="8c84fa94-04c1-424b-9868-57a2d4851a1d" relativeResultsDirectory="ec9bf207-c7b2-4378-8d29-ce8b388996ab" />
    <UnitTestResult executionId="0925dd13-a9db-477a-a424-57ac6b44cf0e" testId="6f3bc40c-0379-385b-f1fa-d72ff169974f" testName="Can_delete_PPT_with_values_on_documents" computerName="ip-10-1-4-15" duration="00:00:00.0001520" startTime="2025-04-02T13:21:25.4244623+00:00" endTime="2025-04-02T13:21:25.4246142+00:00" testType="13cdc9d9-ddb5-4fa4-a97d-d965ccfc6d4b" outcome="NotExecuted" testListId="8c84fa94-04c1-424b-9868-57a2d4851a1d" relativeResultsDirectory="0925dd13-a9db-477a-a424-57ac6b44cf0e">
      <Output>
        <StdOut>Skipping test: it does not belong to this partition.</StdOut>
        <ErrorInfo>
          <Message>Skipping test: it does not belong to this partition.</Message>
        </ErrorInfo>
      </Output>
    </UnitTestResult>
    <UnitTestResult executionId="8259cf5f-91c8-4146-81f0-d3515752a18b" testId="bb8e55a0-1ee1-d5cf-e703-0aa0ec0bb37d" testName="Can_use_Aggregate_completion" computerName="ip-10-1-4-15" duration="00:00:02.1146160" startTime="2025-04-02T13:21:22.1915079+00:00" endTime="2025-04-02T13:21:24.3061230+00:00" testType="13cdc9d9-ddb5-4fa4-a97d-d965ccfc6d4b" outcome="Passed" testListId="8c84fa94-04c1-424b-9868-57a2d4851a1d" relativeResultsDirectory="8259cf5f-91c8-4146-81f0-d3515752a18b" />
    <UnitTestResult executionId="de891dd9-4885-46dc-aa00-fa31698ca5ac" testId="47ebe5bc-45ff-ed18-2dc7-5dac4a8d4740" testName="Can_use_property_autocomplete" computerName="ip-10-1-4-15" duration="00:00:01.1162160" startTime="2025-04-02T13:21:24.3062142+00:00" endTime="2025-04-02T13:21:25.4224297+00:00" testType="13cdc9d9-ddb5-4fa4-a97d-d965ccfc6d4b" outcome="Passed" testListId="8c84fa94-04c1-424b-9868-57a2d4851a1d" relativeResultsDirectory="de891dd9-4885-46dc-aa00-fa31698ca5ac" />
    <UnitTestResult executionId="b12cbcd0-72c7-4e57-afa7-6d2025d87ad0" testId="dedadd88-9ca3-bf40-01ac-f6bab4a90c7f" testName="Test" computerName="ip-10-1-4-15" duration="00:00:00.0002410" startTime="2025-04-02T13:21:25.4248986+00:00" endTime="2025-04-02T13:21:25.4251396+00:00" testType="13cdc9d9-ddb5-4fa4-a97d-d965ccfc6d4b" outcome="NotExecuted" testListId="8c84fa94-04c1-424b-9868-57a2d4851a1d" relativeResultsDirectory="b12cbcd0-72c7-4e57-afa7-6d2025d87ad0">
      <Output>
        <StdOut>Skipping test: it does not belong to this partition.</StdOut>
        <ErrorInfo>
          <Message>Skipping test: it does not belong to this partition.</Message>
        </ErrorInfo>
      </Output>
    </UnitTestResult>
    <UnitTestResult executionId="7ac3be28-4fab-421f-a1d2-58dd785534de" testId="cd452d7a-2ef8-6370-a73e-3b7c08064506" testName="Content_on_the_child_that_already_exists_on_the_child_is_not_duplicated" computerName="ip-10-1-4-15" duration="00:00:00.0001420" startTime="2025-04-02T13:21:25.4306783+00:00" endTime="2025-04-02T13:21:25.4308204+00:00" testType="13cdc9d9-ddb5-4fa4-a97d-d965ccfc6d4b" outcome="NotExecuted" testListId="8c84fa94-04c1-424b-9868-57a2d4851a1d" relativeResultsDirectory="7ac3be28-4fab-421f-a1d2-58dd785534de">
      <Output>
        <StdOut>Skipping test: it does not belong to this partition.</StdOut>
        <ErrorInfo>
          <Message>Skipping test: it does not belong to this partition.</Message>
        </ErrorInfo>
      </Output>
    </UnitTestResult>
    <UnitTestResult executionId="2c647916-21a0-4523-91cd-8df4203acb9f" testId="748ea817-04ff-4481-57bf-215afbcd8ec7" testName="Updating__and_partial_Create_Configurable_Properties_ImportProducts" computerName="ip-10-1-4-15" duration="00:00:00.0001070" startTime="2025-04-02T13:21:25.4314302+00:00" endTime="2025-04-02T13:21:25.4315350+00:00" testType="13cdc9d9-ddb5-4fa4-a97d-d965ccfc6d4b" outcome="NotExecuted" testListId="8c84fa94-04c1-424b-9868-57a2d4851a1d" relativeResultsDirectory="2c647916-21a0-4523-91cd-8df4203acb9f">
      <Output>
        <StdOut>Skipping test: it does not belong to this partition.</StdOut>
        <ErrorInfo>
          <Message>Skipping test: it does not belong to this partition.</Message>
        </ErrorInfo>
      </Output>
    </UnitTestResult>
    <UnitTestResult executionId="ff292041-2be9-40f9-8cd5-2d9f7acd7ecb" testId="24140b41-e03b-b699-d074-82bee71ecb32" testName="TaxCode_is_required" computerName="ip-10-1-4-15" duration="00:00:00.0001140" startTime="2025-04-02T13:21:25.4313066+00:00" endTime="2025-04-02T13:21:25.4314204+00:00" testType="13cdc9d9-ddb5-4fa4-a97d-d965ccfc6d4b" outcome="NotExecuted" testListId="8c84fa94-04c1-424b-9868-57a2d4851a1d" relativeResultsDirectory="ff292041-2be9-40f9-8cd5-2d9f7acd7ecb">
      <Output>
        <StdOut>Skipping test: it does not belong to this partition.</StdOut>
        <ErrorInfo>
          <Message>Skipping test: it does not belong to this partition.</Message>
        </ErrorInfo>
      </Output>
    </UnitTestResult>
    <UnitTestResult executionId="5481b6df-d38f-4e81-9a7e-a53fb95c842d" testId="72a4de9b-34e0-4232-dd4c-f6d14a92a746" testName="ExportProductBaseExcelShouldWork" computerName="ip-10-1-4-15" duration="00:00:00.2221780" startTime="2025-04-02T13:21:26.2548661+00:00" endTime="2025-04-02T13:21:26.4770433+00:00" testType="13cdc9d9-ddb5-4fa4-a97d-d965ccfc6d4b" outcome="Passed" testListId="8c84fa94-04c1-424b-9868-57a2d4851a1d" relativeResultsDirectory="5481b6df-d38f-4e81-9a7e-a53fb95c842d" />
    <UnitTestResult executionId="9a106c19-378a-48ff-93be-d70d9ec29c6d" testId="06c35a3a-d052-99d8-db33-299fc49291f4" testName="Search_by_empty_ids_works" computerName="ip-10-1-4-15" duration="00:00:00.0358100" startTime="2025-04-02T13:21:28.6399274+00:00" endTime="2025-04-02T13:21:28.6757372+00:00" testType="13cdc9d9-ddb5-4fa4-a97d-d965ccfc6d4b" outcome="Passed" testListId="8c84fa94-04c1-424b-9868-57a2d4851a1d" relativeResultsDirectory="9a106c19-378a-48ff-93be-d70d9ec29c6d">
      <Output>
        <StdOut>Warning message/SearchProducts missing_includedfields - No IncludedFields specified for a SearchProducts request.</StdOut>
      </Output>
    </UnitTestResult>
    <UnitTestResult executionId="8a0c80cd-348a-4d4f-9c04-ae729fa226f9" testId="a899c7dc-010c-61d2-783a-1535428a7fd3" testName="New_AssortmentContentCulture_is_composed_after_creating_it" computerName="ip-10-1-4-15" duration="00:00:00.0006160" startTime="2025-04-02T13:21:22.1906122+00:00" endTime="2025-04-02T13:21:22.1912275+00:00" testType="13cdc9d9-ddb5-4fa4-a97d-d965ccfc6d4b" outcome="NotExecuted" testListId="8c84fa94-04c1-424b-9868-57a2d4851a1d" relativeResultsDirectory="8a0c80cd-348a-4d4f-9c04-ae729fa226f9">
      <Output>
        <StdOut>Skipping test: it does not belong to this partition.</StdOut>
        <ErrorInfo>
          <Message>Skipping test: it does not belong to this partition.</Message>
        </ErrorInfo>
      </Output>
    </UnitTestResult>
    <UnitTestResult executionId="526db330-5e0b-4828-88bc-7f627e8fa4ca" testId="567308e8-74a4-9e12-88aa-f0d05a2ed980" testName="Product_search_returns_if_product_is_part_of_bundle" computerName="ip-10-1-4-15" duration="00:00:00.3474830" startTime="2025-04-02T13:21:28.2923875+00:00" endTime="2025-04-02T13:21:28.6398702+00:00" testType="13cdc9d9-ddb5-4fa4-a97d-d965ccfc6d4b" outcome="Passed" testListId="8c84fa94-04c1-424b-9868-57a2d4851a1d" relativeResultsDirectory="526db330-5e0b-4828-88bc-7f627e8fa4ca">
      <Output>
        <StdOut>Warning message/SearchProducts missing_includedfields - No IncludedFields specified for a SearchProducts request.
Warning message/SearchProducts missing_includedfields - No IncludedFields specified for a SearchProducts request.
Warning message/SearchProducts missing_includedfields - No IncludedFields specified for a SearchProducts request.
Warning message/SearchProducts missing_includedfields - No IncludedFields specified for a SearchProducts request.</StdOut>
      </Output>
    </UnitTestResult>
    <UnitTestResult executionId="192c9662-4fb3-4ba4-b1ed-df5b9766e881" testId="02e9a14e-1f59-9eef-e7be-ee32e4eda2d3" testName="Can_search_new_PPTs" computerName="ip-10-1-4-15" duration="00:00:00.0002570" startTime="2025-04-02T13:21:27.3454181+00:00" endTime="2025-04-02T13:21:27.3456751+00:00" testType="13cdc9d9-ddb5-4fa4-a97d-d965ccfc6d4b" outcome="NotExecuted" testListId="8c84fa94-04c1-424b-9868-57a2d4851a1d" relativeResultsDirectory="192c9662-4fb3-4ba4-b1ed-df5b9766e881">
      <Output>
        <StdOut>Skipping test: it does not belong to this partition.</StdOut>
        <ErrorInfo>
          <Message>Skipping test: it does not belong to this partition.</Message>
        </ErrorInfo>
      </Output>
    </UnitTestResult>
    <UnitTestResult executionId="40c17267-2de9-4c25-ac9e-8f45d393be87" testId="08d6aba3-2a2f-48ac-9c93-9cfc4d696497" testName="Revision_status_is_set_to_applied" computerName="ip-10-1-4-15" duration="00:00:00.2499710" startTime="2025-04-02T13:21:21.9276720+00:00" endTime="2025-04-02T13:21:22.1776427+00:00" testType="13cdc9d9-ddb5-4fa4-a97d-d965ccfc6d4b" outcome="Passed" testListId="8c84fa94-04c1-424b-9868-57a2d4851a1d" relativeResultsDirectory="40c17267-2de9-4c25-ac9e-8f45d393be87">
      <Output>
        <StdOut>Warning message/ListRevisions limit_large - Limit parameter 1000 is high - consider adding paging.
Warning message/ListRevisions limit_large - Limit parameter 1000 is high - consider adding paging.
Warning message/ListRevisions limit_large - Limit parameter 1000 is high - consider adding paging.
Warning message/ListRevisions limit_large - Limit parameter 1000 is high - consider adding paging.</StdOut>
      </Output>
    </UnitTestResult>
    <UnitTestResult executionId="866056b5-10ae-40de-9728-f4cfdff05c5f" testId="71d3017e-00bc-1397-b43b-c48ad33962d7" testName="Can_create_new_properties" computerName="ip-10-1-4-15" duration="00:00:00.0003240" startTime="2025-04-02T13:21:25.4297629+00:00" endTime="2025-04-02T13:21:25.4300869+00:00" testType="13cdc9d9-ddb5-4fa4-a97d-d965ccfc6d4b" outcome="NotExecuted" testListId="8c84fa94-04c1-424b-9868-57a2d4851a1d" relativeResultsDirectory="866056b5-10ae-40de-9728-f4cfdff05c5f">
      <Output>
        <StdOut>Skipping test: it does not belong to this partition.</StdOut>
        <ErrorInfo>
          <Message>Skipping test: it does not belong to this partition.</Message>
        </ErrorInfo>
      </Output>
    </UnitTestResult>
    <UnitTestResult executionId="4afe1388-2d6f-4091-88e8-cb46af9b7ea7" testId="7bff7a98-b723-6afa-ba9b-732d065a2916" testName="Can_exclude_second_chance_products_from_product_search" computerName="ip-10-1-4-15" duration="00:00:00.7746750" startTime="2025-04-02T13:21:27.3458619+00:00" endTime="2025-04-02T13:21:28.1205365+00:00" testType="13cdc9d9-ddb5-4fa4-a97d-d965ccfc6d4b" outcome="Passed" testListId="8c84fa94-04c1-424b-9868-57a2d4851a1d" relativeResultsDirectory="4afe1388-2d6f-4091-88e8-cb46af9b7ea7">
      <Output>
        <StdOut>Warning message/ListOrganizationUnits obsolete_service - EVA.Core.Services.OrganizationUnits.ListOrganizationUnits is deprecated and will be removed in 2.0.812: Use `ListOrganizationUnitDetailed` (authenticated) or `ListOrganizationUnitSummaries` (anonymous).
Warning message/GetOrganizationUnit obsolete_service - EVA.Core.Services.OrganizationUnits.GetOrganizationUnit is deprecated and will be removed in 2.0.812: Use `GetOrganizationUnitDetailed` (authenticated) or `GetOrganizationUnitSummary` (anonymous).
Warning message/SearchProducts missing_includedfields - No IncludedFields specified for a SearchProducts request.
Warning message/SearchProducts missing_includedfields - No IncludedFields specified for a SearchProducts request.
Warning message/SearchProducts missing_includedfields - No IncludedFields specified for a SearchProducts request.
Warning message/SearchProducts missing_includedfields - No IncludedFields specified for a SearchProducts request.
Warning message/SearchProducts missing_includedfields - No IncludedFields specified for a SearchProducts request.
Warning message/SearchProducts missing_includedfields - No IncludedFields specified for a SearchProducts request.
Warning message/SearchProducts missing_includedfields - No IncludedFields specified for a SearchProducts request.
Warning message/SearchProducts null_element:Filters.Values - Providing null elements at Filters.Values is not supported</StdOut>
      </Output>
    </UnitTestResult>
    <UnitTestResult executionId="a438ae6c-b36f-40f0-a53a-c5b31f7382df" testId="84d3056c-e2ee-d4d3-094c-140fd0c39258" testName="Valid_product_hierarchy_with_content_import" computerName="ip-10-1-4-15" duration="00:00:00.0000980" startTime="2025-04-02T13:21:25.4318210+00:00" endTime="2025-04-02T13:21:25.4319193+00:00" testType="13cdc9d9-ddb5-4fa4-a97d-d965ccfc6d4b" outcome="NotExecuted" testListId="8c84fa94-04c1-424b-9868-57a2d4851a1d" relativeResultsDirectory="a438ae6c-b36f-40f0-a53a-c5b31f7382df">
      <Output>
        <StdOut>Skipping test: it does not belong to this partition.</StdOut>
        <ErrorInfo>
          <Message>Skipping test: it does not belong to this partition.</Message>
        </ErrorInfo>
      </Output>
    </UnitTestResult>
    <UnitTestResult executionId="53d7ba04-7450-4bdd-a4c2-8a58a7d6430d" testId="3d799dca-e57d-f9f6-1823-e9da37f21919" testName="Can_create_multiword_synonyms" computerName="ip-10-1-4-15" duration="00:00:00.0001140" startTime="2025-04-02T13:21:28.7411414+00:00" endTime="2025-04-02T13:21:28.7412554+00:00" testType="13cdc9d9-ddb5-4fa4-a97d-d965ccfc6d4b" outcome="NotExecuted" testListId="8c84fa94-04c1-424b-9868-57a2d4851a1d" relativeResultsDirectory="53d7ba04-7450-4bdd-a4c2-8a58a7d6430d">
      <Output>
        <StdOut>Skipping test: it does not belong to this partition.</StdOut>
        <ErrorInfo>
          <Message>Skipping test: it does not belong to this partition.</Message>
        </ErrorInfo>
      </Output>
    </UnitTestResult>
    <UnitTestResult executionId="99255339-2397-4596-8e70-7c7283d423ae" testId="338f8488-8b9a-ae52-7bca-44fe9ec14fa9" testName="Can_reindex_documens" computerName="ip-10-1-4-15" duration="00:00:00.0000860" startTime="2025-04-02T13:21:27.3451366+00:00" endTime="2025-04-02T13:21:27.3452229+00:00" testType="13cdc9d9-ddb5-4fa4-a97d-d965ccfc6d4b" outcome="NotExecuted" testListId="8c84fa94-04c1-424b-9868-57a2d4851a1d" relativeResultsDirectory="99255339-2397-4596-8e70-7c7283d423ae">
      <Output>
        <StdOut>Skipping test: it does not belong to this partition.</StdOut>
        <ErrorInfo>
          <Message>Skipping test: it does not belong to this partition.</Message>
        </ErrorInfo>
      </Output>
    </UnitTestResult>
    <UnitTestResult executionId="810789ad-ccd1-4a21-b94a-3e8498de5a20" testId="74bbb5e4-4b6f-fa7f-73f1-b4b2808cff72" testName="Updating_SerialNumber_requirement_In_ImportProducts" computerName="ip-10-1-4-15" duration="00:00:00.0000820" startTime="2025-04-02T13:21:25.4316426+00:00" endTime="2025-04-02T13:21:25.4317243+00:00" testType="13cdc9d9-ddb5-4fa4-a97d-d965ccfc6d4b" outcome="NotExecuted" testListId="8c84fa94-04c1-424b-9868-57a2d4851a1d" relativeResultsDirectory="810789ad-ccd1-4a21-b94a-3e8498de5a20">
      <Output>
        <StdOut>Skipping test: it does not belong to this partition.</StdOut>
        <ErrorInfo>
          <Message>Skipping test: it does not belong to this partition.</Message>
        </ErrorInfo>
      </Output>
    </UnitTestResult>
    <UnitTestResult executionId="1dbe6aef-2aa5-4bab-b64c-a15ef021e1dc" testId="593aaae9-cd83-8619-90f7-cb05e06d8354" testName="Can_list_edits" computerName="ip-10-1-4-15" duration="00:00:00.1828010" startTime="2025-04-02T13:21:25.4321906+00:00" endTime="2025-04-02T13:21:25.6149904+00:00" testType="13cdc9d9-ddb5-4fa4-a97d-d965ccfc6d4b" outcome="Passed" testListId="8c84fa94-04c1-424b-9868-57a2d4851a1d" relativeResultsDirectory="1dbe6aef-2aa5-4bab-b64c-a15ef021e1dc" />
    <UnitTestResult executionId="b22d1648-6880-42ab-9664-8cfedcd2349b" testId="08dcbf49-5bd8-bc4c-1aa7-81649d3c076a" testName="Dimension_data_should_work" computerName="ip-10-1-4-15" duration="00:00:00.0000980" startTime="2025-04-02T13:21:25.4238908+00:00" endTime="2025-04-02T13:21:25.4239891+00:00" testType="13cdc9d9-ddb5-4fa4-a97d-d965ccfc6d4b" outcome="NotExecuted" testListId="8c84fa94-04c1-424b-9868-57a2d4851a1d" relativeResultsDirectory="b22d1648-6880-42ab-9664-8cfedcd2349b">
      <Output>
        <StdOut>Skipping test: it does not belong to this partition.</StdOut>
        <ErrorInfo>
          <Message>Skipping test: it does not belong to this partition.</Message>
        </ErrorInfo>
      </Output>
    </UnitTestResult>
    <UnitTestResult executionId="7d9fb6a8-16d7-4fd1-a13e-01353604ba6a" testId="11810d0e-d23b-349c-d53c-cd0872cc3b20" testName="Can_search_PPTs" computerName="ip-10-1-4-15" duration="00:00:00.0000830" startTime="2025-04-02T13:21:27.3456841+00:00" endTime="2025-04-02T13:21:27.3457669+00:00" testType="13cdc9d9-ddb5-4fa4-a97d-d965ccfc6d4b" outcome="NotExecuted" testListId="8c84fa94-04c1-424b-9868-57a2d4851a1d" relativeResultsDirectory="7d9fb6a8-16d7-4fd1-a13e-01353604ba6a">
      <Output>
        <StdOut>Skipping test: it does not belong to this partition.</StdOut>
        <ErrorInfo>
          <Message>Skipping test: it does not belong to this partition.</Message>
        </ErrorInfo>
      </Output>
    </UnitTestResult>
    <UnitTestResult executionId="af46d078-9545-42b4-890e-ee7c5f0e7227" testId="b72cfc5a-52a2-2300-4d86-e48d0c012e1e" testName="ListRevisionsIncludingSystemRevisions" computerName="ip-10-1-4-15" duration="00:00:00.3445230" startTime="2025-04-02T13:21:21.2940560+00:00" endTime="2025-04-02T13:21:21.6385387+00:00" testType="13cdc9d9-ddb5-4fa4-a97d-d965ccfc6d4b" outcome="Passed" testListId="8c84fa94-04c1-424b-9868-57a2d4851a1d" relativeResultsDirectory="af46d078-9545-42b4-890e-ee7c5f0e7227">
      <Output>
        <StdOut>Warning message/ListRevisions limit_large - Limit parameter 1000 is high - consider adding paging.
Warning message/ListRevisions limit_large - Limit parameter 1000 is high - consider adding paging.</StdOut>
      </Output>
    </UnitTestResult>
    <UnitTestResult executionId="7a45b8c2-97f8-4bb2-9e6c-b41adf1336e3" testId="aab2a550-a744-baeb-7f81-2370d02e95f3" testName="Products_are_returned_in_the_expected_order_when_sorting_by_a_AlphabeticallySortable_property" computerName="ip-10-1-4-15" duration="00:00:00.0003020" startTime="2025-04-02T13:21:28.7407155+00:00" endTime="2025-04-02T13:21:28.7410173+00:00" testType="13cdc9d9-ddb5-4fa4-a97d-d965ccfc6d4b" outcome="NotExecuted" testListId="8c84fa94-04c1-424b-9868-57a2d4851a1d" relativeResultsDirectory="7a45b8c2-97f8-4bb2-9e6c-b41adf1336e3">
      <Output>
        <StdOut>Skipping test: it does not belong to this partition.</StdOut>
        <ErrorInfo>
          <Message>Skipping test: it does not belong to this partition.</Message>
        </ErrorInfo>
      </Output>
    </UnitTestResult>
    <UnitTestResult executionId="591a10bd-76cd-4884-9d5b-15b4d1512685" testId="65ee6d7d-b447-025f-23bc-7115f93d97b9" testName="Can_search_by_category" computerName="ip-10-1-4-15" duration="00:00:00.0001240" startTime="2025-04-02T13:21:27.3452795+00:00" endTime="2025-04-02T13:21:27.3454034+00:00" testType="13cdc9d9-ddb5-4fa4-a97d-d965ccfc6d4b" outcome="NotExecuted" testListId="8c84fa94-04c1-424b-9868-57a2d4851a1d" relativeResultsDirectory="591a10bd-76cd-4884-9d5b-15b4d1512685">
      <Output>
        <StdOut>Skipping test: it does not belong to this partition.</StdOut>
        <ErrorInfo>
          <Message>Skipping test: it does not belong to this partition.</Message>
        </ErrorInfo>
      </Output>
    </UnitTestResult>
    <UnitTestResult executionId="fee22c2e-5d26-46ab-a121-e612b0b50708" testId="1c6fced8-1dca-377d-52ce-e0a84bf728e3" testName="FilterOnBothProductIDAndRevisionWorks" computerName="ip-10-1-4-15" duration="00:00:00.0001450" startTime="2025-04-02T13:21:25.4247315+00:00" endTime="2025-04-02T13:21:25.4248761+00:00" testType="13cdc9d9-ddb5-4fa4-a97d-d965ccfc6d4b" outcome="NotExecuted" testListId="8c84fa94-04c1-424b-9868-57a2d4851a1d" relativeResultsDirectory="fee22c2e-5d26-46ab-a121-e612b0b50708">
      <Output>
        <StdOut>Skipping test: it does not belong to this partition.</StdOut>
        <ErrorInfo>
          <Message>Skipping test: it does not belong to this partition.</Message>
        </ErrorInfo>
      </Output>
    </UnitTestResult>
    <UnitTestResult executionId="7eaae1ec-ccb3-4f65-acf2-a9b08af438ee" testId="18a54880-e051-a84c-6c30-d3aa252df99d" testName="ProductChildren_test" computerName="ip-10-1-4-15" duration="00:00:00.1089470" startTime="2025-04-02T13:21:27.1878695+00:00" endTime="2025-04-02T13:21:27.2968158+00:00" testType="13cdc9d9-ddb5-4fa4-a97d-d965ccfc6d4b" outcome="Passed" testListId="8c84fa94-04c1-424b-9868-57a2d4851a1d" relativeResultsDirectory="7eaae1ec-ccb3-4f65-acf2-a9b08af438ee" />
    <UnitTestResult executionId="72360e3a-ea4c-4b89-aa44-3706a02f63a0" testId="9cf80740-9218-0e85-8642-834d66a8767e" testName="ListRevisionsWithProductID" computerName="ip-10-1-4-15" duration="00:00:00.2881800" startTime="2025-04-02T13:21:21.6394114+00:00" endTime="2025-04-02T13:21:21.9275913+00:00" testType="13cdc9d9-ddb5-4fa4-a97d-d965ccfc6d4b" outcome="Passed" testListId="8c84fa94-04c1-424b-9868-57a2d4851a1d" relativeResultsDirectory="72360e3a-ea4c-4b89-aa44-3706a02f63a0">
      <Output>
        <StdOut>Warning message/ListRevisions limit_large - Limit parameter 1000 is high - consider adding paging.
Warning message/ListRevisions limit_large - Limit parameter 1000 is high - consider adding paging.</StdOut>
      </Output>
    </UnitTestResult>
    <UnitTestResult executionId="fa312a1b-38b6-48c9-90e4-da23f3eb66bb" testId="f4ebbea4-ce15-be9c-a99e-8ee04b97bc06" testName="Imported_products_with_images_appear_correctly_in_search_order" computerName="ip-10-1-4-15" duration="00:00:00.0000870" startTime="2025-04-02T13:21:25.4310419+00:00" endTime="2025-04-02T13:21:25.4311286+00:00" testType="13cdc9d9-ddb5-4fa4-a97d-d965ccfc6d4b" outcome="NotExecuted" testListId="8c84fa94-04c1-424b-9868-57a2d4851a1d" relativeResultsDirectory="fa312a1b-38b6-48c9-90e4-da23f3eb66bb">
      <Output>
        <StdOut>Skipping test: it does not belong to this partition.</StdOut>
        <ErrorInfo>
          <Message>Skipping test: it does not belong to this partition.</Message>
        </ErrorInfo>
      </Output>
    </UnitTestResult>
    <UnitTestResult executionId="49ed8cef-1c79-45bf-a58b-473baa44b673" testId="c4cd2600-2970-c620-8830-0798c3c4fd86" testName="Can_create_synonyms" computerName="ip-10-1-4-15" duration="00:00:00.0007649" startTime="2025-04-02T13:21:28.7412620+00:00" endTime="2025-04-02T13:21:28.7420269+00:00" testType="13cdc9d9-ddb5-4fa4-a97d-d965ccfc6d4b" outcome="NotExecuted" testListId="8c84fa94-04c1-424b-9868-57a2d4851a1d" relativeResultsDirectory="49ed8cef-1c79-45bf-a58b-473baa44b673">
      <Output>
        <StdOut>Skipping test: it does not belong to this partition.</StdOut>
        <ErrorInfo>
          <Message>Skipping test: it does not belong to this partition.</Message>
        </ErrorInfo>
      </Output>
    </UnitTestResult>
    <UnitTestResult executionId="97c1c70d-d0a8-42a0-9f0b-a74df6bb9c58" testId="5ed8290f-d806-7f98-8ed6-6b604eea1826" testName="Should_be_able_to_create_a_property_and_change_its_data_type_afterwards" computerName="ip-10-1-4-15" duration="00:00:00.0001760" startTime="2025-04-02T13:21:25.4241413+00:00" endTime="2025-04-02T13:21:25.4243175+00:00" testType="13cdc9d9-ddb5-4fa4-a97d-d965ccfc6d4b" outcome="NotExecuted" testListId="8c84fa94-04c1-424b-9868-57a2d4851a1d" relativeResultsDirectory="97c1c70d-d0a8-42a0-9f0b-a74df6bb9c58">
      <Output>
        <StdOut>Skipping test: it does not belong to this partition.</StdOut>
        <ErrorInfo>
          <Message>Skipping test: it does not belong to this partition.</Message>
        </ErrorInfo>
      </Output>
    </UnitTestResult>
    <UnitTestResult executionId="0abdc920-3404-4b49-bac1-bbf6882480c8" testId="367d6c36-efd7-de8c-690f-1079351340e1" testName="Creating_Configurable_Properties_ImportProducts" computerName="ip-10-1-4-15" duration="00:00:00.0001140" startTime="2025-04-02T13:21:25.4308301+00:00" endTime="2025-04-02T13:21:25.4309439+00:00" testType="13cdc9d9-ddb5-4fa4-a97d-d965ccfc6d4b" outcome="NotExecuted" testListId="8c84fa94-04c1-424b-9868-57a2d4851a1d" relativeResultsDirectory="0abdc920-3404-4b49-bac1-bbf6882480c8">
      <Output>
        <StdOut>Skipping test: it does not belong to this partition.</StdOut>
        <ErrorInfo>
          <Message>Skipping test: it does not belong to this partition.</Message>
        </ErrorInfo>
      </Output>
    </UnitTestResult>
    <UnitTestResult executionId="730bcef4-a04e-4759-b4ab-2957eabc55f4" testId="33125c07-9051-50b0-7e4f-863e1d83344d" testName="UploadProductExcelTest_create_product" computerName="ip-10-1-4-15" duration="00:00:00.7102440" startTime="2025-04-02T13:21:26.4771078+00:00" endTime="2025-04-02T13:21:27.1873510+00:00" testType="13cdc9d9-ddb5-4fa4-a97d-d965ccfc6d4b" outcome="Passed" testListId="8c84fa94-04c1-424b-9868-57a2d4851a1d" relativeResultsDirectory="730bcef4-a04e-4759-b4ab-2957eabc55f4" />
    <UnitTestResult executionId="b06a46aa-6060-4ccf-8d31-1fc00180ebfd" testId="965e3b69-18cf-5426-b529-c58405766ae5" testName="Can_import_images(False)" computerName="ip-10-1-4-15" duration="00:00:00.0001390" startTime="2025-04-02T13:21:25.4303919+00:00" endTime="2025-04-02T13:21:25.4305311+00:00" testType="13cdc9d9-ddb5-4fa4-a97d-d965ccfc6d4b" outcome="NotExecuted" testListId="8c84fa94-04c1-424b-9868-57a2d4851a1d" relativeResultsDirectory="b06a46aa-6060-4ccf-8d31-1fc00180ebfd">
      <Output>
        <StdOut>Skipping test: it does not belong to this partition.</StdOut>
        <ErrorInfo>
          <Message>Skipping test: it does not belong to this partition.</Message>
        </ErrorInfo>
      </Output>
    </UnitTestResult>
    <UnitTestResult executionId="b4ec0b32-8b30-42b4-b0ab-b9492bdf3051" testId="10fb0cfc-75ba-5071-54a2-b904db13da0e" testName="When_parent_has_no_content_but_the_children_do" computerName="ip-10-1-4-15" duration="00:00:00.0000810" startTime="2025-04-02T13:21:25.4319265+00:00" endTime="2025-04-02T13:21:25.4320072+00:00" testType="13cdc9d9-ddb5-4fa4-a97d-d965ccfc6d4b" outcome="NotExecuted" testListId="8c84fa94-04c1-424b-9868-57a2d4851a1d" relativeResultsDirectory="b4ec0b32-8b30-42b4-b0ab-b9492bdf3051">
      <Output>
        <StdOut>Skipping test: it does not belong to this partition.</StdOut>
        <ErrorInfo>
          <Message>Skipping test: it does not belong to this partition.</Message>
        </ErrorInfo>
      </Output>
    </UnitTestResult>
    <UnitTestResult executionId="c3a77901-7e23-4c32-bafd-6df5199341b6" testId="18559dd1-62d6-13ac-0ac1-c39c4d111e20" testName="searchtype_filter_can_be_fuzzy" computerName="ip-10-1-4-15" duration="00:00:00.0005999" startTime="2025-04-02T13:21:25.6159566+00:00" endTime="2025-04-02T13:21:25.6165567+00:00" testType="13cdc9d9-ddb5-4fa4-a97d-d965ccfc6d4b" outcome="NotExecuted" testListId="8c84fa94-04c1-424b-9868-57a2d4851a1d" relativeResultsDirectory="c3a77901-7e23-4c32-bafd-6df5199341b6">
      <Output>
        <StdOut>Skipping test: it does not belong to this partition.</StdOut>
        <ErrorInfo>
          <Message>Skipping test: it does not belong to this partition.</Message>
        </ErrorInfo>
      </Output>
    </UnitTestResult>
    <UnitTestResult executionId="a6b11e70-8c27-425d-b9a6-f3641cb4aeee" testId="3c38e41f-40f4-6b6b-9587-0d62f0878250" testName="Can_create_large_edit" computerName="ip-10-1-4-15" duration="00:00:00.0003730" startTime="2025-04-02T13:21:25.4231708+00:00" endTime="2025-04-02T13:21:25.4235436+00:00" testType="13cdc9d9-ddb5-4fa4-a97d-d965ccfc6d4b" outcome="NotExecuted" testListId="8c84fa94-04c1-424b-9868-57a2d4851a1d" relativeResultsDirectory="a6b11e70-8c27-425d-b9a6-f3641cb4aeee">
      <Output>
        <StdOut>Skipping test: it does not belong to this partition.</StdOut>
        <ErrorInfo>
          <Message>Skipping test: it does not belong to this partition.</Message>
        </ErrorInfo>
      </Output>
    </UnitTestResult>
    <UnitTestResult executionId="a6345952-0c76-498d-bd43-18876ac8960a" testId="bcb91360-94b2-5246-f551-a8bd76523258" testName="Leaving_query_null_does_not_cause_a_NullReference" computerName="ip-10-1-4-15" duration="00:00:00.0000920" startTime="2025-04-02T13:21:27.3449694+00:00" endTime="2025-04-02T13:21:27.3450627+00:00" testType="13cdc9d9-ddb5-4fa4-a97d-d965ccfc6d4b" outcome="NotExecuted" testListId="8c84fa94-04c1-424b-9868-57a2d4851a1d" relativeResultsDirectory="a6345952-0c76-498d-bd43-18876ac8960a">
      <Output>
        <StdOut>Skipping test: it does not belong to this partition.</StdOut>
        <ErrorInfo>
          <Message>Skipping test: it does not belong to this partition.</Message>
        </ErrorInfo>
      </Output>
    </UnitTestResult>
    <UnitTestResult executionId="1f355631-0955-4bdc-90dc-6d657df8eb0b" testId="d0567a04-265a-d47b-46e7-d720a0a82d42" testName="Can_create_edit_for_swatches" computerName="ip-10-1-4-15" duration="00:00:00.0004050" startTime="2025-04-02T13:21:25.4227374+00:00" endTime="2025-04-02T13:21:25.4231419+00:00" testType="13cdc9d9-ddb5-4fa4-a97d-d965ccfc6d4b" outcome="NotExecuted" testListId="8c84fa94-04c1-424b-9868-57a2d4851a1d" relativeResultsDirectory="1f355631-0955-4bdc-90dc-6d657df8eb0b">
      <Output>
        <StdOut>Skipping test: it does not belong to this partition.</StdOut>
        <ErrorInfo>
          <Message>Skipping test: it does not belong to this partition.</Message>
        </ErrorInfo>
      </Output>
    </UnitTestResult>
    <UnitTestResult executionId="740afe5b-88d0-4925-b485-a1e7a0b6ade0" testId="bd04489f-1f5c-70a9-1c0f-fc8e3238670f" testName="ProductParents_test" computerName="ip-10-1-4-15" duration="00:00:00.0468020" startTime="2025-04-02T13:21:27.2968621+00:00" endTime="2025-04-02T13:21:27.3436638+00:00" testType="13cdc9d9-ddb5-4fa4-a97d-d965ccfc6d4b" outcome="Passed" testListId="8c84fa94-04c1-424b-9868-57a2d4851a1d" relativeResultsDirectory="740afe5b-88d0-4925-b485-a1e7a0b6ade0" />
    <UnitTestResult executionId="be498fdb-f39f-4166-be57-9ccecd20419a" testId="b4ca137f-11e7-074b-29c6-cd66b80210a9" testName="Can_create_new_AssortmentContentCulture_and_use_it_for_search" computerName="ip-10-1-4-15" duration="00:00:00.0107170" startTime="2025-04-02T13:21:22.1798194+00:00" endTime="2025-04-02T13:21:22.1905362+00:00" testType="13cdc9d9-ddb5-4fa4-a97d-d965ccfc6d4b" outcome="NotExecuted" testListId="8c84fa94-04c1-424b-9868-57a2d4851a1d" relativeResultsDirectory="be498fdb-f39f-4166-be57-9ccecd20419a">
      <Output>
        <StdOut>Skipping test: it does not belong to this partition.</StdOut>
        <ErrorInfo>
          <Message>Skipping test: it does not belong to this partition.</Message>
        </ErrorInfo>
      </Output>
    </UnitTestResult>
    <UnitTestResult executionId="23a8b784-d9cc-400e-a842-0eea185f4b8b" testId="91cf6225-a01a-893f-3144-d6cf34afae09" testName="Multiple_content_objects_for_the_same_layer_are_merged" computerName="ip-10-1-4-15" duration="00:00:00.0000880" startTime="2025-04-02T13:21:25.4311326+00:00" endTime="2025-04-02T13:21:25.4312204+00:00" testType="13cdc9d9-ddb5-4fa4-a97d-d965ccfc6d4b" outcome="NotExecuted" testListId="8c84fa94-04c1-424b-9868-57a2d4851a1d" relativeResultsDirectory="23a8b784-d9cc-400e-a842-0eea185f4b8b">
      <Output>
        <StdOut>Skipping test: it does not belong to this partition.</StdOut>
        <ErrorInfo>
          <Message>Skipping test: it does not belong to this partition.</Message>
        </ErrorInfo>
      </Output>
    </UnitTestResult>
    <UnitTestResult executionId="8508b202-d66e-4655-9f12-5076a4b65224" testId="c09b50eb-2de0-2b25-738f-5b8550131a78" testName="Can_use_both_product_search_template_and_filters" computerName="ip-10-1-4-15" duration="00:00:00.1717410" startTime="2025-04-02T13:21:28.1205866+00:00" endTime="2025-04-02T13:21:28.2923277+00:00" testType="13cdc9d9-ddb5-4fa4-a97d-d965ccfc6d4b" outcome="Passed" testListId="8c84fa94-04c1-424b-9868-57a2d4851a1d" relativeResultsDirectory="8508b202-d66e-4655-9f12-5076a4b65224">
      <Output>
        <StdOut>Warning message/SearchProducts missing_includedfields - No IncludedFields specified for a SearchProducts request.
Warning message/SearchProducts missing_includedfields - No IncludedFields specified for a SearchProducts request.
Warning message/SearchProducts missing_includedfields - No IncludedFields specified for a SearchProducts request.</StdOut>
      </Output>
    </UnitTestResult>
    <UnitTestResult executionId="68e6309e-6e90-41d6-a14f-89283cb90307" testId="c74eae40-d6da-c954-8439-98ee7f73eecf" testName="Can_sort_and_score_by_stock" computerName="ip-10-1-4-15" duration="00:00:00.0001180" startTime="2025-04-02T13:21:27.3446449+00:00" endTime="2025-04-02T13:21:27.3447631+00:00" testType="13cdc9d9-ddb5-4fa4-a97d-d965ccfc6d4b" outcome="NotExecuted" testListId="8c84fa94-04c1-424b-9868-57a2d4851a1d" relativeResultsDirectory="68e6309e-6e90-41d6-a14f-89283cb90307">
      <Output>
        <StdOut>Skipping test: it does not belong to this partition.</StdOut>
        <ErrorInfo>
          <Message>Skipping test: it does not belong to this partition.</Message>
        </ErrorInfo>
      </Output>
    </UnitTestResult>
    <UnitTestResult executionId="768a62eb-230e-4623-b68b-bb78113a2c28" testId="d4777f22-b0a1-5479-b90f-a4fef0e1d452" testName="DownloadProductExcelTest" computerName="ip-10-1-4-15" duration="00:00:00.2642250" startTime="2025-04-02T13:21:25.6167643+00:00" endTime="2025-04-02T13:21:25.8809879+00:00" testType="13cdc9d9-ddb5-4fa4-a97d-d965ccfc6d4b" outcome="Passed" testListId="8c84fa94-04c1-424b-9868-57a2d4851a1d" relativeResultsDirectory="768a62eb-230e-4623-b68b-bb78113a2c28" />
    <UnitTestResult executionId="f3529d34-37d2-4b0f-8364-4c2dba24b153" testId="9e4aa725-664a-1182-271d-2d8c7b440fbc" testName="Import_gift_card_using_existing_configuration_id" computerName="ip-10-1-4-15" duration="00:00:00.0000850" startTime="2025-04-02T13:21:25.4309519+00:00" endTime="2025-04-02T13:21:25.4310370+00:00" testType="13cdc9d9-ddb5-4fa4-a97d-d965ccfc6d4b" outcome="NotExecuted" testListId="8c84fa94-04c1-424b-9868-57a2d4851a1d" relativeResultsDirectory="f3529d34-37d2-4b0f-8364-4c2dba24b153">
      <Output>
        <StdOut>Skipping test: it does not belong to this partition.</StdOut>
        <ErrorInfo>
          <Message>Skipping test: it does not belong to this partition.</Message>
        </ErrorInfo>
      </Output>
    </UnitTestResult>
    <UnitTestResult executionId="8c693892-a2f0-4d54-af13-dc6ef50d6a08" testId="8372cd68-5fca-5544-a0ec-56679f9bdd36" testName="EditProductPropertyTypeShouldWorkWithoutContent" computerName="ip-10-1-4-15" duration="00:00:00.0001710" startTime="2025-04-02T13:21:28.7421753+00:00" endTime="2025-04-02T13:21:28.7423459+00:00" testType="13cdc9d9-ddb5-4fa4-a97d-d965ccfc6d4b" outcome="NotExecuted" testListId="8c84fa94-04c1-424b-9868-57a2d4851a1d" relativeResultsDirectory="8c693892-a2f0-4d54-af13-dc6ef50d6a08">
      <Output>
        <StdOut>Skipping test: it does not belong to this partition.</StdOut>
        <ErrorInfo>
          <Message>Skipping test: it does not belong to this partition.</Message>
        </ErrorInfo>
      </Output>
    </UnitTestResult>
    <UnitTestResult executionId="c344fa2f-0880-4707-8120-a45ff97bf61a" testId="8d58560c-3b8d-0177-f15d-709e143bbac9" testName="Valid_product_hierarchy_import" computerName="ip-10-1-4-15" duration="00:00:00.0000890" startTime="2025-04-02T13:21:25.4317283+00:00" endTime="2025-04-02T13:21:25.4318173+00:00" testType="13cdc9d9-ddb5-4fa4-a97d-d965ccfc6d4b" outcome="NotExecuted" testListId="8c84fa94-04c1-424b-9868-57a2d4851a1d" relativeResultsDirectory="c344fa2f-0880-4707-8120-a45ff97bf61a">
      <Output>
        <StdOut>Skipping test: it does not belong to this partition.</StdOut>
        <ErrorInfo>
          <Message>Skipping test: it does not belong to this partition.</Message>
        </ErrorInfo>
      </Output>
    </UnitTestResult>
    <UnitTestResult executionId="1fddd1cd-435b-4999-b2c1-ad16169029fb" testId="8d5a4d5c-1a09-4375-6afb-3f8f2488eef6" testName="Bundle_products" computerName="ip-10-1-4-15" duration="00:00:00.0004370" startTime="2025-04-02T13:21:27.3438958+00:00" endTime="2025-04-02T13:21:27.3443324+00:00" testType="13cdc9d9-ddb5-4fa4-a97d-d965ccfc6d4b" outcome="NotExecuted" testListId="8c84fa94-04c1-424b-9868-57a2d4851a1d" relativeResultsDirectory="1fddd1cd-435b-4999-b2c1-ad16169029fb">
      <Output>
        <StdOut>Skipping test: it does not belong to this partition.</StdOut>
        <ErrorInfo>
          <Message>Skipping test: it does not belong to this partition.</Message>
        </ErrorInfo>
      </Output>
    </UnitTestResult>
  </Results>
  <TestDefinitions>
    <UnitTest name="Can_use_Aggregate_completion" storage="/home/runner/_work/eva/eva/test/eva.testsuite.pim/bin/release/eva.testsuite.pim.dll" id="bb8e55a0-1ee1-d5cf-e703-0aa0ec0bb37d">
      <Execution id="8259cf5f-91c8-4146-81f0-d3515752a18b" />
      <TestMethod codeBase="/home/runner/_work/eva/eva/test/EVA.TestSuite.PIM/bin/Release/EVA.TestSuite.PIM.dll" adapterTypeName="executor://nunit3testexecutor/" className="EVA.TestSuite.PIM.AutocompleteTests" name="Can_use_Aggregate_completion" />
    </UnitTest>
    <UnitTest name="Dimension_data_should_work" storage="/home/runner/_work/eva/eva/test/eva.testsuite.pim/bin/release/eva.testsuite.pim.dll" id="08dcbf49-5bd8-bc4c-1aa7-81649d3c076a">
      <Execution id="b22d1648-6880-42ab-9664-8cfedcd2349b" />
      <TestMethod codeBase="/home/runner/_work/eva/eva/test/EVA.TestSuite.PIM/bin/Release/EVA.TestSuite.PIM.dll" adapterTypeName="executor://nunit3testexecutor/" className="EVA.TestSuite.PIM.CreateEditSharedTests" name="Dimension_data_should_work" />
    </UnitTest>
    <UnitTest name="Multiple_content_objects_for_the_same_layer_are_merged" storage="/home/runner/_work/eva/eva/test/eva.testsuite.pim/bin/release/eva.testsuite.pim.dll" id="91cf6225-a01a-893f-3144-d6cf34afae09">
      <Execution id="23a8b784-d9cc-400e-a842-0eea185f4b8b" />
      <TestMethod codeBase="/home/runner/_work/eva/eva/test/EVA.TestSuite.PIM/bin/Release/EVA.TestSuite.PIM.dll" adapterTypeName="executor://nunit3testexecutor/" className="EVA.TestSuite.PIM.ImportProductsSharedTests" name="Multiple_content_objects_for_the_same_layer_are_merged" />
    </UnitTest>
    <UnitTest name="Can_create_edit_for_swatches" storage="/home/runner/_work/eva/eva/test/eva.testsuite.pim/bin/release/eva.testsuite.pim.dll" id="d0567a04-265a-d47b-46e7-d720a0a82d42">
      <Execution id="1f355631-0955-4bdc-90dc-6d657df8eb0b" />
      <TestMethod codeBase="/home/runner/_work/eva/eva/test/EVA.TestSuite.PIM/bin/Release/EVA.TestSuite.PIM.dll" adapterTypeName="executor://nunit3testexecutor/" className="EVA.TestSuite.PIM.CreateEditSharedTests" name="Can_create_edit_for_swatches" />
    </UnitTest>
    <UnitTest name="Can_update_taxcode" storage="/home/runner/_work/eva/eva/test/eva.testsuite.pim/bin/release/eva.testsuite.pim.dll" id="96c3b0e4-6d2e-789d-0e25-9e3e18e1cd4f">
      <Execution id="c42be717-6515-40ad-8a34-f7864ee7311c" />
      <TestMethod codeBase="/home/runner/_work/eva/eva/test/EVA.TestSuite.PIM/bin/Release/EVA.TestSuite.PIM.dll" adapterTypeName="executor://nunit3testexecutor/" className="EVA.TestSuite.PIM.ImportProductsSharedTests" name="Can_update_taxcode" />
    </UnitTest>
    <UnitTest name="searchtype_filter_can_be_fuzzy" storage="/home/runner/_work/eva/eva/test/eva.testsuite.pim/bin/release/eva.testsuite.pim.dll" id="18559dd1-62d6-13ac-0ac1-c39c4d111e20">
      <Execution id="c3a77901-7e23-4c32-bafd-6df5199341b6" />
      <TestMethod codeBase="/home/runner/_work/eva/eva/test/EVA.TestSuite.PIM/bin/Release/EVA.TestSuite.PIM.dll" adapterTypeName="executor://nunit3testexecutor/" className="EVA.TestSuite.PIM.ListProductPropertyTypeTests" name="searchtype_filter_can_be_fuzzy" />
    </UnitTest>
    <UnitTest name="ListRevisionsIncludingSystemRevisions" storage="/home/runner/_work/eva/eva/test/eva.testsuite.pim/bin/release/eva.testsuite.pim.dll" id="b72cfc5a-52a2-2300-4d86-e48d0c012e1e">
      <Execution id="af46d078-9545-42b4-890e-ee7c5f0e7227" />
      <TestMethod codeBase="/home/runner/_work/eva/eva/test/EVA.TestSuite.PIM/bin/Release/EVA.TestSuite.PIM.dll" adapterTypeName="executor://nunit3testexecutor/" className="EVA.TestSuite.PIM.ApplyRevisionTests" name="ListRevisionsIncludingSystemRevisions" />
    </UnitTest>
    <UnitTest name="Can_create_large_edit" storage="/home/runner/_work/eva/eva/test/eva.testsuite.pim/bin/release/eva.testsuite.pim.dll" id="3c38e41f-40f4-6b6b-9587-0d62f0878250">
      <Execution id="a6b11e70-8c27-425d-b9a6-f3641cb4aeee" />
      <TestMethod codeBase="/home/runner/_work/eva/eva/test/EVA.TestSuite.PIM/bin/Release/EVA.TestSuite.PIM.dll" adapterTypeName="executor://nunit3testexecutor/" className="EVA.TestSuite.PIM.CreateEditSharedTests" name="Can_create_large_edit" />
    </UnitTest>
    <UnitTest name="Can_create_new_AssortmentContentCulture_and_use_it_for_search" storage="/home/runner/_work/eva/eva/test/eva.testsuite.pim/bin/release/eva.testsuite.pim.dll" id="b4ca137f-11e7-074b-29c6-cd66b80210a9">
      <Execution id="be498fdb-f39f-4166-be57-9ccecd20419a" />
      <TestMethod codeBase="/home/runner/_work/eva/eva/test/EVA.TestSuite.PIM/bin/Release/EVA.TestSuite.PIM.dll" adapterTypeName="executor://nunit3testexecutor/" className="EVA.TestSuite.PIM.AssortmentContentCultureTests" name="Can_create_new_AssortmentContentCulture_and_use_it_for_search" />
    </UnitTest>
    <UnitTest name="ExportProductBaseExcelShouldWork" storage="/home/runner/_work/eva/eva/test/eva.testsuite.pim/bin/release/eva.testsuite.pim.dll" id="72a4de9b-34e0-4232-dd4c-f6d14a92a746">
      <Execution id="5481b6df-d38f-4e81-9a7e-a53fb95c842d" />
      <TestMethod codeBase="/home/runner/_work/eva/eva/test/EVA.TestSuite.PIM/bin/Release/EVA.TestSuite.PIM.dll" adapterTypeName="executor://nunit3testexecutor/" className="EVA.TestSuite.PIM.ProductExcelTests" name="ExportProductBaseExcelShouldWork" />
    </UnitTest>
    <UnitTest name="Valid_product_hierarchy_with_content_import" storage="/home/runner/_work/eva/eva/test/eva.testsuite.pim/bin/release/eva.testsuite.pim.dll" id="84d3056c-e2ee-d4d3-094c-140fd0c39258">
      <Execution id="a438ae6c-b36f-40f0-a53a-c5b31f7382df" />
      <TestMethod codeBase="/home/runner/_work/eva/eva/test/EVA.TestSuite.PIM/bin/Release/EVA.TestSuite.PIM.dll" adapterTypeName="executor://nunit3testexecutor/" className="EVA.TestSuite.PIM.ImportProductsSharedTests" name="Valid_product_hierarchy_with_content_import" />
    </UnitTest>
    <UnitTest name="Content_on_the_child_that_already_exists_on_the_child_is_not_duplicated" storage="/home/runner/_work/eva/eva/test/eva.testsuite.pim/bin/release/eva.testsuite.pim.dll" id="cd452d7a-2ef8-6370-a73e-3b7c08064506">
      <Execution id="7ac3be28-4fab-421f-a1d2-58dd785534de" />
      <TestMethod codeBase="/home/runner/_work/eva/eva/test/EVA.TestSuite.PIM/bin/Release/EVA.TestSuite.PIM.dll" adapterTypeName="executor://nunit3testexecutor/" className="EVA.TestSuite.PIM.ImportProductsSharedTests" name="Content_on_the_child_that_already_exists_on_the_child_is_not_duplicated" />
    </UnitTest>
    <UnitTest name="Creating_Configurable_Properties_ImportProducts" storage="/home/runner/_work/eva/eva/test/eva.testsuite.pim/bin/release/eva.testsuite.pim.dll" id="367d6c36-efd7-de8c-690f-1079351340e1">
      <Execution id="0abdc920-3404-4b49-bac1-bbf6882480c8" />
      <TestMethod codeBase="/home/runner/_work/eva/eva/test/EVA.TestSuite.PIM/bin/Release/EVA.TestSuite.PIM.dll" adapterTypeName="executor://nunit3testexecutor/" className="EVA.TestSuite.PIM.ImportProductsSharedTests" name="Creating_Configurable_Properties_ImportProducts" />
    </UnitTest>
    <UnitTest name="Can_use_both_product_search_template_and_filters" storage="/home/runner/_work/eva/eva/test/eva.testsuite.pim/bin/release/eva.testsuite.pim.dll" id="c09b50eb-2de0-2b25-738f-5b8550131a78">
      <Execution id="8508b202-d66e-4655-9f12-5076a4b65224" />
      <TestMethod codeBase="/home/runner/_work/eva/eva/test/EVA.TestSuite.PIM/bin/Release/EVA.TestSuite.PIM.dll" adapterTypeName="executor://nunit3testexecutor/" className="EVA.TestSuite.PIM.SearchProductsTests" name="Can_use_both_product_search_template_and_filters" />
    </UnitTest>
    <UnitTest name="Can_import_images(False)" storage="/home/runner/_work/eva/eva/test/eva.testsuite.pim/bin/release/eva.testsuite.pim.dll" id="965e3b69-18cf-5426-b529-c58405766ae5">
      <Execution id="b06a46aa-6060-4ccf-8d31-1fc00180ebfd" />
      <TestMethod codeBase="/home/runner/_work/eva/eva/test/EVA.TestSuite.PIM/bin/Release/EVA.TestSuite.PIM.dll" adapterTypeName="executor://nunit3testexecutor/" className="EVA.TestSuite.PIM.ImportProductsSharedTests" name="Can_import_images(False)" />
    </UnitTest>
    <UnitTest name="Search_by_id_works" storage="/home/runner/_work/eva/eva/test/eva.testsuite.pim/bin/release/eva.testsuite.pim.dll" id="395edfb2-72c2-1137-e67d-5891e9682adf">
      <Execution id="c4f3b323-e74b-4af9-a3d4-c5c391a819dc" />
      <TestMethod codeBase="/home/runner/_work/eva/eva/test/EVA.TestSuite.PIM/bin/Release/EVA.TestSuite.PIM.dll" adapterTypeName="executor://nunit3testexecutor/" className="EVA.TestSuite.PIM.SearchProductsTests" name="Search_by_id_works" />
    </UnitTest>
    <UnitTest name="Can_search_PPTs" storage="/home/runner/_work/eva/eva/test/eva.testsuite.pim/bin/release/eva.testsuite.pim.dll" id="11810d0e-d23b-349c-d53c-cd0872cc3b20">
      <Execution id="7d9fb6a8-16d7-4fd1-a13e-01353604ba6a" />
      <TestMethod codeBase="/home/runner/_work/eva/eva/test/EVA.TestSuite.PIM/bin/Release/EVA.TestSuite.PIM.dll" adapterTypeName="executor://nunit3testexecutor/" className="EVA.TestSuite.PIM.SearchProductPropertyTypeTests" name="Can_search_PPTs" />
    </UnitTest>
    <UnitTest name="Can_create_multiword_synonyms" storage="/home/runner/_work/eva/eva/test/eva.testsuite.pim/bin/release/eva.testsuite.pim.dll" id="3d799dca-e57d-f9f6-1823-e9da37f21919">
      <Execution id="53d7ba04-7450-4bdd-a4c2-8a58a7d6430d" />
      <TestMethod codeBase="/home/runner/_work/eva/eva/test/EVA.TestSuite.PIM/bin/Release/EVA.TestSuite.PIM.dll" adapterTypeName="executor://nunit3testexecutor/" className="EVA.TestSuite.PIM.SynonymTests" name="Can_create_multiword_synonyms" />
    </UnitTest>
    <UnitTest name="Updating_SerialNumber_requirement_In_ImportProducts" storage="/home/runner/_work/eva/eva/test/eva.testsuite.pim/bin/release/eva.testsuite.pim.dll" id="74bbb5e4-4b6f-fa7f-73f1-b4b2808cff72">
      <Execution id="810789ad-ccd1-4a21-b94a-3e8498de5a20" />
      <TestMethod codeBase="/home/runner/_work/eva/eva/test/EVA.TestSuite.PIM/bin/Release/EVA.TestSuite.PIM.dll" adapterTypeName="executor://nunit3testexecutor/" className="EVA.TestSuite.PIM.ImportProductsSharedTests" name="Updating_SerialNumber_requirement_In_ImportProducts" />
    </UnitTest>
    <UnitTest name="After_importing_a_valid_product_it_should_be_searchable" storage="/home/runner/_work/eva/eva/test/eva.testsuite.pim/bin/release/eva.testsuite.pim.dll" id="8ee782c2-5827-1749-c650-465571e1ef47">
      <Execution id="ae49913a-6864-45bf-8862-63e239efc652" />
      <TestMethod codeBase="/home/runner/_work/eva/eva/test/EVA.TestSuite.PIM/bin/Release/EVA.TestSuite.PIM.dll" adapterTypeName="executor://nunit3testexecutor/" className="EVA.TestSuite.PIM.ImportProductsSharedTests" name="After_importing_a_valid_product_it_should_be_searchable" />
    </UnitTest>
    <UnitTest name="Updating__and_partial_Create_Configurable_Properties_ImportProducts" storage="/home/runner/_work/eva/eva/test/eva.testsuite.pim/bin/release/eva.testsuite.pim.dll" id="748ea817-04ff-4481-57bf-215afbcd8ec7">
      <Execution id="2c647916-21a0-4523-91cd-8df4203acb9f" />
      <TestMethod codeBase="/home/runner/_work/eva/eva/test/EVA.TestSuite.PIM/bin/Release/EVA.TestSuite.PIM.dll" adapterTypeName="executor://nunit3testexecutor/" className="EVA.TestSuite.PIM.ImportProductsSharedTests" name="Updating__and_partial_Create_Configurable_Properties_ImportProducts" />
    </UnitTest>
    <UnitTest name="Products_are_returned_in_the_expected_order_when_sorting_by_a_AlphabeticallySortable_property" storage="/home/runner/_work/eva/eva/test/eva.testsuite.pim/bin/release/eva.testsuite.pim.dll" id="aab2a550-a744-baeb-7f81-2370d02e95f3">
      <Execution id="7a45b8c2-97f8-4bb2-9e6c-b41adf1336e3" />
      <TestMethod codeBase="/home/runner/_work/eva/eva/test/EVA.TestSuite.PIM/bin/Release/EVA.TestSuite.PIM.dll" adapterTypeName="executor://nunit3testexecutor/" className="EVA.TestSuite.PIM.SortablePropertiesSharedTests" name="Products_are_returned_in_the_expected_order_when_sorting_by_a_AlphabeticallySortable_property" />
    </UnitTest>
    <UnitTest name="Can_specify_values_as_objects_with_a_property_called_value" storage="/home/runner/_work/eva/eva/test/eva.testsuite.pim/bin/release/eva.testsuite.pim.dll" id="2c222735-a87e-b030-53a6-5e6d46928261">
      <Execution id="fbee396d-9bed-44f4-8d0f-e4e593d54c64" />
      <TestMethod codeBase="/home/runner/_work/eva/eva/test/EVA.TestSuite.PIM/bin/Release/EVA.TestSuite.PIM.dll" adapterTypeName="executor://nunit3testexecutor/" className="EVA.TestSuite.PIM.CreateEditSharedTests" name="Can_specify_values_as_objects_with_a_property_called_value" />
    </UnitTest>
    <UnitTest name="Can_list_edits" storage="/home/runner/_work/eva/eva/test/eva.testsuite.pim/bin/release/eva.testsuite.pim.dll" id="593aaae9-cd83-8619-90f7-cb05e06d8354">
      <Execution id="1dbe6aef-2aa5-4bab-b64c-a15ef021e1dc" />
      <TestMethod codeBase="/home/runner/_work/eva/eva/test/EVA.TestSuite.PIM/bin/Release/EVA.TestSuite.PIM.dll" adapterTypeName="executor://nunit3testexecutor/" className="EVA.TestSuite.PIM.ListProductContentEditsTests" name="Can_list_edits" />
    </UnitTest>
    <UnitTest name="Can_search_new_PPTs" storage="/home/runner/_work/eva/eva/test/eva.testsuite.pim/bin/release/eva.testsuite.pim.dll" id="02e9a14e-1f59-9eef-e7be-ee32e4eda2d3">
      <Execution id="192c9662-4fb3-4ba4-b1ed-df5b9766e881" />
      <TestMethod codeBase="/home/runner/_work/eva/eva/test/EVA.TestSuite.PIM/bin/Release/EVA.TestSuite.PIM.dll" adapterTypeName="executor://nunit3testexecutor/" className="EVA.TestSuite.PIM.SearchProductPropertyTypeTests" name="Can_search_new_PPTs" />
    </UnitTest>
    <UnitTest name="Product_search_returns_if_product_is_part_of_bundle" storage="/home/runner/_work/eva/eva/test/eva.testsuite.pim/bin/release/eva.testsuite.pim.dll" id="567308e8-74a4-9e12-88aa-f0d05a2ed980">
      <Execution id="526db330-5e0b-4828-88bc-7f627e8fa4ca" />
      <TestMethod codeBase="/home/runner/_work/eva/eva/test/EVA.TestSuite.PIM/bin/Release/EVA.TestSuite.PIM.dll" adapterTypeName="executor://nunit3testexecutor/" className="EVA.TestSuite.PIM.SearchProductsTests" name="Product_search_returns_if_product_is_part_of_bundle" />
    </UnitTest>
    <UnitTest name="Revision_status_is_set_to_applied" storage="/home/runner/_work/eva/eva/test/eva.testsuite.pim/bin/release/eva.testsuite.pim.dll" id="08d6aba3-2a2f-48ac-9c93-9cfc4d696497">
      <Execution id="40c17267-2de9-4c25-ac9e-8f45d393be87" />
      <TestMethod codeBase="/home/runner/_work/eva/eva/test/EVA.TestSuite.PIM/bin/Release/EVA.TestSuite.PIM.dll" adapterTypeName="executor://nunit3testexecutor/" className="EVA.TestSuite.PIM.ApplyRevisionTests" name="Revision_status_is_set_to_applied" />
    </UnitTest>
    <UnitTest name="TaxCode_is_required" storage="/home/runner/_work/eva/eva/test/eva.testsuite.pim/bin/release/eva.testsuite.pim.dll" id="24140b41-e03b-b699-d074-82bee71ecb32">
      <Execution id="ff292041-2be9-40f9-8cd5-2d9f7acd7ecb" />
      <TestMethod codeBase="/home/runner/_work/eva/eva/test/EVA.TestSuite.PIM/bin/Release/EVA.TestSuite.PIM.dll" adapterTypeName="executor://nunit3testexecutor/" className="EVA.TestSuite.PIM.ImportProductsSharedTests" name="TaxCode_is_required" />
    </UnitTest>
    <UnitTest name="FilterOnBothProductIDAndRevisionWorks" storage="/home/runner/_work/eva/eva/test/eva.testsuite.pim/bin/release/eva.testsuite.pim.dll" id="1c6fced8-1dca-377d-52ce-e0a84bf728e3">
      <Execution id="fee22c2e-5d26-46ab-a121-e612b0b50708" />
      <TestMethod codeBase="/home/runner/_work/eva/eva/test/EVA.TestSuite.PIM/bin/Release/EVA.TestSuite.PIM.dll" adapterTypeName="executor://nunit3testexecutor/" className="EVA.TestSuite.PIM.GetProductForEditTests" name="FilterOnBothProductIDAndRevisionWorks" />
    </UnitTest>
    <UnitTest name="Import_gift_card_using_existing_configuration_id" storage="/home/runner/_work/eva/eva/test/eva.testsuite.pim/bin/release/eva.testsuite.pim.dll" id="9e4aa725-664a-1182-271d-2d8c7b440fbc">
      <Execution id="f3529d34-37d2-4b0f-8364-4c2dba24b153" />
      <TestMethod codeBase="/home/runner/_work/eva/eva/test/EVA.TestSuite.PIM/bin/Release/EVA.TestSuite.PIM.dll" adapterTypeName="executor://nunit3testexecutor/" className="EVA.TestSuite.PIM.ImportProductsSharedTests" name="Import_gift_card_using_existing_configuration_id" />
    </UnitTest>
    <UnitTest name="Leaving_query_null_does_not_cause_a_NullReference" storage="/home/runner/_work/eva/eva/test/eva.testsuite.pim/bin/release/eva.testsuite.pim.dll" id="bcb91360-94b2-5246-f551-a8bd76523258">
      <Execution id="a6345952-0c76-498d-bd43-18876ac8960a" />
      <TestMethod codeBase="/home/runner/_work/eva/eva/test/EVA.TestSuite.PIM/bin/Release/EVA.TestSuite.PIM.dll" adapterTypeName="executor://nunit3testexecutor/" className="EVA.TestSuite.PIM.ProductSearchStrategyTests" name="Leaving_query_null_does_not_cause_a_NullReference" />
    </UnitTest>
    <UnitTest name="When_parent_has_no_content_but_the_children_do" storage="/home/runner/_work/eva/eva/test/eva.testsuite.pim/bin/release/eva.testsuite.pim.dll" id="10fb0cfc-75ba-5071-54a2-b904db13da0e">
      <Execution id="b4ec0b32-8b30-42b4-b0ab-b9492bdf3051" />
      <TestMethod codeBase="/home/runner/_work/eva/eva/test/EVA.TestSuite.PIM/bin/Release/EVA.TestSuite.PIM.dll" adapterTypeName="executor://nunit3testexecutor/" className="EVA.TestSuite.PIM.ImportProductsSharedTests" name="When_parent_has_no_content_but_the_children_do" />
    </UnitTest>
    <UnitTest name="Should_be_able_to_create_a_property_and_change_its_data_type_afterwards" storage="/home/runner/_work/eva/eva/test/eva.testsuite.pim/bin/release/eva.testsuite.pim.dll" id="5ed8290f-d806-7f98-8ed6-6b604eea1826">
      <Execution id="97c1c70d-d0a8-42a0-9f0b-a74df6bb9c58" />
      <TestMethod codeBase="/home/runner/_work/eva/eva/test/EVA.TestSuite.PIM/bin/Release/EVA.TestSuite.PIM.dll" adapterTypeName="executor://nunit3testexecutor/" className="EVA.TestSuite.PIM.DataTypeTests" name="Should_be_able_to_create_a_property_and_change_its_data_type_afterwards" />
    </UnitTest>
    <UnitTest name="Can_reindex_documens" storage="/home/runner/_work/eva/eva/test/eva.testsuite.pim/bin/release/eva.testsuite.pim.dll" id="338f8488-8b9a-ae52-7bca-44fe9ec14fa9">
      <Execution id="99255339-2397-4596-8e70-7c7283d423ae" />
      <TestMethod codeBase="/home/runner/_work/eva/eva/test/EVA.TestSuite.PIM/bin/Release/EVA.TestSuite.PIM.dll" adapterTypeName="executor://nunit3testexecutor/" className="EVA.TestSuite.PIM.ReindexTests" name="Can_reindex_documens" />
    </UnitTest>
    <UnitTest name="Can_delete_PPT_with_values_on_documents" storage="/home/runner/_work/eva/eva/test/eva.testsuite.pim/bin/release/eva.testsuite.pim.dll" id="6f3bc40c-0379-385b-f1fa-d72ff169974f">
      <Execution id="0925dd13-a9db-477a-a424-57ac6b44cf0e" />
      <TestMethod codeBase="/home/runner/_work/eva/eva/test/EVA.TestSuite.PIM/bin/Release/EVA.TestSuite.PIM.dll" adapterTypeName="executor://nunit3testexecutor/" className="EVA.TestSuite.PIM.DeleteProductPropertyTypeTests" name="Can_delete_PPT_with_values_on_documents" />
    </UnitTest>
    <UnitTest name="UploadProductExcelTest_create_product" storage="/home/runner/_work/eva/eva/test/eva.testsuite.pim/bin/release/eva.testsuite.pim.dll" id="33125c07-9051-50b0-7e4f-863e1d83344d">
      <Execution id="730bcef4-a04e-4759-b4ab-2957eabc55f4" />
      <TestMethod codeBase="/home/runner/_work/eva/eva/test/EVA.TestSuite.PIM/bin/Release/EVA.TestSuite.PIM.dll" adapterTypeName="executor://nunit3testexecutor/" className="EVA.TestSuite.PIM.ProductExcelTests" name="UploadProductExcelTest_create_product" />
    </UnitTest>
    <UnitTest name="Imported_products_with_images_appear_correctly_in_search_order" storage="/home/runner/_work/eva/eva/test/eva.testsuite.pim/bin/release/eva.testsuite.pim.dll" id="f4ebbea4-ce15-be9c-a99e-8ee04b97bc06">
      <Execution id="fa312a1b-38b6-48c9-90e4-da23f3eb66bb" />
      <TestMethod codeBase="/home/runner/_work/eva/eva/test/EVA.TestSuite.PIM/bin/Release/EVA.TestSuite.PIM.dll" adapterTypeName="executor://nunit3testexecutor/" className="EVA.TestSuite.PIM.ImportProductsSharedTests" name="Imported_products_with_images_appear_correctly_in_search_order" />
    </UnitTest>
    <UnitTest name="ProductChildren_test" storage="/home/runner/_work/eva/eva/test/eva.testsuite.pim/bin/release/eva.testsuite.pim.dll" id="18a54880-e051-a84c-6c30-d3aa252df99d">
      <Execution id="7eaae1ec-ccb3-4f65-acf2-a9b08af438ee" />
      <TestMethod codeBase="/home/runner/_work/eva/eva/test/EVA.TestSuite.PIM/bin/Release/EVA.TestSuite.PIM.dll" adapterTypeName="executor://nunit3testexecutor/" className="EVA.TestSuite.PIM.ProductHierarchyTests" name="ProductChildren_test" />
    </UnitTest>
    <UnitTest name="Can_filter_on_availability" storage="/home/runner/_work/eva/eva/test/eva.testsuite.pim/bin/release/eva.testsuite.pim.dll" id="6a99016a-f976-93cf-b799-699a78c03a5f">
      <Execution id="88d694b1-1f93-47b0-9993-d64ea663108a" />
      <TestMethod codeBase="/home/runner/_work/eva/eva/test/EVA.TestSuite.PIM/bin/Release/EVA.TestSuite.PIM.dll" adapterTypeName="executor://nunit3testexecutor/" className="EVA.TestSuite.PIM.ProductSearchStockTests" name="Can_filter_on_availability" />
    </UnitTest>
    <UnitTest name="ProductParents_test" storage="/home/runner/_work/eva/eva/test/eva.testsuite.pim/bin/release/eva.testsuite.pim.dll" id="bd04489f-1f5c-70a9-1c0f-fc8e3238670f">
      <Execution id="740afe5b-88d0-4925-b485-a1e7a0b6ade0" />
      <TestMethod codeBase="/home/runner/_work/eva/eva/test/EVA.TestSuite.PIM/bin/Release/EVA.TestSuite.PIM.dll" adapterTypeName="executor://nunit3testexecutor/" className="EVA.TestSuite.PIM.ProductHierarchyTests" name="ProductParents_test" />
    </UnitTest>
    <UnitTest name="Bundle_products" storage="/home/runner/_work/eva/eva/test/eva.testsuite.pim/bin/release/eva.testsuite.pim.dll" id="8d5a4d5c-1a09-4375-6afb-3f8f2488eef6">
      <Execution id="1fddd1cd-435b-4999-b2c1-ad16169029fb" />
      <TestMethod codeBase="/home/runner/_work/eva/eva/test/EVA.TestSuite.PIM/bin/Release/EVA.TestSuite.PIM.dll" adapterTypeName="executor://nunit3testexecutor/" className="EVA.TestSuite.PIM.ProductSearchStockTests" name="Bundle_products" />
    </UnitTest>
    <UnitTest name="Can_exclude_second_chance_products_from_product_search" storage="/home/runner/_work/eva/eva/test/eva.testsuite.pim/bin/release/eva.testsuite.pim.dll" id="7bff7a98-b723-6afa-ba9b-732d065a2916">
      <Execution id="4afe1388-2d6f-4091-88e8-cb46af9b7ea7" />
      <TestMethod codeBase="/home/runner/_work/eva/eva/test/EVA.TestSuite.PIM/bin/Release/EVA.TestSuite.PIM.dll" adapterTypeName="executor://nunit3testexecutor/" className="EVA.TestSuite.PIM.SearchProductsTests" name="Can_exclude_second_chance_products_from_product_search" />
    </UnitTest>
    <UnitTest name="New_AssortmentContentCulture_is_composed_after_creating_it" storage="/home/runner/_work/eva/eva/test/eva.testsuite.pim/bin/release/eva.testsuite.pim.dll" id="a899c7dc-010c-61d2-783a-1535428a7fd3">
      <Execution id="8a0c80cd-348a-4d4f-9c04-ae729fa226f9" />
      <TestMethod codeBase="/home/runner/_work/eva/eva/test/EVA.TestSuite.PIM/bin/Release/EVA.TestSuite.PIM.dll" adapterTypeName="executor://nunit3testexecutor/" className="EVA.TestSuite.PIM.AssortmentContentCultureTests" name="New_AssortmentContentCulture_is_composed_after_creating_it" />
    </UnitTest>
    <UnitTest name="Can_use_property_autocomplete" storage="/home/runner/_work/eva/eva/test/eva.testsuite.pim/bin/release/eva.testsuite.pim.dll" id="47ebe5bc-45ff-ed18-2dc7-5dac4a8d4740">
      <Execution id="de891dd9-4885-46dc-aa00-fa31698ca5ac" />
      <TestMethod codeBase="/home/runner/_work/eva/eva/test/EVA.TestSuite.PIM/bin/Release/EVA.TestSuite.PIM.dll" adapterTypeName="executor://nunit3testexecutor/" className="EVA.TestSuite.PIM.AutocompleteTests" name="Can_use_property_autocomplete" />
    </UnitTest>
    <UnitTest name="Configurable_products" storage="/home/runner/_work/eva/eva/test/eva.testsuite.pim/bin/release/eva.testsuite.pim.dll" id="77789503-c10e-73a5-c7f4-f04379017023">
      <Execution id="d32a468e-89c9-4825-9bf7-0c5d2217ab01" />
      <TestMethod codeBase="/home/runner/_work/eva/eva/test/EVA.TestSuite.PIM/bin/Release/EVA.TestSuite.PIM.dll" adapterTypeName="executor://nunit3testexecutor/" className="EVA.TestSuite.PIM.ProductSearchStockTests" name="Configurable_products" />
    </UnitTest>
    <UnitTest name="Can_create_new_properties" storage="/home/runner/_work/eva/eva/test/eva.testsuite.pim/bin/release/eva.testsuite.pim.dll" id="71d3017e-00bc-1397-b43b-c48ad33962d7">
      <Execution id="866056b5-10ae-40de-9728-f4cfdff05c5f" />
      <TestMethod codeBase="/home/runner/_work/eva/eva/test/EVA.TestSuite.PIM/bin/Release/EVA.TestSuite.PIM.dll" adapterTypeName="executor://nunit3testexecutor/" className="EVA.TestSuite.PIM.ImportProductsSharedTests" name="Can_create_new_properties" />
    </UnitTest>
    <UnitTest name="Search_by_empty_ids_works" storage="/home/runner/_work/eva/eva/test/eva.testsuite.pim/bin/release/eva.testsuite.pim.dll" id="06c35a3a-d052-99d8-db33-299fc49291f4">
      <Execution id="9a106c19-378a-48ff-93be-d70d9ec29c6d" />
      <TestMethod codeBase="/home/runner/_work/eva/eva/test/EVA.TestSuite.PIM/bin/Release/EVA.TestSuite.PIM.dll" adapterTypeName="executor://nunit3testexecutor/" className="EVA.TestSuite.PIM.SearchProductsTests" name="Search_by_empty_ids_works" />
    </UnitTest>
    <UnitTest name="DownloadProductExcelTest" storage="/home/runner/_work/eva/eva/test/eva.testsuite.pim/bin/release/eva.testsuite.pim.dll" id="d4777f22-b0a1-5479-b90f-a4fef0e1d452">
      <Execution id="768a62eb-230e-4623-b68b-bb78113a2c28" />
      <TestMethod codeBase="/home/runner/_work/eva/eva/test/EVA.TestSuite.PIM/bin/Release/EVA.TestSuite.PIM.dll" adapterTypeName="executor://nunit3testexecutor/" className="EVA.TestSuite.PIM.ProductExcelTests" name="DownloadProductExcelTest" />
    </UnitTest>
    <UnitTest name="Can_use_EditProduct_to_edit_product_content" storage="/home/runner/_work/eva/eva/test/eva.testsuite.pim/bin/release/eva.testsuite.pim.dll" id="aa39ba64-97a9-e15c-6017-97422f109913">
      <Execution id="42a9a2b6-4b32-40df-ae71-414fad08f6fb" />
      <TestMethod codeBase="/home/runner/_work/eva/eva/test/EVA.TestSuite.PIM/bin/Release/EVA.TestSuite.PIM.dll" adapterTypeName="executor://nunit3testexecutor/" className="EVA.TestSuite.PIM.CreateEditSharedTests" name="Can_use_EditProduct_to_edit_product_content" />
    </UnitTest>
    <UnitTest name="Can_create_synonyms" storage="/home/runner/_work/eva/eva/test/eva.testsuite.pim/bin/release/eva.testsuite.pim.dll" id="c4cd2600-2970-c620-8830-0798c3c4fd86">
      <Execution id="49ed8cef-1c79-45bf-a58b-473baa44b673" />
      <TestMethod codeBase="/home/runner/_work/eva/eva/test/EVA.TestSuite.PIM/bin/Release/EVA.TestSuite.PIM.dll" adapterTypeName="executor://nunit3testexecutor/" className="EVA.TestSuite.PIM.SynonymTests" name="Can_create_synonyms" />
    </UnitTest>
    <UnitTest name="Can_import_images(True)" storage="/home/runner/_work/eva/eva/test/eva.testsuite.pim/bin/release/eva.testsuite.pim.dll" id="9922dd9b-ed27-2787-b2de-cb8b9fefbb1a">
      <Execution id="796d7365-d5d7-4770-9619-a2b7c6fa245a" />
      <TestMethod codeBase="/home/runner/_work/eva/eva/test/EVA.TestSuite.PIM/bin/Release/EVA.TestSuite.PIM.dll" adapterTypeName="executor://nunit3testexecutor/" className="EVA.TestSuite.PIM.ImportProductsSharedTests" name="Can_import_images(True)" />
    </UnitTest>
    <UnitTest name="Multiple_products" storage="/home/runner/_work/eva/eva/test/eva.testsuite.pim/bin/release/eva.testsuite.pim.dll" id="e22e1de4-10e8-b8e5-ea1f-d0f440087ebe">
      <Execution id="8d4945c0-fcda-4723-a4bc-69955fa1fca0" />
      <TestMethod codeBase="/home/runner/_work/eva/eva/test/EVA.TestSuite.PIM/bin/Release/EVA.TestSuite.PIM.dll" adapterTypeName="executor://nunit3testexecutor/" className="EVA.TestSuite.PIM.ImportProductsSharedTests" name="Multiple_products" />
    </UnitTest>
    <UnitTest name="Can_sort_and_score_by_stock" storage="/home/runner/_work/eva/eva/test/eva.testsuite.pim/bin/release/eva.testsuite.pim.dll" id="c74eae40-d6da-c954-8439-98ee7f73eecf">
      <Execution id="68e6309e-6e90-41d6-a14f-89283cb90307" />
      <TestMethod codeBase="/home/runner/_work/eva/eva/test/EVA.TestSuite.PIM/bin/Release/EVA.TestSuite.PIM.dll" adapterTypeName="executor://nunit3testexecutor/" className="EVA.TestSuite.PIM.ProductSearchStockTests" name="Can_sort_and_score_by_stock" />
    </UnitTest>
    <UnitTest name="Updating_Configurable_Properties_ImportProducts" storage="/home/runner/_work/eva/eva/test/eva.testsuite.pim/bin/release/eva.testsuite.pim.dll" id="66b49aa0-8bd6-3e93-e210-fad9eb969007">
      <Execution id="bdb75f96-6c6d-48ba-82d2-0d23cd033c54" />
      <TestMethod codeBase="/home/runner/_work/eva/eva/test/EVA.TestSuite.PIM/bin/Release/EVA.TestSuite.PIM.dll" adapterTypeName="executor://nunit3testexecutor/" className="EVA.TestSuite.PIM.ImportProductsSharedTests" name="Updating_Configurable_Properties_ImportProducts" />
    </UnitTest>
    <UnitTest name="Test" storage="/home/runner/_work/eva/eva/test/eva.testsuite.pim/bin/release/eva.testsuite.pim.dll" id="dedadd88-9ca3-bf40-01ac-f6bab4a90c7f">
      <Execution id="b12cbcd0-72c7-4e57-afa7-6d2025d87ad0" />
      <TestMethod codeBase="/home/runner/_work/eva/eva/test/EVA.TestSuite.PIM/bin/Release/EVA.TestSuite.PIM.dll" adapterTypeName="executor://nunit3testexecutor/" className="EVA.TestSuite.PIM.GetProductForEditTests" name="Test" />
    </UnitTest>
    <UnitTest name="ListRevisionsWithProductID" storage="/home/runner/_work/eva/eva/test/eva.testsuite.pim/bin/release/eva.testsuite.pim.dll" id="9cf80740-9218-0e85-8642-834d66a8767e">
      <Execution id="72360e3a-ea4c-4b89-aa44-3706a02f63a0" />
      <TestMethod codeBase="/home/runner/_work/eva/eva/test/EVA.TestSuite.PIM/bin/Release/EVA.TestSuite.PIM.dll" adapterTypeName="executor://nunit3testexecutor/" className="EVA.TestSuite.PIM.ApplyRevisionTests" name="ListRevisionsWithProductID" />
    </UnitTest>
    <UnitTest name="filter_on_id_should_work" storage="/home/runner/_work/eva/eva/test/eva.testsuite.pim/bin/release/eva.testsuite.pim.dll" id="261f180b-c850-b236-905f-d9f028e19ab9">
      <Execution id="4677ce79-d95a-404e-9d02-6c4fa65ed858" />
      <TestMethod codeBase="/home/runner/_work/eva/eva/test/EVA.TestSuite.PIM/bin/Release/EVA.TestSuite.PIM.dll" adapterTypeName="executor://nunit3testexecutor/" className="EVA.TestSuite.PIM.ListProductPropertyTypeTests" name="filter_on_id_should_work" />
    </UnitTest>
    <UnitTest name="ExportProductBaseExcelAsyncShouldWork" storage="/home/runner/_work/eva/eva/test/eva.testsuite.pim/bin/release/eva.testsuite.pim.dll" id="587fdef2-0bf2-38bf-d34d-f8f48aa8f1cd">
      <Execution id="ec9bf207-c7b2-4378-8d29-ce8b388996ab" />
      <TestMethod codeBase="/home/runner/_work/eva/eva/test/EVA.TestSuite.PIM/bin/Release/EVA.TestSuite.PIM.dll" adapterTypeName="executor://nunit3testexecutor/" className="EVA.TestSuite.PIM.ProductExcelTests" name="ExportProductBaseExcelAsyncShouldWork" />
    </UnitTest>
    <UnitTest name="Valid_product_hierarchy_import" storage="/home/runner/_work/eva/eva/test/eva.testsuite.pim/bin/release/eva.testsuite.pim.dll" id="8d58560c-3b8d-0177-f15d-709e143bbac9">
      <Execution id="c344fa2f-0880-4707-8120-a45ff97bf61a" />
      <TestMethod codeBase="/home/runner/_work/eva/eva/test/EVA.TestSuite.PIM/bin/Release/EVA.TestSuite.PIM.dll" adapterTypeName="executor://nunit3testexecutor/" className="EVA.TestSuite.PIM.ImportProductsSharedTests" name="Valid_product_hierarchy_import" />
    </UnitTest>
    <UnitTest name="EditProductPropertyTypeShouldWorkWithoutContent" storage="/home/runner/_work/eva/eva/test/eva.testsuite.pim/bin/release/eva.testsuite.pim.dll" id="8372cd68-5fca-5544-a0ec-56679f9bdd36">
      <Execution id="8c693892-a2f0-4d54-af13-dc6ef50d6a08" />
      <TestMethod codeBase="/home/runner/_work/eva/eva/test/EVA.TestSuite.PIM/bin/Release/EVA.TestSuite.PIM.dll" adapterTypeName="executor://nunit3testexecutor/" className="EVA.TestSuite.PIM.UpdateProductPropertyTypeTests" name="EditProductPropertyTypeShouldWorkWithoutContent" />
    </UnitTest>
    <UnitTest name="Can_search_by_category" storage="/home/runner/_work/eva/eva/test/eva.testsuite.pim/bin/release/eva.testsuite.pim.dll" id="65ee6d7d-b447-025f-23bc-7115f93d97b9">
      <Execution id="591a10bd-76cd-4884-9d5b-15b4d1512685" />
      <TestMethod codeBase="/home/runner/_work/eva/eva/test/EVA.TestSuite.PIM/bin/Release/EVA.TestSuite.PIM.dll" adapterTypeName="executor://nunit3testexecutor/" className="EVA.TestSuite.PIM.SearchProductPropertyTypeTests" name="Can_search_by_category" />
    </UnitTest>
  </TestDefinitions>
  <TestEntries>
    <TestEntry testId="77789503-c10e-73a5-c7f4-f04379017023" executionId="d32a468e-89c9-4825-9bf7-0c5d2217ab01" testListId="8c84fa94-04c1-424b-9868-57a2d4851a1d" />
    <TestEntry testId="e22e1de4-10e8-b8e5-ea1f-d0f440087ebe" executionId="8d4945c0-fcda-4723-a4bc-69955fa1fca0" testListId="8c84fa94-04c1-424b-9868-57a2d4851a1d" />
    <TestEntry testId="6a99016a-f976-93cf-b799-699a78c03a5f" executionId="88d694b1-1f93-47b0-9993-d64ea663108a" testListId="8c84fa94-04c1-424b-9868-57a2d4851a1d" />
    <TestEntry testId="2c222735-a87e-b030-53a6-5e6d46928261" executionId="fbee396d-9bed-44f4-8d0f-e4e593d54c64" testListId="8c84fa94-04c1-424b-9868-57a2d4851a1d" />
    <TestEntry testId="8ee782c2-5827-1749-c650-465571e1ef47" executionId="ae49913a-6864-45bf-8862-63e239efc652" testListId="8c84fa94-04c1-424b-9868-57a2d4851a1d" />
    <TestEntry testId="66b49aa0-8bd6-3e93-e210-fad9eb969007" executionId="bdb75f96-6c6d-48ba-82d2-0d23cd033c54" testListId="8c84fa94-04c1-424b-9868-57a2d4851a1d" />
    <TestEntry testId="395edfb2-72c2-1137-e67d-5891e9682adf" executionId="c4f3b323-e74b-4af9-a3d4-c5c391a819dc" testListId="8c84fa94-04c1-424b-9868-57a2d4851a1d" />
    <TestEntry testId="261f180b-c850-b236-905f-d9f028e19ab9" executionId="4677ce79-d95a-404e-9d02-6c4fa65ed858" testListId="8c84fa94-04c1-424b-9868-57a2d4851a1d" />
    <TestEntry testId="9922dd9b-ed27-2787-b2de-cb8b9fefbb1a" executionId="796d7365-d5d7-4770-9619-a2b7c6fa245a" testListId="8c84fa94-04c1-424b-9868-57a2d4851a1d" />
    <TestEntry testId="96c3b0e4-6d2e-789d-0e25-9e3e18e1cd4f" executionId="c42be717-6515-40ad-8a34-f7864ee7311c" testListId="8c84fa94-04c1-424b-9868-57a2d4851a1d" />
    <TestEntry testId="aa39ba64-97a9-e15c-6017-97422f109913" executionId="42a9a2b6-4b32-40df-ae71-414fad08f6fb" testListId="8c84fa94-04c1-424b-9868-57a2d4851a1d" />
    <TestEntry testId="587fdef2-0bf2-38bf-d34d-f8f48aa8f1cd" executionId="ec9bf207-c7b2-4378-8d29-ce8b388996ab" testListId="8c84fa94-04c1-424b-9868-57a2d4851a1d" />
    <TestEntry testId="6f3bc40c-0379-385b-f1fa-d72ff169974f" executionId="0925dd13-a9db-477a-a424-57ac6b44cf0e" testListId="8c84fa94-04c1-424b-9868-57a2d4851a1d" />
    <TestEntry testId="bb8e55a0-1ee1-d5cf-e703-0aa0ec0bb37d" executionId="8259cf5f-91c8-4146-81f0-d3515752a18b" testListId="8c84fa94-04c1-424b-9868-57a2d4851a1d" />
    <TestEntry testId="47ebe5bc-45ff-ed18-2dc7-5dac4a8d4740" executionId="de891dd9-4885-46dc-aa00-fa31698ca5ac" testListId="8c84fa94-04c1-424b-9868-57a2d4851a1d" />
    <TestEntry testId="dedadd88-9ca3-bf40-01ac-f6bab4a90c7f" executionId="b12cbcd0-72c7-4e57-afa7-6d2025d87ad0" testListId="8c84fa94-04c1-424b-9868-57a2d4851a1d" />
    <TestEntry testId="cd452d7a-2ef8-6370-a73e-3b7c08064506" executionId="7ac3be28-4fab-421f-a1d2-58dd785534de" testListId="8c84fa94-04c1-424b-9868-57a2d4851a1d" />
    <TestEntry testId="748ea817-04ff-4481-57bf-215afbcd8ec7" executionId="2c647916-21a0-4523-91cd-8df4203acb9f" testListId="8c84fa94-04c1-424b-9868-57a2d4851a1d" />
    <TestEntry testId="24140b41-e03b-b699-d074-82bee71ecb32" executionId="ff292041-2be9-40f9-8cd5-2d9f7acd7ecb" testListId="8c84fa94-04c1-424b-9868-57a2d4851a1d" />
    <TestEntry testId="72a4de9b-34e0-4232-dd4c-f6d14a92a746" executionId="5481b6df-d38f-4e81-9a7e-a53fb95c842d" testListId="8c84fa94-04c1-424b-9868-57a2d4851a1d" />
    <TestEntry testId="06c35a3a-d052-99d8-db33-299fc49291f4" executionId="9a106c19-378a-48ff-93be-d70d9ec29c6d" testListId="8c84fa94-04c1-424b-9868-57a2d4851a1d" />
    <TestEntry testId="a899c7dc-010c-61d2-783a-1535428a7fd3" executionId="8a0c80cd-348a-4d4f-9c04-ae729fa226f9" testListId="8c84fa94-04c1-424b-9868-57a2d4851a1d" />
    <TestEntry testId="567308e8-74a4-9e12-88aa-f0d05a2ed980" executionId="526db330-5e0b-4828-88bc-7f627e8fa4ca" testListId="8c84fa94-04c1-424b-9868-57a2d4851a1d" />
    <TestEntry testId="02e9a14e-1f59-9eef-e7be-ee32e4eda2d3" executionId="192c9662-4fb3-4ba4-b1ed-df5b9766e881" testListId="8c84fa94-04c1-424b-9868-57a2d4851a1d" />
    <TestEntry testId="08d6aba3-2a2f-48ac-9c93-9cfc4d696497" executionId="40c17267-2de9-4c25-ac9e-8f45d393be87" testListId="8c84fa94-04c1-424b-9868-57a2d4851a1d" />
    <TestEntry testId="71d3017e-00bc-1397-b43b-c48ad33962d7" executionId="866056b5-10ae-40de-9728-f4cfdff05c5f" testListId="8c84fa94-04c1-424b-9868-57a2d4851a1d" />
    <TestEntry testId="7bff7a98-b723-6afa-ba9b-732d065a2916" executionId="4afe1388-2d6f-4091-88e8-cb46af9b7ea7" testListId="8c84fa94-04c1-424b-9868-57a2d4851a1d" />
    <TestEntry testId="84d3056c-e2ee-d4d3-094c-140fd0c39258" executionId="a438ae6c-b36f-40f0-a53a-c5b31f7382df" testListId="8c84fa94-04c1-424b-9868-57a2d4851a1d" />
    <TestEntry testId="3d799dca-e57d-f9f6-1823-e9da37f21919" executionId="53d7ba04-7450-4bdd-a4c2-8a58a7d6430d" testListId="8c84fa94-04c1-424b-9868-57a2d4851a1d" />
    <TestEntry testId="338f8488-8b9a-ae52-7bca-44fe9ec14fa9" executionId="99255339-2397-4596-8e70-7c7283d423ae" testListId="8c84fa94-04c1-424b-9868-57a2d4851a1d" />
    <TestEntry testId="74bbb5e4-4b6f-fa7f-73f1-b4b2808cff72" executionId="810789ad-ccd1-4a21-b94a-3e8498de5a20" testListId="8c84fa94-04c1-424b-9868-57a2d4851a1d" />
    <TestEntry testId="593aaae9-cd83-8619-90f7-cb05e06d8354" executionId="1dbe6aef-2aa5-4bab-b64c-a15ef021e1dc" testListId="8c84fa94-04c1-424b-9868-57a2d4851a1d" />
    <TestEntry testId="08dcbf49-5bd8-bc4c-1aa7-81649d3c076a" executionId="b22d1648-6880-42ab-9664-8cfedcd2349b" testListId="8c84fa94-04c1-424b-9868-57a2d4851a1d" />
    <TestEntry testId="11810d0e-d23b-349c-d53c-cd0872cc3b20" executionId="7d9fb6a8-16d7-4fd1-a13e-01353604ba6a" testListId="8c84fa94-04c1-424b-9868-57a2d4851a1d" />
    <TestEntry testId="b72cfc5a-52a2-2300-4d86-e48d0c012e1e" executionId="af46d078-9545-42b4-890e-ee7c5f0e7227" testListId="8c84fa94-04c1-424b-9868-57a2d4851a1d" />
    <TestEntry testId="aab2a550-a744-baeb-7f81-2370d02e95f3" executionId="7a45b8c2-97f8-4bb2-9e6c-b41adf1336e3" testListId="8c84fa94-04c1-424b-9868-57a2d4851a1d" />
    <TestEntry testId="65ee6d7d-b447-025f-23bc-7115f93d97b9" executionId="591a10bd-76cd-4884-9d5b-15b4d1512685" testListId="8c84fa94-04c1-424b-9868-57a2d4851a1d" />
    <TestEntry testId="1c6fced8-1dca-377d-52ce-e0a84bf728e3" executionId="fee22c2e-5d26-46ab-a121-e612b0b50708" testListId="8c84fa94-04c1-424b-9868-57a2d4851a1d" />
    <TestEntry testId="18a54880-e051-a84c-6c30-d3aa252df99d" executionId="7eaae1ec-ccb3-4f65-acf2-a9b08af438ee" testListId="8c84fa94-04c1-424b-9868-57a2d4851a1d" />
    <TestEntry testId="9cf80740-9218-0e85-8642-834d66a8767e" executionId="72360e3a-ea4c-4b89-aa44-3706a02f63a0" testListId="8c84fa94-04c1-424b-9868-57a2d4851a1d" />
    <TestEntry testId="f4ebbea4-ce15-be9c-a99e-8ee04b97bc06" executionId="fa312a1b-38b6-48c9-90e4-da23f3eb66bb" testListId="8c84fa94-04c1-424b-9868-57a2d4851a1d" />
    <TestEntry testId="c4cd2600-2970-c620-8830-0798c3c4fd86" executionId="49ed8cef-1c79-45bf-a58b-473baa44b673" testListId="8c84fa94-04c1-424b-9868-57a2d4851a1d" />
    <TestEntry testId="5ed8290f-d806-7f98-8ed6-6b604eea1826" executionId="97c1c70d-d0a8-42a0-9f0b-a74df6bb9c58" testListId="8c84fa94-04c1-424b-9868-57a2d4851a1d" />
    <TestEntry testId="367d6c36-efd7-de8c-690f-1079351340e1" executionId="0abdc920-3404-4b49-bac1-bbf6882480c8" testListId="8c84fa94-04c1-424b-9868-57a2d4851a1d" />
    <TestEntry testId="33125c07-9051-50b0-7e4f-863e1d83344d" executionId="730bcef4-a04e-4759-b4ab-2957eabc55f4" testListId="8c84fa94-04c1-424b-9868-57a2d4851a1d" />
    <TestEntry testId="965e3b69-18cf-5426-b529-c58405766ae5" executionId="b06a46aa-6060-4ccf-8d31-1fc00180ebfd" testListId="8c84fa94-04c1-424b-9868-57a2d4851a1d" />
    <TestEntry testId="10fb0cfc-75ba-5071-54a2-b904db13da0e" executionId="b4ec0b32-8b30-42b4-b0ab-b9492bdf3051" testListId="8c84fa94-04c1-424b-9868-57a2d4851a1d" />
    <TestEntry testId="18559dd1-62d6-13ac-0ac1-c39c4d111e20" executionId="c3a77901-7e23-4c32-bafd-6df5199341b6" testListId="8c84fa94-04c1-424b-9868-57a2d4851a1d" />
    <TestEntry testId="3c38e41f-40f4-6b6b-9587-0d62f0878250" executionId="a6b11e70-8c27-425d-b9a6-f3641cb4aeee" testListId="8c84fa94-04c1-424b-9868-57a2d4851a1d" />
    <TestEntry testId="bcb91360-94b2-5246-f551-a8bd76523258" executionId="a6345952-0c76-498d-bd43-18876ac8960a" testListId="8c84fa94-04c1-424b-9868-57a2d4851a1d" />
    <TestEntry testId="d0567a04-265a-d47b-46e7-d720a0a82d42" executionId="1f355631-0955-4bdc-90dc-6d657df8eb0b" testListId="8c84fa94-04c1-424b-9868-57a2d4851a1d" />
    <TestEntry testId="bd04489f-1f5c-70a9-1c0f-fc8e3238670f" executionId="740afe5b-88d0-4925-b485-a1e7a0b6ade0" testListId="8c84fa94-04c1-424b-9868-57a2d4851a1d" />
    <TestEntry testId="b4ca137f-11e7-074b-29c6-cd66b80210a9" executionId="be498fdb-f39f-4166-be57-9ccecd20419a" testListId="8c84fa94-04c1-424b-9868-57a2d4851a1d" />
    <TestEntry testId="91cf6225-a01a-893f-3144-d6cf34afae09" executionId="23a8b784-d9cc-400e-a842-0eea185f4b8b" testListId="8c84fa94-04c1-424b-9868-57a2d4851a1d" />
    <TestEntry testId="c09b50eb-2de0-2b25-738f-5b8550131a78" executionId="8508b202-d66e-4655-9f12-5076a4b65224" testListId="8c84fa94-04c1-424b-9868-57a2d4851a1d" />
    <TestEntry testId="c74eae40-d6da-c954-8439-98ee7f73eecf" executionId="68e6309e-6e90-41d6-a14f-89283cb90307" testListId="8c84fa94-04c1-424b-9868-57a2d4851a1d" />
    <TestEntry testId="d4777f22-b0a1-5479-b90f-a4fef0e1d452" executionId="768a62eb-230e-4623-b68b-bb78113a2c28" testListId="8c84fa94-04c1-424b-9868-57a2d4851a1d" />
    <TestEntry testId="9e4aa725-664a-1182-271d-2d8c7b440fbc" executionId="f3529d34-37d2-4b0f-8364-4c2dba24b153" testListId="8c84fa94-04c1-424b-9868-57a2d4851a1d" />
    <TestEntry testId="8372cd68-5fca-5544-a0ec-56679f9bdd36" executionId="8c693892-a2f0-4d54-af13-dc6ef50d6a08" testListId="8c84fa94-04c1-424b-9868-57a2d4851a1d" />
    <TestEntry testId="8d58560c-3b8d-0177-f15d-709e143bbac9" executionId="c344fa2f-0880-4707-8120-a45ff97bf61a" testListId="8c84fa94-04c1-424b-9868-57a2d4851a1d" />
    <TestEntry testId="8d5a4d5c-1a09-4375-6afb-3f8f2488eef6" executionId="1fddd1cd-435b-4999-b2c1-ad16169029fb" testListId="8c84fa94-04c1-424b-9868-57a2d4851a1d" />
  </TestEntries>
  <TestLists>
    <TestList name="Results Not in a List" id="8c84fa94-04c1-424b-9868-57a2d4851a1d" />
    <TestList name="All Loaded Results" id="19431567-8539-422a-85d7-44ee4e166bda" />
  </TestLists>
  <ResultSummary outcome="Completed">
    <Counters total="61" executed="17" passed="17" failed="0" error="0" timeout="0" aborted="0" inconclusive="0" passedButRunAborted="0" notRunnable="0" notExecuted="0" disconnected="0" warning="0" completed="0" inProgress="0" pending="0" />
    <Output>
      <StdOut>NUnit Adapter 5.0.0.0: Test execution started
Running all tests in /home/runner/_work/eva/eva/test/EVA.TestSuite.PIM/bin/Release/EVA.TestSuite.PIM.dll
   NUnit3TestExecutor discovered 61 of 61 NUnit test cases using Current Discovery mode, Non-Explicit run
Warning message/ListRevisions limit_large - Limit parameter 1000 is high - consider adding paging.
Warning message/ListRevisions limit_large - Limit parameter 1000 is high - consider adding paging.

Warning message/ListRevisions limit_large - Limit parameter 1000 is high - consider adding paging.
Warning message/ListRevisions limit_large - Limit parameter 1000 is high - consider adding paging.

Warning message/ListRevisions limit_large - Limit parameter 1000 is high - consider adding paging.
Warning message/ListRevisions limit_large - Limit parameter 1000 is high - consider adding paging.
Warning message/ListRevisions limit_large - Limit parameter 1000 is high - consider adding paging.
Warning message/ListRevisions limit_large - Limit parameter 1000 is high - consider adding paging.

Can_create_new_AssortmentContentCulture_and_use_it_for_search: Skipping test: it does not belong to this partition.
New_AssortmentContentCulture_is_composed_after_creating_it: Skipping test: it does not belong to this partition.
Test 'Can_create_new_AssortmentContentCulture_and_use_it_for_search' was skipped in the test run.
Test 'New_AssortmentContentCulture_is_composed_after_creating_it' was skipped in the test run.
Can_create_edit_for_swatches: Skipping test: it does not belong to this partition.
Can_create_large_edit: Skipping test: it does not belong to this partition.
Can_specify_values_as_objects_with_a_property_called_value: Skipping test: it does not belong to this partition.
Can_use_EditProduct_to_edit_product_content: Skipping test: it does not belong to this partition.
Dimension_data_should_work: Skipping test: it does not belong to this partition.
Should_be_able_to_create_a_property_and_change_its_data_type_afterwards: Skipping test: it does not belong to this partition.
Can_delete_PPT_with_values_on_documents: Skipping test: it does not belong to this partition.
FilterOnBothProductIDAndRevisionWorks: Skipping test: it does not belong to this partition.
Test 'Can_create_edit_for_swatches' was skipped in the test run.
Test 'Can_create_large_edit' was skipped in the test run.
Test 'Can_specify_values_as_objects_with_a_property_called_value' was skipped in the test run.
Test 'Can_use_EditProduct_to_edit_product_content' was skipped in the test run.
Test 'Dimension_data_should_work' was skipped in the test run.
Test 'Should_be_able_to_create_a_property_and_change_its_data_type_afterwards' was skipped in the test run.
Test 'Can_delete_PPT_with_values_on_documents' was skipped in the test run.
Test 'FilterOnBothProductIDAndRevisionWorks' was skipped in the test run.
Test: Skipping test: it does not belong to this partition.
After_importing_a_valid_product_it_should_be_searchable: Skipping test: it does not belong to this partition.
Can_create_new_properties: Skipping test: it does not belong to this partition.
Can_import_images(True): Skipping test: it does not belong to this partition.
Can_import_images(False): Skipping test: it does not belong to this partition.
Can_update_taxcode: Skipping test: it does not belong to this partition.
Content_on_the_child_that_already_exists_on_the_child_is_not_duplicated: Skipping test: it does not belong to this partition.
Creating_Configurable_Properties_ImportProducts: Skipping test: it does not belong to this partition.
Import_gift_card_using_existing_configuration_id: Skipping test: it does not belong to this partition.
Test 'Test' was skipped in the test run.
Test 'After_importing_a_valid_product_it_should_be_searchable' was skipped in the test run.
Test 'Can_create_new_properties' was skipped in the test run.
Test 'Can_import_images(True)' was skipped in the test run.
Test 'Can_import_images(False)' was skipped in the test run.
Test 'Can_update_taxcode' was skipped in the test run.
Test 'Content_on_the_child_that_already_exists_on_the_child_is_not_duplicated' was skipped in the test run.
Test 'Creating_Configurable_Properties_ImportProducts' was skipped in the test run.
Test 'Import_gift_card_using_existing_configuration_id' was skipped in the test run.
Imported_products_with_images_appear_correctly_in_search_order: Skipping test: it does not belong to this partition.
Multiple_content_objects_for_the_same_layer_are_merged: Skipping test: it does not belong to this partition.
Multiple_products: Skipping test: it does not belong to this partition.
TaxCode_is_required: Skipping test: it does not belong to this partition.
Updating__and_partial_Create_Configurable_Properties_ImportProducts: Skipping test: it does not belong to this partition.
Updating_Configurable_Properties_ImportProducts: Skipping test: it does not belong to this partition.
Updating_SerialNumber_requirement_In_ImportProducts: Skipping test: it does not belong to this partition.
Valid_product_hierarchy_import: Skipping test: it does not belong to this partition.
Valid_product_hierarchy_with_content_import: Skipping test: it does not belong to this partition.
Test 'Imported_products_with_images_appear_correctly_in_search_order' was skipped in the test run.
Test 'Multiple_content_objects_for_the_same_layer_are_merged' was skipped in the test run.
Test 'Multiple_products' was skipped in the test run.
Test 'TaxCode_is_required' was skipped in the test run.
Test 'Updating__and_partial_Create_Configurable_Properties_ImportProducts' was skipped in the test run.
Test 'Updating_Configurable_Properties_ImportProducts' was skipped in the test run.
Test 'Updating_SerialNumber_requirement_In_ImportProducts' was skipped in the test run.
Test 'Valid_product_hierarchy_import' was skipped in the test run.
Test 'Valid_product_hierarchy_with_content_import' was skipped in the test run.
When_parent_has_no_content_but_the_children_do: Skipping test: it does not belong to this partition.
filter_on_id_should_work: Skipping test: it does not belong to this partition.
searchtype_filter_can_be_fuzzy: Skipping test: it does not belong to this partition.
Test 'When_parent_has_no_content_but_the_children_do' was skipped in the test run.
Test 'filter_on_id_should_work' was skipped in the test run.
Test 'searchtype_filter_can_be_fuzzy' was skipped in the test run.
Bundle_products: Skipping test: it does not belong to this partition.
Can_filter_on_availability: Skipping test: it does not belong to this partition.
Can_sort_and_score_by_stock: Skipping test: it does not belong to this partition.
Configurable_products: Skipping test: it does not belong to this partition.
Leaving_query_null_does_not_cause_a_NullReference: Skipping test: it does not belong to this partition.
Can_reindex_documens: Skipping test: it does not belong to this partition.
Test 'Bundle_products' was skipped in the test run.
Test 'Can_filter_on_availability' was skipped in the test run.
Test 'Can_sort_and_score_by_stock' was skipped in the test run.
Test 'Configurable_products' was skipped in the test run.
Test 'Leaving_query_null_does_not_cause_a_NullReference' was skipped in the test run.
Test 'Can_reindex_documens' was skipped in the test run.
Can_search_by_category: Skipping test: it does not belong to this partition.
Can_search_new_PPTs: Skipping test: it does not belong to this partition.
Can_search_PPTs: Skipping test: it does not belong to this partition.
Warning message/ListOrganizationUnits obsolete_service - EVA.Core.Services.OrganizationUnits.ListOrganizationUnits is deprecated and will be removed in 2.0.812: Use `ListOrganizationUnitDetailed` (authenticated) or `ListOrganizationUnitSummaries` (anonymous).
Warning message/GetOrganizationUnit obsolete_service - EVA.Core.Services.OrganizationUnits.GetOrganizationUnit is deprecated and will be removed in 2.0.812: Use `GetOrganizationUnitDetailed` (authenticated) or `GetOrganizationUnitSummary` (anonymous).
Warning message/SearchProducts missing_includedfields - No IncludedFields specified for a SearchProducts request.
Warning message/SearchProducts missing_includedfields - No IncludedFields specified for a SearchProducts request.
Warning message/SearchProducts missing_includedfields - No IncludedFields specified for a SearchProducts request.
Warning message/SearchProducts missing_includedfields - No IncludedFields specified for a SearchProducts request.
Warning message/SearchProducts missing_includedfields - No IncludedFields specified for a SearchProducts request.
Warning message/SearchProducts missing_includedfields - No IncludedFields specified for a SearchProducts request.
Warning message/SearchProducts missing_includedfields - No IncludedFields specified for a SearchProducts request.
Warning message/SearchProducts null_element:Filters.Values - Providing null elements at Filters.Values is not supported

Warning message/SearchProducts missing_includedfields - No IncludedFields specified for a SearchProducts request.
Warning message/SearchProducts missing_includedfields - No IncludedFields specified for a SearchProducts request.
Warning message/SearchProducts missing_includedfields - No IncludedFields specified for a SearchProducts request.

Warning message/SearchProducts missing_includedfields - No IncludedFields specified for a SearchProducts request.
Warning message/SearchProducts missing_includedfields - No IncludedFields specified for a SearchProducts request.
Warning message/SearchProducts missing_includedfields - No IncludedFields specified for a SearchProducts request.
Warning message/SearchProducts missing_includedfields - No IncludedFields specified for a SearchProducts request.

Warning message/SearchProducts missing_includedfields - No IncludedFields specified for a SearchProducts request.

Warning message/SearchProducts missing_includedfields - No IncludedFields specified for a SearchProducts request.
Warning message/SearchProducts missing_includedfields - No IncludedFields specified for a SearchProducts request.

Products_are_returned_in_the_expected_order_when_sorting_by_a_AlphabeticallySortable_property: Skipping test: it does not belong to this partition.
Test 'Can_search_by_category' was skipped in the test run.
Test 'Can_search_new_PPTs' was skipped in the test run.
Test 'Can_search_PPTs' was skipped in the test run.
Test 'Products_are_returned_in_the_expected_order_when_sorting_by_a_AlphabeticallySortable_property' was skipped in the test run.
Can_create_multiword_synonyms: Skipping test: it does not belong to this partition.
Can_create_synonyms: Skipping test: it does not belong to this partition.
EditProductPropertyTypeShouldWorkWithoutContent: Skipping test: it does not belong to this partition.
NUnit Adapter 5.0.0.0: Test execution complete
Test 'Can_create_multiword_synonyms' was skipped in the test run.
Test 'Can_create_synonyms' was skipped in the test run.
Test 'EditProductPropertyTypeShouldWorkWithoutContent' was skipped in the test run.
</StdOut>
    </Output>
  </ResultSummary>
</TestRun>