<?xml version="1.0" encoding="utf-8"?>
<TestRun id="ee62a238-e0f9-401b-b8f6-4ee0dd14e988" name="@ip-10-1-37-176 2025-04-02 13:20:01" xmlns="http://microsoft.com/schemas/VisualStudio/TeamTest/2010">
  <Times creation="2025-04-02T13:20:01.4381382+00:00" queuing="2025-04-02T13:20:01.4381383+00:00" start="2025-04-02T13:20:00.0628388+00:00" finish="2025-04-02T13:20:03.2407546+00:00" />
  <TestSettings name="default" id="e235344f-f23c-40b4-ab10-da251bcce37e">
    <Deployment runDeploymentRoot="_ip-10-1-37-176_2025-04-02_13_20_01" />
  </TestSettings>
  <Results>
    <UnitTestResult executionId="5292c26a-b7a0-4044-b1d1-840678cd24a1" testId="567308e8-74a4-9e12-88aa-f0d05a2ed980" testName="Product_search_returns_if_product_is_part_of_bundle" computerName="ip-10-1-37-176" duration="00:00:00.0002060" startTime="2025-04-02T13:20:02.8797974+00:00" endTime="2025-04-02T13:20:02.8800035+00:00" testType="13cdc9d9-ddb5-4fa4-a97d-d965ccfc6d4b" outcome="NotExecuted" testListId="8c84fa94-04c1-424b-9868-57a2d4851a1d" relativeResultsDirectory="5292c26a-b7a0-4044-b1d1-840678cd24a1">
      <Output>
        <StdOut>Skipping test: it does not belong to this partition.</StdOut>
        <ErrorInfo>
          <Message>Skipping test: it does not belong to this partition.</Message>
        </ErrorInfo>
      </Output>
    </UnitTestResult>
    <UnitTestResult executionId="0968505b-69bf-4b0f-93f7-088ec8af7b1b" testId="72a4de9b-34e0-4232-dd4c-f6d14a92a746" testName="ExportProductBaseExcelShouldWork" computerName="ip-10-1-37-176" duration="00:00:00.0002230" startTime="2025-04-02T13:20:02.8738974+00:00" endTime="2025-04-02T13:20:02.8741202+00:00" testType="13cdc9d9-ddb5-4fa4-a97d-d965ccfc6d4b" outcome="NotExecuted" testListId="8c84fa94-04c1-424b-9868-57a2d4851a1d" relativeResultsDirectory="0968505b-69bf-4b0f-93f7-088ec8af7b1b">
      <Output>
        <StdOut>Skipping test: it does not belong to this partition.</StdOut>
        <ErrorInfo>
          <Message>Skipping test: it does not belong to this partition.</Message>
        </ErrorInfo>
      </Output>
    </UnitTestResult>
    <UnitTestResult executionId="e8acebd7-d29f-4d54-8d66-b726e2f8f1e9" testId="06c35a3a-d052-99d8-db33-299fc49291f4" testName="Search_by_empty_ids_works" computerName="ip-10-1-37-176" duration="00:00:00.0001530" startTime="2025-04-02T13:20:02.8800177+00:00" endTime="2025-04-02T13:20:02.8801703+00:00" testType="13cdc9d9-ddb5-4fa4-a97d-d965ccfc6d4b" outcome="NotExecuted" testListId="8c84fa94-04c1-424b-9868-57a2d4851a1d" relativeResultsDirectory="e8acebd7-d29f-4d54-8d66-b726e2f8f1e9">
      <Output>
        <StdOut>Skipping test: it does not belong to this partition.</StdOut>
        <ErrorInfo>
          <Message>Skipping test: it does not belong to this partition.</Message>
        </ErrorInfo>
      </Output>
    </UnitTestResult>
    <UnitTestResult executionId="97810ec6-5280-4c5c-916f-8aca9607c04b" testId="a899c7dc-010c-61d2-783a-1535428a7fd3" testName="New_AssortmentContentCulture_is_composed_after_creating_it" computerName="ip-10-1-37-176" duration="00:00:00.0003390" startTime="2025-04-02T13:20:00.9230933+00:00" endTime="2025-04-02T13:20:00.9234321+00:00" testType="13cdc9d9-ddb5-4fa4-a97d-d965ccfc6d4b" outcome="NotExecuted" testListId="8c84fa94-04c1-424b-9868-57a2d4851a1d" relativeResultsDirectory="97810ec6-5280-4c5c-916f-8aca9607c04b">
      <Output>
        <StdOut>Skipping test: it does not belong to this partition.</StdOut>
        <ErrorInfo>
          <Message>Skipping test: it does not belong to this partition.</Message>
        </ErrorInfo>
      </Output>
    </UnitTestResult>
    <UnitTestResult executionId="30782ed7-a6e8-4b39-a9d5-c92b50967c9e" testId="c09b50eb-2de0-2b25-738f-5b8550131a78" testName="Can_use_both_product_search_template_and_filters" computerName="ip-10-1-37-176" duration="00:00:00.0004120" startTime="2025-04-02T13:20:02.8793635+00:00" endTime="2025-04-02T13:20:02.8797757+00:00" testType="13cdc9d9-ddb5-4fa4-a97d-d965ccfc6d4b" outcome="NotExecuted" testListId="8c84fa94-04c1-424b-9868-57a2d4851a1d" relativeResultsDirectory="30782ed7-a6e8-4b39-a9d5-c92b50967c9e">
      <Output>
        <StdOut>Skipping test: it does not belong to this partition.</StdOut>
        <ErrorInfo>
          <Message>Skipping test: it does not belong to this partition.</Message>
        </ErrorInfo>
      </Output>
    </UnitTestResult>
    <UnitTestResult executionId="4e4d1592-fe01-4a7e-94d7-e3fcfd7e459a" testId="18a54880-e051-a84c-6c30-d3aa252df99d" testName="ProductChildren_test" computerName="ip-10-1-37-176" duration="00:00:00.0002680" startTime="2025-04-02T13:20:02.8745812+00:00" endTime="2025-04-02T13:20:02.8748485+00:00" testType="13cdc9d9-ddb5-4fa4-a97d-d965ccfc6d4b" outcome="NotExecuted" testListId="8c84fa94-04c1-424b-9868-57a2d4851a1d" relativeResultsDirectory="4e4d1592-fe01-4a7e-94d7-e3fcfd7e459a">
      <Output>
        <StdOut>Skipping test: it does not belong to this partition.</StdOut>
        <ErrorInfo>
          <Message>Skipping test: it does not belong to this partition.</Message>
        </ErrorInfo>
      </Output>
    </UnitTestResult>
    <UnitTestResult executionId="9c0d4a63-e97f-4df6-b61f-e577caad3289" testId="587fdef2-0bf2-38bf-d34d-f8f48aa8f1cd" testName="ExportProductBaseExcelAsyncShouldWork" computerName="ip-10-1-37-176" duration="00:00:00.0006010" startTime="2025-04-02T13:20:02.8732725+00:00" endTime="2025-04-02T13:20:02.8738728+00:00" testType="13cdc9d9-ddb5-4fa4-a97d-d965ccfc6d4b" outcome="NotExecuted" testListId="8c84fa94-04c1-424b-9868-57a2d4851a1d" relativeResultsDirectory="9c0d4a63-e97f-4df6-b61f-e577caad3289">
      <Output>
        <StdOut>Skipping test: it does not belong to this partition.</StdOut>
        <ErrorInfo>
          <Message>Skipping test: it does not belong to this partition.</Message>
        </ErrorInfo>
      </Output>
    </UnitTestResult>
    <UnitTestResult executionId="c5713c79-8dd2-43c6-ab73-c7061ce3bc24" testId="aa39ba64-97a9-e15c-6017-97422f109913" testName="Can_use_EditProduct_to_edit_product_content" computerName="ip-10-1-37-176" duration="00:00:00.1370660" startTime="2025-04-02T13:20:01.5832735+00:00" endTime="2025-04-02T13:20:01.7203387+00:00" testType="13cdc9d9-ddb5-4fa4-a97d-d965ccfc6d4b" outcome="Passed" testListId="8c84fa94-04c1-424b-9868-57a2d4851a1d" relativeResultsDirectory="c5713c79-8dd2-43c6-ab73-c7061ce3bc24">
      <Output>
        <StdOut>Warning message/SearchProducts missing_includedfields - No IncludedFields specified for a SearchProducts request.</StdOut>
      </Output>
    </UnitTestResult>
    <UnitTestResult executionId="344c9e2b-bd54-45da-8ad7-ee3ebbab986b" testId="dedadd88-9ca3-bf40-01ac-f6bab4a90c7f" testName="Test" computerName="ip-10-1-37-176" duration="00:00:00.0005920" startTime="2025-04-02T13:20:02.8255110+00:00" endTime="2025-04-02T13:20:02.8261029+00:00" testType="13cdc9d9-ddb5-4fa4-a97d-d965ccfc6d4b" outcome="NotExecuted" testListId="8c84fa94-04c1-424b-9868-57a2d4851a1d" relativeResultsDirectory="344c9e2b-bd54-45da-8ad7-ee3ebbab986b">
      <Output>
        <StdOut>Skipping test: it does not belong to this partition.</StdOut>
        <ErrorInfo>
          <Message>Skipping test: it does not belong to this partition.</Message>
        </ErrorInfo>
      </Output>
    </UnitTestResult>
    <UnitTestResult executionId="a42cf588-b11b-47cf-844c-4f366a73d520" testId="f4ebbea4-ce15-be9c-a99e-8ee04b97bc06" testName="Imported_products_with_images_appear_correctly_in_search_order" computerName="ip-10-1-37-176" duration="00:00:00.0002010" startTime="2025-04-02T13:20:02.8328959+00:00" endTime="2025-04-02T13:20:02.8330964+00:00" testType="13cdc9d9-ddb5-4fa4-a97d-d965ccfc6d4b" outcome="NotExecuted" testListId="8c84fa94-04c1-424b-9868-57a2d4851a1d" relativeResultsDirectory="a42cf588-b11b-47cf-844c-4f366a73d520">
      <Output>
        <StdOut>Skipping test: it does not belong to this partition.</StdOut>
        <ErrorInfo>
          <Message>Skipping test: it does not belong to this partition.</Message>
        </ErrorInfo>
      </Output>
    </UnitTestResult>
    <UnitTestResult executionId="9a7e6383-5d2d-4ba2-b495-5018db3c5dbf" testId="8d58560c-3b8d-0177-f15d-709e143bbac9" testName="Valid_product_hierarchy_import" computerName="ip-10-1-37-176" duration="00:00:00.0001640" startTime="2025-04-02T13:20:02.8343018+00:00" endTime="2025-04-02T13:20:02.8344655+00:00" testType="13cdc9d9-ddb5-4fa4-a97d-d965ccfc6d4b" outcome="NotExecuted" testListId="8c84fa94-04c1-424b-9868-57a2d4851a1d" relativeResultsDirectory="9a7e6383-5d2d-4ba2-b495-5018db3c5dbf">
      <Output>
        <StdOut>Skipping test: it does not belong to this partition.</StdOut>
        <ErrorInfo>
          <Message>Skipping test: it does not belong to this partition.</Message>
        </ErrorInfo>
      </Output>
    </UnitTestResult>
    <UnitTestResult executionId="3a5989e9-f4e2-4c0d-8e4b-89fb67b6ac28" testId="91cf6225-a01a-893f-3144-d6cf34afae09" testName="Multiple_content_objects_for_the_same_layer_are_merged" computerName="ip-10-1-37-176" duration="00:00:00.0001780" startTime="2025-04-02T13:20:02.8331132+00:00" endTime="2025-04-02T13:20:02.8332918+00:00" testType="13cdc9d9-ddb5-4fa4-a97d-d965ccfc6d4b" outcome="NotExecuted" testListId="8c84fa94-04c1-424b-9868-57a2d4851a1d" relativeResultsDirectory="3a5989e9-f4e2-4c0d-8e4b-89fb67b6ac28">
      <Output>
        <StdOut>Skipping test: it does not belong to this partition.</StdOut>
        <ErrorInfo>
          <Message>Skipping test: it does not belong to this partition.</Message>
        </ErrorInfo>
      </Output>
    </UnitTestResult>
    <UnitTestResult executionId="d4743a19-fef5-40b5-8354-27cb62a98c5f" testId="395edfb2-72c2-1137-e67d-5891e9682adf" testName="Search_by_id_works" computerName="ip-10-1-37-176" duration="00:00:00.0001350" startTime="2025-04-02T13:20:02.8801811+00:00" endTime="2025-04-02T13:20:02.8803158+00:00" testType="13cdc9d9-ddb5-4fa4-a97d-d965ccfc6d4b" outcome="NotExecuted" testListId="8c84fa94-04c1-424b-9868-57a2d4851a1d" relativeResultsDirectory="d4743a19-fef5-40b5-8354-27cb62a98c5f">
      <Output>
        <StdOut>Skipping test: it does not belong to this partition.</StdOut>
        <ErrorInfo>
          <Message>Skipping test: it does not belong to this partition.</Message>
        </ErrorInfo>
      </Output>
    </UnitTestResult>
    <UnitTestResult executionId="55bfcf1e-31c9-4641-bedd-b7652296916c" testId="08dcbf49-5bd8-bc4c-1aa7-81649d3c076a" testName="Dimension_data_should_work" computerName="ip-10-1-37-176" duration="00:00:00.1390620" startTime="2025-04-02T13:20:01.7203941+00:00" endTime="2025-04-02T13:20:01.8594556+00:00" testType="13cdc9d9-ddb5-4fa4-a97d-d965ccfc6d4b" outcome="Passed" testListId="8c84fa94-04c1-424b-9868-57a2d4851a1d" relativeResultsDirectory="55bfcf1e-31c9-4641-bedd-b7652296916c">
      <Output>
        <StdOut>Warning message/SearchProducts missing_includedfields - No IncludedFields specified for a SearchProducts request.</StdOut>
      </Output>
    </UnitTestResult>
    <UnitTestResult executionId="b76bc6d7-2d1e-4590-98e2-0e06da6cc1f8" testId="9922dd9b-ed27-2787-b2de-cb8b9fefbb1a" testName="Can_import_images(True)" computerName="ip-10-1-37-176" duration="00:00:00.0002840" startTime="2025-04-02T13:20:02.8316824+00:00" endTime="2025-04-02T13:20:02.8319659+00:00" testType="13cdc9d9-ddb5-4fa4-a97d-d965ccfc6d4b" outcome="NotExecuted" testListId="8c84fa94-04c1-424b-9868-57a2d4851a1d" relativeResultsDirectory="b76bc6d7-2d1e-4590-98e2-0e06da6cc1f8">
      <Output>
        <StdOut>Skipping test: it does not belong to this partition.</StdOut>
        <ErrorInfo>
          <Message>Skipping test: it does not belong to this partition.</Message>
        </ErrorInfo>
      </Output>
    </UnitTestResult>
    <UnitTestResult executionId="8a83845c-852c-40aa-9e36-6a57f559377d" testId="47ebe5bc-45ff-ed18-2dc7-5dac4a8d4740" testName="Can_use_property_autocomplete" computerName="ip-10-1-37-176" duration="00:00:00.0003030" startTime="2025-04-02T13:20:00.9242176+00:00" endTime="2025-04-02T13:20:00.9245206+00:00" testType="13cdc9d9-ddb5-4fa4-a97d-d965ccfc6d4b" outcome="NotExecuted" testListId="8c84fa94-04c1-424b-9868-57a2d4851a1d" relativeResultsDirectory="8a83845c-852c-40aa-9e36-6a57f559377d">
      <Output>
        <StdOut>Skipping test: it does not belong to this partition.</StdOut>
        <ErrorInfo>
          <Message>Skipping test: it does not belong to this partition.</Message>
        </ErrorInfo>
      </Output>
    </UnitTestResult>
    <UnitTestResult executionId="1464ea9f-3b1d-4dd0-977f-50fa575bdd63" testId="d4777f22-b0a1-5479-b90f-a4fef0e1d452" testName="DownloadProductExcelTest" computerName="ip-10-1-37-176" duration="00:00:00.0005750" startTime="2025-04-02T13:20:02.8726667+00:00" endTime="2025-04-02T13:20:02.8732421+00:00" testType="13cdc9d9-ddb5-4fa4-a97d-d965ccfc6d4b" outcome="NotExecuted" testListId="8c84fa94-04c1-424b-9868-57a2d4851a1d" relativeResultsDirectory="1464ea9f-3b1d-4dd0-977f-50fa575bdd63">
      <Output>
        <StdOut>Skipping test: it does not belong to this partition.</StdOut>
        <ErrorInfo>
          <Message>Skipping test: it does not belong to this partition.</Message>
        </ErrorInfo>
      </Output>
    </UnitTestResult>
    <UnitTestResult executionId="a26e1b0b-0e62-4b36-8bd9-8714ada220b0" testId="9cf80740-9218-0e85-8642-834d66a8767e" testName="ListRevisionsWithProductID" computerName="ip-10-1-37-176" duration="00:00:00.0006500" startTime="2025-04-02T13:20:00.9199164+00:00" endTime="2025-04-02T13:20:00.9205663+00:00" testType="13cdc9d9-ddb5-4fa4-a97d-d965ccfc6d4b" outcome="NotExecuted" testListId="8c84fa94-04c1-424b-9868-57a2d4851a1d" relativeResultsDirectory="a26e1b0b-0e62-4b36-8bd9-8714ada220b0">
      <Output>
        <StdOut>Skipping test: it does not belong to this partition.</StdOut>
        <ErrorInfo>
          <Message>Skipping test: it does not belong to this partition.</Message>
        </ErrorInfo>
      </Output>
    </UnitTestResult>
    <UnitTestResult executionId="9627b896-26ef-45a8-8ad3-536c74105a0b" testId="965e3b69-18cf-5426-b529-c58405766ae5" testName="Can_import_images(False)" computerName="ip-10-1-37-176" duration="00:00:00.0001760" startTime="2025-04-02T13:20:02.8319834+00:00" endTime="2025-04-02T13:20:02.8321591+00:00" testType="13cdc9d9-ddb5-4fa4-a97d-d965ccfc6d4b" outcome="NotExecuted" testListId="8c84fa94-04c1-424b-9868-57a2d4851a1d" relativeResultsDirectory="9627b896-26ef-45a8-8ad3-536c74105a0b">
      <Output>
        <StdOut>Skipping test: it does not belong to this partition.</StdOut>
        <ErrorInfo>
          <Message>Skipping test: it does not belong to this partition.</Message>
        </ErrorInfo>
      </Output>
    </UnitTestResult>
    <UnitTestResult executionId="740a3c00-d973-4e06-a98e-0a9a883b8151" testId="11810d0e-d23b-349c-d53c-cd0872cc3b20" testName="Can_search_PPTs" computerName="ip-10-1-37-176" duration="00:00:00.0002350" startTime="2025-04-02T13:20:02.8786864+00:00" endTime="2025-04-02T13:20:02.8789215+00:00" testType="13cdc9d9-ddb5-4fa4-a97d-d965ccfc6d4b" outcome="NotExecuted" testListId="8c84fa94-04c1-424b-9868-57a2d4851a1d" relativeResultsDirectory="740a3c00-d973-4e06-a98e-0a9a883b8151">
      <Output>
        <StdOut>Skipping test: it does not belong to this partition.</StdOut>
        <ErrorInfo>
          <Message>Skipping test: it does not belong to this partition.</Message>
        </ErrorInfo>
      </Output>
    </UnitTestResult>
    <UnitTestResult executionId="602cfb96-4d9b-4833-9141-6b0084b2c7ff" testId="3d799dca-e57d-f9f6-1823-e9da37f21919" testName="Can_create_multiword_synonyms" computerName="ip-10-1-37-176" duration="00:00:00.0004650" startTime="2025-04-02T13:20:03.1843918+00:00" endTime="2025-04-02T13:20:03.1848561+00:00" testType="13cdc9d9-ddb5-4fa4-a97d-d965ccfc6d4b" outcome="NotExecuted" testListId="8c84fa94-04c1-424b-9868-57a2d4851a1d" relativeResultsDirectory="602cfb96-4d9b-4833-9141-6b0084b2c7ff">
      <Output>
        <StdOut>Skipping test: it does not belong to this partition.</StdOut>
        <ErrorInfo>
          <Message>Skipping test: it does not belong to this partition.</Message>
        </ErrorInfo>
      </Output>
    </UnitTestResult>
    <UnitTestResult executionId="f045a173-950a-4c27-9429-8d0b63b44f81" testId="e22e1de4-10e8-b8e5-ea1f-d0f440087ebe" testName="Multiple_products" computerName="ip-10-1-37-176" duration="00:00:00.0001689" startTime="2025-04-02T13:20:02.8333048+00:00" endTime="2025-04-02T13:20:02.8334739+00:00" testType="13cdc9d9-ddb5-4fa4-a97d-d965ccfc6d4b" outcome="NotExecuted" testListId="8c84fa94-04c1-424b-9868-57a2d4851a1d" relativeResultsDirectory="f045a173-950a-4c27-9429-8d0b63b44f81">
      <Output>
        <StdOut>Skipping test: it does not belong to this partition.</StdOut>
        <ErrorInfo>
          <Message>Skipping test: it does not belong to this partition.</Message>
        </ErrorInfo>
      </Output>
    </UnitTestResult>
    <UnitTestResult executionId="31b26bf7-e305-4338-9a68-ea82cf477ea7" testId="77789503-c10e-73a5-c7f4-f04379017023" testName="Configurable_products" computerName="ip-10-1-37-176" duration="00:00:00.0001590" startTime="2025-04-02T13:20:02.8768627+00:00" endTime="2025-04-02T13:20:02.8770213+00:00" testType="13cdc9d9-ddb5-4fa4-a97d-d965ccfc6d4b" outcome="NotExecuted" testListId="8c84fa94-04c1-424b-9868-57a2d4851a1d" relativeResultsDirectory="31b26bf7-e305-4338-9a68-ea82cf477ea7">
      <Output>
        <StdOut>Skipping test: it does not belong to this partition.</StdOut>
        <ErrorInfo>
          <Message>Skipping test: it does not belong to this partition.</Message>
        </ErrorInfo>
      </Output>
    </UnitTestResult>
    <UnitTestResult executionId="7227de5e-d166-41f8-93aa-67a684c52854" testId="18559dd1-62d6-13ac-0ac1-c39c4d111e20" testName="searchtype_filter_can_be_fuzzy" computerName="ip-10-1-37-176" duration="00:00:00.0004730" startTime="2025-04-02T13:20:02.8357289+00:00" endTime="2025-04-02T13:20:02.8362021+00:00" testType="13cdc9d9-ddb5-4fa4-a97d-d965ccfc6d4b" outcome="NotExecuted" testListId="8c84fa94-04c1-424b-9868-57a2d4851a1d" relativeResultsDirectory="7227de5e-d166-41f8-93aa-67a684c52854">
      <Output>
        <StdOut>Skipping test: it does not belong to this partition.</StdOut>
        <ErrorInfo>
          <Message>Skipping test: it does not belong to this partition.</Message>
        </ErrorInfo>
      </Output>
    </UnitTestResult>
    <UnitTestResult executionId="886fb787-9cb3-4d83-9e1c-2f0115de51cd" testId="c74eae40-d6da-c954-8439-98ee7f73eecf" testName="Can_sort_and_score_by_stock" computerName="ip-10-1-37-176" duration="00:00:00.0002750" startTime="2025-04-02T13:20:02.8765710+00:00" endTime="2025-04-02T13:20:02.8768464+00:00" testType="13cdc9d9-ddb5-4fa4-a97d-d965ccfc6d4b" outcome="NotExecuted" testListId="8c84fa94-04c1-424b-9868-57a2d4851a1d" relativeResultsDirectory="886fb787-9cb3-4d83-9e1c-2f0115de51cd">
      <Output>
        <StdOut>Skipping test: it does not belong to this partition.</StdOut>
        <ErrorInfo>
          <Message>Skipping test: it does not belong to this partition.</Message>
        </ErrorInfo>
      </Output>
    </UnitTestResult>
    <UnitTestResult executionId="59980b9a-ea06-4c7e-b1f1-784b474eed1f" testId="bd04489f-1f5c-70a9-1c0f-fc8e3238670f" testName="ProductParents_test" computerName="ip-10-1-37-176" duration="00:00:00.0004130" startTime="2025-04-02T13:20:02.8748942+00:00" endTime="2025-04-02T13:20:02.8753067+00:00" testType="13cdc9d9-ddb5-4fa4-a97d-d965ccfc6d4b" outcome="NotExecuted" testListId="8c84fa94-04c1-424b-9868-57a2d4851a1d" relativeResultsDirectory="59980b9a-ea06-4c7e-b1f1-784b474eed1f">
      <Output>
        <StdOut>Skipping test: it does not belong to this partition.</StdOut>
        <ErrorInfo>
          <Message>Skipping test: it does not belong to this partition.</Message>
        </ErrorInfo>
      </Output>
    </UnitTestResult>
    <UnitTestResult executionId="2571d8b1-84f7-4db1-b6df-6771678a6fda" testId="593aaae9-cd83-8619-90f7-cb05e06d8354" testName="Can_list_edits" computerName="ip-10-1-37-176" duration="00:00:00.0002410" startTime="2025-04-02T13:20:02.8350755+00:00" endTime="2025-04-02T13:20:02.8353162+00:00" testType="13cdc9d9-ddb5-4fa4-a97d-d965ccfc6d4b" outcome="NotExecuted" testListId="8c84fa94-04c1-424b-9868-57a2d4851a1d" relativeResultsDirectory="2571d8b1-84f7-4db1-b6df-6771678a6fda">
      <Output>
        <StdOut>Skipping test: it does not belong to this partition.</StdOut>
        <ErrorInfo>
          <Message>Skipping test: it does not belong to this partition.</Message>
        </ErrorInfo>
      </Output>
    </UnitTestResult>
    <UnitTestResult executionId="f92e7928-d546-48a6-9e5b-57c45e27a248" testId="748ea817-04ff-4481-57bf-215afbcd8ec7" testName="Updating__and_partial_Create_Configurable_Properties_ImportProducts" computerName="ip-10-1-37-176" duration="00:00:00.0002590" startTime="2025-04-02T13:20:02.8336644+00:00" endTime="2025-04-02T13:20:02.8339237+00:00" testType="13cdc9d9-ddb5-4fa4-a97d-d965ccfc6d4b" outcome="NotExecuted" testListId="8c84fa94-04c1-424b-9868-57a2d4851a1d" relativeResultsDirectory="f92e7928-d546-48a6-9e5b-57c45e27a248">
      <Output>
        <StdOut>Skipping test: it does not belong to this partition.</StdOut>
        <ErrorInfo>
          <Message>Skipping test: it does not belong to this partition.</Message>
        </ErrorInfo>
      </Output>
    </UnitTestResult>
    <UnitTestResult executionId="8ac80a48-75be-47ef-8618-335bcc477c36" testId="d0567a04-265a-d47b-46e7-d720a0a82d42" testName="Can_create_edit_for_swatches" computerName="ip-10-1-37-176" duration="00:00:00.3056670" startTime="2025-04-02T13:20:00.9246643+00:00" endTime="2025-04-02T13:20:01.2303313+00:00" testType="13cdc9d9-ddb5-4fa4-a97d-d965ccfc6d4b" outcome="Passed" testListId="8c84fa94-04c1-424b-9868-57a2d4851a1d" relativeResultsDirectory="8ac80a48-75be-47ef-8618-335bcc477c36" />
    <UnitTestResult executionId="3a46b09c-bbb7-4a93-bf2e-defac922026b" testId="aab2a550-a744-baeb-7f81-2370d02e95f3" testName="Products_are_returned_in_the_expected_order_when_sorting_by_a_AlphabeticallySortable_property" computerName="ip-10-1-37-176" duration="00:00:00.3035480" startTime="2025-04-02T13:20:02.8805415+00:00" endTime="2025-04-02T13:20:03.1840888+00:00" testType="13cdc9d9-ddb5-4fa4-a97d-d965ccfc6d4b" outcome="Passed" testListId="8c84fa94-04c1-424b-9868-57a2d4851a1d" relativeResultsDirectory="3a46b09c-bbb7-4a93-bf2e-defac922026b">
      <Output>
        <StdOut>Warning message/SearchProducts missing_includedfields - No IncludedFields specified for a SearchProducts request.</StdOut>
      </Output>
    </UnitTestResult>
    <UnitTestResult executionId="5a313643-e24b-4919-98fc-d3cc989b2aba" testId="6a99016a-f976-93cf-b799-699a78c03a5f" testName="Can_filter_on_availability" computerName="ip-10-1-37-176" duration="00:00:00.0006849" startTime="2025-04-02T13:20:02.8758631+00:00" endTime="2025-04-02T13:20:02.8765472+00:00" testType="13cdc9d9-ddb5-4fa4-a97d-d965ccfc6d4b" outcome="NotExecuted" testListId="8c84fa94-04c1-424b-9868-57a2d4851a1d" relativeResultsDirectory="5a313643-e24b-4919-98fc-d3cc989b2aba">
      <Output>
        <StdOut>Skipping test: it does not belong to this partition.</StdOut>
        <ErrorInfo>
          <Message>Skipping test: it does not belong to this partition.</Message>
        </ErrorInfo>
      </Output>
    </UnitTestResult>
    <UnitTestResult executionId="f4afb975-eaba-4804-adcb-754eae3bf02d" testId="2c222735-a87e-b030-53a6-5e6d46928261" testName="Can_specify_values_as_objects_with_a_property_called_value" computerName="ip-10-1-37-176" duration="00:00:00.2003800" startTime="2025-04-02T13:20:01.3828501+00:00" endTime="2025-04-02T13:20:01.5832297+00:00" testType="13cdc9d9-ddb5-4fa4-a97d-d965ccfc6d4b" outcome="Passed" testListId="8c84fa94-04c1-424b-9868-57a2d4851a1d" relativeResultsDirectory="f4afb975-eaba-4804-adcb-754eae3bf02d" />
    <UnitTestResult executionId="b576eb83-1a68-433a-9b8a-e281acead9ab" testId="02e9a14e-1f59-9eef-e7be-ee32e4eda2d3" testName="Can_search_new_PPTs" computerName="ip-10-1-37-176" duration="00:00:00.0004420" startTime="2025-04-02T13:20:02.8782238+00:00" endTime="2025-04-02T13:20:02.8786654+00:00" testType="13cdc9d9-ddb5-4fa4-a97d-d965ccfc6d4b" outcome="NotExecuted" testListId="8c84fa94-04c1-424b-9868-57a2d4851a1d" relativeResultsDirectory="b576eb83-1a68-433a-9b8a-e281acead9ab">
      <Output>
        <StdOut>Skipping test: it does not belong to this partition.</StdOut>
        <ErrorInfo>
          <Message>Skipping test: it does not belong to this partition.</Message>
        </ErrorInfo>
      </Output>
    </UnitTestResult>
    <UnitTestResult executionId="849797bf-f8b0-4325-b6ea-a409ef492382" testId="8d5a4d5c-1a09-4375-6afb-3f8f2488eef6" testName="Bundle_products" computerName="ip-10-1-37-176" duration="00:00:00.0003700" startTime="2025-04-02T13:20:02.8754745+00:00" endTime="2025-04-02T13:20:02.8758442+00:00" testType="13cdc9d9-ddb5-4fa4-a97d-d965ccfc6d4b" outcome="NotExecuted" testListId="8c84fa94-04c1-424b-9868-57a2d4851a1d" relativeResultsDirectory="849797bf-f8b0-4325-b6ea-a409ef492382">
      <Output>
        <StdOut>Skipping test: it does not belong to this partition.</StdOut>
        <ErrorInfo>
          <Message>Skipping test: it does not belong to this partition.</Message>
        </ErrorInfo>
      </Output>
    </UnitTestResult>
    <UnitTestResult executionId="f27f18d5-c411-411f-856e-505a8e41cba7" testId="cd452d7a-2ef8-6370-a73e-3b7c08064506" testName="Content_on_the_child_that_already_exists_on_the_child_is_not_duplicated" computerName="ip-10-1-37-176" duration="00:00:00.0001440" startTime="2025-04-02T13:20:02.8323591+00:00" endTime="2025-04-02T13:20:02.8325030+00:00" testType="13cdc9d9-ddb5-4fa4-a97d-d965ccfc6d4b" outcome="NotExecuted" testListId="8c84fa94-04c1-424b-9868-57a2d4851a1d" relativeResultsDirectory="f27f18d5-c411-411f-856e-505a8e41cba7">
      <Output>
        <StdOut>Skipping test: it does not belong to this partition.</StdOut>
        <ErrorInfo>
          <Message>Skipping test: it does not belong to this partition.</Message>
        </ErrorInfo>
      </Output>
    </UnitTestResult>
    <UnitTestResult executionId="e9d47585-0824-4ac8-9292-a522af420939" testId="9e4aa725-664a-1182-271d-2d8c7b440fbc" testName="Import_gift_card_using_existing_configuration_id" computerName="ip-10-1-37-176" duration="00:00:00.0002080" startTime="2025-04-02T13:20:02.8326756+00:00" endTime="2025-04-02T13:20:02.8328832+00:00" testType="13cdc9d9-ddb5-4fa4-a97d-d965ccfc6d4b" outcome="NotExecuted" testListId="8c84fa94-04c1-424b-9868-57a2d4851a1d" relativeResultsDirectory="e9d47585-0824-4ac8-9292-a522af420939">
      <Output>
        <StdOut>Skipping test: it does not belong to this partition.</StdOut>
        <ErrorInfo>
          <Message>Skipping test: it does not belong to this partition.</Message>
        </ErrorInfo>
      </Output>
    </UnitTestResult>
    <UnitTestResult executionId="52e7624f-4057-4c13-9611-36d7de7b3a7c" testId="8372cd68-5fca-5544-a0ec-56679f9bdd36" testName="EditProductPropertyTypeShouldWorkWithoutContent" computerName="ip-10-1-37-176" duration="00:00:00.0002170" startTime="2025-04-02T13:20:03.1856266+00:00" endTime="2025-04-02T13:20:03.1858431+00:00" testType="13cdc9d9-ddb5-4fa4-a97d-d965ccfc6d4b" outcome="NotExecuted" testListId="8c84fa94-04c1-424b-9868-57a2d4851a1d" relativeResultsDirectory="52e7624f-4057-4c13-9611-36d7de7b3a7c">
      <Output>
        <StdOut>Skipping test: it does not belong to this partition.</StdOut>
        <ErrorInfo>
          <Message>Skipping test: it does not belong to this partition.</Message>
        </ErrorInfo>
      </Output>
    </UnitTestResult>
    <UnitTestResult executionId="0ae85caf-06ef-4bdf-a5a1-da210b448744" testId="b4ca137f-11e7-074b-29c6-cd66b80210a9" testName="Can_create_new_AssortmentContentCulture_and_use_it_for_search" computerName="ip-10-1-37-176" duration="00:00:00.0002340" startTime="2025-04-02T13:20:00.9228483+00:00" endTime="2025-04-02T13:20:00.9230822+00:00" testType="13cdc9d9-ddb5-4fa4-a97d-d965ccfc6d4b" outcome="NotExecuted" testListId="8c84fa94-04c1-424b-9868-57a2d4851a1d" relativeResultsDirectory="0ae85caf-06ef-4bdf-a5a1-da210b448744">
      <Output>
        <StdOut>Skipping test: it does not belong to this partition.</StdOut>
        <ErrorInfo>
          <Message>Skipping test: it does not belong to this partition.</Message>
        </ErrorInfo>
      </Output>
    </UnitTestResult>
    <UnitTestResult executionId="d4b50337-d039-4b2b-9529-9d2a23020eb2" testId="96c3b0e4-6d2e-789d-0e25-9e3e18e1cd4f" testName="Can_update_taxcode" computerName="ip-10-1-37-176" duration="00:00:00.0001600" startTime="2025-04-02T13:20:02.8321879+00:00" endTime="2025-04-02T13:20:02.8323477+00:00" testType="13cdc9d9-ddb5-4fa4-a97d-d965ccfc6d4b" outcome="NotExecuted" testListId="8c84fa94-04c1-424b-9868-57a2d4851a1d" relativeResultsDirectory="d4b50337-d039-4b2b-9529-9d2a23020eb2">
      <Output>
        <StdOut>Skipping test: it does not belong to this partition.</StdOut>
        <ErrorInfo>
          <Message>Skipping test: it does not belong to this partition.</Message>
        </ErrorInfo>
      </Output>
    </UnitTestResult>
    <UnitTestResult executionId="3b7d514f-dfa4-4d2b-a042-9a5700da5d96" testId="261f180b-c850-b236-905f-d9f028e19ab9" testName="filter_on_id_should_work" computerName="ip-10-1-37-176" duration="00:00:00.0002370" startTime="2025-04-02T13:20:02.8354767+00:00" endTime="2025-04-02T13:20:02.8357138+00:00" testType="13cdc9d9-ddb5-4fa4-a97d-d965ccfc6d4b" outcome="NotExecuted" testListId="8c84fa94-04c1-424b-9868-57a2d4851a1d" relativeResultsDirectory="3b7d514f-dfa4-4d2b-a042-9a5700da5d96">
      <Output>
        <StdOut>Skipping test: it does not belong to this partition.</StdOut>
        <ErrorInfo>
          <Message>Skipping test: it does not belong to this partition.</Message>
        </ErrorInfo>
      </Output>
    </UnitTestResult>
    <UnitTestResult executionId="4ba3d1b1-60fc-4ff1-9eb5-26d990b1c7ee" testId="66b49aa0-8bd6-3e93-e210-fad9eb969007" testName="Updating_Configurable_Properties_ImportProducts" computerName="ip-10-1-37-176" duration="00:00:00.0001760" startTime="2025-04-02T13:20:02.8339379+00:00" endTime="2025-04-02T13:20:02.8341134+00:00" testType="13cdc9d9-ddb5-4fa4-a97d-d965ccfc6d4b" outcome="NotExecuted" testListId="8c84fa94-04c1-424b-9868-57a2d4851a1d" relativeResultsDirectory="4ba3d1b1-60fc-4ff1-9eb5-26d990b1c7ee">
      <Output>
        <StdOut>Skipping test: it does not belong to this partition.</StdOut>
        <ErrorInfo>
          <Message>Skipping test: it does not belong to this partition.</Message>
        </ErrorInfo>
      </Output>
    </UnitTestResult>
    <UnitTestResult executionId="c70af2dc-e97a-4cbf-9089-c3e5d10ce481" testId="08d6aba3-2a2f-48ac-9c93-9cfc4d696497" testName="Revision_status_is_set_to_applied" computerName="ip-10-1-37-176" duration="00:00:00.0002190" startTime="2025-04-02T13:20:00.9205969+00:00" endTime="2025-04-02T13:20:00.9208163+00:00" testType="13cdc9d9-ddb5-4fa4-a97d-d965ccfc6d4b" outcome="NotExecuted" testListId="8c84fa94-04c1-424b-9868-57a2d4851a1d" relativeResultsDirectory="c70af2dc-e97a-4cbf-9089-c3e5d10ce481">
      <Output>
        <StdOut>Skipping test: it does not belong to this partition.</StdOut>
        <ErrorInfo>
          <Message>Skipping test: it does not belong to this partition.</Message>
        </ErrorInfo>
      </Output>
    </UnitTestResult>
    <UnitTestResult executionId="d1352a61-6e48-483b-9106-dd81601b7293" testId="74bbb5e4-4b6f-fa7f-73f1-b4b2808cff72" testName="Updating_SerialNumber_requirement_In_ImportProducts" computerName="ip-10-1-37-176" duration="00:00:00.0001680" startTime="2025-04-02T13:20:02.8341245+00:00" endTime="2025-04-02T13:20:02.8342919+00:00" testType="13cdc9d9-ddb5-4fa4-a97d-d965ccfc6d4b" outcome="NotExecuted" testListId="8c84fa94-04c1-424b-9868-57a2d4851a1d" relativeResultsDirectory="d1352a61-6e48-483b-9106-dd81601b7293">
      <Output>
        <StdOut>Skipping test: it does not belong to this partition.</StdOut>
        <ErrorInfo>
          <Message>Skipping test: it does not belong to this partition.</Message>
        </ErrorInfo>
      </Output>
    </UnitTestResult>
    <UnitTestResult executionId="1f364c2b-db25-4a96-911a-1d2970f1e76d" testId="3c38e41f-40f4-6b6b-9587-0d62f0878250" testName="Can_create_large_edit" computerName="ip-10-1-37-176" duration="00:00:00.1524240" startTime="2025-04-02T13:20:01.2303795+00:00" endTime="2025-04-02T13:20:01.3828031+00:00" testType="13cdc9d9-ddb5-4fa4-a97d-d965ccfc6d4b" outcome="Passed" testListId="8c84fa94-04c1-424b-9868-57a2d4851a1d" relativeResultsDirectory="1f364c2b-db25-4a96-911a-1d2970f1e76d">
      <Output>
        <StdOut>Warning message/SearchProducts missing_includedfields - No IncludedFields specified for a SearchProducts request.</StdOut>
      </Output>
    </UnitTestResult>
    <UnitTestResult executionId="fb4345d0-ca22-46f4-b0e9-7ad098f18802" testId="367d6c36-efd7-de8c-690f-1079351340e1" testName="Creating_Configurable_Properties_ImportProducts" computerName="ip-10-1-37-176" duration="00:00:00.0001540" startTime="2025-04-02T13:20:02.8325133+00:00" endTime="2025-04-02T13:20:02.8326673+00:00" testType="13cdc9d9-ddb5-4fa4-a97d-d965ccfc6d4b" outcome="NotExecuted" testListId="8c84fa94-04c1-424b-9868-57a2d4851a1d" relativeResultsDirectory="fb4345d0-ca22-46f4-b0e9-7ad098f18802">
      <Output>
        <StdOut>Skipping test: it does not belong to this partition.</StdOut>
        <ErrorInfo>
          <Message>Skipping test: it does not belong to this partition.</Message>
        </ErrorInfo>
      </Output>
    </UnitTestResult>
    <UnitTestResult executionId="6de897e3-9991-4c33-bbc9-c6d498f2cadf" testId="338f8488-8b9a-ae52-7bca-44fe9ec14fa9" testName="Can_reindex_documens" computerName="ip-10-1-37-176" duration="00:00:00.0002900" startTime="2025-04-02T13:20:02.8775710+00:00" endTime="2025-04-02T13:20:02.8778611+00:00" testType="13cdc9d9-ddb5-4fa4-a97d-d965ccfc6d4b" outcome="NotExecuted" testListId="8c84fa94-04c1-424b-9868-57a2d4851a1d" relativeResultsDirectory="6de897e3-9991-4c33-bbc9-c6d498f2cadf">
      <Output>
        <StdOut>Skipping test: it does not belong to this partition.</StdOut>
        <ErrorInfo>
          <Message>Skipping test: it does not belong to this partition.</Message>
        </ErrorInfo>
      </Output>
    </UnitTestResult>
    <UnitTestResult executionId="64e427cf-9388-45aa-86fe-1e3812a360c2" testId="7bff7a98-b723-6afa-ba9b-732d065a2916" testName="Can_exclude_second_chance_products_from_product_search" computerName="ip-10-1-37-176" duration="00:00:00.0002310" startTime="2025-04-02T13:20:02.8791189+00:00" endTime="2025-04-02T13:20:02.8793497+00:00" testType="13cdc9d9-ddb5-4fa4-a97d-d965ccfc6d4b" outcome="NotExecuted" testListId="8c84fa94-04c1-424b-9868-57a2d4851a1d" relativeResultsDirectory="64e427cf-9388-45aa-86fe-1e3812a360c2">
      <Output>
        <StdOut>Skipping test: it does not belong to this partition.</StdOut>
        <ErrorInfo>
          <Message>Skipping test: it does not belong to this partition.</Message>
        </ErrorInfo>
      </Output>
    </UnitTestResult>
    <UnitTestResult executionId="f4504628-54c3-4f16-acf4-c3cd1ce2f735" testId="6f3bc40c-0379-385b-f1fa-d72ff169974f" testName="Can_delete_PPT_with_values_on_documents" computerName="ip-10-1-37-176" duration="00:00:00.9644840" startTime="2025-04-02T13:20:01.8601632+00:00" endTime="2025-04-02T13:20:02.8246463+00:00" testType="13cdc9d9-ddb5-4fa4-a97d-d965ccfc6d4b" outcome="Passed" testListId="8c84fa94-04c1-424b-9868-57a2d4851a1d" relativeResultsDirectory="f4504628-54c3-4f16-acf4-c3cd1ce2f735" />
    <UnitTestResult executionId="3a585f19-d3af-422d-913b-69c73dee8c82" testId="5ed8290f-d806-7f98-8ed6-6b604eea1826" testName="Should_be_able_to_create_a_property_and_change_its_data_type_afterwards" computerName="ip-10-1-37-176" duration="00:00:00.0003430" startTime="2025-04-02T13:20:01.8597162+00:00" endTime="2025-04-02T13:20:01.8600589+00:00" testType="13cdc9d9-ddb5-4fa4-a97d-d965ccfc6d4b" outcome="NotExecuted" testListId="8c84fa94-04c1-424b-9868-57a2d4851a1d" relativeResultsDirectory="3a585f19-d3af-422d-913b-69c73dee8c82">
      <Output>
        <StdOut>Skipping test: it does not belong to this partition.</StdOut>
        <ErrorInfo>
          <Message>Skipping test: it does not belong to this partition.</Message>
        </ErrorInfo>
      </Output>
    </UnitTestResult>
    <UnitTestResult executionId="2743be11-e7e1-4f48-95e8-e4e48dfdfc6b" testId="65ee6d7d-b447-025f-23bc-7115f93d97b9" testName="Can_search_by_category" computerName="ip-10-1-37-176" duration="00:00:00.0001990" startTime="2025-04-02T13:20:02.8780156+00:00" endTime="2025-04-02T13:20:02.8782141+00:00" testType="13cdc9d9-ddb5-4fa4-a97d-d965ccfc6d4b" outcome="NotExecuted" testListId="8c84fa94-04c1-424b-9868-57a2d4851a1d" relativeResultsDirectory="2743be11-e7e1-4f48-95e8-e4e48dfdfc6b">
      <Output>
        <StdOut>Skipping test: it does not belong to this partition.</StdOut>
        <ErrorInfo>
          <Message>Skipping test: it does not belong to this partition.</Message>
        </ErrorInfo>
      </Output>
    </UnitTestResult>
    <UnitTestResult executionId="d1b739be-8523-4f2f-8323-710299cc4212" testId="8ee782c2-5827-1749-c650-465571e1ef47" testName="After_importing_a_valid_product_it_should_be_searchable" computerName="ip-10-1-37-176" duration="00:00:00.0003280" startTime="2025-04-02T13:20:02.8307348+00:00" endTime="2025-04-02T13:20:02.8310626+00:00" testType="13cdc9d9-ddb5-4fa4-a97d-d965ccfc6d4b" outcome="NotExecuted" testListId="8c84fa94-04c1-424b-9868-57a2d4851a1d" relativeResultsDirectory="d1b739be-8523-4f2f-8323-710299cc4212">
      <Output>
        <StdOut>Skipping test: it does not belong to this partition.</StdOut>
        <ErrorInfo>
          <Message>Skipping test: it does not belong to this partition.</Message>
        </ErrorInfo>
      </Output>
    </UnitTestResult>
    <UnitTestResult executionId="a48c705c-c3ce-480b-9786-d4b201dc76de" testId="b72cfc5a-52a2-2300-4d86-e48d0c012e1e" testName="ListRevisionsIncludingSystemRevisions" computerName="ip-10-1-37-176" duration="00:00:00.0127020" startTime="2025-04-02T13:20:00.9063135+00:00" endTime="2025-04-02T13:20:00.9189834+00:00" testType="13cdc9d9-ddb5-4fa4-a97d-d965ccfc6d4b" outcome="NotExecuted" testListId="8c84fa94-04c1-424b-9868-57a2d4851a1d" relativeResultsDirectory="a48c705c-c3ce-480b-9786-d4b201dc76de">
      <Output>
        <StdOut>Skipping test: it does not belong to this partition.</StdOut>
        <ErrorInfo>
          <Message>Skipping test: it does not belong to this partition.</Message>
        </ErrorInfo>
      </Output>
    </UnitTestResult>
    <UnitTestResult executionId="c7fd8f32-a03c-4eb4-b9f2-167c3f8be72d" testId="bb8e55a0-1ee1-d5cf-e703-0aa0ec0bb37d" testName="Can_use_Aggregate_completion" computerName="ip-10-1-37-176" duration="00:00:00.0005890" startTime="2025-04-02T13:20:00.9236147+00:00" endTime="2025-04-02T13:20:00.9242033+00:00" testType="13cdc9d9-ddb5-4fa4-a97d-d965ccfc6d4b" outcome="NotExecuted" testListId="8c84fa94-04c1-424b-9868-57a2d4851a1d" relativeResultsDirectory="c7fd8f32-a03c-4eb4-b9f2-167c3f8be72d">
      <Output>
        <StdOut>Skipping test: it does not belong to this partition.</StdOut>
        <ErrorInfo>
          <Message>Skipping test: it does not belong to this partition.</Message>
        </ErrorInfo>
      </Output>
    </UnitTestResult>
    <UnitTestResult executionId="cad43084-36f5-4be6-9e85-2c12b4d52e1b" testId="24140b41-e03b-b699-d074-82bee71ecb32" testName="TaxCode_is_required" computerName="ip-10-1-37-176" duration="00:00:00.0001680" startTime="2025-04-02T13:20:02.8334837+00:00" endTime="2025-04-02T13:20:02.8336511+00:00" testType="13cdc9d9-ddb5-4fa4-a97d-d965ccfc6d4b" outcome="NotExecuted" testListId="8c84fa94-04c1-424b-9868-57a2d4851a1d" relativeResultsDirectory="cad43084-36f5-4be6-9e85-2c12b4d52e1b">
      <Output>
        <StdOut>Skipping test: it does not belong to this partition.</StdOut>
        <ErrorInfo>
          <Message>Skipping test: it does not belong to this partition.</Message>
        </ErrorInfo>
      </Output>
    </UnitTestResult>
    <UnitTestResult executionId="25ab4b46-e66a-4e5d-a876-da00802b5e9e" testId="1c6fced8-1dca-377d-52ce-e0a84bf728e3" testName="FilterOnBothProductIDAndRevisionWorks" computerName="ip-10-1-37-176" duration="00:00:00.0004870" startTime="2025-04-02T13:20:02.8250058+00:00" endTime="2025-04-02T13:20:02.8254922+00:00" testType="13cdc9d9-ddb5-4fa4-a97d-d965ccfc6d4b" outcome="NotExecuted" testListId="8c84fa94-04c1-424b-9868-57a2d4851a1d" relativeResultsDirectory="25ab4b46-e66a-4e5d-a876-da00802b5e9e">
      <Output>
        <StdOut>Skipping test: it does not belong to this partition.</StdOut>
        <ErrorInfo>
          <Message>Skipping test: it does not belong to this partition.</Message>
        </ErrorInfo>
      </Output>
    </UnitTestResult>
    <UnitTestResult executionId="1a784aed-3c56-4efb-889d-5116086816cb" testId="33125c07-9051-50b0-7e4f-863e1d83344d" testName="UploadProductExcelTest_create_product" computerName="ip-10-1-37-176" duration="00:00:00.0001440" startTime="2025-04-02T13:20:02.8741312+00:00" endTime="2025-04-02T13:20:02.8742750+00:00" testType="13cdc9d9-ddb5-4fa4-a97d-d965ccfc6d4b" outcome="NotExecuted" testListId="8c84fa94-04c1-424b-9868-57a2d4851a1d" relativeResultsDirectory="1a784aed-3c56-4efb-889d-5116086816cb">
      <Output>
        <StdOut>Skipping test: it does not belong to this partition.</StdOut>
        <ErrorInfo>
          <Message>Skipping test: it does not belong to this partition.</Message>
        </ErrorInfo>
      </Output>
    </UnitTestResult>
    <UnitTestResult executionId="06b64961-6d9c-4ba6-9e66-c430a60ec7bf" testId="bcb91360-94b2-5246-f551-a8bd76523258" testName="Leaving_query_null_does_not_cause_a_NullReference" computerName="ip-10-1-37-176" duration="00:00:00.0001950" startTime="2025-04-02T13:20:02.8771810+00:00" endTime="2025-04-02T13:20:02.8773754+00:00" testType="13cdc9d9-ddb5-4fa4-a97d-d965ccfc6d4b" outcome="NotExecuted" testListId="8c84fa94-04c1-424b-9868-57a2d4851a1d" relativeResultsDirectory="06b64961-6d9c-4ba6-9e66-c430a60ec7bf">
      <Output>
        <StdOut>Skipping test: it does not belong to this partition.</StdOut>
        <ErrorInfo>
          <Message>Skipping test: it does not belong to this partition.</Message>
        </ErrorInfo>
      </Output>
    </UnitTestResult>
    <UnitTestResult executionId="1edbed2f-1de6-4d53-939d-1b1015377717" testId="71d3017e-00bc-1397-b43b-c48ad33962d7" testName="Can_create_new_properties" computerName="ip-10-1-37-176" duration="00:00:00.0004840" startTime="2025-04-02T13:20:02.8310896+00:00" endTime="2025-04-02T13:20:02.8315737+00:00" testType="13cdc9d9-ddb5-4fa4-a97d-d965ccfc6d4b" outcome="NotExecuted" testListId="8c84fa94-04c1-424b-9868-57a2d4851a1d" relativeResultsDirectory="1edbed2f-1de6-4d53-939d-1b1015377717">
      <Output>
        <StdOut>Skipping test: it does not belong to this partition.</StdOut>
        <ErrorInfo>
          <Message>Skipping test: it does not belong to this partition.</Message>
        </ErrorInfo>
      </Output>
    </UnitTestResult>
    <UnitTestResult executionId="feb5f358-83c4-4d84-abea-bf3dd593cd10" testId="c4cd2600-2970-c620-8830-0798c3c4fd86" testName="Can_create_synonyms" computerName="ip-10-1-37-176" duration="00:00:00.0005780" startTime="2025-04-02T13:20:03.1848980+00:00" endTime="2025-04-02T13:20:03.1854762+00:00" testType="13cdc9d9-ddb5-4fa4-a97d-d965ccfc6d4b" outcome="NotExecuted" testListId="8c84fa94-04c1-424b-9868-57a2d4851a1d" relativeResultsDirectory="feb5f358-83c4-4d84-abea-bf3dd593cd10">
      <Output>
        <StdOut>Skipping test: it does not belong to this partition.</StdOut>
        <ErrorInfo>
          <Message>Skipping test: it does not belong to this partition.</Message>
        </ErrorInfo>
      </Output>
    </UnitTestResult>
    <UnitTestResult executionId="fa87baff-7c60-456b-bad7-8b6263ce1383" testId="10fb0cfc-75ba-5071-54a2-b904db13da0e" testName="When_parent_has_no_content_but_the_children_do" computerName="ip-10-1-37-176" duration="00:00:00.0002330" startTime="2025-04-02T13:20:02.8346536+00:00" endTime="2025-04-02T13:20:02.8348860+00:00" testType="13cdc9d9-ddb5-4fa4-a97d-d965ccfc6d4b" outcome="NotExecuted" testListId="8c84fa94-04c1-424b-9868-57a2d4851a1d" relativeResultsDirectory="fa87baff-7c60-456b-bad7-8b6263ce1383">
      <Output>
        <StdOut>Skipping test: it does not belong to this partition.</StdOut>
        <ErrorInfo>
          <Message>Skipping test: it does not belong to this partition.</Message>
        </ErrorInfo>
      </Output>
    </UnitTestResult>
    <UnitTestResult executionId="43e5be9e-acab-4ad5-87ad-c7dd78707eb4" testId="84d3056c-e2ee-d4d3-094c-140fd0c39258" testName="Valid_product_hierarchy_with_content_import" computerName="ip-10-1-37-176" duration="00:00:00.0001660" startTime="2025-04-02T13:20:02.8344765+00:00" endTime="2025-04-02T13:20:02.8346423+00:00" testType="13cdc9d9-ddb5-4fa4-a97d-d965ccfc6d4b" outcome="NotExecuted" testListId="8c84fa94-04c1-424b-9868-57a2d4851a1d" relativeResultsDirectory="43e5be9e-acab-4ad5-87ad-c7dd78707eb4">
      <Output>
        <StdOut>Skipping test: it does not belong to this partition.</StdOut>
        <ErrorInfo>
          <Message>Skipping test: it does not belong to this partition.</Message>
        </ErrorInfo>
      </Output>
    </UnitTestResult>
  </Results>
  <TestDefinitions>
    <UnitTest name="Can_use_Aggregate_completion" storage="/home/runner/_work/eva/eva/test/eva.testsuite.pim/bin/release/eva.testsuite.pim.dll" id="bb8e55a0-1ee1-d5cf-e703-0aa0ec0bb37d">
      <Execution id="c7fd8f32-a03c-4eb4-b9f2-167c3f8be72d" />
      <TestMethod codeBase="/home/runner/_work/eva/eva/test/EVA.TestSuite.PIM/bin/Release/EVA.TestSuite.PIM.dll" adapterTypeName="executor://nunit3testexecutor/" className="EVA.TestSuite.PIM.AutocompleteTests" name="Can_use_Aggregate_completion" />
    </UnitTest>
    <UnitTest name="Dimension_data_should_work" storage="/home/runner/_work/eva/eva/test/eva.testsuite.pim/bin/release/eva.testsuite.pim.dll" id="08dcbf49-5bd8-bc4c-1aa7-81649d3c076a">
      <Execution id="55bfcf1e-31c9-4641-bedd-b7652296916c" />
      <TestMethod codeBase="/home/runner/_work/eva/eva/test/EVA.TestSuite.PIM/bin/Release/EVA.TestSuite.PIM.dll" adapterTypeName="executor://nunit3testexecutor/" className="EVA.TestSuite.PIM.CreateEditSharedTests" name="Dimension_data_should_work" />
    </UnitTest>
    <UnitTest name="Multiple_content_objects_for_the_same_layer_are_merged" storage="/home/runner/_work/eva/eva/test/eva.testsuite.pim/bin/release/eva.testsuite.pim.dll" id="91cf6225-a01a-893f-3144-d6cf34afae09">
      <Execution id="3a5989e9-f4e2-4c0d-8e4b-89fb67b6ac28" />
      <TestMethod codeBase="/home/runner/_work/eva/eva/test/EVA.TestSuite.PIM/bin/Release/EVA.TestSuite.PIM.dll" adapterTypeName="executor://nunit3testexecutor/" className="EVA.TestSuite.PIM.ImportProductsSharedTests" name="Multiple_content_objects_for_the_same_layer_are_merged" />
    </UnitTest>
    <UnitTest name="Can_create_edit_for_swatches" storage="/home/runner/_work/eva/eva/test/eva.testsuite.pim/bin/release/eva.testsuite.pim.dll" id="d0567a04-265a-d47b-46e7-d720a0a82d42">
      <Execution id="8ac80a48-75be-47ef-8618-335bcc477c36" />
      <TestMethod codeBase="/home/runner/_work/eva/eva/test/EVA.TestSuite.PIM/bin/Release/EVA.TestSuite.PIM.dll" adapterTypeName="executor://nunit3testexecutor/" className="EVA.TestSuite.PIM.CreateEditSharedTests" name="Can_create_edit_for_swatches" />
    </UnitTest>
    <UnitTest name="Can_update_taxcode" storage="/home/runner/_work/eva/eva/test/eva.testsuite.pim/bin/release/eva.testsuite.pim.dll" id="96c3b0e4-6d2e-789d-0e25-9e3e18e1cd4f">
      <Execution id="d4b50337-d039-4b2b-9529-9d2a23020eb2" />
      <TestMethod codeBase="/home/runner/_work/eva/eva/test/EVA.TestSuite.PIM/bin/Release/EVA.TestSuite.PIM.dll" adapterTypeName="executor://nunit3testexecutor/" className="EVA.TestSuite.PIM.ImportProductsSharedTests" name="Can_update_taxcode" />
    </UnitTest>
    <UnitTest name="searchtype_filter_can_be_fuzzy" storage="/home/runner/_work/eva/eva/test/eva.testsuite.pim/bin/release/eva.testsuite.pim.dll" id="18559dd1-62d6-13ac-0ac1-c39c4d111e20">
      <Execution id="7227de5e-d166-41f8-93aa-67a684c52854" />
      <TestMethod codeBase="/home/runner/_work/eva/eva/test/EVA.TestSuite.PIM/bin/Release/EVA.TestSuite.PIM.dll" adapterTypeName="executor://nunit3testexecutor/" className="EVA.TestSuite.PIM.ListProductPropertyTypeTests" name="searchtype_filter_can_be_fuzzy" />
    </UnitTest>
    <UnitTest name="ListRevisionsIncludingSystemRevisions" storage="/home/runner/_work/eva/eva/test/eva.testsuite.pim/bin/release/eva.testsuite.pim.dll" id="b72cfc5a-52a2-2300-4d86-e48d0c012e1e">
      <Execution id="a48c705c-c3ce-480b-9786-d4b201dc76de" />
      <TestMethod codeBase="/home/runner/_work/eva/eva/test/EVA.TestSuite.PIM/bin/Release/EVA.TestSuite.PIM.dll" adapterTypeName="executor://nunit3testexecutor/" className="EVA.TestSuite.PIM.ApplyRevisionTests" name="ListRevisionsIncludingSystemRevisions" />
    </UnitTest>
    <UnitTest name="Can_create_large_edit" storage="/home/runner/_work/eva/eva/test/eva.testsuite.pim/bin/release/eva.testsuite.pim.dll" id="3c38e41f-40f4-6b6b-9587-0d62f0878250">
      <Execution id="1f364c2b-db25-4a96-911a-1d2970f1e76d" />
      <TestMethod codeBase="/home/runner/_work/eva/eva/test/EVA.TestSuite.PIM/bin/Release/EVA.TestSuite.PIM.dll" adapterTypeName="executor://nunit3testexecutor/" className="EVA.TestSuite.PIM.CreateEditSharedTests" name="Can_create_large_edit" />
    </UnitTest>
    <UnitTest name="Can_create_new_AssortmentContentCulture_and_use_it_for_search" storage="/home/runner/_work/eva/eva/test/eva.testsuite.pim/bin/release/eva.testsuite.pim.dll" id="b4ca137f-11e7-074b-29c6-cd66b80210a9">
      <Execution id="0ae85caf-06ef-4bdf-a5a1-da210b448744" />
      <TestMethod codeBase="/home/runner/_work/eva/eva/test/EVA.TestSuite.PIM/bin/Release/EVA.TestSuite.PIM.dll" adapterTypeName="executor://nunit3testexecutor/" className="EVA.TestSuite.PIM.AssortmentContentCultureTests" name="Can_create_new_AssortmentContentCulture_and_use_it_for_search" />
    </UnitTest>
    <UnitTest name="ExportProductBaseExcelShouldWork" storage="/home/runner/_work/eva/eva/test/eva.testsuite.pim/bin/release/eva.testsuite.pim.dll" id="72a4de9b-34e0-4232-dd4c-f6d14a92a746">
      <Execution id="0968505b-69bf-4b0f-93f7-088ec8af7b1b" />
      <TestMethod codeBase="/home/runner/_work/eva/eva/test/EVA.TestSuite.PIM/bin/Release/EVA.TestSuite.PIM.dll" adapterTypeName="executor://nunit3testexecutor/" className="EVA.TestSuite.PIM.ProductExcelTests" name="ExportProductBaseExcelShouldWork" />
    </UnitTest>
    <UnitTest name="Valid_product_hierarchy_with_content_import" storage="/home/runner/_work/eva/eva/test/eva.testsuite.pim/bin/release/eva.testsuite.pim.dll" id="84d3056c-e2ee-d4d3-094c-140fd0c39258">
      <Execution id="43e5be9e-acab-4ad5-87ad-c7dd78707eb4" />
      <TestMethod codeBase="/home/runner/_work/eva/eva/test/EVA.TestSuite.PIM/bin/Release/EVA.TestSuite.PIM.dll" adapterTypeName="executor://nunit3testexecutor/" className="EVA.TestSuite.PIM.ImportProductsSharedTests" name="Valid_product_hierarchy_with_content_import" />
    </UnitTest>
    <UnitTest name="Content_on_the_child_that_already_exists_on_the_child_is_not_duplicated" storage="/home/runner/_work/eva/eva/test/eva.testsuite.pim/bin/release/eva.testsuite.pim.dll" id="cd452d7a-2ef8-6370-a73e-3b7c08064506">
      <Execution id="f27f18d5-c411-411f-856e-505a8e41cba7" />
      <TestMethod codeBase="/home/runner/_work/eva/eva/test/EVA.TestSuite.PIM/bin/Release/EVA.TestSuite.PIM.dll" adapterTypeName="executor://nunit3testexecutor/" className="EVA.TestSuite.PIM.ImportProductsSharedTests" name="Content_on_the_child_that_already_exists_on_the_child_is_not_duplicated" />
    </UnitTest>
    <UnitTest name="Creating_Configurable_Properties_ImportProducts" storage="/home/runner/_work/eva/eva/test/eva.testsuite.pim/bin/release/eva.testsuite.pim.dll" id="367d6c36-efd7-de8c-690f-1079351340e1">
      <Execution id="fb4345d0-ca22-46f4-b0e9-7ad098f18802" />
      <TestMethod codeBase="/home/runner/_work/eva/eva/test/EVA.TestSuite.PIM/bin/Release/EVA.TestSuite.PIM.dll" adapterTypeName="executor://nunit3testexecutor/" className="EVA.TestSuite.PIM.ImportProductsSharedTests" name="Creating_Configurable_Properties_ImportProducts" />
    </UnitTest>
    <UnitTest name="Can_use_both_product_search_template_and_filters" storage="/home/runner/_work/eva/eva/test/eva.testsuite.pim/bin/release/eva.testsuite.pim.dll" id="c09b50eb-2de0-2b25-738f-5b8550131a78">
      <Execution id="30782ed7-a6e8-4b39-a9d5-c92b50967c9e" />
      <TestMethod codeBase="/home/runner/_work/eva/eva/test/EVA.TestSuite.PIM/bin/Release/EVA.TestSuite.PIM.dll" adapterTypeName="executor://nunit3testexecutor/" className="EVA.TestSuite.PIM.SearchProductsTests" name="Can_use_both_product_search_template_and_filters" />
    </UnitTest>
    <UnitTest name="Can_import_images(False)" storage="/home/runner/_work/eva/eva/test/eva.testsuite.pim/bin/release/eva.testsuite.pim.dll" id="965e3b69-18cf-5426-b529-c58405766ae5">
      <Execution id="9627b896-26ef-45a8-8ad3-536c74105a0b" />
      <TestMethod codeBase="/home/runner/_work/eva/eva/test/EVA.TestSuite.PIM/bin/Release/EVA.TestSuite.PIM.dll" adapterTypeName="executor://nunit3testexecutor/" className="EVA.TestSuite.PIM.ImportProductsSharedTests" name="Can_import_images(False)" />
    </UnitTest>
    <UnitTest name="Search_by_id_works" storage="/home/runner/_work/eva/eva/test/eva.testsuite.pim/bin/release/eva.testsuite.pim.dll" id="395edfb2-72c2-1137-e67d-5891e9682adf">
      <Execution id="d4743a19-fef5-40b5-8354-27cb62a98c5f" />
      <TestMethod codeBase="/home/runner/_work/eva/eva/test/EVA.TestSuite.PIM/bin/Release/EVA.TestSuite.PIM.dll" adapterTypeName="executor://nunit3testexecutor/" className="EVA.TestSuite.PIM.SearchProductsTests" name="Search_by_id_works" />
    </UnitTest>
    <UnitTest name="Can_search_PPTs" storage="/home/runner/_work/eva/eva/test/eva.testsuite.pim/bin/release/eva.testsuite.pim.dll" id="11810d0e-d23b-349c-d53c-cd0872cc3b20">
      <Execution id="740a3c00-d973-4e06-a98e-0a9a883b8151" />
      <TestMethod codeBase="/home/runner/_work/eva/eva/test/EVA.TestSuite.PIM/bin/Release/EVA.TestSuite.PIM.dll" adapterTypeName="executor://nunit3testexecutor/" className="EVA.TestSuite.PIM.SearchProductPropertyTypeTests" name="Can_search_PPTs" />
    </UnitTest>
    <UnitTest name="Can_create_multiword_synonyms" storage="/home/runner/_work/eva/eva/test/eva.testsuite.pim/bin/release/eva.testsuite.pim.dll" id="3d799dca-e57d-f9f6-1823-e9da37f21919">
      <Execution id="602cfb96-4d9b-4833-9141-6b0084b2c7ff" />
      <TestMethod codeBase="/home/runner/_work/eva/eva/test/EVA.TestSuite.PIM/bin/Release/EVA.TestSuite.PIM.dll" adapterTypeName="executor://nunit3testexecutor/" className="EVA.TestSuite.PIM.SynonymTests" name="Can_create_multiword_synonyms" />
    </UnitTest>
    <UnitTest name="Updating_SerialNumber_requirement_In_ImportProducts" storage="/home/runner/_work/eva/eva/test/eva.testsuite.pim/bin/release/eva.testsuite.pim.dll" id="74bbb5e4-4b6f-fa7f-73f1-b4b2808cff72">
      <Execution id="d1352a61-6e48-483b-9106-dd81601b7293" />
      <TestMethod codeBase="/home/runner/_work/eva/eva/test/EVA.TestSuite.PIM/bin/Release/EVA.TestSuite.PIM.dll" adapterTypeName="executor://nunit3testexecutor/" className="EVA.TestSuite.PIM.ImportProductsSharedTests" name="Updating_SerialNumber_requirement_In_ImportProducts" />
    </UnitTest>
    <UnitTest name="After_importing_a_valid_product_it_should_be_searchable" storage="/home/runner/_work/eva/eva/test/eva.testsuite.pim/bin/release/eva.testsuite.pim.dll" id="8ee782c2-5827-1749-c650-465571e1ef47">
      <Execution id="d1b739be-8523-4f2f-8323-710299cc4212" />
      <TestMethod codeBase="/home/runner/_work/eva/eva/test/EVA.TestSuite.PIM/bin/Release/EVA.TestSuite.PIM.dll" adapterTypeName="executor://nunit3testexecutor/" className="EVA.TestSuite.PIM.ImportProductsSharedTests" name="After_importing_a_valid_product_it_should_be_searchable" />
    </UnitTest>
    <UnitTest name="Updating__and_partial_Create_Configurable_Properties_ImportProducts" storage="/home/runner/_work/eva/eva/test/eva.testsuite.pim/bin/release/eva.testsuite.pim.dll" id="748ea817-04ff-4481-57bf-215afbcd8ec7">
      <Execution id="f92e7928-d546-48a6-9e5b-57c45e27a248" />
      <TestMethod codeBase="/home/runner/_work/eva/eva/test/EVA.TestSuite.PIM/bin/Release/EVA.TestSuite.PIM.dll" adapterTypeName="executor://nunit3testexecutor/" className="EVA.TestSuite.PIM.ImportProductsSharedTests" name="Updating__and_partial_Create_Configurable_Properties_ImportProducts" />
    </UnitTest>
    <UnitTest name="Products_are_returned_in_the_expected_order_when_sorting_by_a_AlphabeticallySortable_property" storage="/home/runner/_work/eva/eva/test/eva.testsuite.pim/bin/release/eva.testsuite.pim.dll" id="aab2a550-a744-baeb-7f81-2370d02e95f3">
      <Execution id="3a46b09c-bbb7-4a93-bf2e-defac922026b" />
      <TestMethod codeBase="/home/runner/_work/eva/eva/test/EVA.TestSuite.PIM/bin/Release/EVA.TestSuite.PIM.dll" adapterTypeName="executor://nunit3testexecutor/" className="EVA.TestSuite.PIM.SortablePropertiesSharedTests" name="Products_are_returned_in_the_expected_order_when_sorting_by_a_AlphabeticallySortable_property" />
    </UnitTest>
    <UnitTest name="Can_specify_values_as_objects_with_a_property_called_value" storage="/home/runner/_work/eva/eva/test/eva.testsuite.pim/bin/release/eva.testsuite.pim.dll" id="2c222735-a87e-b030-53a6-5e6d46928261">
      <Execution id="f4afb975-eaba-4804-adcb-754eae3bf02d" />
      <TestMethod codeBase="/home/runner/_work/eva/eva/test/EVA.TestSuite.PIM/bin/Release/EVA.TestSuite.PIM.dll" adapterTypeName="executor://nunit3testexecutor/" className="EVA.TestSuite.PIM.CreateEditSharedTests" name="Can_specify_values_as_objects_with_a_property_called_value" />
    </UnitTest>
    <UnitTest name="Can_list_edits" storage="/home/runner/_work/eva/eva/test/eva.testsuite.pim/bin/release/eva.testsuite.pim.dll" id="593aaae9-cd83-8619-90f7-cb05e06d8354">
      <Execution id="2571d8b1-84f7-4db1-b6df-6771678a6fda" />
      <TestMethod codeBase="/home/runner/_work/eva/eva/test/EVA.TestSuite.PIM/bin/Release/EVA.TestSuite.PIM.dll" adapterTypeName="executor://nunit3testexecutor/" className="EVA.TestSuite.PIM.ListProductContentEditsTests" name="Can_list_edits" />
    </UnitTest>
    <UnitTest name="Can_search_new_PPTs" storage="/home/runner/_work/eva/eva/test/eva.testsuite.pim/bin/release/eva.testsuite.pim.dll" id="02e9a14e-1f59-9eef-e7be-ee32e4eda2d3">
      <Execution id="b576eb83-1a68-433a-9b8a-e281acead9ab" />
      <TestMethod codeBase="/home/runner/_work/eva/eva/test/EVA.TestSuite.PIM/bin/Release/EVA.TestSuite.PIM.dll" adapterTypeName="executor://nunit3testexecutor/" className="EVA.TestSuite.PIM.SearchProductPropertyTypeTests" name="Can_search_new_PPTs" />
    </UnitTest>
    <UnitTest name="Product_search_returns_if_product_is_part_of_bundle" storage="/home/runner/_work/eva/eva/test/eva.testsuite.pim/bin/release/eva.testsuite.pim.dll" id="567308e8-74a4-9e12-88aa-f0d05a2ed980">
      <Execution id="5292c26a-b7a0-4044-b1d1-840678cd24a1" />
      <TestMethod codeBase="/home/runner/_work/eva/eva/test/EVA.TestSuite.PIM/bin/Release/EVA.TestSuite.PIM.dll" adapterTypeName="executor://nunit3testexecutor/" className="EVA.TestSuite.PIM.SearchProductsTests" name="Product_search_returns_if_product_is_part_of_bundle" />
    </UnitTest>
    <UnitTest name="Revision_status_is_set_to_applied" storage="/home/runner/_work/eva/eva/test/eva.testsuite.pim/bin/release/eva.testsuite.pim.dll" id="08d6aba3-2a2f-48ac-9c93-9cfc4d696497">
      <Execution id="c70af2dc-e97a-4cbf-9089-c3e5d10ce481" />
      <TestMethod codeBase="/home/runner/_work/eva/eva/test/EVA.TestSuite.PIM/bin/Release/EVA.TestSuite.PIM.dll" adapterTypeName="executor://nunit3testexecutor/" className="EVA.TestSuite.PIM.ApplyRevisionTests" name="Revision_status_is_set_to_applied" />
    </UnitTest>
    <UnitTest name="TaxCode_is_required" storage="/home/runner/_work/eva/eva/test/eva.testsuite.pim/bin/release/eva.testsuite.pim.dll" id="24140b41-e03b-b699-d074-82bee71ecb32">
      <Execution id="cad43084-36f5-4be6-9e85-2c12b4d52e1b" />
      <TestMethod codeBase="/home/runner/_work/eva/eva/test/EVA.TestSuite.PIM/bin/Release/EVA.TestSuite.PIM.dll" adapterTypeName="executor://nunit3testexecutor/" className="EVA.TestSuite.PIM.ImportProductsSharedTests" name="TaxCode_is_required" />
    </UnitTest>
    <UnitTest name="FilterOnBothProductIDAndRevisionWorks" storage="/home/runner/_work/eva/eva/test/eva.testsuite.pim/bin/release/eva.testsuite.pim.dll" id="1c6fced8-1dca-377d-52ce-e0a84bf728e3">
      <Execution id="25ab4b46-e66a-4e5d-a876-da00802b5e9e" />
      <TestMethod codeBase="/home/runner/_work/eva/eva/test/EVA.TestSuite.PIM/bin/Release/EVA.TestSuite.PIM.dll" adapterTypeName="executor://nunit3testexecutor/" className="EVA.TestSuite.PIM.GetProductForEditTests" name="FilterOnBothProductIDAndRevisionWorks" />
    </UnitTest>
    <UnitTest name="Import_gift_card_using_existing_configuration_id" storage="/home/runner/_work/eva/eva/test/eva.testsuite.pim/bin/release/eva.testsuite.pim.dll" id="9e4aa725-664a-1182-271d-2d8c7b440fbc">
      <Execution id="e9d47585-0824-4ac8-9292-a522af420939" />
      <TestMethod codeBase="/home/runner/_work/eva/eva/test/EVA.TestSuite.PIM/bin/Release/EVA.TestSuite.PIM.dll" adapterTypeName="executor://nunit3testexecutor/" className="EVA.TestSuite.PIM.ImportProductsSharedTests" name="Import_gift_card_using_existing_configuration_id" />
    </UnitTest>
    <UnitTest name="Leaving_query_null_does_not_cause_a_NullReference" storage="/home/runner/_work/eva/eva/test/eva.testsuite.pim/bin/release/eva.testsuite.pim.dll" id="bcb91360-94b2-5246-f551-a8bd76523258">
      <Execution id="06b64961-6d9c-4ba6-9e66-c430a60ec7bf" />
      <TestMethod codeBase="/home/runner/_work/eva/eva/test/EVA.TestSuite.PIM/bin/Release/EVA.TestSuite.PIM.dll" adapterTypeName="executor://nunit3testexecutor/" className="EVA.TestSuite.PIM.ProductSearchStrategyTests" name="Leaving_query_null_does_not_cause_a_NullReference" />
    </UnitTest>
    <UnitTest name="When_parent_has_no_content_but_the_children_do" storage="/home/runner/_work/eva/eva/test/eva.testsuite.pim/bin/release/eva.testsuite.pim.dll" id="10fb0cfc-75ba-5071-54a2-b904db13da0e">
      <Execution id="fa87baff-7c60-456b-bad7-8b6263ce1383" />
      <TestMethod codeBase="/home/runner/_work/eva/eva/test/EVA.TestSuite.PIM/bin/Release/EVA.TestSuite.PIM.dll" adapterTypeName="executor://nunit3testexecutor/" className="EVA.TestSuite.PIM.ImportProductsSharedTests" name="When_parent_has_no_content_but_the_children_do" />
    </UnitTest>
    <UnitTest name="Should_be_able_to_create_a_property_and_change_its_data_type_afterwards" storage="/home/runner/_work/eva/eva/test/eva.testsuite.pim/bin/release/eva.testsuite.pim.dll" id="5ed8290f-d806-7f98-8ed6-6b604eea1826">
      <Execution id="3a585f19-d3af-422d-913b-69c73dee8c82" />
      <TestMethod codeBase="/home/runner/_work/eva/eva/test/EVA.TestSuite.PIM/bin/Release/EVA.TestSuite.PIM.dll" adapterTypeName="executor://nunit3testexecutor/" className="EVA.TestSuite.PIM.DataTypeTests" name="Should_be_able_to_create_a_property_and_change_its_data_type_afterwards" />
    </UnitTest>
    <UnitTest name="Can_reindex_documens" storage="/home/runner/_work/eva/eva/test/eva.testsuite.pim/bin/release/eva.testsuite.pim.dll" id="338f8488-8b9a-ae52-7bca-44fe9ec14fa9">
      <Execution id="6de897e3-9991-4c33-bbc9-c6d498f2cadf" />
      <TestMethod codeBase="/home/runner/_work/eva/eva/test/EVA.TestSuite.PIM/bin/Release/EVA.TestSuite.PIM.dll" adapterTypeName="executor://nunit3testexecutor/" className="EVA.TestSuite.PIM.ReindexTests" name="Can_reindex_documens" />
    </UnitTest>
    <UnitTest name="Can_delete_PPT_with_values_on_documents" storage="/home/runner/_work/eva/eva/test/eva.testsuite.pim/bin/release/eva.testsuite.pim.dll" id="6f3bc40c-0379-385b-f1fa-d72ff169974f">
      <Execution id="f4504628-54c3-4f16-acf4-c3cd1ce2f735" />
      <TestMethod codeBase="/home/runner/_work/eva/eva/test/EVA.TestSuite.PIM/bin/Release/EVA.TestSuite.PIM.dll" adapterTypeName="executor://nunit3testexecutor/" className="EVA.TestSuite.PIM.DeleteProductPropertyTypeTests" name="Can_delete_PPT_with_values_on_documents" />
    </UnitTest>
    <UnitTest name="UploadProductExcelTest_create_product" storage="/home/runner/_work/eva/eva/test/eva.testsuite.pim/bin/release/eva.testsuite.pim.dll" id="33125c07-9051-50b0-7e4f-863e1d83344d">
      <Execution id="1a784aed-3c56-4efb-889d-5116086816cb" />
      <TestMethod codeBase="/home/runner/_work/eva/eva/test/EVA.TestSuite.PIM/bin/Release/EVA.TestSuite.PIM.dll" adapterTypeName="executor://nunit3testexecutor/" className="EVA.TestSuite.PIM.ProductExcelTests" name="UploadProductExcelTest_create_product" />
    </UnitTest>
    <UnitTest name="Imported_products_with_images_appear_correctly_in_search_order" storage="/home/runner/_work/eva/eva/test/eva.testsuite.pim/bin/release/eva.testsuite.pim.dll" id="f4ebbea4-ce15-be9c-a99e-8ee04b97bc06">
      <Execution id="a42cf588-b11b-47cf-844c-4f366a73d520" />
      <TestMethod codeBase="/home/runner/_work/eva/eva/test/EVA.TestSuite.PIM/bin/Release/EVA.TestSuite.PIM.dll" adapterTypeName="executor://nunit3testexecutor/" className="EVA.TestSuite.PIM.ImportProductsSharedTests" name="Imported_products_with_images_appear_correctly_in_search_order" />
    </UnitTest>
    <UnitTest name="ProductChildren_test" storage="/home/runner/_work/eva/eva/test/eva.testsuite.pim/bin/release/eva.testsuite.pim.dll" id="18a54880-e051-a84c-6c30-d3aa252df99d">
      <Execution id="4e4d1592-fe01-4a7e-94d7-e3fcfd7e459a" />
      <TestMethod codeBase="/home/runner/_work/eva/eva/test/EVA.TestSuite.PIM/bin/Release/EVA.TestSuite.PIM.dll" adapterTypeName="executor://nunit3testexecutor/" className="EVA.TestSuite.PIM.ProductHierarchyTests" name="ProductChildren_test" />
    </UnitTest>
    <UnitTest name="Can_filter_on_availability" storage="/home/runner/_work/eva/eva/test/eva.testsuite.pim/bin/release/eva.testsuite.pim.dll" id="6a99016a-f976-93cf-b799-699a78c03a5f">
      <Execution id="5a313643-e24b-4919-98fc-d3cc989b2aba" />
      <TestMethod codeBase="/home/runner/_work/eva/eva/test/EVA.TestSuite.PIM/bin/Release/EVA.TestSuite.PIM.dll" adapterTypeName="executor://nunit3testexecutor/" className="EVA.TestSuite.PIM.ProductSearchStockTests" name="Can_filter_on_availability" />
    </UnitTest>
    <UnitTest name="ProductParents_test" storage="/home/runner/_work/eva/eva/test/eva.testsuite.pim/bin/release/eva.testsuite.pim.dll" id="bd04489f-1f5c-70a9-1c0f-fc8e3238670f">
      <Execution id="59980b9a-ea06-4c7e-b1f1-784b474eed1f" />
      <TestMethod codeBase="/home/runner/_work/eva/eva/test/EVA.TestSuite.PIM/bin/Release/EVA.TestSuite.PIM.dll" adapterTypeName="executor://nunit3testexecutor/" className="EVA.TestSuite.PIM.ProductHierarchyTests" name="ProductParents_test" />
    </UnitTest>
    <UnitTest name="Bundle_products" storage="/home/runner/_work/eva/eva/test/eva.testsuite.pim/bin/release/eva.testsuite.pim.dll" id="8d5a4d5c-1a09-4375-6afb-3f8f2488eef6">
      <Execution id="849797bf-f8b0-4325-b6ea-a409ef492382" />
      <TestMethod codeBase="/home/runner/_work/eva/eva/test/EVA.TestSuite.PIM/bin/Release/EVA.TestSuite.PIM.dll" adapterTypeName="executor://nunit3testexecutor/" className="EVA.TestSuite.PIM.ProductSearchStockTests" name="Bundle_products" />
    </UnitTest>
    <UnitTest name="Can_exclude_second_chance_products_from_product_search" storage="/home/runner/_work/eva/eva/test/eva.testsuite.pim/bin/release/eva.testsuite.pim.dll" id="7bff7a98-b723-6afa-ba9b-732d065a2916">
      <Execution id="64e427cf-9388-45aa-86fe-1e3812a360c2" />
      <TestMethod codeBase="/home/runner/_work/eva/eva/test/EVA.TestSuite.PIM/bin/Release/EVA.TestSuite.PIM.dll" adapterTypeName="executor://nunit3testexecutor/" className="EVA.TestSuite.PIM.SearchProductsTests" name="Can_exclude_second_chance_products_from_product_search" />
    </UnitTest>
    <UnitTest name="New_AssortmentContentCulture_is_composed_after_creating_it" storage="/home/runner/_work/eva/eva/test/eva.testsuite.pim/bin/release/eva.testsuite.pim.dll" id="a899c7dc-010c-61d2-783a-1535428a7fd3">
      <Execution id="97810ec6-5280-4c5c-916f-8aca9607c04b" />
      <TestMethod codeBase="/home/runner/_work/eva/eva/test/EVA.TestSuite.PIM/bin/Release/EVA.TestSuite.PIM.dll" adapterTypeName="executor://nunit3testexecutor/" className="EVA.TestSuite.PIM.AssortmentContentCultureTests" name="New_AssortmentContentCulture_is_composed_after_creating_it" />
    </UnitTest>
    <UnitTest name="Can_use_property_autocomplete" storage="/home/runner/_work/eva/eva/test/eva.testsuite.pim/bin/release/eva.testsuite.pim.dll" id="47ebe5bc-45ff-ed18-2dc7-5dac4a8d4740">
      <Execution id="8a83845c-852c-40aa-9e36-6a57f559377d" />
      <TestMethod codeBase="/home/runner/_work/eva/eva/test/EVA.TestSuite.PIM/bin/Release/EVA.TestSuite.PIM.dll" adapterTypeName="executor://nunit3testexecutor/" className="EVA.TestSuite.PIM.AutocompleteTests" name="Can_use_property_autocomplete" />
    </UnitTest>
    <UnitTest name="Configurable_products" storage="/home/runner/_work/eva/eva/test/eva.testsuite.pim/bin/release/eva.testsuite.pim.dll" id="77789503-c10e-73a5-c7f4-f04379017023">
      <Execution id="31b26bf7-e305-4338-9a68-ea82cf477ea7" />
      <TestMethod codeBase="/home/runner/_work/eva/eva/test/EVA.TestSuite.PIM/bin/Release/EVA.TestSuite.PIM.dll" adapterTypeName="executor://nunit3testexecutor/" className="EVA.TestSuite.PIM.ProductSearchStockTests" name="Configurable_products" />
    </UnitTest>
    <UnitTest name="Can_create_new_properties" storage="/home/runner/_work/eva/eva/test/eva.testsuite.pim/bin/release/eva.testsuite.pim.dll" id="71d3017e-00bc-1397-b43b-c48ad33962d7">
      <Execution id="1edbed2f-1de6-4d53-939d-1b1015377717" />
      <TestMethod codeBase="/home/runner/_work/eva/eva/test/EVA.TestSuite.PIM/bin/Release/EVA.TestSuite.PIM.dll" adapterTypeName="executor://nunit3testexecutor/" className="EVA.TestSuite.PIM.ImportProductsSharedTests" name="Can_create_new_properties" />
    </UnitTest>
    <UnitTest name="Search_by_empty_ids_works" storage="/home/runner/_work/eva/eva/test/eva.testsuite.pim/bin/release/eva.testsuite.pim.dll" id="06c35a3a-d052-99d8-db33-299fc49291f4">
      <Execution id="e8acebd7-d29f-4d54-8d66-b726e2f8f1e9" />
      <TestMethod codeBase="/home/runner/_work/eva/eva/test/EVA.TestSuite.PIM/bin/Release/EVA.TestSuite.PIM.dll" adapterTypeName="executor://nunit3testexecutor/" className="EVA.TestSuite.PIM.SearchProductsTests" name="Search_by_empty_ids_works" />
    </UnitTest>
    <UnitTest name="DownloadProductExcelTest" storage="/home/runner/_work/eva/eva/test/eva.testsuite.pim/bin/release/eva.testsuite.pim.dll" id="d4777f22-b0a1-5479-b90f-a4fef0e1d452">
      <Execution id="1464ea9f-3b1d-4dd0-977f-50fa575bdd63" />
      <TestMethod codeBase="/home/runner/_work/eva/eva/test/EVA.TestSuite.PIM/bin/Release/EVA.TestSuite.PIM.dll" adapterTypeName="executor://nunit3testexecutor/" className="EVA.TestSuite.PIM.ProductExcelTests" name="DownloadProductExcelTest" />
    </UnitTest>
    <UnitTest name="Can_use_EditProduct_to_edit_product_content" storage="/home/runner/_work/eva/eva/test/eva.testsuite.pim/bin/release/eva.testsuite.pim.dll" id="aa39ba64-97a9-e15c-6017-97422f109913">
      <Execution id="c5713c79-8dd2-43c6-ab73-c7061ce3bc24" />
      <TestMethod codeBase="/home/runner/_work/eva/eva/test/EVA.TestSuite.PIM/bin/Release/EVA.TestSuite.PIM.dll" adapterTypeName="executor://nunit3testexecutor/" className="EVA.TestSuite.PIM.CreateEditSharedTests" name="Can_use_EditProduct_to_edit_product_content" />
    </UnitTest>
    <UnitTest name="Can_create_synonyms" storage="/home/runner/_work/eva/eva/test/eva.testsuite.pim/bin/release/eva.testsuite.pim.dll" id="c4cd2600-2970-c620-8830-0798c3c4fd86">
      <Execution id="feb5f358-83c4-4d84-abea-bf3dd593cd10" />
      <TestMethod codeBase="/home/runner/_work/eva/eva/test/EVA.TestSuite.PIM/bin/Release/EVA.TestSuite.PIM.dll" adapterTypeName="executor://nunit3testexecutor/" className="EVA.TestSuite.PIM.SynonymTests" name="Can_create_synonyms" />
    </UnitTest>
    <UnitTest name="Can_import_images(True)" storage="/home/runner/_work/eva/eva/test/eva.testsuite.pim/bin/release/eva.testsuite.pim.dll" id="9922dd9b-ed27-2787-b2de-cb8b9fefbb1a">
      <Execution id="b76bc6d7-2d1e-4590-98e2-0e06da6cc1f8" />
      <TestMethod codeBase="/home/runner/_work/eva/eva/test/EVA.TestSuite.PIM/bin/Release/EVA.TestSuite.PIM.dll" adapterTypeName="executor://nunit3testexecutor/" className="EVA.TestSuite.PIM.ImportProductsSharedTests" name="Can_import_images(True)" />
    </UnitTest>
    <UnitTest name="Multiple_products" storage="/home/runner/_work/eva/eva/test/eva.testsuite.pim/bin/release/eva.testsuite.pim.dll" id="e22e1de4-10e8-b8e5-ea1f-d0f440087ebe">
      <Execution id="f045a173-950a-4c27-9429-8d0b63b44f81" />
      <TestMethod codeBase="/home/runner/_work/eva/eva/test/EVA.TestSuite.PIM/bin/Release/EVA.TestSuite.PIM.dll" adapterTypeName="executor://nunit3testexecutor/" className="EVA.TestSuite.PIM.ImportProductsSharedTests" name="Multiple_products" />
    </UnitTest>
    <UnitTest name="Can_sort_and_score_by_stock" storage="/home/runner/_work/eva/eva/test/eva.testsuite.pim/bin/release/eva.testsuite.pim.dll" id="c74eae40-d6da-c954-8439-98ee7f73eecf">
      <Execution id="886fb787-9cb3-4d83-9e1c-2f0115de51cd" />
      <TestMethod codeBase="/home/runner/_work/eva/eva/test/EVA.TestSuite.PIM/bin/Release/EVA.TestSuite.PIM.dll" adapterTypeName="executor://nunit3testexecutor/" className="EVA.TestSuite.PIM.ProductSearchStockTests" name="Can_sort_and_score_by_stock" />
    </UnitTest>
    <UnitTest name="Updating_Configurable_Properties_ImportProducts" storage="/home/runner/_work/eva/eva/test/eva.testsuite.pim/bin/release/eva.testsuite.pim.dll" id="66b49aa0-8bd6-3e93-e210-fad9eb969007">
      <Execution id="4ba3d1b1-60fc-4ff1-9eb5-26d990b1c7ee" />
      <TestMethod codeBase="/home/runner/_work/eva/eva/test/EVA.TestSuite.PIM/bin/Release/EVA.TestSuite.PIM.dll" adapterTypeName="executor://nunit3testexecutor/" className="EVA.TestSuite.PIM.ImportProductsSharedTests" name="Updating_Configurable_Properties_ImportProducts" />
    </UnitTest>
    <UnitTest name="Test" storage="/home/runner/_work/eva/eva/test/eva.testsuite.pim/bin/release/eva.testsuite.pim.dll" id="dedadd88-9ca3-bf40-01ac-f6bab4a90c7f">
      <Execution id="344c9e2b-bd54-45da-8ad7-ee3ebbab986b" />
      <TestMethod codeBase="/home/runner/_work/eva/eva/test/EVA.TestSuite.PIM/bin/Release/EVA.TestSuite.PIM.dll" adapterTypeName="executor://nunit3testexecutor/" className="EVA.TestSuite.PIM.GetProductForEditTests" name="Test" />
    </UnitTest>
    <UnitTest name="ListRevisionsWithProductID" storage="/home/runner/_work/eva/eva/test/eva.testsuite.pim/bin/release/eva.testsuite.pim.dll" id="9cf80740-9218-0e85-8642-834d66a8767e">
      <Execution id="a26e1b0b-0e62-4b36-8bd9-8714ada220b0" />
      <TestMethod codeBase="/home/runner/_work/eva/eva/test/EVA.TestSuite.PIM/bin/Release/EVA.TestSuite.PIM.dll" adapterTypeName="executor://nunit3testexecutor/" className="EVA.TestSuite.PIM.ApplyRevisionTests" name="ListRevisionsWithProductID" />
    </UnitTest>
    <UnitTest name="filter_on_id_should_work" storage="/home/runner/_work/eva/eva/test/eva.testsuite.pim/bin/release/eva.testsuite.pim.dll" id="261f180b-c850-b236-905f-d9f028e19ab9">
      <Execution id="3b7d514f-dfa4-4d2b-a042-9a5700da5d96" />
      <TestMethod codeBase="/home/runner/_work/eva/eva/test/EVA.TestSuite.PIM/bin/Release/EVA.TestSuite.PIM.dll" adapterTypeName="executor://nunit3testexecutor/" className="EVA.TestSuite.PIM.ListProductPropertyTypeTests" name="filter_on_id_should_work" />
    </UnitTest>
    <UnitTest name="ExportProductBaseExcelAsyncShouldWork" storage="/home/runner/_work/eva/eva/test/eva.testsuite.pim/bin/release/eva.testsuite.pim.dll" id="587fdef2-0bf2-38bf-d34d-f8f48aa8f1cd">
      <Execution id="9c0d4a63-e97f-4df6-b61f-e577caad3289" />
      <TestMethod codeBase="/home/runner/_work/eva/eva/test/EVA.TestSuite.PIM/bin/Release/EVA.TestSuite.PIM.dll" adapterTypeName="executor://nunit3testexecutor/" className="EVA.TestSuite.PIM.ProductExcelTests" name="ExportProductBaseExcelAsyncShouldWork" />
    </UnitTest>
    <UnitTest name="Valid_product_hierarchy_import" storage="/home/runner/_work/eva/eva/test/eva.testsuite.pim/bin/release/eva.testsuite.pim.dll" id="8d58560c-3b8d-0177-f15d-709e143bbac9">
      <Execution id="9a7e6383-5d2d-4ba2-b495-5018db3c5dbf" />
      <TestMethod codeBase="/home/runner/_work/eva/eva/test/EVA.TestSuite.PIM/bin/Release/EVA.TestSuite.PIM.dll" adapterTypeName="executor://nunit3testexecutor/" className="EVA.TestSuite.PIM.ImportProductsSharedTests" name="Valid_product_hierarchy_import" />
    </UnitTest>
    <UnitTest name="EditProductPropertyTypeShouldWorkWithoutContent" storage="/home/runner/_work/eva/eva/test/eva.testsuite.pim/bin/release/eva.testsuite.pim.dll" id="8372cd68-5fca-5544-a0ec-56679f9bdd36">
      <Execution id="52e7624f-4057-4c13-9611-36d7de7b3a7c" />
      <TestMethod codeBase="/home/runner/_work/eva/eva/test/EVA.TestSuite.PIM/bin/Release/EVA.TestSuite.PIM.dll" adapterTypeName="executor://nunit3testexecutor/" className="EVA.TestSuite.PIM.UpdateProductPropertyTypeTests" name="EditProductPropertyTypeShouldWorkWithoutContent" />
    </UnitTest>
    <UnitTest name="Can_search_by_category" storage="/home/runner/_work/eva/eva/test/eva.testsuite.pim/bin/release/eva.testsuite.pim.dll" id="65ee6d7d-b447-025f-23bc-7115f93d97b9">
      <Execution id="2743be11-e7e1-4f48-95e8-e4e48dfdfc6b" />
      <TestMethod codeBase="/home/runner/_work/eva/eva/test/EVA.TestSuite.PIM/bin/Release/EVA.TestSuite.PIM.dll" adapterTypeName="executor://nunit3testexecutor/" className="EVA.TestSuite.PIM.SearchProductPropertyTypeTests" name="Can_search_by_category" />
    </UnitTest>
  </TestDefinitions>
  <TestEntries>
    <TestEntry testId="567308e8-74a4-9e12-88aa-f0d05a2ed980" executionId="5292c26a-b7a0-4044-b1d1-840678cd24a1" testListId="8c84fa94-04c1-424b-9868-57a2d4851a1d" />
    <TestEntry testId="72a4de9b-34e0-4232-dd4c-f6d14a92a746" executionId="0968505b-69bf-4b0f-93f7-088ec8af7b1b" testListId="8c84fa94-04c1-424b-9868-57a2d4851a1d" />
    <TestEntry testId="06c35a3a-d052-99d8-db33-299fc49291f4" executionId="e8acebd7-d29f-4d54-8d66-b726e2f8f1e9" testListId="8c84fa94-04c1-424b-9868-57a2d4851a1d" />
    <TestEntry testId="a899c7dc-010c-61d2-783a-1535428a7fd3" executionId="97810ec6-5280-4c5c-916f-8aca9607c04b" testListId="8c84fa94-04c1-424b-9868-57a2d4851a1d" />
    <TestEntry testId="c09b50eb-2de0-2b25-738f-5b8550131a78" executionId="30782ed7-a6e8-4b39-a9d5-c92b50967c9e" testListId="8c84fa94-04c1-424b-9868-57a2d4851a1d" />
    <TestEntry testId="18a54880-e051-a84c-6c30-d3aa252df99d" executionId="4e4d1592-fe01-4a7e-94d7-e3fcfd7e459a" testListId="8c84fa94-04c1-424b-9868-57a2d4851a1d" />
    <TestEntry testId="587fdef2-0bf2-38bf-d34d-f8f48aa8f1cd" executionId="9c0d4a63-e97f-4df6-b61f-e577caad3289" testListId="8c84fa94-04c1-424b-9868-57a2d4851a1d" />
    <TestEntry testId="aa39ba64-97a9-e15c-6017-97422f109913" executionId="c5713c79-8dd2-43c6-ab73-c7061ce3bc24" testListId="8c84fa94-04c1-424b-9868-57a2d4851a1d" />
    <TestEntry testId="dedadd88-9ca3-bf40-01ac-f6bab4a90c7f" executionId="344c9e2b-bd54-45da-8ad7-ee3ebbab986b" testListId="8c84fa94-04c1-424b-9868-57a2d4851a1d" />
    <TestEntry testId="f4ebbea4-ce15-be9c-a99e-8ee04b97bc06" executionId="a42cf588-b11b-47cf-844c-4f366a73d520" testListId="8c84fa94-04c1-424b-9868-57a2d4851a1d" />
    <TestEntry testId="8d58560c-3b8d-0177-f15d-709e143bbac9" executionId="9a7e6383-5d2d-4ba2-b495-5018db3c5dbf" testListId="8c84fa94-04c1-424b-9868-57a2d4851a1d" />
    <TestEntry testId="91cf6225-a01a-893f-3144-d6cf34afae09" executionId="3a5989e9-f4e2-4c0d-8e4b-89fb67b6ac28" testListId="8c84fa94-04c1-424b-9868-57a2d4851a1d" />
    <TestEntry testId="395edfb2-72c2-1137-e67d-5891e9682adf" executionId="d4743a19-fef5-40b5-8354-27cb62a98c5f" testListId="8c84fa94-04c1-424b-9868-57a2d4851a1d" />
    <TestEntry testId="08dcbf49-5bd8-bc4c-1aa7-81649d3c076a" executionId="55bfcf1e-31c9-4641-bedd-b7652296916c" testListId="8c84fa94-04c1-424b-9868-57a2d4851a1d" />
    <TestEntry testId="9922dd9b-ed27-2787-b2de-cb8b9fefbb1a" executionId="b76bc6d7-2d1e-4590-98e2-0e06da6cc1f8" testListId="8c84fa94-04c1-424b-9868-57a2d4851a1d" />
    <TestEntry testId="47ebe5bc-45ff-ed18-2dc7-5dac4a8d4740" executionId="8a83845c-852c-40aa-9e36-6a57f559377d" testListId="8c84fa94-04c1-424b-9868-57a2d4851a1d" />
    <TestEntry testId="d4777f22-b0a1-5479-b90f-a4fef0e1d452" executionId="1464ea9f-3b1d-4dd0-977f-50fa575bdd63" testListId="8c84fa94-04c1-424b-9868-57a2d4851a1d" />
    <TestEntry testId="9cf80740-9218-0e85-8642-834d66a8767e" executionId="a26e1b0b-0e62-4b36-8bd9-8714ada220b0" testListId="8c84fa94-04c1-424b-9868-57a2d4851a1d" />
    <TestEntry testId="965e3b69-18cf-5426-b529-c58405766ae5" executionId="9627b896-26ef-45a8-8ad3-536c74105a0b" testListId="8c84fa94-04c1-424b-9868-57a2d4851a1d" />
    <TestEntry testId="11810d0e-d23b-349c-d53c-cd0872cc3b20" executionId="740a3c00-d973-4e06-a98e-0a9a883b8151" testListId="8c84fa94-04c1-424b-9868-57a2d4851a1d" />
    <TestEntry testId="3d799dca-e57d-f9f6-1823-e9da37f21919" executionId="602cfb96-4d9b-4833-9141-6b0084b2c7ff" testListId="8c84fa94-04c1-424b-9868-57a2d4851a1d" />
    <TestEntry testId="e22e1de4-10e8-b8e5-ea1f-d0f440087ebe" executionId="f045a173-950a-4c27-9429-8d0b63b44f81" testListId="8c84fa94-04c1-424b-9868-57a2d4851a1d" />
    <TestEntry testId="77789503-c10e-73a5-c7f4-f04379017023" executionId="31b26bf7-e305-4338-9a68-ea82cf477ea7" testListId="8c84fa94-04c1-424b-9868-57a2d4851a1d" />
    <TestEntry testId="18559dd1-62d6-13ac-0ac1-c39c4d111e20" executionId="7227de5e-d166-41f8-93aa-67a684c52854" testListId="8c84fa94-04c1-424b-9868-57a2d4851a1d" />
    <TestEntry testId="c74eae40-d6da-c954-8439-98ee7f73eecf" executionId="886fb787-9cb3-4d83-9e1c-2f0115de51cd" testListId="8c84fa94-04c1-424b-9868-57a2d4851a1d" />
    <TestEntry testId="bd04489f-1f5c-70a9-1c0f-fc8e3238670f" executionId="59980b9a-ea06-4c7e-b1f1-784b474eed1f" testListId="8c84fa94-04c1-424b-9868-57a2d4851a1d" />
    <TestEntry testId="593aaae9-cd83-8619-90f7-cb05e06d8354" executionId="2571d8b1-84f7-4db1-b6df-6771678a6fda" testListId="8c84fa94-04c1-424b-9868-57a2d4851a1d" />
    <TestEntry testId="748ea817-04ff-4481-57bf-215afbcd8ec7" executionId="f92e7928-d546-48a6-9e5b-57c45e27a248" testListId="8c84fa94-04c1-424b-9868-57a2d4851a1d" />
    <TestEntry testId="d0567a04-265a-d47b-46e7-d720a0a82d42" executionId="8ac80a48-75be-47ef-8618-335bcc477c36" testListId="8c84fa94-04c1-424b-9868-57a2d4851a1d" />
    <TestEntry testId="aab2a550-a744-baeb-7f81-2370d02e95f3" executionId="3a46b09c-bbb7-4a93-bf2e-defac922026b" testListId="8c84fa94-04c1-424b-9868-57a2d4851a1d" />
    <TestEntry testId="6a99016a-f976-93cf-b799-699a78c03a5f" executionId="5a313643-e24b-4919-98fc-d3cc989b2aba" testListId="8c84fa94-04c1-424b-9868-57a2d4851a1d" />
    <TestEntry testId="2c222735-a87e-b030-53a6-5e6d46928261" executionId="f4afb975-eaba-4804-adcb-754eae3bf02d" testListId="8c84fa94-04c1-424b-9868-57a2d4851a1d" />
    <TestEntry testId="02e9a14e-1f59-9eef-e7be-ee32e4eda2d3" executionId="b576eb83-1a68-433a-9b8a-e281acead9ab" testListId="8c84fa94-04c1-424b-9868-57a2d4851a1d" />
    <TestEntry testId="8d5a4d5c-1a09-4375-6afb-3f8f2488eef6" executionId="849797bf-f8b0-4325-b6ea-a409ef492382" testListId="8c84fa94-04c1-424b-9868-57a2d4851a1d" />
    <TestEntry testId="cd452d7a-2ef8-6370-a73e-3b7c08064506" executionId="f27f18d5-c411-411f-856e-505a8e41cba7" testListId="8c84fa94-04c1-424b-9868-57a2d4851a1d" />
    <TestEntry testId="9e4aa725-664a-1182-271d-2d8c7b440fbc" executionId="e9d47585-0824-4ac8-9292-a522af420939" testListId="8c84fa94-04c1-424b-9868-57a2d4851a1d" />
    <TestEntry testId="8372cd68-5fca-5544-a0ec-56679f9bdd36" executionId="52e7624f-4057-4c13-9611-36d7de7b3a7c" testListId="8c84fa94-04c1-424b-9868-57a2d4851a1d" />
    <TestEntry testId="b4ca137f-11e7-074b-29c6-cd66b80210a9" executionId="0ae85caf-06ef-4bdf-a5a1-da210b448744" testListId="8c84fa94-04c1-424b-9868-57a2d4851a1d" />
    <TestEntry testId="96c3b0e4-6d2e-789d-0e25-9e3e18e1cd4f" executionId="d4b50337-d039-4b2b-9529-9d2a23020eb2" testListId="8c84fa94-04c1-424b-9868-57a2d4851a1d" />
    <TestEntry testId="261f180b-c850-b236-905f-d9f028e19ab9" executionId="3b7d514f-dfa4-4d2b-a042-9a5700da5d96" testListId="8c84fa94-04c1-424b-9868-57a2d4851a1d" />
    <TestEntry testId="66b49aa0-8bd6-3e93-e210-fad9eb969007" executionId="4ba3d1b1-60fc-4ff1-9eb5-26d990b1c7ee" testListId="8c84fa94-04c1-424b-9868-57a2d4851a1d" />
    <TestEntry testId="08d6aba3-2a2f-48ac-9c93-9cfc4d696497" executionId="c70af2dc-e97a-4cbf-9089-c3e5d10ce481" testListId="8c84fa94-04c1-424b-9868-57a2d4851a1d" />
    <TestEntry testId="74bbb5e4-4b6f-fa7f-73f1-b4b2808cff72" executionId="d1352a61-6e48-483b-9106-dd81601b7293" testListId="8c84fa94-04c1-424b-9868-57a2d4851a1d" />
    <TestEntry testId="3c38e41f-40f4-6b6b-9587-0d62f0878250" executionId="1f364c2b-db25-4a96-911a-1d2970f1e76d" testListId="8c84fa94-04c1-424b-9868-57a2d4851a1d" />
    <TestEntry testId="367d6c36-efd7-de8c-690f-1079351340e1" executionId="fb4345d0-ca22-46f4-b0e9-7ad098f18802" testListId="8c84fa94-04c1-424b-9868-57a2d4851a1d" />
    <TestEntry testId="338f8488-8b9a-ae52-7bca-44fe9ec14fa9" executionId="6de897e3-9991-4c33-bbc9-c6d498f2cadf" testListId="8c84fa94-04c1-424b-9868-57a2d4851a1d" />
    <TestEntry testId="7bff7a98-b723-6afa-ba9b-732d065a2916" executionId="64e427cf-9388-45aa-86fe-1e3812a360c2" testListId="8c84fa94-04c1-424b-9868-57a2d4851a1d" />
    <TestEntry testId="6f3bc40c-0379-385b-f1fa-d72ff169974f" executionId="f4504628-54c3-4f16-acf4-c3cd1ce2f735" testListId="8c84fa94-04c1-424b-9868-57a2d4851a1d" />
    <TestEntry testId="5ed8290f-d806-7f98-8ed6-6b604eea1826" executionId="3a585f19-d3af-422d-913b-69c73dee8c82" testListId="8c84fa94-04c1-424b-9868-57a2d4851a1d" />
    <TestEntry testId="65ee6d7d-b447-025f-23bc-7115f93d97b9" executionId="2743be11-e7e1-4f48-95e8-e4e48dfdfc6b" testListId="8c84fa94-04c1-424b-9868-57a2d4851a1d" />
    <TestEntry testId="8ee782c2-5827-1749-c650-465571e1ef47" executionId="d1b739be-8523-4f2f-8323-710299cc4212" testListId="8c84fa94-04c1-424b-9868-57a2d4851a1d" />
    <TestEntry testId="b72cfc5a-52a2-2300-4d86-e48d0c012e1e" executionId="a48c705c-c3ce-480b-9786-d4b201dc76de" testListId="8c84fa94-04c1-424b-9868-57a2d4851a1d" />
    <TestEntry testId="bb8e55a0-1ee1-d5cf-e703-0aa0ec0bb37d" executionId="c7fd8f32-a03c-4eb4-b9f2-167c3f8be72d" testListId="8c84fa94-04c1-424b-9868-57a2d4851a1d" />
    <TestEntry testId="24140b41-e03b-b699-d074-82bee71ecb32" executionId="cad43084-36f5-4be6-9e85-2c12b4d52e1b" testListId="8c84fa94-04c1-424b-9868-57a2d4851a1d" />
    <TestEntry testId="1c6fced8-1dca-377d-52ce-e0a84bf728e3" executionId="25ab4b46-e66a-4e5d-a876-da00802b5e9e" testListId="8c84fa94-04c1-424b-9868-57a2d4851a1d" />
    <TestEntry testId="33125c07-9051-50b0-7e4f-863e1d83344d" executionId="1a784aed-3c56-4efb-889d-5116086816cb" testListId="8c84fa94-04c1-424b-9868-57a2d4851a1d" />
    <TestEntry testId="bcb91360-94b2-5246-f551-a8bd76523258" executionId="06b64961-6d9c-4ba6-9e66-c430a60ec7bf" testListId="8c84fa94-04c1-424b-9868-57a2d4851a1d" />
    <TestEntry testId="71d3017e-00bc-1397-b43b-c48ad33962d7" executionId="1edbed2f-1de6-4d53-939d-1b1015377717" testListId="8c84fa94-04c1-424b-9868-57a2d4851a1d" />
    <TestEntry testId="c4cd2600-2970-c620-8830-0798c3c4fd86" executionId="feb5f358-83c4-4d84-abea-bf3dd593cd10" testListId="8c84fa94-04c1-424b-9868-57a2d4851a1d" />
    <TestEntry testId="10fb0cfc-75ba-5071-54a2-b904db13da0e" executionId="fa87baff-7c60-456b-bad7-8b6263ce1383" testListId="8c84fa94-04c1-424b-9868-57a2d4851a1d" />
    <TestEntry testId="84d3056c-e2ee-d4d3-094c-140fd0c39258" executionId="43e5be9e-acab-4ad5-87ad-c7dd78707eb4" testListId="8c84fa94-04c1-424b-9868-57a2d4851a1d" />
  </TestEntries>
  <TestLists>
    <TestList name="Results Not in a List" id="8c84fa94-04c1-424b-9868-57a2d4851a1d" />
    <TestList name="All Loaded Results" id="19431567-8539-422a-85d7-44ee4e166bda" />
  </TestLists>
  <ResultSummary outcome="Completed">
    <Counters total="61" executed="7" passed="7" failed="0" error="0" timeout="0" aborted="0" inconclusive="0" passedButRunAborted="0" notRunnable="0" notExecuted="0" disconnected="0" warning="0" completed="0" inProgress="0" pending="0" />
    <Output>
      <StdOut>NUnit Adapter 5.0.0.0: Test execution started
Running all tests in /home/runner/_work/eva/eva/test/EVA.TestSuite.PIM/bin/Release/EVA.TestSuite.PIM.dll
   NUnit3TestExecutor discovered 61 of 61 NUnit test cases using Current Discovery mode, Non-Explicit run
ListRevisionsIncludingSystemRevisions: Skipping test: it does not belong to this partition.
ListRevisionsWithProductID: Skipping test: it does not belong to this partition.
Revision_status_is_set_to_applied: Skipping test: it does not belong to this partition.
Can_create_new_AssortmentContentCulture_and_use_it_for_search: Skipping test: it does not belong to this partition.
New_AssortmentContentCulture_is_composed_after_creating_it: Skipping test: it does not belong to this partition.
Can_use_Aggregate_completion: Skipping test: it does not belong to this partition.
Can_use_property_autocomplete: Skipping test: it does not belong to this partition.
Warning message/SearchProducts missing_includedfields - No IncludedFields specified for a SearchProducts request.

Test 'ListRevisionsIncludingSystemRevisions' was skipped in the test run.
Test 'ListRevisionsWithProductID' was skipped in the test run.
Test 'Revision_status_is_set_to_applied' was skipped in the test run.
Test 'Can_create_new_AssortmentContentCulture_and_use_it_for_search' was skipped in the test run.
Test 'New_AssortmentContentCulture_is_composed_after_creating_it' was skipped in the test run.
Test 'Can_use_Aggregate_completion' was skipped in the test run.
Test 'Can_use_property_autocomplete' was skipped in the test run.
Warning message/SearchProducts missing_includedfields - No IncludedFields specified for a SearchProducts request.

Warning message/SearchProducts missing_includedfields - No IncludedFields specified for a SearchProducts request.

Should_be_able_to_create_a_property_and_change_its_data_type_afterwards: Skipping test: it does not belong to this partition.
FilterOnBothProductIDAndRevisionWorks: Skipping test: it does not belong to this partition.
Test: Skipping test: it does not belong to this partition.
After_importing_a_valid_product_it_should_be_searchable: Skipping test: it does not belong to this partition.
Can_create_new_properties: Skipping test: it does not belong to this partition.
Test 'Should_be_able_to_create_a_property_and_change_its_data_type_afterwards' was skipped in the test run.
Test 'FilterOnBothProductIDAndRevisionWorks' was skipped in the test run.
Test 'Test' was skipped in the test run.
Test 'After_importing_a_valid_product_it_should_be_searchable' was skipped in the test run.
Test 'Can_create_new_properties' was skipped in the test run.
Can_import_images(True): Skipping test: it does not belong to this partition.
Can_import_images(False): Skipping test: it does not belong to this partition.
Can_update_taxcode: Skipping test: it does not belong to this partition.
Content_on_the_child_that_already_exists_on_the_child_is_not_duplicated: Skipping test: it does not belong to this partition.
Creating_Configurable_Properties_ImportProducts: Skipping test: it does not belong to this partition.
Import_gift_card_using_existing_configuration_id: Skipping test: it does not belong to this partition.
Imported_products_with_images_appear_correctly_in_search_order: Skipping test: it does not belong to this partition.
Multiple_content_objects_for_the_same_layer_are_merged: Skipping test: it does not belong to this partition.
Multiple_products: Skipping test: it does not belong to this partition.
Test 'Can_import_images(True)' was skipped in the test run.
Test 'Can_import_images(False)' was skipped in the test run.
Test 'Can_update_taxcode' was skipped in the test run.
Test 'Content_on_the_child_that_already_exists_on_the_child_is_not_duplicated' was skipped in the test run.
Test 'Creating_Configurable_Properties_ImportProducts' was skipped in the test run.
Test 'Import_gift_card_using_existing_configuration_id' was skipped in the test run.
Test 'Imported_products_with_images_appear_correctly_in_search_order' was skipped in the test run.
Test 'Multiple_content_objects_for_the_same_layer_are_merged' was skipped in the test run.
Test 'Multiple_products' was skipped in the test run.
TaxCode_is_required: Skipping test: it does not belong to this partition.
Updating__and_partial_Create_Configurable_Properties_ImportProducts: Skipping test: it does not belong to this partition.
Updating_Configurable_Properties_ImportProducts: Skipping test: it does not belong to this partition.
Updating_SerialNumber_requirement_In_ImportProducts: Skipping test: it does not belong to this partition.
Valid_product_hierarchy_import: Skipping test: it does not belong to this partition.
Valid_product_hierarchy_with_content_import: Skipping test: it does not belong to this partition.
When_parent_has_no_content_but_the_children_do: Skipping test: it does not belong to this partition.
Can_list_edits: Skipping test: it does not belong to this partition.
filter_on_id_should_work: Skipping test: it does not belong to this partition.
Test 'TaxCode_is_required' was skipped in the test run.
Test 'Updating__and_partial_Create_Configurable_Properties_ImportProducts' was skipped in the test run.
Test 'Updating_Configurable_Properties_ImportProducts' was skipped in the test run.
Test 'Updating_SerialNumber_requirement_In_ImportProducts' was skipped in the test run.
Test 'Valid_product_hierarchy_import' was skipped in the test run.
Test 'Valid_product_hierarchy_with_content_import' was skipped in the test run.
Test 'When_parent_has_no_content_but_the_children_do' was skipped in the test run.
Test 'Can_list_edits' was skipped in the test run.
Test 'filter_on_id_should_work' was skipped in the test run.
searchtype_filter_can_be_fuzzy: Skipping test: it does not belong to this partition.
DownloadProductExcelTest: Skipping test: it does not belong to this partition.
ExportProductBaseExcelAsyncShouldWork: Skipping test: it does not belong to this partition.
ExportProductBaseExcelShouldWork: Skipping test: it does not belong to this partition.
UploadProductExcelTest_create_product: Skipping test: it does not belong to this partition.
ProductChildren_test: Skipping test: it does not belong to this partition.
ProductParents_test: Skipping test: it does not belong to this partition.
Bundle_products: Skipping test: it does not belong to this partition.
Can_filter_on_availability: Skipping test: it does not belong to this partition.
Test 'searchtype_filter_can_be_fuzzy' was skipped in the test run.
Test 'DownloadProductExcelTest' was skipped in the test run.
Test 'ExportProductBaseExcelAsyncShouldWork' was skipped in the test run.
Test 'ExportProductBaseExcelShouldWork' was skipped in the test run.
Test 'UploadProductExcelTest_create_product' was skipped in the test run.
Test 'ProductChildren_test' was skipped in the test run.
Test 'ProductParents_test' was skipped in the test run.
Test 'Bundle_products' was skipped in the test run.
Test 'Can_filter_on_availability' was skipped in the test run.
Can_sort_and_score_by_stock: Skipping test: it does not belong to this partition.
Configurable_products: Skipping test: it does not belong to this partition.
Leaving_query_null_does_not_cause_a_NullReference: Skipping test: it does not belong to this partition.
Can_reindex_documens: Skipping test: it does not belong to this partition.
Can_search_by_category: Skipping test: it does not belong to this partition.
Can_search_new_PPTs: Skipping test: it does not belong to this partition.
Can_search_PPTs: Skipping test: it does not belong to this partition.
Can_exclude_second_chance_products_from_product_search: Skipping test: it does not belong to this partition.
Can_use_both_product_search_template_and_filters: Skipping test: it does not belong to this partition.
Test 'Can_sort_and_score_by_stock' was skipped in the test run.
Test 'Configurable_products' was skipped in the test run.
Test 'Leaving_query_null_does_not_cause_a_NullReference' was skipped in the test run.
Test 'Can_reindex_documens' was skipped in the test run.
Test 'Can_search_by_category' was skipped in the test run.
Test 'Can_search_new_PPTs' was skipped in the test run.
Test 'Can_search_PPTs' was skipped in the test run.
Test 'Can_exclude_second_chance_products_from_product_search' was skipped in the test run.
Test 'Can_use_both_product_search_template_and_filters' was skipped in the test run.
Product_search_returns_if_product_is_part_of_bundle: Skipping test: it does not belong to this partition.
Search_by_empty_ids_works: Skipping test: it does not belong to this partition.
Search_by_id_works: Skipping test: it does not belong to this partition.
Warning message/SearchProducts missing_includedfields - No IncludedFields specified for a SearchProducts request.

Can_create_multiword_synonyms: Skipping test: it does not belong to this partition.
Can_create_synonyms: Skipping test: it does not belong to this partition.
EditProductPropertyTypeShouldWorkWithoutContent: Skipping test: it does not belong to this partition.
NUnit Adapter 5.0.0.0: Test execution complete
Test 'Product_search_returns_if_product_is_part_of_bundle' was skipped in the test run.
Test 'Search_by_empty_ids_works' was skipped in the test run.
Test 'Search_by_id_works' was skipped in the test run.
Test 'Can_create_multiword_synonyms' was skipped in the test run.
Test 'Can_create_synonyms' was skipped in the test run.
Test 'EditProductPropertyTypeShouldWorkWithoutContent' was skipped in the test run.
</StdOut>
    </Output>
  </ResultSummary>
</TestRun>