<?xml version="1.0" encoding="utf-8"?>
<TestRun id="a2866473-e484-4e6a-a738-ef892bd5e660" name="@ip-10-1-4-15 2025-04-02 13:10:15" xmlns="http://microsoft.com/schemas/VisualStudio/TeamTest/2010">
  <Times creation="2025-04-02T13:10:15.9562344+00:00" queuing="2025-04-02T13:10:15.9562345+00:00" start="2025-04-02T13:10:14.1559683+00:00" finish="2025-04-02T13:10:21.2718874+00:00" />
  <TestSettings name="default" id="146c4dfd-0971-4519-87df-8a5e1ca99413">
    <Deployment runDeploymentRoot="_ip-10-1-4-15_2025-04-02_13_10_15" />
  </TestSettings>
  <Results>
    <UnitTestResult executionId="50df9456-ed01-465e-b5a0-ad60eaa71fbb" testId="e6841cda-7817-ee12-5fd0-97181e9db761" testName="HappyFlowWorks" computerName="ip-10-1-4-15" duration="00:00:00.0000770" startTime="2025-04-02T13:10:17.6388606+00:00" endTime="2025-04-02T13:10:17.6389379+00:00" testType="13cdc9d9-ddb5-4fa4-a97d-d965ccfc6d4b" outcome="NotExecuted" testListId="8c84fa94-04c1-424b-9868-57a2d4851a1d" relativeResultsDirectory="50df9456-ed01-465e-b5a0-ad60eaa71fbb">
      <Output>
        <StdOut>Skipping test: it does not belong to this partition.</StdOut>
        <ErrorInfo>
          <Message>Skipping test: it does not belong to this partition.</Message>
        </ErrorInfo>
      </Output>
    </UnitTestResult>
    <UnitTestResult executionId="452e221d-5939-4fe2-817c-8f2ab558648a" testId="7a298811-f90e-26ed-4e6a-b81bc6a0ef85" testName="PaymentCaptureCancelWorks" computerName="ip-10-1-4-15" duration="00:00:00.4080980" startTime="2025-04-02T13:10:19.2219986+00:00" endTime="2025-04-02T13:10:19.6300964+00:00" testType="13cdc9d9-ddb5-4fa4-a97d-d965ccfc6d4b" outcome="Passed" testListId="8c84fa94-04c1-424b-9868-57a2d4851a1d" relativeResultsDirectory="452e221d-5939-4fe2-817c-8f2ab558648a" />
    <UnitTestResult executionId="9cb339a1-4d1a-439c-bbfe-c9bb0c4c2c5b" testId="38bebc1b-3ef9-4602-ff06-70d9f22e190a" testName="Add_shopper_reference_to_session_request" computerName="ip-10-1-4-15" duration="00:00:00.0133100" startTime="2025-04-02T13:10:15.1805444+00:00" endTime="2025-04-02T13:10:15.1938247+00:00" testType="13cdc9d9-ddb5-4fa4-a97d-d965ccfc6d4b" outcome="NotExecuted" testListId="8c84fa94-04c1-424b-9868-57a2d4851a1d" relativeResultsDirectory="9cb339a1-4d1a-439c-bbfe-c9bb0c4c2c5b">
      <Output>
        <StdOut>Skipping test: it does not belong to this partition.</StdOut>
        <ErrorInfo>
          <Message>Skipping test: it does not belong to this partition.</Message>
        </ErrorInfo>
      </Output>
    </UnitTestResult>
    <UnitTestResult executionId="601daa10-7675-4eb2-9f69-21fc4399aa7b" testId="219f7365-7012-cb2f-35f5-16b6b846fb3d" testName="Can_get_payment_transaction_settlements_for_payment_transaction_without_captures" computerName="ip-10-1-4-15" duration="00:00:00.6309410" startTime="2025-04-02T13:10:19.8986643+00:00" endTime="2025-04-02T13:10:20.5296042+00:00" testType="13cdc9d9-ddb5-4fa4-a97d-d965ccfc6d4b" outcome="Passed" testListId="8c84fa94-04c1-424b-9868-57a2d4851a1d" relativeResultsDirectory="601daa10-7675-4eb2-9f69-21fc4399aa7b">
      <Output>
        <StdOut>Warning message/PushSalesOrder obsolete_field:Customer.NoAccount - Customer.NoAccount is deprecated and will be removed in 2.0.663: Replaced with AccountType.
Warning message/PushSalesOrder obsolete_field:BillingAddress.Street - BillingAddress.Street is deprecated and will be removed in 2.0.658: Use `Address1`.
Warning message/PushSalesOrder obsolete_field:ShippingAddress.Street - ShippingAddress.Street is deprecated and will be removed in 2.0.658: Use `Address1`.
Warning message/UploadPaymentSettlementFile obsolete_field:MimeType - MimeType is deprecated and will be removed in 2.0.766: Replaced with BlobID..
Warning message/UploadPaymentSettlementFile obsolete_field:Data - Data is deprecated and will be removed in 2.0.766: Replaced with BlobID..
Warning message/ListFinancialEvents limit_large - Limit parameter 1000 is high - consider adding paging.</StdOut>
      </Output>
    </UnitTestResult>
    <UnitTestResult executionId="546c9b4f-0f5d-43a2-9f8d-267e0dcfec03" testId="42db2585-47c9-69d6-1d80-a5aedb38dda9" testName="PaymentChargebackFlowWorks" computerName="ip-10-1-4-15" duration="00:00:00.0004870" startTime="2025-04-02T13:10:19.8979746+00:00" endTime="2025-04-02T13:10:19.8984609+00:00" testType="13cdc9d9-ddb5-4fa4-a97d-d965ccfc6d4b" outcome="NotExecuted" testListId="8c84fa94-04c1-424b-9868-57a2d4851a1d" relativeResultsDirectory="546c9b4f-0f5d-43a2-9f8d-267e0dcfec03">
      <Output>
        <StdOut>Skipping test: it does not belong to this partition.</StdOut>
        <ErrorInfo>
          <Message>Skipping test: it does not belong to this partition.</Message>
        </ErrorInfo>
      </Output>
    </UnitTestResult>
    <UnitTestResult executionId="471f535b-8963-42ce-9a12-1db22042632e" testId="50fd6c0c-8c7a-9032-1df9-ed9453d848b3" testName="Validate_service_works" computerName="ip-10-1-4-15" duration="00:00:00.0004010" startTime="2025-04-02T13:10:17.6362754+00:00" endTime="2025-04-02T13:10:17.6366761+00:00" testType="13cdc9d9-ddb5-4fa4-a97d-d965ccfc6d4b" outcome="NotExecuted" testListId="8c84fa94-04c1-424b-9868-57a2d4851a1d" relativeResultsDirectory="471f535b-8963-42ce-9a12-1db22042632e">
      <Output>
        <StdOut>Skipping test: it does not belong to this partition.</StdOut>
        <ErrorInfo>
          <Message>Skipping test: it does not belong to this partition.</Message>
        </ErrorInfo>
      </Output>
    </UnitTestResult>
    <UnitTestResult executionId="332ede6d-ca62-408d-b79d-bc8b1292aea1" testId="edb9e9e1-e8eb-1edf-40f2-3f4d0f8e9d7f" testName="FlexibleTypeMappingShouldWork" computerName="ip-10-1-4-15" duration="00:00:00.0000690" startTime="2025-04-02T13:10:17.6377905+00:00" endTime="2025-04-02T13:10:17.6378591+00:00" testType="13cdc9d9-ddb5-4fa4-a97d-d965ccfc6d4b" outcome="NotExecuted" testListId="8c84fa94-04c1-424b-9868-57a2d4851a1d" relativeResultsDirectory="332ede6d-ca62-408d-b79d-bc8b1292aea1">
      <Output>
        <StdOut>Skipping test: it does not belong to this partition.</StdOut>
        <ErrorInfo>
          <Message>Skipping test: it does not belong to this partition.</Message>
        </ErrorInfo>
      </Output>
    </UnitTestResult>
    <UnitTestResult executionId="86f0a3f8-31d2-43ac-8780-cf971c965cdb" testId="e55afe91-572c-f6f2-889a-630fe9ec7e22" testName="Adyen_PIN_works" computerName="ip-10-1-4-15" duration="00:00:00.0004600" startTime="2025-04-02T13:10:17.6371763+00:00" endTime="2025-04-02T13:10:17.6376360+00:00" testType="13cdc9d9-ddb5-4fa4-a97d-d965ccfc6d4b" outcome="NotExecuted" testListId="8c84fa94-04c1-424b-9868-57a2d4851a1d" relativeResultsDirectory="86f0a3f8-31d2-43ac-8780-cf971c965cdb">
      <Output>
        <StdOut>Skipping test: it does not belong to this partition.</StdOut>
        <ErrorInfo>
          <Message>Skipping test: it does not belong to this partition.</Message>
        </ErrorInfo>
      </Output>
    </UnitTestResult>
    <UnitTestResult executionId="77c80517-eda2-4e62-9302-f71abf7f8cbb" testId="ac0ade3e-a5dd-abe4-b8f6-7bc7d5cbcf40" testName="HappyFlowWorks" computerName="ip-10-1-4-15" duration="00:00:00.2957030" startTime="2025-04-02T13:10:16.5166948+00:00" endTime="2025-04-02T13:10:16.8123974+00:00" testType="13cdc9d9-ddb5-4fa4-a97d-d965ccfc6d4b" outcome="Passed" testListId="8c84fa94-04c1-424b-9868-57a2d4851a1d" relativeResultsDirectory="77c80517-eda2-4e62-9302-f71abf7f8cbb" />
    <UnitTestResult executionId="0ab9d432-6f09-459d-a7a3-78380d9d479f" testId="fd1d4366-bbae-cd04-523e-1ae0b3fbbf87" testName="NotificationsWork" computerName="ip-10-1-4-15" duration="00:00:00.2088190" startTime="2025-04-02T13:10:16.8124369+00:00" endTime="2025-04-02T13:10:17.0212555+00:00" testType="13cdc9d9-ddb5-4fa4-a97d-d965ccfc6d4b" outcome="Passed" testListId="8c84fa94-04c1-424b-9868-57a2d4851a1d" relativeResultsDirectory="0ab9d432-6f09-459d-a7a3-78380d9d479f" />
    <UnitTestResult executionId="3eebaf4c-6018-4ee9-b293-35d63b3f03de" testId="9b3961b7-67d0-c114-9a25-57b025fd12b6" testName="Adyen_PIN_works_with_captures" computerName="ip-10-1-4-15" duration="00:00:00.0001220" startTime="2025-04-02T13:10:17.6376640+00:00" endTime="2025-04-02T13:10:17.6377855+00:00" testType="13cdc9d9-ddb5-4fa4-a97d-d965ccfc6d4b" outcome="NotExecuted" testListId="8c84fa94-04c1-424b-9868-57a2d4851a1d" relativeResultsDirectory="3eebaf4c-6018-4ee9-b293-35d63b3f03de">
      <Output>
        <StdOut>Skipping test: it does not belong to this partition.</StdOut>
        <ErrorInfo>
          <Message>Skipping test: it does not belong to this partition.</Message>
        </ErrorInfo>
      </Output>
    </UnitTestResult>
    <UnitTestResult executionId="9301a9ed-8674-40af-84d6-8846cbcd8496" testId="3b74ce56-2eb2-8090-40a4-c7edbd7b64cc" testName="PaymentRefundBeforeCaptureWorks" computerName="ip-10-1-4-15" duration="00:00:00.2672700" startTime="2025-04-02T13:10:19.6301510+00:00" endTime="2025-04-02T13:10:19.8974205+00:00" testType="13cdc9d9-ddb5-4fa4-a97d-d965ccfc6d4b" outcome="Passed" testListId="8c84fa94-04c1-424b-9868-57a2d4851a1d" relativeResultsDirectory="9301a9ed-8674-40af-84d6-8846cbcd8496" />
    <UnitTestResult executionId="0731415b-3cbe-4744-9016-f24e10005847" testId="9ff231fc-986a-a66b-afaf-a58b8fa9e92a" testName="Payment_transaction_description_is_updated_when_updating_payment_type_for_dropin" computerName="ip-10-1-4-15" duration="00:00:00.3360389" startTime="2025-04-02T13:10:17.2995898+00:00" endTime="2025-04-02T13:10:17.6356283+00:00" testType="13cdc9d9-ddb5-4fa4-a97d-d965ccfc6d4b" outcome="Passed" testListId="8c84fa94-04c1-424b-9868-57a2d4851a1d" relativeResultsDirectory="0731415b-3cbe-4744-9016-f24e10005847" />
    <UnitTestResult executionId="6872a801-6b2b-4cbe-937d-3a112a75f988" testId="4b46d226-fdae-c903-693f-9618f7049c3d" testName="EmptyNotificationsWork" computerName="ip-10-1-4-15" duration="00:00:00.2617230" startTime="2025-04-02T13:10:16.2549314+00:00" endTime="2025-04-02T13:10:16.5166536+00:00" testType="13cdc9d9-ddb5-4fa4-a97d-d965ccfc6d4b" outcome="Passed" testListId="8c84fa94-04c1-424b-9868-57a2d4851a1d" relativeResultsDirectory="6872a801-6b2b-4cbe-937d-3a112a75f988" />
    <UnitTestResult executionId="ff4ff9f2-fe51-41f0-b6c2-ff901d631c45" testId="f666babe-28ab-a5d8-ac97-ae0622f4d6ea" testName="Create_pending_payment_transaction_for_Interac_when_refunding" computerName="ip-10-1-4-15" duration="00:00:00.0002280" startTime="2025-04-02T13:10:17.6359607+00:00" endTime="2025-04-02T13:10:17.6361889+00:00" testType="13cdc9d9-ddb5-4fa4-a97d-d965ccfc6d4b" outcome="NotExecuted" testListId="8c84fa94-04c1-424b-9868-57a2d4851a1d" relativeResultsDirectory="ff4ff9f2-fe51-41f0-b6c2-ff901d631c45">
      <Output>
        <StdOut>This test fails if the OrganizationUnitSetID of the PaymentType in the call to CreateOrUpdateOrganizationUnitSetPaymentType is set to an actual SetID instead of an OU ID.</StdOut>
        <ErrorInfo>
          <Message>This test fails if the OrganizationUnitSetID of the PaymentType in the call to CreateOrUpdateOrganizationUnitSetPaymentType is set to an actual SetID instead of an OU ID.</Message>
        </ErrorInfo>
      </Output>
    </UnitTestResult>
    <UnitTestResult executionId="ca90fcc5-d5e5-4c93-9243-74ca3d27507a" testId="f4ea3dd4-11ba-a13f-9a45-98e082c9e024" testName="Add_shopper_reference_to_session_request" computerName="ip-10-1-4-15" duration="00:00:00.6333029" startTime="2025-04-02T13:10:15.1964399+00:00" endTime="2025-04-02T13:10:15.8297428+00:00" testType="13cdc9d9-ddb5-4fa4-a97d-d965ccfc6d4b" outcome="Passed" testListId="8c84fa94-04c1-424b-9868-57a2d4851a1d" relativeResultsDirectory="ca90fcc5-d5e5-4c93-9243-74ca3d27507a" />
    <UnitTestResult executionId="8c2d513c-3d87-4fc6-a6f3-6b0e52381738" testId="80bfd713-3505-019e-01fb-70704e3b94be" testName="Partial_payments_work" computerName="ip-10-1-4-15" duration="00:00:00.2782540" startTime="2025-04-02T13:10:17.0212956+00:00" endTime="2025-04-02T13:10:17.2995495+00:00" testType="13cdc9d9-ddb5-4fa4-a97d-d965ccfc6d4b" outcome="Passed" testListId="8c84fa94-04c1-424b-9868-57a2d4851a1d" relativeResultsDirectory="8c2d513c-3d87-4fc6-a6f3-6b0e52381738" />
    <UnitTestResult executionId="e4a63522-1e69-49e4-ab19-2cafe7f8f525" testId="ea6f8979-6700-0af6-bbcf-dd3083d8279f" testName="Should_be_available" computerName="ip-10-1-4-15" duration="00:00:00.0001340" startTime="2025-04-02T13:10:17.6368079+00:00" endTime="2025-04-02T13:10:17.6369417+00:00" testType="13cdc9d9-ddb5-4fa4-a97d-d965ccfc6d4b" outcome="NotExecuted" testListId="8c84fa94-04c1-424b-9868-57a2d4851a1d" relativeResultsDirectory="e4a63522-1e69-49e4-ab19-2cafe7f8f525">
      <Output>
        <StdOut>Skipping test: it does not belong to this partition.</StdOut>
        <ErrorInfo>
          <Message>Skipping test: it does not belong to this partition.</Message>
        </ErrorInfo>
      </Output>
    </UnitTestResult>
    <UnitTestResult executionId="a5ca23d9-0ee6-4497-a007-671f2b32d204" testId="4141c379-df92-d6f3-0d7f-d1483507cc51" testName="Employee_can_cancel_possdk_payment" computerName="ip-10-1-4-15" duration="00:00:00.0002330" startTime="2025-04-02T13:10:17.6382644+00:00" endTime="2025-04-02T13:10:17.6384977+00:00" testType="13cdc9d9-ddb5-4fa4-a97d-d965ccfc6d4b" outcome="NotExecuted" testListId="8c84fa94-04c1-424b-9868-57a2d4851a1d" relativeResultsDirectory="a5ca23d9-0ee6-4497-a007-671f2b32d204">
      <Output>
        <StdOut>Skipping test: it does not belong to this partition.</StdOut>
        <ErrorInfo>
          <Message>Skipping test: it does not belong to this partition.</Message>
        </ErrorInfo>
      </Output>
    </UnitTestResult>
    <UnitTestResult executionId="8a9c4109-4909-4d71-a382-4eb2ad17e584" testId="c92d9416-eeab-ec4e-639d-76feb569a82f" testName="Can_get_payment_transaction_settlements_with_captures" computerName="ip-10-1-4-15" duration="00:00:00.4590380" startTime="2025-04-02T13:10:20.7553497+00:00" endTime="2025-04-02T13:10:21.2143864+00:00" testType="13cdc9d9-ddb5-4fa4-a97d-d965ccfc6d4b" outcome="Passed" testListId="8c84fa94-04c1-424b-9868-57a2d4851a1d" relativeResultsDirectory="8a9c4109-4909-4d71-a382-4eb2ad17e584">
      <Output>
        <StdOut>Warning message/PushSalesOrder obsolete_field:Customer.NoAccount - Customer.NoAccount is deprecated and will be removed in 2.0.663: Replaced with AccountType.
Warning message/PushSalesOrder obsolete_field:BillingAddress.Street - BillingAddress.Street is deprecated and will be removed in 2.0.658: Use `Address1`.
Warning message/PushSalesOrder obsolete_field:ShippingAddress.Street - ShippingAddress.Street is deprecated and will be removed in 2.0.658: Use `Address1`.
Warning message/UploadPaymentSettlementFile obsolete_field:MimeType - MimeType is deprecated and will be removed in 2.0.766: Replaced with BlobID..
Warning message/UploadPaymentSettlementFile obsolete_field:Data - Data is deprecated and will be removed in 2.0.766: Replaced with BlobID..
Warning message/ListFinancialEvents limit_large - Limit parameter 1000 is high - consider adding paging.</StdOut>
      </Output>
    </UnitTestResult>
    <UnitTestResult executionId="f0d22b87-9a86-4cea-86da-cc746a6cd244" testId="536b7d09-78d2-c6ac-4f39-1d81e51c3fed" testName="Adyen_PIN_currency_conversion_data_is_attached_to_transactions" computerName="ip-10-1-4-15" duration="00:00:00.0001090" startTime="2025-04-02T13:10:17.6370615+00:00" endTime="2025-04-02T13:10:17.6371702+00:00" testType="13cdc9d9-ddb5-4fa4-a97d-d965ccfc6d4b" outcome="NotExecuted" testListId="8c84fa94-04c1-424b-9868-57a2d4851a1d" relativeResultsDirectory="f0d22b87-9a86-4cea-86da-cc746a6cd244">
      <Output>
        <StdOut>Skipping test: it does not belong to this partition.</StdOut>
        <ErrorInfo>
          <Message>Skipping test: it does not belong to this partition.</Message>
        </ErrorInfo>
      </Output>
    </UnitTestResult>
    <UnitTestResult executionId="2f77aa6c-1f82-468e-bd6f-c1ac9e838d7e" testId="d1e6fc26-4855-2207-52cb-b58523890b13" testName="PaymentCaptureCancel_Failure_Works" computerName="ip-10-1-4-15" duration="00:00:00.5302249" startTime="2025-04-02T13:10:18.6917046+00:00" endTime="2025-04-02T13:10:19.2219282+00:00" testType="13cdc9d9-ddb5-4fa4-a97d-d965ccfc6d4b" outcome="Passed" testListId="8c84fa94-04c1-424b-9868-57a2d4851a1d" relativeResultsDirectory="2f77aa6c-1f82-468e-bd6f-c1ac9e838d7e" />
    <UnitTestResult executionId="1ce517f7-42d0-433a-b7e7-80be91b9fd8c" testId="ed5e0975-0241-b048-8f37-c0b8968020b1" testName="Can_get_payment_transaction_settlements_that_have_no_payment_reference" computerName="ip-10-1-4-15" duration="00:00:00.2256470" startTime="2025-04-02T13:10:20.5296549+00:00" endTime="2025-04-02T13:10:20.7553008+00:00" testType="13cdc9d9-ddb5-4fa4-a97d-d965ccfc6d4b" outcome="Passed" testListId="8c84fa94-04c1-424b-9868-57a2d4851a1d" relativeResultsDirectory="1ce517f7-42d0-433a-b7e7-80be91b9fd8c">
      <Output>
        <StdOut>Warning message/UploadPaymentSettlementFile obsolete_field:MimeType - MimeType is deprecated and will be removed in 2.0.766: Replaced with BlobID..
Warning message/UploadPaymentSettlementFile obsolete_field:Data - Data is deprecated and will be removed in 2.0.766: Replaced with BlobID..
Warning message/ListFinancialEvents limit_large - Limit parameter 1000 is high - consider adding paging.</StdOut>
      </Output>
    </UnitTestResult>
    <UnitTestResult executionId="dabcb229-7744-461b-9a51-5599391e6f5e" testId="2d99b25c-66f1-4e41-1336-8d9f6be7a3e0" testName="InvalidAddressIsHandled" computerName="ip-10-1-4-15" duration="00:00:00.0002020" startTime="2025-04-02T13:10:17.6389422+00:00" endTime="2025-04-02T13:10:17.6391444+00:00" testType="13cdc9d9-ddb5-4fa4-a97d-d965ccfc6d4b" outcome="NotExecuted" testListId="8c84fa94-04c1-424b-9868-57a2d4851a1d" relativeResultsDirectory="dabcb229-7744-461b-9a51-5599391e6f5e">
      <Output>
        <StdOut>Skipping test: it does not belong to this partition.</StdOut>
        <ErrorInfo>
          <Message>Skipping test: it does not belong to this partition.</Message>
        </ErrorInfo>
      </Output>
    </UnitTestResult>
    <UnitTestResult executionId="e2d1bbee-d1ec-4e1e-9ae3-b915c9a02e69" testId="fb313f3b-00d3-536e-5b5b-c564d64baad6" testName="AdyenSettlementsWorkWithOldUploadPaymentSettlementFileDataFlow" computerName="ip-10-1-4-15" duration="00:00:00.0001299" startTime="2025-04-02T13:10:17.6386733+00:00" endTime="2025-04-02T13:10:17.6388032+00:00" testType="13cdc9d9-ddb5-4fa4-a97d-d965ccfc6d4b" outcome="NotExecuted" testListId="8c84fa94-04c1-424b-9868-57a2d4851a1d" relativeResultsDirectory="e2d1bbee-d1ec-4e1e-9ae3-b915c9a02e69">
      <Output>
        <StdOut>Skipping test: it does not belong to this partition.</StdOut>
        <ErrorInfo>
          <Message>Skipping test: it does not belong to this partition.</Message>
        </ErrorInfo>
      </Output>
    </UnitTestResult>
    <UnitTestResult executionId="080d0117-1a85-4a59-9278-008582384349" testId="fb5a1490-45a7-cc31-9627-53dfce746ddc" testName="Can_create_possdk_payment" computerName="ip-10-1-4-15" duration="00:00:00.0001190" startTime="2025-04-02T13:10:17.6381377+00:00" endTime="2025-04-02T13:10:17.6382567+00:00" testType="13cdc9d9-ddb5-4fa4-a97d-d965ccfc6d4b" outcome="NotExecuted" testListId="8c84fa94-04c1-424b-9868-57a2d4851a1d" relativeResultsDirectory="080d0117-1a85-4a59-9278-008582384349">
      <Output>
        <StdOut>Skipping test: it does not belong to this partition.</StdOut>
        <ErrorInfo>
          <Message>Skipping test: it does not belong to this partition.</Message>
        </ErrorInfo>
      </Output>
    </UnitTestResult>
    <UnitTestResult executionId="be8d0acc-fdee-4017-a24b-46bac094bf90" testId="bc22ae93-c243-c2c8-7825-f20067f38796" testName="ManualKeyEntryWorks" computerName="ip-10-1-4-15" duration="00:00:00.0000610" startTime="2025-04-02T13:10:17.6378631+00:00" endTime="2025-04-02T13:10:17.6379238+00:00" testType="13cdc9d9-ddb5-4fa4-a97d-d965ccfc6d4b" outcome="NotExecuted" testListId="8c84fa94-04c1-424b-9868-57a2d4851a1d" relativeResultsDirectory="be8d0acc-fdee-4017-a24b-46bac094bf90">
      <Output>
        <StdOut>Skipping test: it does not belong to this partition.</StdOut>
        <ErrorInfo>
          <Message>Skipping test: it does not belong to this partition.</Message>
        </ErrorInfo>
      </Output>
    </UnitTestResult>
    <UnitTestResult executionId="70e6c9fb-147b-4a62-9a6c-06e2867c9c4d" testId="7e4a6db6-456a-853a-80ff-5eb44c007400" testName="Duplication_works" computerName="ip-10-1-4-15" duration="00:00:00.4250990" startTime="2025-04-02T13:10:15.8297919+00:00" endTime="2025-04-02T13:10:16.2548903+00:00" testType="13cdc9d9-ddb5-4fa4-a97d-d965ccfc6d4b" outcome="Passed" testListId="8c84fa94-04c1-424b-9868-57a2d4851a1d" relativeResultsDirectory="70e6c9fb-147b-4a62-9a6c-06e2867c9c4d" />
    <UnitTestResult executionId="608563c8-32a7-4c13-ba73-6bbd3855a0b3" testId="11e25f1a-e9c2-5204-3960-668112c4c284" testName="Start_transaction_response_contains_countryID" computerName="ip-10-1-4-15" duration="00:00:00.0001040" startTime="2025-04-02T13:10:17.6379273+00:00" endTime="2025-04-02T13:10:17.6380312+00:00" testType="13cdc9d9-ddb5-4fa4-a97d-d965ccfc6d4b" outcome="NotExecuted" testListId="8c84fa94-04c1-424b-9868-57a2d4851a1d" relativeResultsDirectory="608563c8-32a7-4c13-ba73-6bbd3855a0b3">
      <Output>
        <StdOut>Skipping test: it does not belong to this partition.</StdOut>
        <ErrorInfo>
          <Message>Skipping test: it does not belong to this partition.</Message>
        </ErrorInfo>
      </Output>
    </UnitTestResult>
    <UnitTestResult executionId="21053a1e-052f-4f2f-88d1-2275c163abbe" testId="6b46da1b-6cce-4023-59aa-26ea3011c792" testName="AdyenSettlementsWork" computerName="ip-10-1-4-15" duration="00:00:00.0000890" startTime="2025-04-02T13:10:17.6385799+00:00" endTime="2025-04-02T13:10:17.6386685+00:00" testType="13cdc9d9-ddb5-4fa4-a97d-d965ccfc6d4b" outcome="NotExecuted" testListId="8c84fa94-04c1-424b-9868-57a2d4851a1d" relativeResultsDirectory="21053a1e-052f-4f2f-88d1-2275c163abbe">
      <Output>
        <StdOut>Skipping test: it does not belong to this partition.</StdOut>
        <ErrorInfo>
          <Message>Skipping test: it does not belong to this partition.</Message>
        </ErrorInfo>
      </Output>
    </UnitTestResult>
    <UnitTestResult executionId="56e78113-a25a-42ae-b319-b7dfe0f8e9a9" testId="43d59ee3-36a9-82c4-8d7c-7957d45ddbe0" testName="PaymentAuthorizationModificationWorks" computerName="ip-10-1-4-15" duration="00:00:01.0524370" startTime="2025-04-02T13:10:17.6392159+00:00" endTime="2025-04-02T13:10:18.6916519+00:00" testType="13cdc9d9-ddb5-4fa4-a97d-d965ccfc6d4b" outcome="Passed" testListId="8c84fa94-04c1-424b-9868-57a2d4851a1d" relativeResultsDirectory="56e78113-a25a-42ae-b319-b7dfe0f8e9a9" />
  </Results>
  <TestDefinitions>
    <UnitTest name="HappyFlowWorks" storage="/home/runner/_work/eva/eva/test/eva.testsuite.adyen/bin/release/eva.testsuite.adyen.dll" id="e6841cda-7817-ee12-5fd0-97181e9db761">
      <Execution id="50df9456-ed01-465e-b5a0-ad60eaa71fbb" />
      <TestMethod codeBase="/home/runner/_work/eva/eva/test/EVA.TestSuite.Adyen/bin/Release/EVA.TestSuite.Adyen.dll" adapterTypeName="executor://nunit3testexecutor/" className="EVA.TestSuite.Adyen.ApplePayTests" name="HappyFlowWorks" />
    </UnitTest>
    <UnitTest name="Add_shopper_reference_to_session_request" storage="/home/runner/_work/eva/eva/test/eva.testsuite.adyen/bin/release/eva.testsuite.adyen.dll" id="38bebc1b-3ef9-4602-ff06-70d9f22e190a">
      <Execution id="9cb339a1-4d1a-439c-bbfe-c9bb0c4c2c5b" />
      <TestMethod codeBase="/home/runner/_work/eva/eva/test/EVA.TestSuite.Adyen/bin/Release/EVA.TestSuite.Adyen.dll" adapterTypeName="executor://nunit3testexecutor/" className="EVA.TestSuite.Adyen.AdyenCheckoutSDKTests" name="Add_shopper_reference_to_session_request" />
    </UnitTest>
    <UnitTest name="HappyFlowWorks" storage="/home/runner/_work/eva/eva/test/eva.testsuite.adyen/bin/release/eva.testsuite.adyen.dll" id="ac0ade3e-a5dd-abe4-b8f6-7bc7d5cbcf40">
      <Execution id="77c80517-eda2-4e62-9302-f71abf7f8cbb" />
      <TestMethod codeBase="/home/runner/_work/eva/eva/test/EVA.TestSuite.Adyen/bin/Release/EVA.TestSuite.Adyen.dll" adapterTypeName="executor://nunit3testexecutor/" className="EVA.TestSuite.Adyen.AdyenDropInTests" name="HappyFlowWorks" />
    </UnitTest>
    <UnitTest name="Should_be_available" storage="/home/runner/_work/eva/eva/test/eva.testsuite.adyen/bin/release/eva.testsuite.adyen.dll" id="ea6f8979-6700-0af6-bbcf-dd3083d8279f">
      <Execution id="e4a63522-1e69-49e4-ab19-2cafe7f8f525" />
      <TestMethod codeBase="/home/runner/_work/eva/eva/test/EVA.TestSuite.Adyen/bin/Release/EVA.TestSuite.Adyen.dll" adapterTypeName="executor://nunit3testexecutor/" className="EVA.TestSuite.Adyen.AdyenPayByLinkTests" name="Should_be_available" />
    </UnitTest>
    <UnitTest name="PaymentCaptureCancelWorks" storage="/home/runner/_work/eva/eva/test/eva.testsuite.adyen/bin/release/eva.testsuite.adyen.dll" id="7a298811-f90e-26ed-4e6a-b81bc6a0ef85">
      <Execution id="452e221d-5939-4fe2-817c-8f2ab558648a" />
      <TestMethod codeBase="/home/runner/_work/eva/eva/test/EVA.TestSuite.Adyen/bin/Release/EVA.TestSuite.Adyen.dll" adapterTypeName="executor://nunit3testexecutor/" className="EVA.TestSuite.Adyen.PaymentCaptureTests" name="PaymentCaptureCancelWorks" />
    </UnitTest>
    <UnitTest name="Partial_payments_work" storage="/home/runner/_work/eva/eva/test/eva.testsuite.adyen/bin/release/eva.testsuite.adyen.dll" id="80bfd713-3505-019e-01fb-70704e3b94be">
      <Execution id="8c2d513c-3d87-4fc6-a6f3-6b0e52381738" />
      <TestMethod codeBase="/home/runner/_work/eva/eva/test/EVA.TestSuite.Adyen/bin/Release/EVA.TestSuite.Adyen.dll" adapterTypeName="executor://nunit3testexecutor/" className="EVA.TestSuite.Adyen.AdyenDropInTests" name="Partial_payments_work" />
    </UnitTest>
    <UnitTest name="Add_shopper_reference_to_session_request" storage="/home/runner/_work/eva/eva/test/eva.testsuite.adyen/bin/release/eva.testsuite.adyen.dll" id="f4ea3dd4-11ba-a13f-9a45-98e082c9e024">
      <Execution id="ca90fcc5-d5e5-4c93-9243-74ca3d27507a" />
      <TestMethod codeBase="/home/runner/_work/eva/eva/test/EVA.TestSuite.Adyen/bin/Release/EVA.TestSuite.Adyen.dll" adapterTypeName="executor://nunit3testexecutor/" className="EVA.TestSuite.Adyen.AdyenDropInTests" name="Add_shopper_reference_to_session_request" />
    </UnitTest>
    <UnitTest name="Validate_service_works" storage="/home/runner/_work/eva/eva/test/eva.testsuite.adyen/bin/release/eva.testsuite.adyen.dll" id="50fd6c0c-8c7a-9032-1df9-ed9453d848b3">
      <Execution id="471f535b-8963-42ce-9a12-1db22042632e" />
      <TestMethod codeBase="/home/runner/_work/eva/eva/test/EVA.TestSuite.Adyen/bin/Release/EVA.TestSuite.Adyen.dll" adapterTypeName="executor://nunit3testexecutor/" className="EVA.TestSuite.Adyen.AdyenManagementTests" name="Validate_service_works" />
    </UnitTest>
    <UnitTest name="PaymentCaptureCancel_Failure_Works" storage="/home/runner/_work/eva/eva/test/eva.testsuite.adyen/bin/release/eva.testsuite.adyen.dll" id="d1e6fc26-4855-2207-52cb-b58523890b13">
      <Execution id="2f77aa6c-1f82-468e-bd6f-c1ac9e838d7e" />
      <TestMethod codeBase="/home/runner/_work/eva/eva/test/EVA.TestSuite.Adyen/bin/Release/EVA.TestSuite.Adyen.dll" adapterTypeName="executor://nunit3testexecutor/" className="EVA.TestSuite.Adyen.PaymentCaptureTests" name="PaymentCaptureCancel_Failure_Works" />
    </UnitTest>
    <UnitTest name="Employee_can_cancel_possdk_payment" storage="/home/runner/_work/eva/eva/test/eva.testsuite.adyen/bin/release/eva.testsuite.adyen.dll" id="4141c379-df92-d6f3-0d7f-d1483507cc51">
      <Execution id="a5ca23d9-0ee6-4497-a007-671f2b32d204" />
      <TestMethod codeBase="/home/runner/_work/eva/eva/test/EVA.TestSuite.Adyen/bin/Release/EVA.TestSuite.Adyen.dll" adapterTypeName="executor://nunit3testexecutor/" className="EVA.TestSuite.Adyen.AdyenPOSSDKTests" name="Employee_can_cancel_possdk_payment" />
    </UnitTest>
    <UnitTest name="Start_transaction_response_contains_countryID" storage="/home/runner/_work/eva/eva/test/eva.testsuite.adyen/bin/release/eva.testsuite.adyen.dll" id="11e25f1a-e9c2-5204-3960-668112c4c284">
      <Execution id="608563c8-32a7-4c13-ba73-6bbd3855a0b3" />
      <TestMethod codeBase="/home/runner/_work/eva/eva/test/EVA.TestSuite.Adyen/bin/Release/EVA.TestSuite.Adyen.dll" adapterTypeName="executor://nunit3testexecutor/" className="EVA.TestSuite.Adyen.AdyenPinTests" name="Start_transaction_response_contains_countryID" />
    </UnitTest>
    <UnitTest name="NotificationsWork" storage="/home/runner/_work/eva/eva/test/eva.testsuite.adyen/bin/release/eva.testsuite.adyen.dll" id="fd1d4366-bbae-cd04-523e-1ae0b3fbbf87">
      <Execution id="0ab9d432-6f09-459d-a7a3-78380d9d479f" />
      <TestMethod codeBase="/home/runner/_work/eva/eva/test/EVA.TestSuite.Adyen/bin/Release/EVA.TestSuite.Adyen.dll" adapterTypeName="executor://nunit3testexecutor/" className="EVA.TestSuite.Adyen.AdyenDropInTests" name="NotificationsWork" />
    </UnitTest>
    <UnitTest name="FlexibleTypeMappingShouldWork" storage="/home/runner/_work/eva/eva/test/eva.testsuite.adyen/bin/release/eva.testsuite.adyen.dll" id="edb9e9e1-e8eb-1edf-40f2-3f4d0f8e9d7f">
      <Execution id="332ede6d-ca62-408d-b79d-bc8b1292aea1" />
      <TestMethod codeBase="/home/runner/_work/eva/eva/test/EVA.TestSuite.Adyen/bin/Release/EVA.TestSuite.Adyen.dll" adapterTypeName="executor://nunit3testexecutor/" className="EVA.TestSuite.Adyen.AdyenPinTests" name="FlexibleTypeMappingShouldWork" />
    </UnitTest>
    <UnitTest name="InvalidAddressIsHandled" storage="/home/runner/_work/eva/eva/test/eva.testsuite.adyen/bin/release/eva.testsuite.adyen.dll" id="2d99b25c-66f1-4e41-1336-8d9f6be7a3e0">
      <Execution id="dabcb229-7744-461b-9a51-5599391e6f5e" />
      <TestMethod codeBase="/home/runner/_work/eva/eva/test/EVA.TestSuite.Adyen/bin/Release/EVA.TestSuite.Adyen.dll" adapterTypeName="executor://nunit3testexecutor/" className="EVA.TestSuite.Adyen.ApplePayTests" name="InvalidAddressIsHandled" />
    </UnitTest>
    <UnitTest name="Can_get_payment_transaction_settlements_that_have_no_payment_reference" storage="/home/runner/_work/eva/eva/test/eva.testsuite.adyen/bin/release/eva.testsuite.adyen.dll" id="ed5e0975-0241-b048-8f37-c0b8968020b1">
      <Execution id="1ce517f7-42d0-433a-b7e7-80be91b9fd8c" />
      <TestMethod codeBase="/home/runner/_work/eva/eva/test/EVA.TestSuite.Adyen/bin/Release/EVA.TestSuite.Adyen.dll" adapterTypeName="executor://nunit3testexecutor/" className="EVA.TestSuite.Adyen.PaymentTransactionSettlementsTests" name="Can_get_payment_transaction_settlements_that_have_no_payment_reference" />
    </UnitTest>
    <UnitTest name="Duplication_works" storage="/home/runner/_work/eva/eva/test/eva.testsuite.adyen/bin/release/eva.testsuite.adyen.dll" id="7e4a6db6-456a-853a-80ff-5eb44c007400">
      <Execution id="70e6c9fb-147b-4a62-9a6c-06e2867c9c4d" />
      <TestMethod codeBase="/home/runner/_work/eva/eva/test/EVA.TestSuite.Adyen/bin/Release/EVA.TestSuite.Adyen.dll" adapterTypeName="executor://nunit3testexecutor/" className="EVA.TestSuite.Adyen.AdyenDropInTests" name="Duplication_works" />
    </UnitTest>
    <UnitTest name="Adyen_PIN_works_with_captures" storage="/home/runner/_work/eva/eva/test/eva.testsuite.adyen/bin/release/eva.testsuite.adyen.dll" id="9b3961b7-67d0-c114-9a25-57b025fd12b6">
      <Execution id="3eebaf4c-6018-4ee9-b293-35d63b3f03de" />
      <TestMethod codeBase="/home/runner/_work/eva/eva/test/EVA.TestSuite.Adyen/bin/Release/EVA.TestSuite.Adyen.dll" adapterTypeName="executor://nunit3testexecutor/" className="EVA.TestSuite.Adyen.AdyenPinTests" name="Adyen_PIN_works_with_captures" />
    </UnitTest>
    <UnitTest name="Can_get_payment_transaction_settlements_with_captures" storage="/home/runner/_work/eva/eva/test/eva.testsuite.adyen/bin/release/eva.testsuite.adyen.dll" id="c92d9416-eeab-ec4e-639d-76feb569a82f">
      <Execution id="8a9c4109-4909-4d71-a382-4eb2ad17e584" />
      <TestMethod codeBase="/home/runner/_work/eva/eva/test/EVA.TestSuite.Adyen/bin/Release/EVA.TestSuite.Adyen.dll" adapterTypeName="executor://nunit3testexecutor/" className="EVA.TestSuite.Adyen.PaymentTransactionSettlementsTests" name="Can_get_payment_transaction_settlements_with_captures" />
    </UnitTest>
    <UnitTest name="PaymentChargebackFlowWorks" storage="/home/runner/_work/eva/eva/test/eva.testsuite.adyen/bin/release/eva.testsuite.adyen.dll" id="42db2585-47c9-69d6-1d80-a5aedb38dda9">
      <Execution id="546c9b4f-0f5d-43a2-9f8d-267e0dcfec03" />
      <TestMethod codeBase="/home/runner/_work/eva/eva/test/EVA.TestSuite.Adyen/bin/Release/EVA.TestSuite.Adyen.dll" adapterTypeName="executor://nunit3testexecutor/" className="EVA.TestSuite.Adyen.PaymentChargebackTests" name="PaymentChargebackFlowWorks" />
    </UnitTest>
    <UnitTest name="EmptyNotificationsWork" storage="/home/runner/_work/eva/eva/test/eva.testsuite.adyen/bin/release/eva.testsuite.adyen.dll" id="4b46d226-fdae-c903-693f-9618f7049c3d">
      <Execution id="6872a801-6b2b-4cbe-937d-3a112a75f988" />
      <TestMethod codeBase="/home/runner/_work/eva/eva/test/EVA.TestSuite.Adyen/bin/Release/EVA.TestSuite.Adyen.dll" adapterTypeName="executor://nunit3testexecutor/" className="EVA.TestSuite.Adyen.AdyenDropInTests" name="EmptyNotificationsWork" />
    </UnitTest>
    <UnitTest name="AdyenSettlementsWork" storage="/home/runner/_work/eva/eva/test/eva.testsuite.adyen/bin/release/eva.testsuite.adyen.dll" id="6b46da1b-6cce-4023-59aa-26ea3011c792">
      <Execution id="21053a1e-052f-4f2f-88d1-2275c163abbe" />
      <TestMethod codeBase="/home/runner/_work/eva/eva/test/EVA.TestSuite.Adyen/bin/Release/EVA.TestSuite.Adyen.dll" adapterTypeName="executor://nunit3testexecutor/" className="EVA.TestSuite.Adyen.AdyenSettlementTests" name="AdyenSettlementsWork" />
    </UnitTest>
    <UnitTest name="Create_pending_payment_transaction_for_Interac_when_refunding" storage="/home/runner/_work/eva/eva/test/eva.testsuite.adyen/bin/release/eva.testsuite.adyen.dll" id="f666babe-28ab-a5d8-ac97-ae0622f4d6ea">
      <Execution id="ff4ff9f2-fe51-41f0-b6c2-ff901d631c45" />
      <TestMethod codeBase="/home/runner/_work/eva/eva/test/EVA.TestSuite.Adyen/bin/Release/EVA.TestSuite.Adyen.dll" adapterTypeName="executor://nunit3testexecutor/" className="EVA.TestSuite.Adyen.AdyenInteracRefundTest" name="Create_pending_payment_transaction_for_Interac_when_refunding" />
    </UnitTest>
    <UnitTest name="AdyenSettlementsWorkWithOldUploadPaymentSettlementFileDataFlow" storage="/home/runner/_work/eva/eva/test/eva.testsuite.adyen/bin/release/eva.testsuite.adyen.dll" id="fb313f3b-00d3-536e-5b5b-c564d64baad6">
      <Execution id="e2d1bbee-d1ec-4e1e-9ae3-b915c9a02e69" />
      <TestMethod codeBase="/home/runner/_work/eva/eva/test/EVA.TestSuite.Adyen/bin/Release/EVA.TestSuite.Adyen.dll" adapterTypeName="executor://nunit3testexecutor/" className="EVA.TestSuite.Adyen.AdyenSettlementTests" name="AdyenSettlementsWorkWithOldUploadPaymentSettlementFileDataFlow" />
    </UnitTest>
    <UnitTest name="Adyen_PIN_works" storage="/home/runner/_work/eva/eva/test/eva.testsuite.adyen/bin/release/eva.testsuite.adyen.dll" id="e55afe91-572c-f6f2-889a-630fe9ec7e22">
      <Execution id="86f0a3f8-31d2-43ac-8780-cf971c965cdb" />
      <TestMethod codeBase="/home/runner/_work/eva/eva/test/EVA.TestSuite.Adyen/bin/Release/EVA.TestSuite.Adyen.dll" adapterTypeName="executor://nunit3testexecutor/" className="EVA.TestSuite.Adyen.AdyenPinTests" name="Adyen_PIN_works" />
    </UnitTest>
    <UnitTest name="Payment_transaction_description_is_updated_when_updating_payment_type_for_dropin" storage="/home/runner/_work/eva/eva/test/eva.testsuite.adyen/bin/release/eva.testsuite.adyen.dll" id="9ff231fc-986a-a66b-afaf-a58b8fa9e92a">
      <Execution id="0731415b-3cbe-4744-9016-f24e10005847" />
      <TestMethod codeBase="/home/runner/_work/eva/eva/test/EVA.TestSuite.Adyen/bin/Release/EVA.TestSuite.Adyen.dll" adapterTypeName="executor://nunit3testexecutor/" className="EVA.TestSuite.Adyen.AdyenDropInTests" name="Payment_transaction_description_is_updated_when_updating_payment_type_for_dropin" />
    </UnitTest>
    <UnitTest name="Adyen_PIN_currency_conversion_data_is_attached_to_transactions" storage="/home/runner/_work/eva/eva/test/eva.testsuite.adyen/bin/release/eva.testsuite.adyen.dll" id="536b7d09-78d2-c6ac-4f39-1d81e51c3fed">
      <Execution id="f0d22b87-9a86-4cea-86da-cc746a6cd244" />
      <TestMethod codeBase="/home/runner/_work/eva/eva/test/EVA.TestSuite.Adyen/bin/Release/EVA.TestSuite.Adyen.dll" adapterTypeName="executor://nunit3testexecutor/" className="EVA.TestSuite.Adyen.AdyenPinTests" name="Adyen_PIN_currency_conversion_data_is_attached_to_transactions" />
    </UnitTest>
    <UnitTest name="Can_get_payment_transaction_settlements_for_payment_transaction_without_captures" storage="/home/runner/_work/eva/eva/test/eva.testsuite.adyen/bin/release/eva.testsuite.adyen.dll" id="219f7365-7012-cb2f-35f5-16b6b846fb3d">
      <Execution id="601daa10-7675-4eb2-9f69-21fc4399aa7b" />
      <TestMethod codeBase="/home/runner/_work/eva/eva/test/EVA.TestSuite.Adyen/bin/Release/EVA.TestSuite.Adyen.dll" adapterTypeName="executor://nunit3testexecutor/" className="EVA.TestSuite.Adyen.PaymentTransactionSettlementsTests" name="Can_get_payment_transaction_settlements_for_payment_transaction_without_captures" />
    </UnitTest>
    <UnitTest name="Can_create_possdk_payment" storage="/home/runner/_work/eva/eva/test/eva.testsuite.adyen/bin/release/eva.testsuite.adyen.dll" id="fb5a1490-45a7-cc31-9627-53dfce746ddc">
      <Execution id="080d0117-1a85-4a59-9278-008582384349" />
      <TestMethod codeBase="/home/runner/_work/eva/eva/test/EVA.TestSuite.Adyen/bin/Release/EVA.TestSuite.Adyen.dll" adapterTypeName="executor://nunit3testexecutor/" className="EVA.TestSuite.Adyen.AdyenPOSSDKTests" name="Can_create_possdk_payment" />
    </UnitTest>
    <UnitTest name="ManualKeyEntryWorks" storage="/home/runner/_work/eva/eva/test/eva.testsuite.adyen/bin/release/eva.testsuite.adyen.dll" id="bc22ae93-c243-c2c8-7825-f20067f38796">
      <Execution id="be8d0acc-fdee-4017-a24b-46bac094bf90" />
      <TestMethod codeBase="/home/runner/_work/eva/eva/test/EVA.TestSuite.Adyen/bin/Release/EVA.TestSuite.Adyen.dll" adapterTypeName="executor://nunit3testexecutor/" className="EVA.TestSuite.Adyen.AdyenPinTests" name="ManualKeyEntryWorks" />
    </UnitTest>
    <UnitTest name="PaymentRefundBeforeCaptureWorks" storage="/home/runner/_work/eva/eva/test/eva.testsuite.adyen/bin/release/eva.testsuite.adyen.dll" id="3b74ce56-2eb2-8090-40a4-c7edbd7b64cc">
      <Execution id="9301a9ed-8674-40af-84d6-8846cbcd8496" />
      <TestMethod codeBase="/home/runner/_work/eva/eva/test/EVA.TestSuite.Adyen/bin/Release/EVA.TestSuite.Adyen.dll" adapterTypeName="executor://nunit3testexecutor/" className="EVA.TestSuite.Adyen.PaymentCaptureTests" name="PaymentRefundBeforeCaptureWorks" />
    </UnitTest>
    <UnitTest name="PaymentAuthorizationModificationWorks" storage="/home/runner/_work/eva/eva/test/eva.testsuite.adyen/bin/release/eva.testsuite.adyen.dll" id="43d59ee3-36a9-82c4-8d7c-7957d45ddbe0">
      <Execution id="56e78113-a25a-42ae-b319-b7dfe0f8e9a9" />
      <TestMethod codeBase="/home/runner/_work/eva/eva/test/EVA.TestSuite.Adyen/bin/Release/EVA.TestSuite.Adyen.dll" adapterTypeName="executor://nunit3testexecutor/" className="EVA.TestSuite.Adyen.PaymentCaptureTests" name="PaymentAuthorizationModificationWorks" />
    </UnitTest>
  </TestDefinitions>
  <TestEntries>
    <TestEntry testId="e6841cda-7817-ee12-5fd0-97181e9db761" executionId="50df9456-ed01-465e-b5a0-ad60eaa71fbb" testListId="8c84fa94-04c1-424b-9868-57a2d4851a1d" />
    <TestEntry testId="7a298811-f90e-26ed-4e6a-b81bc6a0ef85" executionId="452e221d-5939-4fe2-817c-8f2ab558648a" testListId="8c84fa94-04c1-424b-9868-57a2d4851a1d" />
    <TestEntry testId="38bebc1b-3ef9-4602-ff06-70d9f22e190a" executionId="9cb339a1-4d1a-439c-bbfe-c9bb0c4c2c5b" testListId="8c84fa94-04c1-424b-9868-57a2d4851a1d" />
    <TestEntry testId="219f7365-7012-cb2f-35f5-16b6b846fb3d" executionId="601daa10-7675-4eb2-9f69-21fc4399aa7b" testListId="8c84fa94-04c1-424b-9868-57a2d4851a1d" />
    <TestEntry testId="42db2585-47c9-69d6-1d80-a5aedb38dda9" executionId="546c9b4f-0f5d-43a2-9f8d-267e0dcfec03" testListId="8c84fa94-04c1-424b-9868-57a2d4851a1d" />
    <TestEntry testId="50fd6c0c-8c7a-9032-1df9-ed9453d848b3" executionId="471f535b-8963-42ce-9a12-1db22042632e" testListId="8c84fa94-04c1-424b-9868-57a2d4851a1d" />
    <TestEntry testId="edb9e9e1-e8eb-1edf-40f2-3f4d0f8e9d7f" executionId="332ede6d-ca62-408d-b79d-bc8b1292aea1" testListId="8c84fa94-04c1-424b-9868-57a2d4851a1d" />
    <TestEntry testId="e55afe91-572c-f6f2-889a-630fe9ec7e22" executionId="86f0a3f8-31d2-43ac-8780-cf971c965cdb" testListId="8c84fa94-04c1-424b-9868-57a2d4851a1d" />
    <TestEntry testId="ac0ade3e-a5dd-abe4-b8f6-7bc7d5cbcf40" executionId="77c80517-eda2-4e62-9302-f71abf7f8cbb" testListId="8c84fa94-04c1-424b-9868-57a2d4851a1d" />
    <TestEntry testId="fd1d4366-bbae-cd04-523e-1ae0b3fbbf87" executionId="0ab9d432-6f09-459d-a7a3-78380d9d479f" testListId="8c84fa94-04c1-424b-9868-57a2d4851a1d" />
    <TestEntry testId="9b3961b7-67d0-c114-9a25-57b025fd12b6" executionId="3eebaf4c-6018-4ee9-b293-35d63b3f03de" testListId="8c84fa94-04c1-424b-9868-57a2d4851a1d" />
    <TestEntry testId="3b74ce56-2eb2-8090-40a4-c7edbd7b64cc" executionId="9301a9ed-8674-40af-84d6-8846cbcd8496" testListId="8c84fa94-04c1-424b-9868-57a2d4851a1d" />
    <TestEntry testId="9ff231fc-986a-a66b-afaf-a58b8fa9e92a" executionId="0731415b-3cbe-4744-9016-f24e10005847" testListId="8c84fa94-04c1-424b-9868-57a2d4851a1d" />
    <TestEntry testId="4b46d226-fdae-c903-693f-9618f7049c3d" executionId="6872a801-6b2b-4cbe-937d-3a112a75f988" testListId="8c84fa94-04c1-424b-9868-57a2d4851a1d" />
    <TestEntry testId="f666babe-28ab-a5d8-ac97-ae0622f4d6ea" executionId="ff4ff9f2-fe51-41f0-b6c2-ff901d631c45" testListId="8c84fa94-04c1-424b-9868-57a2d4851a1d" />
    <TestEntry testId="f4ea3dd4-11ba-a13f-9a45-98e082c9e024" executionId="ca90fcc5-d5e5-4c93-9243-74ca3d27507a" testListId="8c84fa94-04c1-424b-9868-57a2d4851a1d" />
    <TestEntry testId="80bfd713-3505-019e-01fb-70704e3b94be" executionId="8c2d513c-3d87-4fc6-a6f3-6b0e52381738" testListId="8c84fa94-04c1-424b-9868-57a2d4851a1d" />
    <TestEntry testId="ea6f8979-6700-0af6-bbcf-dd3083d8279f" executionId="e4a63522-1e69-49e4-ab19-2cafe7f8f525" testListId="8c84fa94-04c1-424b-9868-57a2d4851a1d" />
    <TestEntry testId="4141c379-df92-d6f3-0d7f-d1483507cc51" executionId="a5ca23d9-0ee6-4497-a007-671f2b32d204" testListId="8c84fa94-04c1-424b-9868-57a2d4851a1d" />
    <TestEntry testId="c92d9416-eeab-ec4e-639d-76feb569a82f" executionId="8a9c4109-4909-4d71-a382-4eb2ad17e584" testListId="8c84fa94-04c1-424b-9868-57a2d4851a1d" />
    <TestEntry testId="536b7d09-78d2-c6ac-4f39-1d81e51c3fed" executionId="f0d22b87-9a86-4cea-86da-cc746a6cd244" testListId="8c84fa94-04c1-424b-9868-57a2d4851a1d" />
    <TestEntry testId="d1e6fc26-4855-2207-52cb-b58523890b13" executionId="2f77aa6c-1f82-468e-bd6f-c1ac9e838d7e" testListId="8c84fa94-04c1-424b-9868-57a2d4851a1d" />
    <TestEntry testId="ed5e0975-0241-b048-8f37-c0b8968020b1" executionId="1ce517f7-42d0-433a-b7e7-80be91b9fd8c" testListId="8c84fa94-04c1-424b-9868-57a2d4851a1d" />
    <TestEntry testId="2d99b25c-66f1-4e41-1336-8d9f6be7a3e0" executionId="dabcb229-7744-461b-9a51-5599391e6f5e" testListId="8c84fa94-04c1-424b-9868-57a2d4851a1d" />
    <TestEntry testId="fb313f3b-00d3-536e-5b5b-c564d64baad6" executionId="e2d1bbee-d1ec-4e1e-9ae3-b915c9a02e69" testListId="8c84fa94-04c1-424b-9868-57a2d4851a1d" />
    <TestEntry testId="fb5a1490-45a7-cc31-9627-53dfce746ddc" executionId="080d0117-1a85-4a59-9278-008582384349" testListId="8c84fa94-04c1-424b-9868-57a2d4851a1d" />
    <TestEntry testId="bc22ae93-c243-c2c8-7825-f20067f38796" executionId="be8d0acc-fdee-4017-a24b-46bac094bf90" testListId="8c84fa94-04c1-424b-9868-57a2d4851a1d" />
    <TestEntry testId="7e4a6db6-456a-853a-80ff-5eb44c007400" executionId="70e6c9fb-147b-4a62-9a6c-06e2867c9c4d" testListId="8c84fa94-04c1-424b-9868-57a2d4851a1d" />
    <TestEntry testId="11e25f1a-e9c2-5204-3960-668112c4c284" executionId="608563c8-32a7-4c13-ba73-6bbd3855a0b3" testListId="8c84fa94-04c1-424b-9868-57a2d4851a1d" />
    <TestEntry testId="6b46da1b-6cce-4023-59aa-26ea3011c792" executionId="21053a1e-052f-4f2f-88d1-2275c163abbe" testListId="8c84fa94-04c1-424b-9868-57a2d4851a1d" />
    <TestEntry testId="43d59ee3-36a9-82c4-8d7c-7957d45ddbe0" executionId="56e78113-a25a-42ae-b319-b7dfe0f8e9a9" testListId="8c84fa94-04c1-424b-9868-57a2d4851a1d" />
  </TestEntries>
  <TestLists>
    <TestList name="Results Not in a List" id="8c84fa94-04c1-424b-9868-57a2d4851a1d" />
    <TestList name="All Loaded Results" id="19431567-8539-422a-85d7-44ee4e166bda" />
  </TestLists>
  <ResultSummary outcome="Completed">
    <Counters total="31" executed="14" passed="14" failed="0" error="0" timeout="0" aborted="0" inconclusive="0" passedButRunAborted="0" notRunnable="0" notExecuted="0" disconnected="0" warning="0" completed="0" inProgress="0" pending="0" />
    <Output>
      <StdOut>NUnit Adapter 5.0.0.0: Test execution started
Running all tests in /home/runner/_work/eva/eva/test/EVA.TestSuite.Adyen/bin/Release/EVA.TestSuite.Adyen.dll
   NUnit3TestExecutor discovered 31 of 31 NUnit test cases using Current Discovery mode, Non-Explicit run
Add_shopper_reference_to_session_request: Skipping test: it does not belong to this partition.
Test 'Add_shopper_reference_to_session_request' was skipped in the test run.
Create_pending_payment_transaction_for_Interac_when_refunding: This test fails if the OrganizationUnitSetID of the PaymentType in the call to CreateOrUpdateOrganizationUnitSetPaymentType is set to an actual SetID instead of an OU ID.
Validate_service_works: Skipping test: it does not belong to this partition.
Should_be_available: Skipping test: it does not belong to this partition.
Adyen_PIN_currency_conversion_data_is_attached_to_transactions: Skipping test: it does not belong to this partition.
Adyen_PIN_works: Skipping test: it does not belong to this partition.
Adyen_PIN_works_with_captures: Skipping test: it does not belong to this partition.
FlexibleTypeMappingShouldWork: Skipping test: it does not belong to this partition.
ManualKeyEntryWorks: Skipping test: it does not belong to this partition.
Test 'Create_pending_payment_transaction_for_Interac_when_refunding' was skipped in the test run.
Test 'Validate_service_works' was skipped in the test run.
Test 'Should_be_available' was skipped in the test run.
Test 'Adyen_PIN_currency_conversion_data_is_attached_to_transactions' was skipped in the test run.
Test 'Adyen_PIN_works' was skipped in the test run.
Test 'Adyen_PIN_works_with_captures' was skipped in the test run.
Test 'FlexibleTypeMappingShouldWork' was skipped in the test run.
Test 'ManualKeyEntryWorks' was skipped in the test run.
Start_transaction_response_contains_countryID: Skipping test: it does not belong to this partition.
Can_create_possdk_payment: Skipping test: it does not belong to this partition.
Employee_can_cancel_possdk_payment: Skipping test: it does not belong to this partition.
AdyenSettlementsWork: Skipping test: it does not belong to this partition.
AdyenSettlementsWorkWithOldUploadPaymentSettlementFileDataFlow: Skipping test: it does not belong to this partition.
HappyFlowWorks: Skipping test: it does not belong to this partition.
InvalidAddressIsHandled: Skipping test: it does not belong to this partition.
Test 'Start_transaction_response_contains_countryID' was skipped in the test run.
Test 'Can_create_possdk_payment' was skipped in the test run.
Test 'Employee_can_cancel_possdk_payment' was skipped in the test run.
Test 'AdyenSettlementsWork' was skipped in the test run.
Test 'AdyenSettlementsWorkWithOldUploadPaymentSettlementFileDataFlow' was skipped in the test run.
Test 'HappyFlowWorks' was skipped in the test run.
Test 'InvalidAddressIsHandled' was skipped in the test run.
PaymentChargebackFlowWorks: Skipping test: it does not belong to this partition.
Warning message/PushSalesOrder obsolete_field:Customer.NoAccount - Customer.NoAccount is deprecated and will be removed in 2.0.663: Replaced with AccountType.
Warning message/PushSalesOrder obsolete_field:BillingAddress.Street - BillingAddress.Street is deprecated and will be removed in 2.0.658: Use `Address1`.
Warning message/PushSalesOrder obsolete_field:ShippingAddress.Street - ShippingAddress.Street is deprecated and will be removed in 2.0.658: Use `Address1`.
Warning message/UploadPaymentSettlementFile obsolete_field:MimeType - MimeType is deprecated and will be removed in 2.0.766: Replaced with BlobID..
Warning message/UploadPaymentSettlementFile obsolete_field:Data - Data is deprecated and will be removed in 2.0.766: Replaced with BlobID..
Warning message/ListFinancialEvents limit_large - Limit parameter 1000 is high - consider adding paging.

Test 'PaymentChargebackFlowWorks' was skipped in the test run.
Warning message/UploadPaymentSettlementFile obsolete_field:MimeType - MimeType is deprecated and will be removed in 2.0.766: Replaced with BlobID..
Warning message/UploadPaymentSettlementFile obsolete_field:Data - Data is deprecated and will be removed in 2.0.766: Replaced with BlobID..
Warning message/ListFinancialEvents limit_large - Limit parameter 1000 is high - consider adding paging.

Warning message/PushSalesOrder obsolete_field:Customer.NoAccount - Customer.NoAccount is deprecated and will be removed in 2.0.663: Replaced with AccountType.
Warning message/PushSalesOrder obsolete_field:BillingAddress.Street - BillingAddress.Street is deprecated and will be removed in 2.0.658: Use `Address1`.
Warning message/PushSalesOrder obsolete_field:ShippingAddress.Street - ShippingAddress.Street is deprecated and will be removed in 2.0.658: Use `Address1`.
Warning message/UploadPaymentSettlementFile obsolete_field:MimeType - MimeType is deprecated and will be removed in 2.0.766: Replaced with BlobID..
Warning message/UploadPaymentSettlementFile obsolete_field:Data - Data is deprecated and will be removed in 2.0.766: Replaced with BlobID..
Warning message/ListFinancialEvents limit_large - Limit parameter 1000 is high - consider adding paging.

NUnit Adapter 5.0.0.0: Test execution complete
</StdOut>
    </Output>
  </ResultSummary>
</TestRun>