<?xml version="1.0" encoding="utf-8"?>
<TestRun id="1157f76e-e05f-4f6e-b163-b005215019ee" name="@ip-10-1-13-52 2025-04-02 13:11:24" xmlns="http://microsoft.com/schemas/VisualStudio/TeamTest/2010">
  <Times creation="2025-04-02T13:11:24.2094564+00:00" queuing="2025-04-02T13:11:24.2094564+00:00" start="2025-04-02T13:11:23.1466116+00:00" finish="2025-04-02T13:11:24.2153615+00:00" />
  <TestSettings name="default" id="80795efd-cd2f-4bf7-945a-e32ab25b6fae">
    <Deployment runDeploymentRoot="_ip-10-1-13-52_2025-04-02_13_11_24" />
  </TestSettings>
  <Results>
    <UnitTestResult executionId="673f5daa-de18-468d-b8db-df7ffe5bff19" testId="2a94ed2e-68ae-3b5f-e6a3-20c2649947b6" testName="Fetching_real_data_works" computerName="ip-10-1-13-52" duration="00:00:00.0006360" startTime="2025-04-02T13:11:24.0583792+00:00" endTime="2025-04-02T13:11:24.0590151+00:00" testType="13cdc9d9-ddb5-4fa4-a97d-d965ccfc6d4b" outcome="NotExecuted" testListId="8c84fa94-04c1-424b-9868-57a2d4851a1d" relativeResultsDirectory="673f5daa-de18-468d-b8db-df7ffe5bff19">
      <Output>
        <StdOut>Skipping test: it does not belong to this partition.</StdOut>
        <ErrorInfo>
          <Message>Skipping test: it does not belong to this partition.</Message>
        </ErrorInfo>
      </Output>
    </UnitTestResult>
    <UnitTestResult executionId="091918db-692a-4104-83fb-3ee7b7676455" testId="e143ec72-93a4-f66f-84bc-fc3e49e5fc50" testName="Fetching_mock_data_works" computerName="ip-10-1-13-52" duration="00:00:00.0143570" startTime="2025-04-02T13:11:24.0431725+00:00" endTime="2025-04-02T13:11:24.0574944+00:00" testType="13cdc9d9-ddb5-4fa4-a97d-d965ccfc6d4b" outcome="NotExecuted" testListId="8c84fa94-04c1-424b-9868-57a2d4851a1d" relativeResultsDirectory="091918db-692a-4104-83fb-3ee7b7676455">
      <Output>
        <StdOut>Skipping test: it does not belong to this partition.</StdOut>
        <ErrorInfo>
          <Message>Skipping test: it does not belong to this partition.</Message>
        </ErrorInfo>
      </Output>
    </UnitTestResult>
  </Results>
  <TestDefinitions>
    <UnitTest name="Fetching_mock_data_works" storage="/home/runner/_work/eva/eva/test/eva.testsuite.bi/bin/release/eva.testsuite.bi.dll" id="e143ec72-93a4-f66f-84bc-fc3e49e5fc50">
      <Execution id="091918db-692a-4104-83fb-3ee7b7676455" />
      <TestMethod codeBase="/home/runner/_work/eva/eva/test/EVA.TestSuite.BI/bin/Release/EVA.TestSuite.BI.dll" adapterTypeName="executor://nunit3testexecutor/" className="EVA.TestSuite.BI.BIChartsTests" name="Fetching_mock_data_works" />
    </UnitTest>
    <UnitTest name="Fetching_real_data_works" storage="/home/runner/_work/eva/eva/test/eva.testsuite.bi/bin/release/eva.testsuite.bi.dll" id="2a94ed2e-68ae-3b5f-e6a3-20c2649947b6">
      <Execution id="673f5daa-de18-468d-b8db-df7ffe5bff19" />
      <TestMethod codeBase="/home/runner/_work/eva/eva/test/EVA.TestSuite.BI/bin/Release/EVA.TestSuite.BI.dll" adapterTypeName="executor://nunit3testexecutor/" className="EVA.TestSuite.BI.BIChartsTests" name="Fetching_real_data_works" />
    </UnitTest>
  </TestDefinitions>
  <TestEntries>
    <TestEntry testId="2a94ed2e-68ae-3b5f-e6a3-20c2649947b6" executionId="673f5daa-de18-468d-b8db-df7ffe5bff19" testListId="8c84fa94-04c1-424b-9868-57a2d4851a1d" />
    <TestEntry testId="e143ec72-93a4-f66f-84bc-fc3e49e5fc50" executionId="091918db-692a-4104-83fb-3ee7b7676455" testListId="8c84fa94-04c1-424b-9868-57a2d4851a1d" />
  </TestEntries>
  <TestLists>
    <TestList name="Results Not in a List" id="8c84fa94-04c1-424b-9868-57a2d4851a1d" />
    <TestList name="All Loaded Results" id="19431567-8539-422a-85d7-44ee4e166bda" />
  </TestLists>
  <ResultSummary outcome="Completed">
    <Counters total="2" executed="0" passed="0" failed="0" error="0" timeout="0" aborted="0" inconclusive="0" passedButRunAborted="0" notRunnable="0" notExecuted="0" disconnected="0" warning="0" completed="0" inProgress="0" pending="0" />
    <Output>
      <StdOut>NUnit Adapter 5.0.0.0: Test execution started
Running all tests in /home/runner/_work/eva/eva/test/EVA.TestSuite.BI/bin/Release/EVA.TestSuite.BI.dll
   NUnit3TestExecutor discovered 2 of 2 NUnit test cases using Current Discovery mode, Non-Explicit run
Fetching_mock_data_works: Skipping test: it does not belong to this partition.
Fetching_real_data_works: Skipping test: it does not belong to this partition.
NUnit Adapter 5.0.0.0: Test execution complete
Test 'Fetching_mock_data_works' was skipped in the test run.
Test 'Fetching_real_data_works' was skipped in the test run.
</StdOut>
    </Output>
  </ResultSummary>
</TestRun>