<?xml version="1.0" encoding="utf-8"?>
<TestRun id="5b2037dd-55ba-4f06-b44b-15e4cc9b7826" name="@ip-10-1-37-176 2025-04-02 13:10:34" xmlns="http://microsoft.com/schemas/VisualStudio/TeamTest/2010">
  <Times creation="2025-04-02T13:10:34.1665569+00:00" queuing="2025-04-02T13:10:34.1665570+00:00" start="2025-04-02T13:10:32.9973026+00:00" finish="2025-04-02T13:10:34.1717251+00:00" />
  <TestSettings name="default" id="bca9b3a9-32ed-47f8-841c-fbcda49e2745">
    <Deployment runDeploymentRoot="_ip-10-1-37-176_2025-04-02_13_10_34" />
  </TestSettings>
  <Results>
    <UnitTestResult executionId="66767162-2550-423c-8dbd-497712d12b03" testId="e143ec72-93a4-f66f-84bc-fc3e49e5fc50" testName="Fetching_mock_data_works" computerName="ip-10-1-37-176" duration="00:00:00.0143290" startTime="2025-04-02T13:10:34.0314357+00:00" endTime="2025-04-02T13:10:34.0457267+00:00" testType="13cdc9d9-ddb5-4fa4-a97d-d965ccfc6d4b" outcome="NotExecuted" testListId="8c84fa94-04c1-424b-9868-57a2d4851a1d" relativeResultsDirectory="66767162-2550-423c-8dbd-497712d12b03">
      <Output>
        <StdOut>Skipping test: it does not belong to this partition.</StdOut>
        <ErrorInfo>
          <Message>Skipping test: it does not belong to this partition.</Message>
        </ErrorInfo>
      </Output>
    </UnitTestResult>
    <UnitTestResult executionId="ab37e1ef-a4ad-47f3-866c-3a7484195771" testId="2a94ed2e-68ae-3b5f-e6a3-20c2649947b6" testName="Fetching_real_data_works" computerName="ip-10-1-37-176" duration="00:00:00.0006759" startTime="2025-04-02T13:10:34.0465818+00:00" endTime="2025-04-02T13:10:34.0472578+00:00" testType="13cdc9d9-ddb5-4fa4-a97d-d965ccfc6d4b" outcome="NotExecuted" testListId="8c84fa94-04c1-424b-9868-57a2d4851a1d" relativeResultsDirectory="ab37e1ef-a4ad-47f3-866c-3a7484195771">
      <Output>
        <StdOut>Skipping test: it does not belong to this partition.</StdOut>
        <ErrorInfo>
          <Message>Skipping test: it does not belong to this partition.</Message>
        </ErrorInfo>
      </Output>
    </UnitTestResult>
  </Results>
  <TestDefinitions>
    <UnitTest name="Fetching_mock_data_works" storage="/home/runner/_work/eva/eva/test/eva.testsuite.bi/bin/release/eva.testsuite.bi.dll" id="e143ec72-93a4-f66f-84bc-fc3e49e5fc50">
      <Execution id="66767162-2550-423c-8dbd-497712d12b03" />
      <TestMethod codeBase="/home/runner/_work/eva/eva/test/EVA.TestSuite.BI/bin/Release/EVA.TestSuite.BI.dll" adapterTypeName="executor://nunit3testexecutor/" className="EVA.TestSuite.BI.BIChartsTests" name="Fetching_mock_data_works" />
    </UnitTest>
    <UnitTest name="Fetching_real_data_works" storage="/home/runner/_work/eva/eva/test/eva.testsuite.bi/bin/release/eva.testsuite.bi.dll" id="2a94ed2e-68ae-3b5f-e6a3-20c2649947b6">
      <Execution id="ab37e1ef-a4ad-47f3-866c-3a7484195771" />
      <TestMethod codeBase="/home/runner/_work/eva/eva/test/EVA.TestSuite.BI/bin/Release/EVA.TestSuite.BI.dll" adapterTypeName="executor://nunit3testexecutor/" className="EVA.TestSuite.BI.BIChartsTests" name="Fetching_real_data_works" />
    </UnitTest>
  </TestDefinitions>
  <TestEntries>
    <TestEntry testId="e143ec72-93a4-f66f-84bc-fc3e49e5fc50" executionId="66767162-2550-423c-8dbd-497712d12b03" testListId="8c84fa94-04c1-424b-9868-57a2d4851a1d" />
    <TestEntry testId="2a94ed2e-68ae-3b5f-e6a3-20c2649947b6" executionId="ab37e1ef-a4ad-47f3-866c-3a7484195771" testListId="8c84fa94-04c1-424b-9868-57a2d4851a1d" />
  </TestEntries>
  <TestLists>
    <TestList name="Results Not in a List" id="8c84fa94-04c1-424b-9868-57a2d4851a1d" />
    <TestList name="All Loaded Results" id="19431567-8539-422a-85d7-44ee4e166bda" />
  </TestLists>
  <ResultSummary outcome="Completed">
    <Counters total="2" executed="0" passed="0" failed="0" error="0" timeout="0" aborted="0" inconclusive="0" passedButRunAborted="0" notRunnable="0" notExecuted="0" disconnected="0" warning="0" completed="0" inProgress="0" pending="0" />
    <Output>
      <StdOut>NUnit Adapter 5.0.0.0: Test execution started
Running all tests in /home/runner/_work/eva/eva/test/EVA.TestSuite.BI/bin/Release/EVA.TestSuite.BI.dll
   NUnit3TestExecutor discovered 2 of 2 NUnit test cases using Current Discovery mode, Non-Explicit run
Fetching_mock_data_works: Skipping test: it does not belong to this partition.
Fetching_real_data_works: Skipping test: it does not belong to this partition.
NUnit Adapter 5.0.0.0: Test execution complete
Test 'Fetching_mock_data_works' was skipped in the test run.
Test 'Fetching_real_data_works' was skipped in the test run.
</StdOut>
    </Output>
  </ResultSummary>
</TestRun>