<?xml version="1.0" encoding="utf-8"?>
<TestRun id="9e86ee6c-3d9a-4182-becc-e5cdd9f9e82f" name="@ip-10-1-25-141 2025-04-02 13:10:45" xmlns="http://microsoft.com/schemas/VisualStudio/TeamTest/2010">
  <Times creation="2025-04-02T13:10:45.5926845+00:00" queuing="2025-04-02T13:10:45.5926846+00:00" start="2025-04-02T13:10:44.0074075+00:00" finish="2025-04-02T13:10:45.5988360+00:00" />
  <TestSettings name="default" id="ebd31904-e947-459f-b468-1a13eecd0d7a">
    <Deployment runDeploymentRoot="_ip-10-1-25-141_2025-04-02_13_10_45" />
  </TestSettings>
  <Results>
    <UnitTestResult executionId="406f1b5c-5354-46a1-ada5-afd3eb35b755" testId="2a94ed2e-68ae-3b5f-e6a3-20c2649947b6" testName="Fetching_real_data_works" computerName="ip-10-1-25-141" duration="00:00:00.4153580" startTime="2025-04-02T13:10:45.0596337+00:00" endTime="2025-04-02T13:10:45.4749905+00:00" testType="13cdc9d9-ddb5-4fa4-a97d-d965ccfc6d4b" outcome="Passed" testListId="8c84fa94-04c1-424b-9868-57a2d4851a1d" relativeResultsDirectory="406f1b5c-5354-46a1-ada5-afd3eb35b755" />
    <UnitTestResult executionId="c9914537-3a39-46dc-baa2-ace43684f538" testId="e143ec72-93a4-f66f-84bc-fc3e49e5fc50" testName="Fetching_mock_data_works" computerName="ip-10-1-25-141" duration="00:00:00.1225580" startTime="2025-04-02T13:10:44.9356078+00:00" endTime="2025-04-02T13:10:45.0581277+00:00" testType="13cdc9d9-ddb5-4fa4-a97d-d965ccfc6d4b" outcome="Passed" testListId="8c84fa94-04c1-424b-9868-57a2d4851a1d" relativeResultsDirectory="c9914537-3a39-46dc-baa2-ace43684f538" />
  </Results>
  <TestDefinitions>
    <UnitTest name="Fetching_mock_data_works" storage="/home/runner/_work/eva/eva/test/eva.testsuite.bi/bin/release/eva.testsuite.bi.dll" id="e143ec72-93a4-f66f-84bc-fc3e49e5fc50">
      <Execution id="c9914537-3a39-46dc-baa2-ace43684f538" />
      <TestMethod codeBase="/home/runner/_work/eva/eva/test/EVA.TestSuite.BI/bin/Release/EVA.TestSuite.BI.dll" adapterTypeName="executor://nunit3testexecutor/" className="EVA.TestSuite.BI.BIChartsTests" name="Fetching_mock_data_works" />
    </UnitTest>
    <UnitTest name="Fetching_real_data_works" storage="/home/runner/_work/eva/eva/test/eva.testsuite.bi/bin/release/eva.testsuite.bi.dll" id="2a94ed2e-68ae-3b5f-e6a3-20c2649947b6">
      <Execution id="406f1b5c-5354-46a1-ada5-afd3eb35b755" />
      <TestMethod codeBase="/home/runner/_work/eva/eva/test/EVA.TestSuite.BI/bin/Release/EVA.TestSuite.BI.dll" adapterTypeName="executor://nunit3testexecutor/" className="EVA.TestSuite.BI.BIChartsTests" name="Fetching_real_data_works" />
    </UnitTest>
  </TestDefinitions>
  <TestEntries>
    <TestEntry testId="2a94ed2e-68ae-3b5f-e6a3-20c2649947b6" executionId="406f1b5c-5354-46a1-ada5-afd3eb35b755" testListId="8c84fa94-04c1-424b-9868-57a2d4851a1d" />
    <TestEntry testId="e143ec72-93a4-f66f-84bc-fc3e49e5fc50" executionId="c9914537-3a39-46dc-baa2-ace43684f538" testListId="8c84fa94-04c1-424b-9868-57a2d4851a1d" />
  </TestEntries>
  <TestLists>
    <TestList name="Results Not in a List" id="8c84fa94-04c1-424b-9868-57a2d4851a1d" />
    <TestList name="All Loaded Results" id="19431567-8539-422a-85d7-44ee4e166bda" />
  </TestLists>
  <ResultSummary outcome="Completed">
    <Counters total="2" executed="2" passed="2" failed="0" error="0" timeout="0" aborted="0" inconclusive="0" passedButRunAborted="0" notRunnable="0" notExecuted="0" disconnected="0" warning="0" completed="0" inProgress="0" pending="0" />
    <Output>
      <StdOut>NUnit Adapter 5.0.0.0: Test execution started
Running all tests in /home/runner/_work/eva/eva/test/EVA.TestSuite.BI/bin/Release/EVA.TestSuite.BI.dll
   NUnit3TestExecutor discovered 2 of 2 NUnit test cases using Current Discovery mode, Non-Explicit run
NUnit Adapter 5.0.0.0: Test execution complete
</StdOut>
    </Output>
  </ResultSummary>
</TestRun>