<?xml version="1.0" encoding="utf-8"?>
<TestRun id="37655166-17c5-42db-b56b-63473572a930" name="@ip-10-1-4-15 2025-04-02 13:10:48" xmlns="http://microsoft.com/schemas/VisualStudio/TeamTest/2010">
  <Times creation="2025-04-02T13:10:48.9584799+00:00" queuing="2025-04-02T13:10:48.9584800+00:00" start="2025-04-02T13:10:47.9980794+00:00" finish="2025-04-02T13:10:48.9637627+00:00" />
  <TestSettings name="default" id="fcf3ff54-9af4-4aec-8e03-a797b2e09e14">
    <Deployment runDeploymentRoot="_ip-10-1-4-15_2025-04-02_13_10_48" />
  </TestSettings>
  <Results>
    <UnitTestResult executionId="3fc1472b-f736-47f3-873c-16244935fff5" testId="2a94ed2e-68ae-3b5f-e6a3-20c2649947b6" testName="Fetching_real_data_works" computerName="ip-10-1-4-15" duration="00:00:00.0005840" startTime="2025-04-02T13:10:48.8421850+00:00" endTime="2025-04-02T13:10:48.8427694+00:00" testType="13cdc9d9-ddb5-4fa4-a97d-d965ccfc6d4b" outcome="NotExecuted" testListId="8c84fa94-04c1-424b-9868-57a2d4851a1d" relativeResultsDirectory="3fc1472b-f736-47f3-873c-16244935fff5">
      <Output>
        <StdOut>Skipping test: it does not belong to this partition.</StdOut>
        <ErrorInfo>
          <Message>Skipping test: it does not belong to this partition.</Message>
        </ErrorInfo>
      </Output>
    </UnitTestResult>
    <UnitTestResult executionId="0577c314-e9eb-4405-8f34-b6a5331907ff" testId="e143ec72-93a4-f66f-84bc-fc3e49e5fc50" testName="Fetching_mock_data_works" computerName="ip-10-1-4-15" duration="00:00:00.0135660" startTime="2025-04-02T13:10:48.8278476+00:00" endTime="2025-04-02T13:10:48.8413816+00:00" testType="13cdc9d9-ddb5-4fa4-a97d-d965ccfc6d4b" outcome="NotExecuted" testListId="8c84fa94-04c1-424b-9868-57a2d4851a1d" relativeResultsDirectory="0577c314-e9eb-4405-8f34-b6a5331907ff">
      <Output>
        <StdOut>Skipping test: it does not belong to this partition.</StdOut>
        <ErrorInfo>
          <Message>Skipping test: it does not belong to this partition.</Message>
        </ErrorInfo>
      </Output>
    </UnitTestResult>
  </Results>
  <TestDefinitions>
    <UnitTest name="Fetching_mock_data_works" storage="/home/runner/_work/eva/eva/test/eva.testsuite.bi/bin/release/eva.testsuite.bi.dll" id="e143ec72-93a4-f66f-84bc-fc3e49e5fc50">
      <Execution id="0577c314-e9eb-4405-8f34-b6a5331907ff" />
      <TestMethod codeBase="/home/runner/_work/eva/eva/test/EVA.TestSuite.BI/bin/Release/EVA.TestSuite.BI.dll" adapterTypeName="executor://nunit3testexecutor/" className="EVA.TestSuite.BI.BIChartsTests" name="Fetching_mock_data_works" />
    </UnitTest>
    <UnitTest name="Fetching_real_data_works" storage="/home/runner/_work/eva/eva/test/eva.testsuite.bi/bin/release/eva.testsuite.bi.dll" id="2a94ed2e-68ae-3b5f-e6a3-20c2649947b6">
      <Execution id="3fc1472b-f736-47f3-873c-16244935fff5" />
      <TestMethod codeBase="/home/runner/_work/eva/eva/test/EVA.TestSuite.BI/bin/Release/EVA.TestSuite.BI.dll" adapterTypeName="executor://nunit3testexecutor/" className="EVA.TestSuite.BI.BIChartsTests" name="Fetching_real_data_works" />
    </UnitTest>
  </TestDefinitions>
  <TestEntries>
    <TestEntry testId="2a94ed2e-68ae-3b5f-e6a3-20c2649947b6" executionId="3fc1472b-f736-47f3-873c-16244935fff5" testListId="8c84fa94-04c1-424b-9868-57a2d4851a1d" />
    <TestEntry testId="e143ec72-93a4-f66f-84bc-fc3e49e5fc50" executionId="0577c314-e9eb-4405-8f34-b6a5331907ff" testListId="8c84fa94-04c1-424b-9868-57a2d4851a1d" />
  </TestEntries>
  <TestLists>
    <TestList name="Results Not in a List" id="8c84fa94-04c1-424b-9868-57a2d4851a1d" />
    <TestList name="All Loaded Results" id="19431567-8539-422a-85d7-44ee4e166bda" />
  </TestLists>
  <ResultSummary outcome="Completed">
    <Counters total="2" executed="0" passed="0" failed="0" error="0" timeout="0" aborted="0" inconclusive="0" passedButRunAborted="0" notRunnable="0" notExecuted="0" disconnected="0" warning="0" completed="0" inProgress="0" pending="0" />
    <Output>
      <StdOut>NUnit Adapter 5.0.0.0: Test execution started
Running all tests in /home/runner/_work/eva/eva/test/EVA.TestSuite.BI/bin/Release/EVA.TestSuite.BI.dll
   NUnit3TestExecutor discovered 2 of 2 NUnit test cases using Current Discovery mode, Non-Explicit run
Fetching_mock_data_works: Skipping test: it does not belong to this partition.
Fetching_real_data_works: Skipping test: it does not belong to this partition.
NUnit Adapter 5.0.0.0: Test execution complete
Test 'Fetching_mock_data_works' was skipped in the test run.
Test 'Fetching_real_data_works' was skipped in the test run.
</StdOut>
    </Output>
  </ResultSummary>
</TestRun>