<?xml version="1.0" encoding="utf-8"?>
<TestRun id="443efc32-de73-49b0-8266-67636684ac5e" name="@ip-10-1-4-15 2025-04-02 13:10:04" xmlns="http://microsoft.com/schemas/VisualStudio/TeamTest/2010">
  <Times creation="2025-04-02T13:10:04.6883821+00:00" queuing="2025-04-02T13:10:04.6883822+00:00" start="2025-04-02T13:09:50.8928652+00:00" finish="2025-04-02T13:10:13.5794560+00:00" />
  <TestSettings name="default" id="5aacbc3e-5673-4b74-a61e-65dd6a41203e">
    <Deployment runDeploymentRoot="_ip-10-1-4-15_2025-04-02_13_10_04" />
  </TestSettings>
  <Results>
    <UnitTestResult executionId="ac03cfc0-ac1a-4d03-b452-352f412802e7" testId="d73c5dec-7469-8e19-2801-681327e3db42" testName="MultiplePayments" computerName="ip-10-1-4-15" duration="00:00:00.0001650" startTime="2025-04-02T13:10:04.6599275+00:00" endTime="2025-04-02T13:10:04.6600924+00:00" testType="13cdc9d9-ddb5-4fa4-a97d-d965ccfc6d4b" outcome="NotExecuted" testListId="8c84fa94-04c1-424b-9868-57a2d4851a1d" relativeResultsDirectory="ac03cfc0-ac1a-4d03-b452-352f412802e7">
      <Output>
        <StdOut>Skipping test: it does not belong to this partition.</StdOut>
        <ErrorInfo>
          <Message>Skipping test: it does not belong to this partition.</Message>
        </ErrorInfo>
      </Output>
    </UnitTestResult>
    <UnitTestResult executionId="b69c7b1b-ebe6-4972-9777-febd329b916f" testId="75a1744e-6c21-9705-d2f3-b77a3dd59e6c" testName="NewRedWingUserParseBarcodeWorks" computerName="ip-10-1-4-15" duration="00:00:00.1755320" startTime="2025-04-02T13:10:12.1359476+00:00" endTime="2025-04-02T13:10:12.3114794+00:00" testType="13cdc9d9-ddb5-4fa4-a97d-d965ccfc6d4b" outcome="Passed" testListId="8c84fa94-04c1-424b-9868-57a2d4851a1d" relativeResultsDirectory="b69c7b1b-ebe6-4972-9777-febd329b916f" />
    <UnitTestResult executionId="843d9371-b216-487b-b481-4f7e8d407717" testId="ecac941f-a091-721f-3235-9290fe9d8f67" testName="InvalidProgramIDShouldBeCaught" computerName="ip-10-1-4-15" duration="00:00:00.0708540" startTime="2025-04-02T13:10:12.0650417+00:00" endTime="2025-04-02T13:10:12.1358948+00:00" testType="13cdc9d9-ddb5-4fa4-a97d-d965ccfc6d4b" outcome="Passed" testListId="8c84fa94-04c1-424b-9868-57a2d4851a1d" relativeResultsDirectory="843d9371-b216-487b-b481-4f7e8d407717" />
    <UnitTestResult executionId="bb9c1304-57b4-4fa1-ae68-6d8b619719d7" testId="0b1edb8f-43a6-241f-2bf6-a06f95b9893c" testName="limitation_create_line_with_4_and_then_attach_should_work" computerName="ip-10-1-4-15" duration="00:00:00.3818330" startTime="2025-04-02T13:10:10.3804291+00:00" endTime="2025-04-02T13:10:10.7622618+00:00" testType="13cdc9d9-ddb5-4fa4-a97d-d965ccfc6d4b" outcome="Passed" testListId="8c84fa94-04c1-424b-9868-57a2d4851a1d" relativeResultsDirectory="bb9c1304-57b4-4fa1-ae68-6d8b619719d7" />
    <UnitTestResult executionId="304093a7-03da-4dcc-ad74-9cd095e1478b" testId="74e93721-daab-8dd0-20d4-908db911bfd1" testName="OPTR32407" computerName="ip-10-1-4-15" duration="00:00:00.0000649" startTime="2025-04-02T13:10:04.6601831+00:00" endTime="2025-04-02T13:10:04.6602479+00:00" testType="13cdc9d9-ddb5-4fa4-a97d-d965ccfc6d4b" outcome="NotExecuted" testListId="8c84fa94-04c1-424b-9868-57a2d4851a1d" relativeResultsDirectory="304093a7-03da-4dcc-ad74-9cd095e1478b">
      <Output>
        <StdOut>Skipping test: it does not belong to this partition.</StdOut>
        <ErrorInfo>
          <Message>Skipping test: it does not belong to this partition.</Message>
        </ErrorInfo>
      </Output>
    </UnitTestResult>
    <UnitTestResult executionId="9a7b8151-ed53-46b0-9b44-7b344577c42a" testId="201c2ce4-30be-4c69-9a68-4e838f300844" testName="Scenario1_TaxedUpToSubsidy" computerName="ip-10-1-4-15" duration="00:00:00.0000580" startTime="2025-04-02T13:10:04.6602520+00:00" endTime="2025-04-02T13:10:04.6603096+00:00" testType="13cdc9d9-ddb5-4fa4-a97d-d965ccfc6d4b" outcome="NotExecuted" testListId="8c84fa94-04c1-424b-9868-57a2d4851a1d" relativeResultsDirectory="9a7b8151-ed53-46b0-9b44-7b344577c42a">
      <Output>
        <StdOut>Skipping test: it does not belong to this partition.</StdOut>
        <ErrorInfo>
          <Message>Skipping test: it does not belong to this partition.</Message>
        </ErrorInfo>
      </Output>
    </UnitTestResult>
    <UnitTestResult executionId="89b47dce-e82c-43d4-ac67-fb76606de4ed" testId="352817ca-a1e3-b00e-b785-9a6540a317e6" testName="InvalidBarcodeInExecutionShouldBeCaught" computerName="ip-10-1-4-15" duration="00:00:00.0939799" startTime="2025-04-02T13:10:11.9710032+00:00" endTime="2025-04-02T13:10:12.0649828+00:00" testType="13cdc9d9-ddb5-4fa4-a97d-d965ccfc6d4b" outcome="Passed" testListId="8c84fa94-04c1-424b-9868-57a2d4851a1d" relativeResultsDirectory="89b47dce-e82c-43d4-ac67-fb76606de4ed" />
    <UnitTestResult executionId="2305b90a-49d4-479d-b2e1-e1845f326cac" testId="76b8fc25-b1d7-620b-f783-c39948c68ea3" testName="SUPP_14399_AttachBefore" computerName="ip-10-1-4-15" duration="00:00:00.0001340" startTime="2025-04-02T13:10:11.5689546+00:00" endTime="2025-04-02T13:10:11.5690898+00:00" testType="13cdc9d9-ddb5-4fa4-a97d-d965ccfc6d4b" outcome="NotExecuted" testListId="8c84fa94-04c1-424b-9868-57a2d4851a1d" relativeResultsDirectory="2305b90a-49d4-479d-b2e1-e1845f326cac">
      <Output>
        <StdOut>Skipping test: it does not belong to this partition.</StdOut>
        <ErrorInfo>
          <Message>Skipping test: it does not belong to this partition.</Message>
        </ErrorInfo>
      </Output>
    </UnitTestResult>
    <UnitTestResult executionId="9cbdbcc4-5609-4d53-be41-d786f99e4f8d" testId="997aff48-37df-a01c-21b8-2179b9cb5b1d" testName="External_tax_amount_is_set_correctly" computerName="ip-10-1-4-15" duration="00:00:01.2135590" startTime="2025-04-02T13:10:12.3118158+00:00" endTime="2025-04-02T13:10:13.5253742+00:00" testType="13cdc9d9-ddb5-4fa4-a97d-d965ccfc6d4b" outcome="Passed" testListId="8c84fa94-04c1-424b-9868-57a2d4851a1d" relativeResultsDirectory="9cbdbcc4-5609-4d53-be41-d786f99e4f8d">
      <Output>
        <StdOut>Warning message/ListOrganizationUnits obsolete_service - EVA.Core.Services.OrganizationUnits.ListOrganizationUnits is deprecated and will be removed in 2.0.812: Use `ListOrganizationUnitDetailed` (authenticated) or `ListOrganizationUnitSummaries` (anonymous).
Warning message/CreateOrganizationUnit required_field:ToCreate.CurrencyID - Field ToCreate.CurrencyID is required and will be enforced as such in 2.0.606.
Warning message/CreateOrganizationUnit required_field:ToCreate.CostPriceCurrencyID - Field ToCreate.CostPriceCurrencyID is required and will be enforced as such in 2.0.606.
Warning message/GetOrganizationUnit obsolete_service - EVA.Core.Services.OrganizationUnits.GetOrganizationUnit is deprecated and will be removed in 2.0.812: Use `GetOrganizationUnitDetailed` (authenticated) or `GetOrganizationUnitSummary` (anonymous).
Warning message/ListPriceLists limit_large - Limit parameter 1000 is high - consider adding paging.
Warning message/ListPriceLists limit_large - Limit parameter 1000 is high - consider adding paging.
Warning message/ListPriceListAdjustments limit_too_large - Limit parameter 1000000 exceeded maximum of 10000.
Warning message/ListPriceListAdjustments ranged_field:PageConfig.Limit - Field PageConfig.Limit is ranged (should be between 1 and 10000) and will be enforced as such in 2.0.702</StdOut>
      </Output>
    </UnitTestResult>
    <UnitTestResult executionId="307195d9-9dcc-4082-a6ad-37b21deca10a" testId="7bf343df-9f0b-b0cb-0bf1-31142c48518a" testName="MultiplePayments_with_partial_payment" computerName="ip-10-1-4-15" duration="00:00:00.0000800" startTime="2025-04-02T13:10:04.6600990+00:00" endTime="2025-04-02T13:10:04.6601787+00:00" testType="13cdc9d9-ddb5-4fa4-a97d-d965ccfc6d4b" outcome="NotExecuted" testListId="8c84fa94-04c1-424b-9868-57a2d4851a1d" relativeResultsDirectory="307195d9-9dcc-4082-a6ad-37b21deca10a">
      <Output>
        <StdOut>Skipping test: it does not belong to this partition.</StdOut>
        <ErrorInfo>
          <Message>Skipping test: it does not belong to this partition.</Message>
        </ErrorInfo>
      </Output>
    </UnitTestResult>
    <UnitTestResult executionId="82aea457-3c30-4f49-94df-f0e4ab38eca9" testId="90e36759-436b-3828-4e59-4a5d02c078d7" testName="Scenario2_IAWithCustomerExemption" computerName="ip-10-1-4-15" duration="00:00:00.0000680" startTime="2025-04-02T13:10:04.6604895+00:00" endTime="2025-04-02T13:10:04.6605573+00:00" testType="13cdc9d9-ddb5-4fa4-a97d-d965ccfc6d4b" outcome="NotExecuted" testListId="8c84fa94-04c1-424b-9868-57a2d4851a1d" relativeResultsDirectory="82aea457-3c30-4f49-94df-f0e4ab38eca9">
      <Output>
        <StdOut>Skipping test: it does not belong to this partition.</StdOut>
        <ErrorInfo>
          <Message>Skipping test: it does not belong to this partition.</Message>
        </ErrorInfo>
      </Output>
    </UnitTestResult>
    <UnitTestResult executionId="8d7b2ffa-8f19-4505-b8ff-a964e21ae23a" testId="2beb918a-0c75-9266-f8dd-64513dafeb21" testName="attaching_and_detaching_with_line_modification_should_work" computerName="ip-10-1-4-15" duration="00:00:00.0004550" startTime="2025-04-02T13:10:11.5674965+00:00" endTime="2025-04-02T13:10:11.5679512+00:00" testType="13cdc9d9-ddb5-4fa4-a97d-d965ccfc6d4b" outcome="NotExecuted" testListId="8c84fa94-04c1-424b-9868-57a2d4851a1d" relativeResultsDirectory="8d7b2ffa-8f19-4505-b8ff-a964e21ae23a">
      <Output>
        <StdOut>Skipping test: it does not belong to this partition.</StdOut>
        <ErrorInfo>
          <Message>Skipping test: it does not belong to this partition.</Message>
        </ErrorInfo>
      </Output>
    </UnitTestResult>
    <UnitTestResult executionId="9021f05a-c573-426e-b5b9-459f6f8203ac" testId="6357ab1a-32ab-f5f6-704c-bbd89db6ffe7" testName="SUPPORT14571" computerName="ip-10-1-4-15" duration="00:00:00.0000630" startTime="2025-04-02T13:10:04.6610566+00:00" endTime="2025-04-02T13:10:04.6611192+00:00" testType="13cdc9d9-ddb5-4fa4-a97d-d965ccfc6d4b" outcome="NotExecuted" testListId="8c84fa94-04c1-424b-9868-57a2d4851a1d" relativeResultsDirectory="9021f05a-c573-426e-b5b9-459f6f8203ac">
      <Output>
        <StdOut>Skipping test: it does not belong to this partition.</StdOut>
        <ErrorInfo>
          <Message>Skipping test: it does not belong to this partition.</Message>
        </ErrorInfo>
      </Output>
    </UnitTestResult>
    <UnitTestResult executionId="b9974805-0ba5-4b43-a0c3-086b980cb74a" testId="6afdcf98-7faf-c503-ec57-4b23b1f0f1cc" testName="OrderDataServiceWorks" computerName="ip-10-1-4-15" duration="00:00:03.2925430" startTime="2025-04-02T13:10:04.6628954+00:00" endTime="2025-04-02T13:10:07.9554376+00:00" testType="13cdc9d9-ddb5-4fa4-a97d-d965ccfc6d4b" outcome="Passed" testListId="8c84fa94-04c1-424b-9868-57a2d4851a1d" relativeResultsDirectory="b9974805-0ba5-4b43-a0c3-086b980cb74a">
      <Output>
        <StdOut>Warning message/ListOrganizationUnits obsolete_service - EVA.Core.Services.OrganizationUnits.ListOrganizationUnits is deprecated and will be removed in 2.0.812: Use `ListOrganizationUnitDetailed` (authenticated) or `ListOrganizationUnitSummaries` (anonymous).
Warning message/CreateOrganizationUnit required_field:ToCreate.CurrencyID - Field ToCreate.CurrencyID is required and will be enforced as such in 2.0.606.
Warning message/CreateOrganizationUnit required_field:ToCreate.CostPriceCurrencyID - Field ToCreate.CostPriceCurrencyID is required and will be enforced as such in 2.0.606.
Warning message/GetOrganizationUnit obsolete_service - EVA.Core.Services.OrganizationUnits.GetOrganizationUnit is deprecated and will be removed in 2.0.812: Use `GetOrganizationUnitDetailed` (authenticated) or `GetOrganizationUnitSummary` (anonymous).
Warning message/ListPriceLists limit_large - Limit parameter 1000 is high - consider adding paging.
Warning message/ListPriceLists limit_large - Limit parameter 1000 is high - consider adding paging.
Warning message/ListPriceListAdjustments limit_too_large - Limit parameter 1000000 exceeded maximum of 10000.
Warning message/ListPriceListAdjustments ranged_field:PageConfig.Limit - Field PageConfig.Limit is ranged (should be between 1 and 10000) and will be enforced as such in 2.0.702</StdOut>
      </Output>
    </UnitTestResult>
    <UnitTestResult executionId="9fd2d64c-918d-4803-a789-7bc8508bb820" testId="8278f730-baf8-da37-df14-247e0a522dc4" testName="IATaxRules_Scenario2_SubsidyTaxedSTEX" computerName="ip-10-1-4-15" duration="00:00:00.0123400" startTime="2025-04-02T13:10:04.6461356+00:00" endTime="2025-04-02T13:10:04.6584409+00:00" testType="13cdc9d9-ddb5-4fa4-a97d-d965ccfc6d4b" outcome="NotExecuted" testListId="8c84fa94-04c1-424b-9868-57a2d4851a1d" relativeResultsDirectory="9fd2d64c-918d-4803-a789-7bc8508bb820">
      <Output>
        <StdOut>Skipping test: it does not belong to this partition.</StdOut>
        <ErrorInfo>
          <Message>Skipping test: it does not belong to this partition.</Message>
        </ErrorInfo>
      </Output>
    </UnitTestResult>
    <UnitTestResult executionId="979b46d5-17d4-4311-8653-4b81395638dc" testId="870e3ef6-daba-e1d4-7759-53f7dd95871b" testName="limitation_create_line_with_4_and_then_attach_and_then_add_1_should_work" computerName="ip-10-1-4-15" duration="00:00:00.5050860" startTime="2025-04-02T13:10:09.8752834+00:00" endTime="2025-04-02T13:10:10.3803690+00:00" testType="13cdc9d9-ddb5-4fa4-a97d-d965ccfc6d4b" outcome="Passed" testListId="8c84fa94-04c1-424b-9868-57a2d4851a1d" relativeResultsDirectory="979b46d5-17d4-4311-8653-4b81395638dc" />
    <UnitTestResult executionId="c43760ba-7c71-4b9c-8c0f-9cb62118eeee" testId="73481ccf-b4a7-5ca9-6759-1262e1b034ab" testName="Scenario5_TaxHoliday" computerName="ip-10-1-4-15" duration="00:00:00.0001680" startTime="2025-04-02T13:10:04.6607676+00:00" endTime="2025-04-02T13:10:04.6609354+00:00" testType="13cdc9d9-ddb5-4fa4-a97d-d965ccfc6d4b" outcome="NotExecuted" testListId="8c84fa94-04c1-424b-9868-57a2d4851a1d" relativeResultsDirectory="c43760ba-7c71-4b9c-8c0f-9cb62118eeee">
      <Output>
        <StdOut>No longer a tax holiday, longer than 1 year ago?</StdOut>
        <ErrorInfo>
          <Message>No longer a tax holiday, longer than 1 year ago?</Message>
        </ErrorInfo>
      </Output>
    </UnitTestResult>
    <UnitTestResult executionId="e9965831-348f-4a74-b3ab-d5ebe7a08bce" testId="4fa33cfd-02f6-ca4d-1ad2-9cfd32f9592b" testName="limitation_create_line_with_1_and_then_attach_and_then_add_3_should_work" computerName="ip-10-1-4-15" duration="00:00:00.4277290" startTime="2025-04-02T13:10:09.4475080+00:00" endTime="2025-04-02T13:10:09.8752365+00:00" testType="13cdc9d9-ddb5-4fa4-a97d-d965ccfc6d4b" outcome="Passed" testListId="8c84fa94-04c1-424b-9868-57a2d4851a1d" relativeResultsDirectory="e9965831-348f-4a74-b3ab-d5ebe7a08bce" />
    <UnitTestResult executionId="0a58f484-affd-4345-b72e-7cbf5de2292e" testId="e3e620d3-f2f0-dde6-4f4d-ce966d8bed54" testName="Zero_cost_shipping_lines" computerName="ip-10-1-4-15" duration="00:00:00.0000530" startTime="2025-04-02T13:10:04.6612033+00:00" endTime="2025-04-02T13:10:04.6612561+00:00" testType="13cdc9d9-ddb5-4fa4-a97d-d965ccfc6d4b" outcome="NotExecuted" testListId="8c84fa94-04c1-424b-9868-57a2d4851a1d" relativeResultsDirectory="0a58f484-affd-4345-b72e-7cbf5de2292e">
      <Output>
        <StdOut>Skipping test: it does not belong to this partition.</StdOut>
        <ErrorInfo>
          <Message>Skipping test: it does not belong to this partition.</Message>
        </ErrorInfo>
      </Output>
    </UnitTestResult>
    <UnitTestResult executionId="f5f1ddb3-344e-4b2a-bd65-147b33a3ab5a" testId="4e840141-30ec-46e9-d334-fb3031ac8878" testName="Scenario1_TaxedUpToSubsidy_with_full_return_pos_flow" computerName="ip-10-1-4-15" duration="00:00:00.0000770" startTime="2025-04-02T13:10:04.6604076+00:00" endTime="2025-04-02T13:10:04.6604848+00:00" testType="13cdc9d9-ddb5-4fa4-a97d-d965ccfc6d4b" outcome="NotExecuted" testListId="8c84fa94-04c1-424b-9868-57a2d4851a1d" relativeResultsDirectory="f5f1ddb3-344e-4b2a-bd65-147b33a3ab5a">
      <Output>
        <StdOut>Skipping test: it does not belong to this partition.</StdOut>
        <ErrorInfo>
          <Message>Skipping test: it does not belong to this partition.</Message>
        </ErrorInfo>
      </Output>
    </UnitTestResult>
    <UnitTestResult executionId="bbcd8486-1f25-4971-bc15-ed79578191b0" testId="789f1634-de60-7bfc-2287-bf133dd36f65" testName="SUPPORT_14362" computerName="ip-10-1-4-15" duration="00:00:00.0001070" startTime="2025-04-02T13:10:04.6609446+00:00" endTime="2025-04-02T13:10:04.6610522+00:00" testType="13cdc9d9-ddb5-4fa4-a97d-d965ccfc6d4b" outcome="NotExecuted" testListId="8c84fa94-04c1-424b-9868-57a2d4851a1d" relativeResultsDirectory="bbcd8486-1f25-4971-bc15-ed79578191b0">
      <Output>
        <StdOut>Skipping test: it does not belong to this partition.</StdOut>
        <ErrorInfo>
          <Message>Skipping test: it does not belong to this partition.</Message>
        </ErrorInfo>
      </Output>
    </UnitTestResult>
    <UnitTestResult executionId="b8a027e2-0349-4dd1-911a-e0e00434f4c9" testId="39a86eb6-1d91-0aa1-c895-cecb74ef202a" testName="limitation_on_pricelist_with_attach_after_should_work" computerName="ip-10-1-4-15" duration="00:00:00.0002170" startTime="2025-04-02T13:10:11.5685848+00:00" endTime="2025-04-02T13:10:11.5688019+00:00" testType="13cdc9d9-ddb5-4fa4-a97d-d965ccfc6d4b" outcome="NotExecuted" testListId="8c84fa94-04c1-424b-9868-57a2d4851a1d" relativeResultsDirectory="b8a027e2-0349-4dd1-911a-e0e00434f4c9">
      <Output>
        <StdOut>Skipping test: it does not belong to this partition.</StdOut>
        <ErrorInfo>
          <Message>Skipping test: it does not belong to this partition.</Message>
        </ErrorInfo>
      </Output>
    </UnitTestResult>
    <UnitTestResult executionId="4ec4132a-bfd7-427f-9c58-0ceacbf05c25" testId="941c6c47-b36b-fb4e-76a9-0504019aed48" testName="SUPPORT15756" computerName="ip-10-1-4-15" duration="00:00:00.0000760" startTime="2025-04-02T13:10:04.6611232+00:00" endTime="2025-04-02T13:10:04.6611995+00:00" testType="13cdc9d9-ddb5-4fa4-a97d-d965ccfc6d4b" outcome="NotExecuted" testListId="8c84fa94-04c1-424b-9868-57a2d4851a1d" relativeResultsDirectory="4ec4132a-bfd7-427f-9c58-0ceacbf05c25">
      <Output>
        <StdOut>Skipping test: it does not belong to this partition.</StdOut>
        <ErrorInfo>
          <Message>Skipping test: it does not belong to this partition.</Message>
        </ErrorInfo>
      </Output>
    </UnitTestResult>
    <UnitTestResult executionId="7fa6bd38-f2ae-4174-8b6c-c6f4d182d91c" testId="f40b2df8-8047-74a8-f841-c6324eeab7c3" testName="order_product_limitation_should_work_on_max_use_on_order_starting_without_program_slow_buildup" computerName="ip-10-1-4-15" duration="00:00:00.4225760" startTime="2025-04-02T13:10:11.1444214+00:00" endTime="2025-04-02T13:10:11.5669971+00:00" testType="13cdc9d9-ddb5-4fa4-a97d-d965ccfc6d4b" outcome="Passed" testListId="8c84fa94-04c1-424b-9868-57a2d4851a1d" relativeResultsDirectory="7fa6bd38-f2ae-4174-8b6c-c6f4d182d91c" />
    <UnitTestResult executionId="e83554ca-8f13-4621-8479-393d25eee822" testId="337ede57-f84b-51ed-5d05-c5ec52370355" testName="Scenario4_2_TaxHoliday" computerName="ip-10-1-4-15" duration="00:00:00.0000560" startTime="2025-04-02T13:10:04.6606424+00:00" endTime="2025-04-02T13:10:04.6606987+00:00" testType="13cdc9d9-ddb5-4fa4-a97d-d965ccfc6d4b" outcome="NotExecuted" testListId="8c84fa94-04c1-424b-9868-57a2d4851a1d" relativeResultsDirectory="e83554ca-8f13-4621-8479-393d25eee822">
      <Output>
        <StdOut>Skipping test: it does not belong to this partition.</StdOut>
        <ErrorInfo>
          <Message>Skipping test: it does not belong to this partition.</Message>
        </ErrorInfo>
      </Output>
    </UnitTestResult>
    <UnitTestResult executionId="a1a07060-e8c1-44cc-ad29-33e4470c2159" testId="b2b55f07-6d0e-4cfe-1dc2-14ea8a9977ce" testName="limitation_attach_first_and_add_1_add_a_time_should_work" computerName="ip-10-1-4-15" duration="00:00:00.7317220" startTime="2025-04-02T13:10:07.9559277+00:00" endTime="2025-04-02T13:10:08.6876492+00:00" testType="13cdc9d9-ddb5-4fa4-a97d-d965ccfc6d4b" outcome="Passed" testListId="8c84fa94-04c1-424b-9868-57a2d4851a1d" relativeResultsDirectory="a1a07060-e8c1-44cc-ad29-33e4470c2159" />
    <UnitTestResult executionId="a7fccfc9-af25-41b0-8af3-9865db4ce37d" testId="f4be7ef1-d527-17a0-4e40-04a762dcbb06" testName="Scenario4_TaxHoliday" computerName="ip-10-1-4-15" duration="00:00:00.0000610" startTime="2025-04-02T13:10:04.6607031+00:00" endTime="2025-04-02T13:10:04.6607641+00:00" testType="13cdc9d9-ddb5-4fa4-a97d-d965ccfc6d4b" outcome="NotExecuted" testListId="8c84fa94-04c1-424b-9868-57a2d4851a1d" relativeResultsDirectory="a7fccfc9-af25-41b0-8af3-9865db4ce37d">
      <Output>
        <StdOut>Skipping test: it does not belong to this partition.</StdOut>
        <ErrorInfo>
          <Message>Skipping test: it does not belong to this partition.</Message>
        </ErrorInfo>
      </Output>
    </UnitTestResult>
    <UnitTestResult executionId="7f1156ce-b970-4b06-90b9-f2bf078c1e8a" testId="075df950-d287-2bab-6ac9-4d06cba50da0" testName="Scenario3_SubsidyTaxed" computerName="ip-10-1-4-15" duration="00:00:00.0000760" startTime="2025-04-02T13:10:04.6605613+00:00" endTime="2025-04-02T13:10:04.6606368+00:00" testType="13cdc9d9-ddb5-4fa4-a97d-d965ccfc6d4b" outcome="NotExecuted" testListId="8c84fa94-04c1-424b-9868-57a2d4851a1d" relativeResultsDirectory="7f1156ce-b970-4b06-90b9-f2bf078c1e8a">
      <Output>
        <StdOut>Skipping test: it does not belong to this partition.</StdOut>
        <ErrorInfo>
          <Message>Skipping test: it does not belong to this partition.</Message>
        </ErrorInfo>
      </Output>
    </UnitTestResult>
    <UnitTestResult executionId="b7b6c816-99f6-4294-8a2d-fe58ab9417b3" testId="d567bebc-92e8-0ea4-a6be-35453e1946f0" testName="Scenario1_TaxedUpToSubsidy_with_full_return" computerName="ip-10-1-4-15" duration="00:00:00.0000860" startTime="2025-04-02T13:10:04.6603143+00:00" endTime="2025-04-02T13:10:04.6604002+00:00" testType="13cdc9d9-ddb5-4fa4-a97d-d965ccfc6d4b" outcome="NotExecuted" testListId="8c84fa94-04c1-424b-9868-57a2d4851a1d" relativeResultsDirectory="b7b6c816-99f6-4294-8a2d-fe58ab9417b3">
      <Output>
        <StdOut>Skipping test: it does not belong to this partition.</StdOut>
        <ErrorInfo>
          <Message>Skipping test: it does not belong to this partition.</Message>
        </ErrorInfo>
      </Output>
    </UnitTestResult>
    <UnitTestResult executionId="fae12933-6efb-49af-ba2f-d30ce26267d9" testId="cb89989b-1a95-16ec-085f-ac45aefb60ea" testName="order_product_limitation_should_work_on_max_use_on_order_starting_with_program_slow_buildup" computerName="ip-10-1-4-15" duration="00:00:00.3820450" startTime="2025-04-02T13:10:10.7623204+00:00" endTime="2025-04-02T13:10:11.1443662+00:00" testType="13cdc9d9-ddb5-4fa4-a97d-d965ccfc6d4b" outcome="Passed" testListId="8c84fa94-04c1-424b-9868-57a2d4851a1d" relativeResultsDirectory="fae12933-6efb-49af-ba2f-d30ce26267d9" />
    <UnitTestResult executionId="a3d39b95-47dd-4e91-84db-9c36f4272264" testId="941232dc-6301-c344-80cb-ed5669acfd5e" testName="ExistingRedWingUserParseBarcodeWorks" computerName="ip-10-1-4-15" duration="00:00:00.4013330" startTime="2025-04-02T13:10:11.5696191+00:00" endTime="2025-04-02T13:10:11.9709514+00:00" testType="13cdc9d9-ddb5-4fa4-a97d-d965ccfc6d4b" outcome="Passed" testListId="8c84fa94-04c1-424b-9868-57a2d4851a1d" relativeResultsDirectory="a3d39b95-47dd-4e91-84db-9c36f4272264">
      <Output>
        <StdOut>Warning message/CreateCustomer obsolete_field:User.ShippingAddress.Street - User.ShippingAddress.Street is deprecated and will be removed in 2.0.658: Use `Address1`.
Voucher Code: iisyblexxg</StdOut>
      </Output>
    </UnitTestResult>
    <UnitTestResult executionId="ec81026b-a133-407f-ad4d-5ebf49e0ba55" testId="3610e224-c68a-9f65-afd2-8f400b588c47" testName="ExcelFileCanBeUploadedAndIsStored" computerName="ip-10-1-4-15" duration="00:00:00.0002030" startTime="2025-04-02T13:10:11.5692688+00:00" endTime="2025-04-02T13:10:11.5694716+00:00" testType="13cdc9d9-ddb5-4fa4-a97d-d965ccfc6d4b" outcome="NotExecuted" testListId="8c84fa94-04c1-424b-9868-57a2d4851a1d" relativeResultsDirectory="ec81026b-a133-407f-ad4d-5ebf49e0ba55">
      <Output>
        <StdOut>Skipping test: it does not belong to this partition.</StdOut>
        <ErrorInfo>
          <Message>Skipping test: it does not belong to this partition.</Message>
        </ErrorInfo>
      </Output>
    </UnitTestResult>
    <UnitTestResult executionId="321b64fc-fba7-4ff3-bda8-ae5f4bc72eef" testId="01f50ff3-77e8-0da6-f668-5362f5263bc5" testName="limitation_on_pricelist_should_work" computerName="ip-10-1-4-15" duration="00:00:00.0005780" startTime="2025-04-02T13:10:11.5679791+00:00" endTime="2025-04-02T13:10:11.5685572+00:00" testType="13cdc9d9-ddb5-4fa4-a97d-d965ccfc6d4b" outcome="NotExecuted" testListId="8c84fa94-04c1-424b-9868-57a2d4851a1d" relativeResultsDirectory="321b64fc-fba7-4ff3-bda8-ae5f4bc72eef">
      <Output>
        <StdOut>Skipping test: it does not belong to this partition.</StdOut>
        <ErrorInfo>
          <Message>Skipping test: it does not belong to this partition.</Message>
        </ErrorInfo>
      </Output>
    </UnitTestResult>
    <UnitTestResult executionId="72ddb94e-9f43-4496-999a-4b13c01914ba" testId="26f33b96-13a8-5e9e-9ca2-aa7685b7d8d6" testName="limitation_attach_first_and_add_4_at_once_should_work" computerName="ip-10-1-4-15" duration="00:00:00.3796340" startTime="2025-04-02T13:10:09.0678242+00:00" endTime="2025-04-02T13:10:09.4474579+00:00" testType="13cdc9d9-ddb5-4fa4-a97d-d965ccfc6d4b" outcome="Passed" testListId="8c84fa94-04c1-424b-9868-57a2d4851a1d" relativeResultsDirectory="72ddb94e-9f43-4496-999a-4b13c01914ba" />
    <UnitTestResult executionId="53d30c40-2e05-492c-bd11-e0876043b9ea" testId="c65d766a-09d9-31a2-568c-8d91ac56ed24" testName="SUPP_14399_AttachAfter" computerName="ip-10-1-4-15" duration="00:00:00.0001290" startTime="2025-04-02T13:10:11.5688128+00:00" endTime="2025-04-02T13:10:11.5689417+00:00" testType="13cdc9d9-ddb5-4fa4-a97d-d965ccfc6d4b" outcome="NotExecuted" testListId="8c84fa94-04c1-424b-9868-57a2d4851a1d" relativeResultsDirectory="53d30c40-2e05-492c-bd11-e0876043b9ea">
      <Output>
        <StdOut>Skipping test: it does not belong to this partition.</StdOut>
        <ErrorInfo>
          <Message>Skipping test: it does not belong to this partition.</Message>
        </ErrorInfo>
      </Output>
    </UnitTestResult>
    <UnitTestResult executionId="afe760dc-83df-4d84-bea0-4b145e268929" testId="08235652-4b95-7b38-3ebe-eb3fbcbc1132" testName="IATaxRules_Scenario2_SubsidyTaxedSTEX_Payroll" computerName="ip-10-1-4-15" duration="00:00:00.0005419" startTime="2025-04-02T13:10:04.6593184+00:00" endTime="2025-04-02T13:10:04.6598609+00:00" testType="13cdc9d9-ddb5-4fa4-a97d-d965ccfc6d4b" outcome="NotExecuted" testListId="8c84fa94-04c1-424b-9868-57a2d4851a1d" relativeResultsDirectory="afe760dc-83df-4d84-bea0-4b145e268929">
      <Output>
        <StdOut>Skipping test: it does not belong to this partition.</StdOut>
        <ErrorInfo>
          <Message>Skipping test: it does not belong to this partition.</Message>
        </ErrorInfo>
      </Output>
    </UnitTestResult>
    <UnitTestResult executionId="301f61c5-3249-4176-860c-41e1c5b7d22c" testId="01fd31ea-8993-11ff-4375-c9a51b65ccdf" testName="limitation_attach_first_and_add_2_and_then_2_again_should_work" computerName="ip-10-1-4-15" duration="00:00:00.3800420" startTime="2025-04-02T13:10:08.6877083+00:00" endTime="2025-04-02T13:10:09.0677499+00:00" testType="13cdc9d9-ddb5-4fa4-a97d-d965ccfc6d4b" outcome="Passed" testListId="8c84fa94-04c1-424b-9868-57a2d4851a1d" relativeResultsDirectory="301f61c5-3249-4176-860c-41e1c5b7d22c" />
  </Results>
  <TestDefinitions>
    <UnitTest name="order_product_limitation_should_work_on_max_use_on_order_starting_with_program_slow_buildup" storage="/home/runner/_work/eva/eva/test/eva.testsuite.redwing/bin/release/eva.testsuite.redwing.dll" id="cb89989b-1a95-16ec-085f-ac45aefb60ea">
      <Execution id="fae12933-6efb-49af-ba2f-d30ce26267d9" />
      <TestMethod codeBase="/home/runner/_work/eva/eva/test/EVA.TestSuite.RedWing/bin/Release/EVA.TestSuite.RedWing.dll" adapterTypeName="executor://nunit3testexecutor/" className="EVA.TestSuite.RedWing.IndustrialAccounts.OrderLineStackTests" name="order_product_limitation_should_work_on_max_use_on_order_starting_with_program_slow_buildup" />
    </UnitTest>
    <UnitTest name="limitation_create_line_with_4_and_then_attach_should_work" storage="/home/runner/_work/eva/eva/test/eva.testsuite.redwing/bin/release/eva.testsuite.redwing.dll" id="0b1edb8f-43a6-241f-2bf6-a06f95b9893c">
      <Execution id="bb9c1304-57b4-4fa1-ae68-6d8b619719d7" />
      <TestMethod codeBase="/home/runner/_work/eva/eva/test/EVA.TestSuite.RedWing/bin/Release/EVA.TestSuite.RedWing.dll" adapterTypeName="executor://nunit3testexecutor/" className="EVA.TestSuite.RedWing.IndustrialAccounts.OrderLineStackTests" name="limitation_create_line_with_4_and_then_attach_should_work" />
    </UnitTest>
    <UnitTest name="Scenario2_IAWithCustomerExemption" storage="/home/runner/_work/eva/eva/test/eva.testsuite.redwing/bin/release/eva.testsuite.redwing.dll" id="90e36759-436b-3828-4e59-4a5d02c078d7">
      <Execution id="82aea457-3c30-4f49-94df-f0e4ab38eca9" />
      <TestMethod codeBase="/home/runner/_work/eva/eva/test/EVA.TestSuite.RedWing/bin/Release/EVA.TestSuite.RedWing.dll" adapterTypeName="executor://nunit3testexecutor/" className="EVA.TestSuite.RedWing.IndustrialAccounts.IndustrialAccountsTests" name="Scenario2_IAWithCustomerExemption" />
    </UnitTest>
    <UnitTest name="limitation_on_pricelist_with_attach_after_should_work" storage="/home/runner/_work/eva/eva/test/eva.testsuite.redwing/bin/release/eva.testsuite.redwing.dll" id="39a86eb6-1d91-0aa1-c895-cecb74ef202a">
      <Execution id="b8a027e2-0349-4dd1-911a-e0e00434f4c9" />
      <TestMethod codeBase="/home/runner/_work/eva/eva/test/EVA.TestSuite.RedWing/bin/Release/EVA.TestSuite.RedWing.dll" adapterTypeName="executor://nunit3testexecutor/" className="EVA.TestSuite.RedWing.IndustrialAccounts.Reproductions" name="limitation_on_pricelist_with_attach_after_should_work" />
    </UnitTest>
    <UnitTest name="Scenario4_2_TaxHoliday" storage="/home/runner/_work/eva/eva/test/eva.testsuite.redwing/bin/release/eva.testsuite.redwing.dll" id="337ede57-f84b-51ed-5d05-c5ec52370355">
      <Execution id="e83554ca-8f13-4621-8479-393d25eee822" />
      <TestMethod codeBase="/home/runner/_work/eva/eva/test/EVA.TestSuite.RedWing/bin/Release/EVA.TestSuite.RedWing.dll" adapterTypeName="executor://nunit3testexecutor/" className="EVA.TestSuite.RedWing.IndustrialAccounts.IndustrialAccountsTests" name="Scenario4_2_TaxHoliday" />
    </UnitTest>
    <UnitTest name="SUPPORT_14362" storage="/home/runner/_work/eva/eva/test/eva.testsuite.redwing/bin/release/eva.testsuite.redwing.dll" id="789f1634-de60-7bfc-2287-bf133dd36f65">
      <Execution id="bbcd8486-1f25-4971-bc15-ed79578191b0" />
      <TestMethod codeBase="/home/runner/_work/eva/eva/test/EVA.TestSuite.RedWing/bin/Release/EVA.TestSuite.RedWing.dll" adapterTypeName="executor://nunit3testexecutor/" className="EVA.TestSuite.RedWing.IndustrialAccounts.IndustrialAccountsTests" name="SUPPORT_14362" />
    </UnitTest>
    <UnitTest name="Scenario3_SubsidyTaxed" storage="/home/runner/_work/eva/eva/test/eva.testsuite.redwing/bin/release/eva.testsuite.redwing.dll" id="075df950-d287-2bab-6ac9-4d06cba50da0">
      <Execution id="7f1156ce-b970-4b06-90b9-f2bf078c1e8a" />
      <TestMethod codeBase="/home/runner/_work/eva/eva/test/EVA.TestSuite.RedWing/bin/Release/EVA.TestSuite.RedWing.dll" adapterTypeName="executor://nunit3testexecutor/" className="EVA.TestSuite.RedWing.IndustrialAccounts.IndustrialAccountsTests" name="Scenario3_SubsidyTaxed" />
    </UnitTest>
    <UnitTest name="SUPP_14399_AttachBefore" storage="/home/runner/_work/eva/eva/test/eva.testsuite.redwing/bin/release/eva.testsuite.redwing.dll" id="76b8fc25-b1d7-620b-f783-c39948c68ea3">
      <Execution id="2305b90a-49d4-479d-b2e1-e1845f326cac" />
      <TestMethod codeBase="/home/runner/_work/eva/eva/test/EVA.TestSuite.RedWing/bin/Release/EVA.TestSuite.RedWing.dll" adapterTypeName="executor://nunit3testexecutor/" className="EVA.TestSuite.RedWing.IndustrialAccounts.Reproductions" name="SUPP_14399_AttachBefore" />
    </UnitTest>
    <UnitTest name="IATaxRules_Scenario2_SubsidyTaxedSTEX" storage="/home/runner/_work/eva/eva/test/eva.testsuite.redwing/bin/release/eva.testsuite.redwing.dll" id="8278f730-baf8-da37-df14-247e0a522dc4">
      <Execution id="9fd2d64c-918d-4803-a789-7bc8508bb820" />
      <TestMethod codeBase="/home/runner/_work/eva/eva/test/EVA.TestSuite.RedWing/bin/Release/EVA.TestSuite.RedWing.dll" adapterTypeName="executor://nunit3testexecutor/" className="EVA.TestSuite.RedWing.IndustrialAccounts.IndustrialAccountsTests" name="IATaxRules_Scenario2_SubsidyTaxedSTEX" />
    </UnitTest>
    <UnitTest name="External_tax_amount_is_set_correctly" storage="/home/runner/_work/eva/eva/test/eva.testsuite.redwing/bin/release/eva.testsuite.redwing.dll" id="997aff48-37df-a01c-21b8-2179b9cb5b1d">
      <Execution id="9cbdbcc4-5609-4d53-be41-d786f99e4f8d" />
      <TestMethod codeBase="/home/runner/_work/eva/eva/test/EVA.TestSuite.RedWing/bin/Release/EVA.TestSuite.RedWing.dll" adapterTypeName="executor://nunit3testexecutor/" className="EVA.TestSuite.RedWing.TraviPay.ValidatePaymentAmountsTest" name="External_tax_amount_is_set_correctly" />
    </UnitTest>
    <UnitTest name="SUPPORT15756" storage="/home/runner/_work/eva/eva/test/eva.testsuite.redwing/bin/release/eva.testsuite.redwing.dll" id="941c6c47-b36b-fb4e-76a9-0504019aed48">
      <Execution id="4ec4132a-bfd7-427f-9c58-0ceacbf05c25" />
      <TestMethod codeBase="/home/runner/_work/eva/eva/test/EVA.TestSuite.RedWing/bin/Release/EVA.TestSuite.RedWing.dll" adapterTypeName="executor://nunit3testexecutor/" className="EVA.TestSuite.RedWing.IndustrialAccounts.IndustrialAccountsTests" name="SUPPORT15756" />
    </UnitTest>
    <UnitTest name="Scenario1_TaxedUpToSubsidy_with_full_return" storage="/home/runner/_work/eva/eva/test/eva.testsuite.redwing/bin/release/eva.testsuite.redwing.dll" id="d567bebc-92e8-0ea4-a6be-35453e1946f0">
      <Execution id="b7b6c816-99f6-4294-8a2d-fe58ab9417b3" />
      <TestMethod codeBase="/home/runner/_work/eva/eva/test/EVA.TestSuite.RedWing/bin/Release/EVA.TestSuite.RedWing.dll" adapterTypeName="executor://nunit3testexecutor/" className="EVA.TestSuite.RedWing.IndustrialAccounts.IndustrialAccountsTests" name="Scenario1_TaxedUpToSubsidy_with_full_return" />
    </UnitTest>
    <UnitTest name="ExistingRedWingUserParseBarcodeWorks" storage="/home/runner/_work/eva/eva/test/eva.testsuite.redwing/bin/release/eva.testsuite.redwing.dll" id="941232dc-6301-c344-80cb-ed5669acfd5e">
      <Execution id="a3d39b95-47dd-4e91-84db-9c36f4272264" />
      <TestMethod codeBase="/home/runner/_work/eva/eva/test/EVA.TestSuite.RedWing/bin/Release/EVA.TestSuite.RedWing.dll" adapterTypeName="executor://nunit3testexecutor/" className="EVA.TestSuite.RedWing.TraviPay.UserParseBarcodeHandlerTest" name="ExistingRedWingUserParseBarcodeWorks" />
    </UnitTest>
    <UnitTest name="NewRedWingUserParseBarcodeWorks" storage="/home/runner/_work/eva/eva/test/eva.testsuite.redwing/bin/release/eva.testsuite.redwing.dll" id="75a1744e-6c21-9705-d2f3-b77a3dd59e6c">
      <Execution id="b69c7b1b-ebe6-4972-9777-febd329b916f" />
      <TestMethod codeBase="/home/runner/_work/eva/eva/test/EVA.TestSuite.RedWing/bin/Release/EVA.TestSuite.RedWing.dll" adapterTypeName="executor://nunit3testexecutor/" className="EVA.TestSuite.RedWing.TraviPay.UserParseBarcodeHandlerTest" name="NewRedWingUserParseBarcodeWorks" />
    </UnitTest>
    <UnitTest name="InvalidBarcodeInExecutionShouldBeCaught" storage="/home/runner/_work/eva/eva/test/eva.testsuite.redwing/bin/release/eva.testsuite.redwing.dll" id="352817ca-a1e3-b00e-b785-9a6540a317e6">
      <Execution id="89b47dce-e82c-43d4-ac67-fb76606de4ed" />
      <TestMethod codeBase="/home/runner/_work/eva/eva/test/EVA.TestSuite.RedWing/bin/Release/EVA.TestSuite.RedWing.dll" adapterTypeName="executor://nunit3testexecutor/" className="EVA.TestSuite.RedWing.TraviPay.UserParseBarcodeHandlerTest" name="InvalidBarcodeInExecutionShouldBeCaught" />
    </UnitTest>
    <UnitTest name="Zero_cost_shipping_lines" storage="/home/runner/_work/eva/eva/test/eva.testsuite.redwing/bin/release/eva.testsuite.redwing.dll" id="e3e620d3-f2f0-dde6-4f4d-ce966d8bed54">
      <Execution id="0a58f484-affd-4345-b72e-7cbf5de2292e" />
      <TestMethod codeBase="/home/runner/_work/eva/eva/test/EVA.TestSuite.RedWing/bin/Release/EVA.TestSuite.RedWing.dll" adapterTypeName="executor://nunit3testexecutor/" className="EVA.TestSuite.RedWing.IndustrialAccounts.IndustrialAccountsTests" name="Zero_cost_shipping_lines" />
    </UnitTest>
    <UnitTest name="limitation_on_pricelist_should_work" storage="/home/runner/_work/eva/eva/test/eva.testsuite.redwing/bin/release/eva.testsuite.redwing.dll" id="01f50ff3-77e8-0da6-f668-5362f5263bc5">
      <Execution id="321b64fc-fba7-4ff3-bda8-ae5f4bc72eef" />
      <TestMethod codeBase="/home/runner/_work/eva/eva/test/EVA.TestSuite.RedWing/bin/Release/EVA.TestSuite.RedWing.dll" adapterTypeName="executor://nunit3testexecutor/" className="EVA.TestSuite.RedWing.IndustrialAccounts.Reproductions" name="limitation_on_pricelist_should_work" />
    </UnitTest>
    <UnitTest name="Scenario1_TaxedUpToSubsidy" storage="/home/runner/_work/eva/eva/test/eva.testsuite.redwing/bin/release/eva.testsuite.redwing.dll" id="201c2ce4-30be-4c69-9a68-4e838f300844">
      <Execution id="9a7b8151-ed53-46b0-9b44-7b344577c42a" />
      <TestMethod codeBase="/home/runner/_work/eva/eva/test/EVA.TestSuite.RedWing/bin/Release/EVA.TestSuite.RedWing.dll" adapterTypeName="executor://nunit3testexecutor/" className="EVA.TestSuite.RedWing.IndustrialAccounts.IndustrialAccountsTests" name="Scenario1_TaxedUpToSubsidy" />
    </UnitTest>
    <UnitTest name="IATaxRules_Scenario2_SubsidyTaxedSTEX_Payroll" storage="/home/runner/_work/eva/eva/test/eva.testsuite.redwing/bin/release/eva.testsuite.redwing.dll" id="08235652-4b95-7b38-3ebe-eb3fbcbc1132">
      <Execution id="afe760dc-83df-4d84-bea0-4b145e268929" />
      <TestMethod codeBase="/home/runner/_work/eva/eva/test/EVA.TestSuite.RedWing/bin/Release/EVA.TestSuite.RedWing.dll" adapterTypeName="executor://nunit3testexecutor/" className="EVA.TestSuite.RedWing.IndustrialAccounts.IndustrialAccountsTests" name="IATaxRules_Scenario2_SubsidyTaxedSTEX_Payroll" />
    </UnitTest>
    <UnitTest name="Scenario5_TaxHoliday" storage="/home/runner/_work/eva/eva/test/eva.testsuite.redwing/bin/release/eva.testsuite.redwing.dll" id="73481ccf-b4a7-5ca9-6759-1262e1b034ab">
      <Execution id="c43760ba-7c71-4b9c-8c0f-9cb62118eeee" />
      <TestMethod codeBase="/home/runner/_work/eva/eva/test/EVA.TestSuite.RedWing/bin/Release/EVA.TestSuite.RedWing.dll" adapterTypeName="executor://nunit3testexecutor/" className="EVA.TestSuite.RedWing.IndustrialAccounts.IndustrialAccountsTests" name="Scenario5_TaxHoliday" />
    </UnitTest>
    <UnitTest name="SUPP_14399_AttachAfter" storage="/home/runner/_work/eva/eva/test/eva.testsuite.redwing/bin/release/eva.testsuite.redwing.dll" id="c65d766a-09d9-31a2-568c-8d91ac56ed24">
      <Execution id="53d30c40-2e05-492c-bd11-e0876043b9ea" />
      <TestMethod codeBase="/home/runner/_work/eva/eva/test/EVA.TestSuite.RedWing/bin/Release/EVA.TestSuite.RedWing.dll" adapterTypeName="executor://nunit3testexecutor/" className="EVA.TestSuite.RedWing.IndustrialAccounts.Reproductions" name="SUPP_14399_AttachAfter" />
    </UnitTest>
    <UnitTest name="OPTR32407" storage="/home/runner/_work/eva/eva/test/eva.testsuite.redwing/bin/release/eva.testsuite.redwing.dll" id="74e93721-daab-8dd0-20d4-908db911bfd1">
      <Execution id="304093a7-03da-4dcc-ad74-9cd095e1478b" />
      <TestMethod codeBase="/home/runner/_work/eva/eva/test/EVA.TestSuite.RedWing/bin/Release/EVA.TestSuite.RedWing.dll" adapterTypeName="executor://nunit3testexecutor/" className="EVA.TestSuite.RedWing.IndustrialAccounts.IndustrialAccountsTests" name="OPTR32407" />
    </UnitTest>
    <UnitTest name="Scenario1_TaxedUpToSubsidy_with_full_return_pos_flow" storage="/home/runner/_work/eva/eva/test/eva.testsuite.redwing/bin/release/eva.testsuite.redwing.dll" id="4e840141-30ec-46e9-d334-fb3031ac8878">
      <Execution id="f5f1ddb3-344e-4b2a-bd65-147b33a3ab5a" />
      <TestMethod codeBase="/home/runner/_work/eva/eva/test/EVA.TestSuite.RedWing/bin/Release/EVA.TestSuite.RedWing.dll" adapterTypeName="executor://nunit3testexecutor/" className="EVA.TestSuite.RedWing.IndustrialAccounts.IndustrialAccountsTests" name="Scenario1_TaxedUpToSubsidy_with_full_return_pos_flow" />
    </UnitTest>
    <UnitTest name="OrderDataServiceWorks" storage="/home/runner/_work/eva/eva/test/eva.testsuite.redwing/bin/release/eva.testsuite.redwing.dll" id="6afdcf98-7faf-c503-ec57-4b23b1f0f1cc">
      <Execution id="b9974805-0ba5-4b43-a0c3-086b980cb74a" />
      <TestMethod codeBase="/home/runner/_work/eva/eva/test/EVA.TestSuite.RedWing/bin/Release/EVA.TestSuite.RedWing.dll" adapterTypeName="executor://nunit3testexecutor/" className="EVA.TestSuite.RedWing.IndustrialAccounts.OrderDataTests" name="OrderDataServiceWorks" />
    </UnitTest>
    <UnitTest name="MultiplePayments_with_partial_payment" storage="/home/runner/_work/eva/eva/test/eva.testsuite.redwing/bin/release/eva.testsuite.redwing.dll" id="7bf343df-9f0b-b0cb-0bf1-31142c48518a">
      <Execution id="307195d9-9dcc-4082-a6ad-37b21deca10a" />
      <TestMethod codeBase="/home/runner/_work/eva/eva/test/EVA.TestSuite.RedWing/bin/Release/EVA.TestSuite.RedWing.dll" adapterTypeName="executor://nunit3testexecutor/" className="EVA.TestSuite.RedWing.IndustrialAccounts.IndustrialAccountsTests" name="MultiplePayments_with_partial_payment" />
    </UnitTest>
    <UnitTest name="SUPPORT14571" storage="/home/runner/_work/eva/eva/test/eva.testsuite.redwing/bin/release/eva.testsuite.redwing.dll" id="6357ab1a-32ab-f5f6-704c-bbd89db6ffe7">
      <Execution id="9021f05a-c573-426e-b5b9-459f6f8203ac" />
      <TestMethod codeBase="/home/runner/_work/eva/eva/test/EVA.TestSuite.RedWing/bin/Release/EVA.TestSuite.RedWing.dll" adapterTypeName="executor://nunit3testexecutor/" className="EVA.TestSuite.RedWing.IndustrialAccounts.IndustrialAccountsTests" name="SUPPORT14571" />
    </UnitTest>
    <UnitTest name="InvalidProgramIDShouldBeCaught" storage="/home/runner/_work/eva/eva/test/eva.testsuite.redwing/bin/release/eva.testsuite.redwing.dll" id="ecac941f-a091-721f-3235-9290fe9d8f67">
      <Execution id="843d9371-b216-487b-b481-4f7e8d407717" />
      <TestMethod codeBase="/home/runner/_work/eva/eva/test/EVA.TestSuite.RedWing/bin/Release/EVA.TestSuite.RedWing.dll" adapterTypeName="executor://nunit3testexecutor/" className="EVA.TestSuite.RedWing.TraviPay.UserParseBarcodeHandlerTest" name="InvalidProgramIDShouldBeCaught" />
    </UnitTest>
    <UnitTest name="limitation_attach_first_and_add_4_at_once_should_work" storage="/home/runner/_work/eva/eva/test/eva.testsuite.redwing/bin/release/eva.testsuite.redwing.dll" id="26f33b96-13a8-5e9e-9ca2-aa7685b7d8d6">
      <Execution id="72ddb94e-9f43-4496-999a-4b13c01914ba" />
      <TestMethod codeBase="/home/runner/_work/eva/eva/test/EVA.TestSuite.RedWing/bin/Release/EVA.TestSuite.RedWing.dll" adapterTypeName="executor://nunit3testexecutor/" className="EVA.TestSuite.RedWing.IndustrialAccounts.OrderLineStackTests" name="limitation_attach_first_and_add_4_at_once_should_work" />
    </UnitTest>
    <UnitTest name="MultiplePayments" storage="/home/runner/_work/eva/eva/test/eva.testsuite.redwing/bin/release/eva.testsuite.redwing.dll" id="d73c5dec-7469-8e19-2801-681327e3db42">
      <Execution id="ac03cfc0-ac1a-4d03-b452-352f412802e7" />
      <TestMethod codeBase="/home/runner/_work/eva/eva/test/EVA.TestSuite.RedWing/bin/Release/EVA.TestSuite.RedWing.dll" adapterTypeName="executor://nunit3testexecutor/" className="EVA.TestSuite.RedWing.IndustrialAccounts.IndustrialAccountsTests" name="MultiplePayments" />
    </UnitTest>
    <UnitTest name="ExcelFileCanBeUploadedAndIsStored" storage="/home/runner/_work/eva/eva/test/eva.testsuite.redwing/bin/release/eva.testsuite.redwing.dll" id="3610e224-c68a-9f65-afd2-8f400b588c47">
      <Execution id="ec81026b-a133-407f-ad4d-5ebf49e0ba55" />
      <TestMethod codeBase="/home/runner/_work/eva/eva/test/EVA.TestSuite.RedWing/bin/Release/EVA.TestSuite.RedWing.dll" adapterTypeName="executor://nunit3testexecutor/" className="EVA.TestSuite.RedWing.TaxExemptionTests" name="ExcelFileCanBeUploadedAndIsStored" />
    </UnitTest>
    <UnitTest name="attaching_and_detaching_with_line_modification_should_work" storage="/home/runner/_work/eva/eva/test/eva.testsuite.redwing/bin/release/eva.testsuite.redwing.dll" id="2beb918a-0c75-9266-f8dd-64513dafeb21">
      <Execution id="8d7b2ffa-8f19-4505-b8ff-a964e21ae23a" />
      <TestMethod codeBase="/home/runner/_work/eva/eva/test/EVA.TestSuite.RedWing/bin/Release/EVA.TestSuite.RedWing.dll" adapterTypeName="executor://nunit3testexecutor/" className="EVA.TestSuite.RedWing.IndustrialAccounts.Reproductions" name="attaching_and_detaching_with_line_modification_should_work" />
    </UnitTest>
    <UnitTest name="Scenario4_TaxHoliday" storage="/home/runner/_work/eva/eva/test/eva.testsuite.redwing/bin/release/eva.testsuite.redwing.dll" id="f4be7ef1-d527-17a0-4e40-04a762dcbb06">
      <Execution id="a7fccfc9-af25-41b0-8af3-9865db4ce37d" />
      <TestMethod codeBase="/home/runner/_work/eva/eva/test/EVA.TestSuite.RedWing/bin/Release/EVA.TestSuite.RedWing.dll" adapterTypeName="executor://nunit3testexecutor/" className="EVA.TestSuite.RedWing.IndustrialAccounts.IndustrialAccountsTests" name="Scenario4_TaxHoliday" />
    </UnitTest>
    <UnitTest name="limitation_create_line_with_4_and_then_attach_and_then_add_1_should_work" storage="/home/runner/_work/eva/eva/test/eva.testsuite.redwing/bin/release/eva.testsuite.redwing.dll" id="870e3ef6-daba-e1d4-7759-53f7dd95871b">
      <Execution id="979b46d5-17d4-4311-8653-4b81395638dc" />
      <TestMethod codeBase="/home/runner/_work/eva/eva/test/EVA.TestSuite.RedWing/bin/Release/EVA.TestSuite.RedWing.dll" adapterTypeName="executor://nunit3testexecutor/" className="EVA.TestSuite.RedWing.IndustrialAccounts.OrderLineStackTests" name="limitation_create_line_with_4_and_then_attach_and_then_add_1_should_work" />
    </UnitTest>
    <UnitTest name="limitation_attach_first_and_add_2_and_then_2_again_should_work" storage="/home/runner/_work/eva/eva/test/eva.testsuite.redwing/bin/release/eva.testsuite.redwing.dll" id="01fd31ea-8993-11ff-4375-c9a51b65ccdf">
      <Execution id="301f61c5-3249-4176-860c-41e1c5b7d22c" />
      <TestMethod codeBase="/home/runner/_work/eva/eva/test/EVA.TestSuite.RedWing/bin/Release/EVA.TestSuite.RedWing.dll" adapterTypeName="executor://nunit3testexecutor/" className="EVA.TestSuite.RedWing.IndustrialAccounts.OrderLineStackTests" name="limitation_attach_first_and_add_2_and_then_2_again_should_work" />
    </UnitTest>
    <UnitTest name="order_product_limitation_should_work_on_max_use_on_order_starting_without_program_slow_buildup" storage="/home/runner/_work/eva/eva/test/eva.testsuite.redwing/bin/release/eva.testsuite.redwing.dll" id="f40b2df8-8047-74a8-f841-c6324eeab7c3">
      <Execution id="7fa6bd38-f2ae-4174-8b6c-c6f4d182d91c" />
      <TestMethod codeBase="/home/runner/_work/eva/eva/test/EVA.TestSuite.RedWing/bin/Release/EVA.TestSuite.RedWing.dll" adapterTypeName="executor://nunit3testexecutor/" className="EVA.TestSuite.RedWing.IndustrialAccounts.OrderLineStackTests" name="order_product_limitation_should_work_on_max_use_on_order_starting_without_program_slow_buildup" />
    </UnitTest>
    <UnitTest name="limitation_attach_first_and_add_1_add_a_time_should_work" storage="/home/runner/_work/eva/eva/test/eva.testsuite.redwing/bin/release/eva.testsuite.redwing.dll" id="b2b55f07-6d0e-4cfe-1dc2-14ea8a9977ce">
      <Execution id="a1a07060-e8c1-44cc-ad29-33e4470c2159" />
      <TestMethod codeBase="/home/runner/_work/eva/eva/test/EVA.TestSuite.RedWing/bin/Release/EVA.TestSuite.RedWing.dll" adapterTypeName="executor://nunit3testexecutor/" className="EVA.TestSuite.RedWing.IndustrialAccounts.OrderLineStackTests" name="limitation_attach_first_and_add_1_add_a_time_should_work" />
    </UnitTest>
    <UnitTest name="limitation_create_line_with_1_and_then_attach_and_then_add_3_should_work" storage="/home/runner/_work/eva/eva/test/eva.testsuite.redwing/bin/release/eva.testsuite.redwing.dll" id="4fa33cfd-02f6-ca4d-1ad2-9cfd32f9592b">
      <Execution id="e9965831-348f-4a74-b3ab-d5ebe7a08bce" />
      <TestMethod codeBase="/home/runner/_work/eva/eva/test/EVA.TestSuite.RedWing/bin/Release/EVA.TestSuite.RedWing.dll" adapterTypeName="executor://nunit3testexecutor/" className="EVA.TestSuite.RedWing.IndustrialAccounts.OrderLineStackTests" name="limitation_create_line_with_1_and_then_attach_and_then_add_3_should_work" />
    </UnitTest>
  </TestDefinitions>
  <TestEntries>
    <TestEntry testId="d73c5dec-7469-8e19-2801-681327e3db42" executionId="ac03cfc0-ac1a-4d03-b452-352f412802e7" testListId="8c84fa94-04c1-424b-9868-57a2d4851a1d" />
    <TestEntry testId="75a1744e-6c21-9705-d2f3-b77a3dd59e6c" executionId="b69c7b1b-ebe6-4972-9777-febd329b916f" testListId="8c84fa94-04c1-424b-9868-57a2d4851a1d" />
    <TestEntry testId="ecac941f-a091-721f-3235-9290fe9d8f67" executionId="843d9371-b216-487b-b481-4f7e8d407717" testListId="8c84fa94-04c1-424b-9868-57a2d4851a1d" />
    <TestEntry testId="0b1edb8f-43a6-241f-2bf6-a06f95b9893c" executionId="bb9c1304-57b4-4fa1-ae68-6d8b619719d7" testListId="8c84fa94-04c1-424b-9868-57a2d4851a1d" />
    <TestEntry testId="74e93721-daab-8dd0-20d4-908db911bfd1" executionId="304093a7-03da-4dcc-ad74-9cd095e1478b" testListId="8c84fa94-04c1-424b-9868-57a2d4851a1d" />
    <TestEntry testId="201c2ce4-30be-4c69-9a68-4e838f300844" executionId="9a7b8151-ed53-46b0-9b44-7b344577c42a" testListId="8c84fa94-04c1-424b-9868-57a2d4851a1d" />
    <TestEntry testId="352817ca-a1e3-b00e-b785-9a6540a317e6" executionId="89b47dce-e82c-43d4-ac67-fb76606de4ed" testListId="8c84fa94-04c1-424b-9868-57a2d4851a1d" />
    <TestEntry testId="76b8fc25-b1d7-620b-f783-c39948c68ea3" executionId="2305b90a-49d4-479d-b2e1-e1845f326cac" testListId="8c84fa94-04c1-424b-9868-57a2d4851a1d" />
    <TestEntry testId="997aff48-37df-a01c-21b8-2179b9cb5b1d" executionId="9cbdbcc4-5609-4d53-be41-d786f99e4f8d" testListId="8c84fa94-04c1-424b-9868-57a2d4851a1d" />
    <TestEntry testId="7bf343df-9f0b-b0cb-0bf1-31142c48518a" executionId="307195d9-9dcc-4082-a6ad-37b21deca10a" testListId="8c84fa94-04c1-424b-9868-57a2d4851a1d" />
    <TestEntry testId="90e36759-436b-3828-4e59-4a5d02c078d7" executionId="82aea457-3c30-4f49-94df-f0e4ab38eca9" testListId="8c84fa94-04c1-424b-9868-57a2d4851a1d" />
    <TestEntry testId="2beb918a-0c75-9266-f8dd-64513dafeb21" executionId="8d7b2ffa-8f19-4505-b8ff-a964e21ae23a" testListId="8c84fa94-04c1-424b-9868-57a2d4851a1d" />
    <TestEntry testId="6357ab1a-32ab-f5f6-704c-bbd89db6ffe7" executionId="9021f05a-c573-426e-b5b9-459f6f8203ac" testListId="8c84fa94-04c1-424b-9868-57a2d4851a1d" />
    <TestEntry testId="6afdcf98-7faf-c503-ec57-4b23b1f0f1cc" executionId="b9974805-0ba5-4b43-a0c3-086b980cb74a" testListId="8c84fa94-04c1-424b-9868-57a2d4851a1d" />
    <TestEntry testId="8278f730-baf8-da37-df14-247e0a522dc4" executionId="9fd2d64c-918d-4803-a789-7bc8508bb820" testListId="8c84fa94-04c1-424b-9868-57a2d4851a1d" />
    <TestEntry testId="870e3ef6-daba-e1d4-7759-53f7dd95871b" executionId="979b46d5-17d4-4311-8653-4b81395638dc" testListId="8c84fa94-04c1-424b-9868-57a2d4851a1d" />
    <TestEntry testId="73481ccf-b4a7-5ca9-6759-1262e1b034ab" executionId="c43760ba-7c71-4b9c-8c0f-9cb62118eeee" testListId="8c84fa94-04c1-424b-9868-57a2d4851a1d" />
    <TestEntry testId="4fa33cfd-02f6-ca4d-1ad2-9cfd32f9592b" executionId="e9965831-348f-4a74-b3ab-d5ebe7a08bce" testListId="8c84fa94-04c1-424b-9868-57a2d4851a1d" />
    <TestEntry testId="e3e620d3-f2f0-dde6-4f4d-ce966d8bed54" executionId="0a58f484-affd-4345-b72e-7cbf5de2292e" testListId="8c84fa94-04c1-424b-9868-57a2d4851a1d" />
    <TestEntry testId="4e840141-30ec-46e9-d334-fb3031ac8878" executionId="f5f1ddb3-344e-4b2a-bd65-147b33a3ab5a" testListId="8c84fa94-04c1-424b-9868-57a2d4851a1d" />
    <TestEntry testId="789f1634-de60-7bfc-2287-bf133dd36f65" executionId="bbcd8486-1f25-4971-bc15-ed79578191b0" testListId="8c84fa94-04c1-424b-9868-57a2d4851a1d" />
    <TestEntry testId="39a86eb6-1d91-0aa1-c895-cecb74ef202a" executionId="b8a027e2-0349-4dd1-911a-e0e00434f4c9" testListId="8c84fa94-04c1-424b-9868-57a2d4851a1d" />
    <TestEntry testId="941c6c47-b36b-fb4e-76a9-0504019aed48" executionId="4ec4132a-bfd7-427f-9c58-0ceacbf05c25" testListId="8c84fa94-04c1-424b-9868-57a2d4851a1d" />
    <TestEntry testId="f40b2df8-8047-74a8-f841-c6324eeab7c3" executionId="7fa6bd38-f2ae-4174-8b6c-c6f4d182d91c" testListId="8c84fa94-04c1-424b-9868-57a2d4851a1d" />
    <TestEntry testId="337ede57-f84b-51ed-5d05-c5ec52370355" executionId="e83554ca-8f13-4621-8479-393d25eee822" testListId="8c84fa94-04c1-424b-9868-57a2d4851a1d" />
    <TestEntry testId="b2b55f07-6d0e-4cfe-1dc2-14ea8a9977ce" executionId="a1a07060-e8c1-44cc-ad29-33e4470c2159" testListId="8c84fa94-04c1-424b-9868-57a2d4851a1d" />
    <TestEntry testId="f4be7ef1-d527-17a0-4e40-04a762dcbb06" executionId="a7fccfc9-af25-41b0-8af3-9865db4ce37d" testListId="8c84fa94-04c1-424b-9868-57a2d4851a1d" />
    <TestEntry testId="075df950-d287-2bab-6ac9-4d06cba50da0" executionId="7f1156ce-b970-4b06-90b9-f2bf078c1e8a" testListId="8c84fa94-04c1-424b-9868-57a2d4851a1d" />
    <TestEntry testId="d567bebc-92e8-0ea4-a6be-35453e1946f0" executionId="b7b6c816-99f6-4294-8a2d-fe58ab9417b3" testListId="8c84fa94-04c1-424b-9868-57a2d4851a1d" />
    <TestEntry testId="cb89989b-1a95-16ec-085f-ac45aefb60ea" executionId="fae12933-6efb-49af-ba2f-d30ce26267d9" testListId="8c84fa94-04c1-424b-9868-57a2d4851a1d" />
    <TestEntry testId="941232dc-6301-c344-80cb-ed5669acfd5e" executionId="a3d39b95-47dd-4e91-84db-9c36f4272264" testListId="8c84fa94-04c1-424b-9868-57a2d4851a1d" />
    <TestEntry testId="3610e224-c68a-9f65-afd2-8f400b588c47" executionId="ec81026b-a133-407f-ad4d-5ebf49e0ba55" testListId="8c84fa94-04c1-424b-9868-57a2d4851a1d" />
    <TestEntry testId="01f50ff3-77e8-0da6-f668-5362f5263bc5" executionId="321b64fc-fba7-4ff3-bda8-ae5f4bc72eef" testListId="8c84fa94-04c1-424b-9868-57a2d4851a1d" />
    <TestEntry testId="26f33b96-13a8-5e9e-9ca2-aa7685b7d8d6" executionId="72ddb94e-9f43-4496-999a-4b13c01914ba" testListId="8c84fa94-04c1-424b-9868-57a2d4851a1d" />
    <TestEntry testId="c65d766a-09d9-31a2-568c-8d91ac56ed24" executionId="53d30c40-2e05-492c-bd11-e0876043b9ea" testListId="8c84fa94-04c1-424b-9868-57a2d4851a1d" />
    <TestEntry testId="08235652-4b95-7b38-3ebe-eb3fbcbc1132" executionId="afe760dc-83df-4d84-bea0-4b145e268929" testListId="8c84fa94-04c1-424b-9868-57a2d4851a1d" />
    <TestEntry testId="01fd31ea-8993-11ff-4375-c9a51b65ccdf" executionId="301f61c5-3249-4176-860c-41e1c5b7d22c" testListId="8c84fa94-04c1-424b-9868-57a2d4851a1d" />
  </TestEntries>
  <TestLists>
    <TestList name="Results Not in a List" id="8c84fa94-04c1-424b-9868-57a2d4851a1d" />
    <TestList name="All Loaded Results" id="19431567-8539-422a-85d7-44ee4e166bda" />
  </TestLists>
  <ResultSummary outcome="Completed">
    <Counters total="37" executed="14" passed="14" failed="0" error="0" timeout="0" aborted="0" inconclusive="0" passedButRunAborted="0" notRunnable="0" notExecuted="0" disconnected="0" warning="0" completed="0" inProgress="0" pending="0" />
    <Output>
      <StdOut>NUnit Adapter 5.0.0.0: Test execution started
Running all tests in /home/runner/_work/eva/eva/test/EVA.TestSuite.RedWing/bin/Release/EVA.TestSuite.RedWing.dll
   NUnit3TestExecutor discovered 37 of 37 NUnit test cases using Current Discovery mode, Non-Explicit run
IATaxRules_Scenario2_SubsidyTaxedSTEX: Skipping test: it does not belong to this partition.
IATaxRules_Scenario2_SubsidyTaxedSTEX_Payroll: Skipping test: it does not belong to this partition.
MultiplePayments: Skipping test: it does not belong to this partition.
MultiplePayments_with_partial_payment: Skipping test: it does not belong to this partition.
OPTR32407: Skipping test: it does not belong to this partition.
Scenario1_TaxedUpToSubsidy: Skipping test: it does not belong to this partition.
Scenario1_TaxedUpToSubsidy_with_full_return: Skipping test: it does not belong to this partition.
Scenario1_TaxedUpToSubsidy_with_full_return_pos_flow: Skipping test: it does not belong to this partition.
Scenario2_IAWithCustomerExemption: Skipping test: it does not belong to this partition.
Test 'IATaxRules_Scenario2_SubsidyTaxedSTEX' was skipped in the test run.
Test 'IATaxRules_Scenario2_SubsidyTaxedSTEX_Payroll' was skipped in the test run.
Test 'MultiplePayments' was skipped in the test run.
Test 'MultiplePayments_with_partial_payment' was skipped in the test run.
Test 'OPTR32407' was skipped in the test run.
Test 'Scenario1_TaxedUpToSubsidy' was skipped in the test run.
Test 'Scenario1_TaxedUpToSubsidy_with_full_return' was skipped in the test run.
Test 'Scenario1_TaxedUpToSubsidy_with_full_return_pos_flow' was skipped in the test run.
Test 'Scenario2_IAWithCustomerExemption' was skipped in the test run.
Scenario3_SubsidyTaxed: Skipping test: it does not belong to this partition.
Scenario4_2_TaxHoliday: Skipping test: it does not belong to this partition.
Scenario4_TaxHoliday: Skipping test: it does not belong to this partition.
Scenario5_TaxHoliday: No longer a tax holiday, longer than 1 year ago?
SUPPORT_14362: Skipping test: it does not belong to this partition.
SUPPORT14571: Skipping test: it does not belong to this partition.
SUPPORT15756: Skipping test: it does not belong to this partition.
Zero_cost_shipping_lines: Skipping test: it does not belong to this partition.
Test 'Scenario3_SubsidyTaxed' was skipped in the test run.
Test 'Scenario4_2_TaxHoliday' was skipped in the test run.
Test 'Scenario4_TaxHoliday' was skipped in the test run.
Test 'Scenario5_TaxHoliday' was skipped in the test run.
Test 'SUPPORT_14362' was skipped in the test run.
Test 'SUPPORT14571' was skipped in the test run.
Test 'SUPPORT15756' was skipped in the test run.
Test 'Zero_cost_shipping_lines' was skipped in the test run.
Warning message/ListOrganizationUnits obsolete_service - EVA.Core.Services.OrganizationUnits.ListOrganizationUnits is deprecated and will be removed in 2.0.812: Use `ListOrganizationUnitDetailed` (authenticated) or `ListOrganizationUnitSummaries` (anonymous).
Warning message/CreateOrganizationUnit required_field:ToCreate.CurrencyID - Field ToCreate.CurrencyID is required and will be enforced as such in 2.0.606.
Warning message/CreateOrganizationUnit required_field:ToCreate.CostPriceCurrencyID - Field ToCreate.CostPriceCurrencyID is required and will be enforced as such in 2.0.606.
Warning message/GetOrganizationUnit obsolete_service - EVA.Core.Services.OrganizationUnits.GetOrganizationUnit is deprecated and will be removed in 2.0.812: Use `GetOrganizationUnitDetailed` (authenticated) or `GetOrganizationUnitSummary` (anonymous).
Warning message/ListPriceLists limit_large - Limit parameter 1000 is high - consider adding paging.
Warning message/ListPriceLists limit_large - Limit parameter 1000 is high - consider adding paging.
Warning message/ListPriceListAdjustments limit_too_large - Limit parameter 1000000 exceeded maximum of 10000.
Warning message/ListPriceListAdjustments ranged_field:PageConfig.Limit - Field PageConfig.Limit is ranged (should be between 1 and 10000) and will be enforced as such in 2.0.702

attaching_and_detaching_with_line_modification_should_work: Skipping test: it does not belong to this partition.
limitation_on_pricelist_should_work: Skipping test: it does not belong to this partition.
limitation_on_pricelist_with_attach_after_should_work: Skipping test: it does not belong to this partition.
SUPP_14399_AttachAfter: Skipping test: it does not belong to this partition.
SUPP_14399_AttachBefore: Skipping test: it does not belong to this partition.
ExcelFileCanBeUploadedAndIsStored: Skipping test: it does not belong to this partition.
Warning message/CreateCustomer obsolete_field:User.ShippingAddress.Street - User.ShippingAddress.Street is deprecated and will be removed in 2.0.658: Use `Address1`.
Voucher Code: iisyblexxg

Test 'attaching_and_detaching_with_line_modification_should_work' was skipped in the test run.
Test 'limitation_on_pricelist_should_work' was skipped in the test run.
Test 'limitation_on_pricelist_with_attach_after_should_work' was skipped in the test run.
Test 'SUPP_14399_AttachAfter' was skipped in the test run.
Test 'SUPP_14399_AttachBefore' was skipped in the test run.
Test 'ExcelFileCanBeUploadedAndIsStored' was skipped in the test run.
Warning message/ListOrganizationUnits obsolete_service - EVA.Core.Services.OrganizationUnits.ListOrganizationUnits is deprecated and will be removed in 2.0.812: Use `ListOrganizationUnitDetailed` (authenticated) or `ListOrganizationUnitSummaries` (anonymous).
Warning message/CreateOrganizationUnit required_field:ToCreate.CurrencyID - Field ToCreate.CurrencyID is required and will be enforced as such in 2.0.606.
Warning message/CreateOrganizationUnit required_field:ToCreate.CostPriceCurrencyID - Field ToCreate.CostPriceCurrencyID is required and will be enforced as such in 2.0.606.
Warning message/GetOrganizationUnit obsolete_service - EVA.Core.Services.OrganizationUnits.GetOrganizationUnit is deprecated and will be removed in 2.0.812: Use `GetOrganizationUnitDetailed` (authenticated) or `GetOrganizationUnitSummary` (anonymous).
Warning message/ListPriceLists limit_large - Limit parameter 1000 is high - consider adding paging.
Warning message/ListPriceLists limit_large - Limit parameter 1000 is high - consider adding paging.
Warning message/ListPriceListAdjustments limit_too_large - Limit parameter 1000000 exceeded maximum of 10000.
Warning message/ListPriceListAdjustments ranged_field:PageConfig.Limit - Field PageConfig.Limit is ranged (should be between 1 and 10000) and will be enforced as such in 2.0.702

NUnit Adapter 5.0.0.0: Test execution complete
</StdOut>
    </Output>
  </ResultSummary>
</TestRun>