<?xml version="1.0" encoding="utf-8"?>
<TestRun id="a33a61f7-854c-4494-bcf5-a27f9e7949ad" name="@ip-10-1-13-52 2025-04-02 13:10:47" xmlns="http://microsoft.com/schemas/VisualStudio/TeamTest/2010">
  <Times creation="2025-04-02T13:10:47.7938224+00:00" queuing="2025-04-02T13:10:47.7938225+00:00" start="2025-04-02T13:10:26.0342505+00:00" finish="2025-04-02T13:11:14.5143848+00:00" />
  <TestSettings name="default" id="9454862e-0f67-40e4-86be-9a861a3ae9fe">
    <Deployment runDeploymentRoot="_ip-10-1-13-52_2025-04-02_13_10_47" />
  </TestSettings>
  <Results>
    <UnitTestResult executionId="183fcca8-9afb-4822-82c7-6707e7cfb2c8" testId="941232dc-6301-c344-80cb-ed5669acfd5e" testName="ExistingRedWingUserParseBarcodeWorks" computerName="ip-10-1-13-52" duration="00:00:00.0001840" startTime="2025-04-02T13:11:14.4516116+00:00" endTime="2025-04-02T13:11:14.4517954+00:00" testType="13cdc9d9-ddb5-4fa4-a97d-d965ccfc6d4b" outcome="NotExecuted" testListId="8c84fa94-04c1-424b-9868-57a2d4851a1d" relativeResultsDirectory="183fcca8-9afb-4822-82c7-6707e7cfb2c8">
      <Output>
        <StdOut>Skipping test: it does not belong to this partition.</StdOut>
        <ErrorInfo>
          <Message>Skipping test: it does not belong to this partition.</Message>
        </ErrorInfo>
      </Output>
    </UnitTestResult>
    <UnitTestResult executionId="32e7d4f0-676a-4ed3-acc5-6c0504be587c" testId="26f33b96-13a8-5e9e-9ca2-aa7685b7d8d6" testName="limitation_attach_first_and_add_4_at_once_should_work" computerName="ip-10-1-13-52" duration="00:00:00.0001480" startTime="2025-04-02T13:11:14.4495634+00:00" endTime="2025-04-02T13:11:14.4497112+00:00" testType="13cdc9d9-ddb5-4fa4-a97d-d965ccfc6d4b" outcome="NotExecuted" testListId="8c84fa94-04c1-424b-9868-57a2d4851a1d" relativeResultsDirectory="32e7d4f0-676a-4ed3-acc5-6c0504be587c">
      <Output>
        <StdOut>Skipping test: it does not belong to this partition.</StdOut>
        <ErrorInfo>
          <Message>Skipping test: it does not belong to this partition.</Message>
        </ErrorInfo>
      </Output>
    </UnitTestResult>
    <UnitTestResult executionId="43721a86-12dd-498c-a8b1-a9c0e36195e3" testId="4fa33cfd-02f6-ca4d-1ad2-9cfd32f9592b" testName="limitation_create_line_with_1_and_then_attach_and_then_add_3_should_work" computerName="ip-10-1-13-52" duration="00:00:00.0001100" startTime="2025-04-02T13:11:14.4497241+00:00" endTime="2025-04-02T13:11:14.4498338+00:00" testType="13cdc9d9-ddb5-4fa4-a97d-d965ccfc6d4b" outcome="NotExecuted" testListId="8c84fa94-04c1-424b-9868-57a2d4851a1d" relativeResultsDirectory="43721a86-12dd-498c-a8b1-a9c0e36195e3">
      <Output>
        <StdOut>Skipping test: it does not belong to this partition.</StdOut>
        <ErrorInfo>
          <Message>Skipping test: it does not belong to this partition.</Message>
        </ErrorInfo>
      </Output>
    </UnitTestResult>
    <UnitTestResult executionId="2a969e02-8194-4b42-97cb-7704bdb395aa" testId="e3e620d3-f2f0-dde6-4f4d-ce966d8bed54" testName="Zero_cost_shipping_lines" computerName="ip-10-1-13-52" duration="00:00:02.1301400" startTime="2025-04-02T13:11:12.3028761+00:00" endTime="2025-04-02T13:11:14.4330157+00:00" testType="13cdc9d9-ddb5-4fa4-a97d-d965ccfc6d4b" outcome="Passed" testListId="8c84fa94-04c1-424b-9868-57a2d4851a1d" relativeResultsDirectory="2a969e02-8194-4b42-97cb-7704bdb395aa">
      <Output>
        <StdOut>Warning message/ListOrganizationUnits obsolete_service - EVA.Core.Services.OrganizationUnits.ListOrganizationUnits is deprecated and will be removed in 2.0.812: Use `ListOrganizationUnitDetailed` (authenticated) or `ListOrganizationUnitSummaries` (anonymous).
Warning message/CreateOrganizationUnit required_field:ToCreate.CurrencyID - Field ToCreate.CurrencyID is required and will be enforced as such in 2.0.606.
Warning message/CreateOrganizationUnit required_field:ToCreate.CostPriceCurrencyID - Field ToCreate.CostPriceCurrencyID is required and will be enforced as such in 2.0.606.
Warning message/GetOrganizationUnit obsolete_service - EVA.Core.Services.OrganizationUnits.GetOrganizationUnit is deprecated and will be removed in 2.0.812: Use `GetOrganizationUnitDetailed` (authenticated) or `GetOrganizationUnitSummary` (anonymous).
Warning message/ListPriceLists limit_large - Limit parameter 1000 is high - consider adding paging.
Warning message/ListPriceLists limit_large - Limit parameter 1000 is high - consider adding paging.
Warning message/ListPriceListAdjustments limit_too_large - Limit parameter 1000000 exceeded maximum of 10000.
Warning message/ListPriceListAdjustments ranged_field:PageConfig.Limit - Field PageConfig.Limit is ranged (should be between 1 and 10000) and will be enforced as such in 2.0.702</StdOut>
      </Output>
    </UnitTestResult>
    <UnitTestResult executionId="6024fb97-87c3-418a-8485-3f55671eab1f" testId="337ede57-f84b-51ed-5d05-c5ec52370355" testName="Scenario4_2_TaxHoliday" computerName="ip-10-1-13-52" duration="00:00:01.6242350" startTime="2025-04-02T13:11:02.8645230+00:00" endTime="2025-04-02T13:11:04.4887571+00:00" testType="13cdc9d9-ddb5-4fa4-a97d-d965ccfc6d4b" outcome="Passed" testListId="8c84fa94-04c1-424b-9868-57a2d4851a1d" relativeResultsDirectory="6024fb97-87c3-418a-8485-3f55671eab1f">
      <Output>
        <StdOut>Warning message/ListOrganizationUnits obsolete_service - EVA.Core.Services.OrganizationUnits.ListOrganizationUnits is deprecated and will be removed in 2.0.812: Use `ListOrganizationUnitDetailed` (authenticated) or `ListOrganizationUnitSummaries` (anonymous).
Warning message/CreateOrganizationUnit required_field:ToCreate.CurrencyID - Field ToCreate.CurrencyID is required and will be enforced as such in 2.0.606.
Warning message/CreateOrganizationUnit required_field:ToCreate.CostPriceCurrencyID - Field ToCreate.CostPriceCurrencyID is required and will be enforced as such in 2.0.606.
Warning message/GetOrganizationUnit obsolete_service - EVA.Core.Services.OrganizationUnits.GetOrganizationUnit is deprecated and will be removed in 2.0.812: Use `GetOrganizationUnitDetailed` (authenticated) or `GetOrganizationUnitSummary` (anonymous).
Warning message/ListPriceLists limit_large - Limit parameter 1000 is high - consider adding paging.
Warning message/ListPriceLists limit_large - Limit parameter 1000 is high - consider adding paging.
Warning message/ListPriceListAdjustments limit_too_large - Limit parameter 1000000 exceeded maximum of 10000.
Warning message/ListPriceListAdjustments ranged_field:PageConfig.Limit - Field PageConfig.Limit is ranged (should be between 1 and 10000) and will be enforced as such in 2.0.702</StdOut>
      </Output>
    </UnitTestResult>
    <UnitTestResult executionId="ed771b66-256d-4681-be26-ed8234b43475" testId="352817ca-a1e3-b00e-b785-9a6540a317e6" testName="InvalidBarcodeInExecutionShouldBeCaught" computerName="ip-10-1-13-52" duration="00:00:00.0003180" startTime="2025-04-02T13:11:14.4518225+00:00" endTime="2025-04-02T13:11:14.4521406+00:00" testType="13cdc9d9-ddb5-4fa4-a97d-d965ccfc6d4b" outcome="NotExecuted" testListId="8c84fa94-04c1-424b-9868-57a2d4851a1d" relativeResultsDirectory="ed771b66-256d-4681-be26-ed8234b43475">
      <Output>
        <StdOut>Skipping test: it does not belong to this partition.</StdOut>
        <ErrorInfo>
          <Message>Skipping test: it does not belong to this partition.</Message>
        </ErrorInfo>
      </Output>
    </UnitTestResult>
    <UnitTestResult executionId="50556895-5624-4e32-b5e6-94a55c119068" testId="74e93721-daab-8dd0-20d4-908db911bfd1" testName="OPTR32407" computerName="ip-10-1-13-52" duration="00:00:01.3282529" startTime="2025-04-02T13:10:53.0140837+00:00" endTime="2025-04-02T13:10:54.3423359+00:00" testType="13cdc9d9-ddb5-4fa4-a97d-d965ccfc6d4b" outcome="Passed" testListId="8c84fa94-04c1-424b-9868-57a2d4851a1d" relativeResultsDirectory="50556895-5624-4e32-b5e6-94a55c119068">
      <Output>
        <StdOut>Warning message/ListOrganizationUnits obsolete_service - EVA.Core.Services.OrganizationUnits.ListOrganizationUnits is deprecated and will be removed in 2.0.812: Use `ListOrganizationUnitDetailed` (authenticated) or `ListOrganizationUnitSummaries` (anonymous).
Warning message/CreateOrganizationUnit required_field:ToCreate.CurrencyID - Field ToCreate.CurrencyID is required and will be enforced as such in 2.0.606.
Warning message/CreateOrganizationUnit required_field:ToCreate.CostPriceCurrencyID - Field ToCreate.CostPriceCurrencyID is required and will be enforced as such in 2.0.606.
Warning message/GetOrganizationUnit obsolete_service - EVA.Core.Services.OrganizationUnits.GetOrganizationUnit is deprecated and will be removed in 2.0.812: Use `GetOrganizationUnitDetailed` (authenticated) or `GetOrganizationUnitSummary` (anonymous).
Warning message/ListPriceLists limit_large - Limit parameter 1000 is high - consider adding paging.
Warning message/ListPriceLists limit_large - Limit parameter 1000 is high - consider adding paging.
Warning message/ListPriceListAdjustments limit_too_large - Limit parameter 1000000 exceeded maximum of 10000.
Warning message/ListPriceListAdjustments ranged_field:PageConfig.Limit - Field PageConfig.Limit is ranged (should be between 1 and 10000) and will be enforced as such in 2.0.702</StdOut>
      </Output>
    </UnitTestResult>
    <UnitTestResult executionId="de732782-e956-4205-bdec-7673f19e676e" testId="789f1634-de60-7bfc-2287-bf133dd36f65" testName="SUPPORT_14362" computerName="ip-10-1-13-52" duration="00:00:01.8164420" startTime="2025-04-02T13:11:06.1981344+00:00" endTime="2025-04-02T13:11:08.0145754+00:00" testType="13cdc9d9-ddb5-4fa4-a97d-d965ccfc6d4b" outcome="Passed" testListId="8c84fa94-04c1-424b-9868-57a2d4851a1d" relativeResultsDirectory="de732782-e956-4205-bdec-7673f19e676e">
      <Output>
        <StdOut>Warning message/ListOrganizationUnits obsolete_service - EVA.Core.Services.OrganizationUnits.ListOrganizationUnits is deprecated and will be removed in 2.0.812: Use `ListOrganizationUnitDetailed` (authenticated) or `ListOrganizationUnitSummaries` (anonymous).
Warning message/CreateOrganizationUnit required_field:ToCreate.CurrencyID - Field ToCreate.CurrencyID is required and will be enforced as such in 2.0.606.
Warning message/CreateOrganizationUnit required_field:ToCreate.CostPriceCurrencyID - Field ToCreate.CostPriceCurrencyID is required and will be enforced as such in 2.0.606.
Warning message/GetOrganizationUnit obsolete_service - EVA.Core.Services.OrganizationUnits.GetOrganizationUnit is deprecated and will be removed in 2.0.812: Use `GetOrganizationUnitDetailed` (authenticated) or `GetOrganizationUnitSummary` (anonymous).
Warning message/ListPriceLists limit_large - Limit parameter 1000 is high - consider adding paging.
Warning message/ListPriceLists limit_large - Limit parameter 1000 is high - consider adding paging.
Warning message/ListPriceListAdjustments limit_too_large - Limit parameter 1000000 exceeded maximum of 10000.
Warning message/ListPriceListAdjustments ranged_field:PageConfig.Limit - Field PageConfig.Limit is ranged (should be between 1 and 10000) and will be enforced as such in 2.0.702
Warning message/ListFinancialEvents limit_large - Limit parameter 10000 is high - consider adding paging.</StdOut>
      </Output>
    </UnitTestResult>
    <UnitTestResult executionId="1d1d5941-1361-42b1-a9fe-469c65662e5c" testId="f40b2df8-8047-74a8-f841-c6324eeab7c3" testName="order_product_limitation_should_work_on_max_use_on_order_starting_without_program_slow_buildup" computerName="ip-10-1-13-52" duration="00:00:00.0000730" startTime="2025-04-02T13:11:14.4501632+00:00" endTime="2025-04-02T13:11:14.4502360+00:00" testType="13cdc9d9-ddb5-4fa4-a97d-d965ccfc6d4b" outcome="NotExecuted" testListId="8c84fa94-04c1-424b-9868-57a2d4851a1d" relativeResultsDirectory="1d1d5941-1361-42b1-a9fe-469c65662e5c">
      <Output>
        <StdOut>Skipping test: it does not belong to this partition.</StdOut>
        <ErrorInfo>
          <Message>Skipping test: it does not belong to this partition.</Message>
        </ErrorInfo>
      </Output>
    </UnitTestResult>
    <UnitTestResult executionId="b9bb0e57-af7b-4e9c-98b4-a834f4e56b4f" testId="c65d766a-09d9-31a2-568c-8d91ac56ed24" testName="SUPP_14399_AttachAfter" computerName="ip-10-1-13-52" duration="00:00:00.0000850" startTime="2025-04-02T13:11:14.4509106+00:00" endTime="2025-04-02T13:11:14.4509958+00:00" testType="13cdc9d9-ddb5-4fa4-a97d-d965ccfc6d4b" outcome="NotExecuted" testListId="8c84fa94-04c1-424b-9868-57a2d4851a1d" relativeResultsDirectory="b9bb0e57-af7b-4e9c-98b4-a834f4e56b4f">
      <Output>
        <StdOut>Skipping test: it does not belong to this partition.</StdOut>
        <ErrorInfo>
          <Message>Skipping test: it does not belong to this partition.</Message>
        </ErrorInfo>
      </Output>
    </UnitTestResult>
    <UnitTestResult executionId="4866e38d-e190-44d9-b46c-73f12132b2d7" testId="ecac941f-a091-721f-3235-9290fe9d8f67" testName="InvalidProgramIDShouldBeCaught" computerName="ip-10-1-13-52" duration="00:00:00.0000920" startTime="2025-04-02T13:11:14.4521645+00:00" endTime="2025-04-02T13:11:14.4522566+00:00" testType="13cdc9d9-ddb5-4fa4-a97d-d965ccfc6d4b" outcome="NotExecuted" testListId="8c84fa94-04c1-424b-9868-57a2d4851a1d" relativeResultsDirectory="4866e38d-e190-44d9-b46c-73f12132b2d7">
      <Output>
        <StdOut>Skipping test: it does not belong to this partition.</StdOut>
        <ErrorInfo>
          <Message>Skipping test: it does not belong to this partition.</Message>
        </ErrorInfo>
      </Output>
    </UnitTestResult>
    <UnitTestResult executionId="6e79b5c2-5dbb-4b10-83fb-da078168c9ed" testId="2beb918a-0c75-9266-f8dd-64513dafeb21" testName="attaching_and_detaching_with_line_modification_should_work" computerName="ip-10-1-13-52" duration="00:00:00.0001260" startTime="2025-04-02T13:11:14.4504257+00:00" endTime="2025-04-02T13:11:14.4505516+00:00" testType="13cdc9d9-ddb5-4fa4-a97d-d965ccfc6d4b" outcome="NotExecuted" testListId="8c84fa94-04c1-424b-9868-57a2d4851a1d" relativeResultsDirectory="6e79b5c2-5dbb-4b10-83fb-da078168c9ed">
      <Output>
        <StdOut>Skipping test: it does not belong to this partition.</StdOut>
        <ErrorInfo>
          <Message>Skipping test: it does not belong to this partition.</Message>
        </ErrorInfo>
      </Output>
    </UnitTestResult>
    <UnitTestResult executionId="69fa771d-13b9-44fd-ba7b-24f198eafb4d" testId="870e3ef6-daba-e1d4-7759-53f7dd95871b" testName="limitation_create_line_with_4_and_then_attach_and_then_add_1_should_work" computerName="ip-10-1-13-52" duration="00:00:00.0000920" startTime="2025-04-02T13:11:14.4498561+00:00" endTime="2025-04-02T13:11:14.4499479+00:00" testType="13cdc9d9-ddb5-4fa4-a97d-d965ccfc6d4b" outcome="NotExecuted" testListId="8c84fa94-04c1-424b-9868-57a2d4851a1d" relativeResultsDirectory="69fa771d-13b9-44fd-ba7b-24f198eafb4d">
      <Output>
        <StdOut>Skipping test: it does not belong to this partition.</StdOut>
        <ErrorInfo>
          <Message>Skipping test: it does not belong to this partition.</Message>
        </ErrorInfo>
      </Output>
    </UnitTestResult>
    <UnitTestResult executionId="2eea3723-6fc1-4703-9167-14f467211cb0" testId="cb89989b-1a95-16ec-085f-ac45aefb60ea" testName="order_product_limitation_should_work_on_max_use_on_order_starting_with_program_slow_buildup" computerName="ip-10-1-13-52" duration="00:00:00.0000850" startTime="2025-04-02T13:11:14.4500667+00:00" endTime="2025-04-02T13:11:14.4501524+00:00" testType="13cdc9d9-ddb5-4fa4-a97d-d965ccfc6d4b" outcome="NotExecuted" testListId="8c84fa94-04c1-424b-9868-57a2d4851a1d" relativeResultsDirectory="2eea3723-6fc1-4703-9167-14f467211cb0">
      <Output>
        <StdOut>Skipping test: it does not belong to this partition.</StdOut>
        <ErrorInfo>
          <Message>Skipping test: it does not belong to this partition.</Message>
        </ErrorInfo>
      </Output>
    </UnitTestResult>
    <UnitTestResult executionId="903295f4-f3f0-458d-a5fa-ef8a65ee8fbd" testId="6357ab1a-32ab-f5f6-704c-bbd89db6ffe7" testName="SUPPORT14571" computerName="ip-10-1-13-52" duration="00:00:01.9099970" startTime="2025-04-02T13:11:08.0146516+00:00" endTime="2025-04-02T13:11:09.9246484+00:00" testType="13cdc9d9-ddb5-4fa4-a97d-d965ccfc6d4b" outcome="Passed" testListId="8c84fa94-04c1-424b-9868-57a2d4851a1d" relativeResultsDirectory="903295f4-f3f0-458d-a5fa-ef8a65ee8fbd">
      <Output>
        <StdOut>Warning message/ListOrganizationUnits obsolete_service - EVA.Core.Services.OrganizationUnits.ListOrganizationUnits is deprecated and will be removed in 2.0.812: Use `ListOrganizationUnitDetailed` (authenticated) or `ListOrganizationUnitSummaries` (anonymous).
Warning message/CreateOrganizationUnit required_field:ToCreate.CurrencyID - Field ToCreate.CurrencyID is required and will be enforced as such in 2.0.606.
Warning message/CreateOrganizationUnit required_field:ToCreate.CostPriceCurrencyID - Field ToCreate.CostPriceCurrencyID is required and will be enforced as such in 2.0.606.
Warning message/GetOrganizationUnit obsolete_service - EVA.Core.Services.OrganizationUnits.GetOrganizationUnit is deprecated and will be removed in 2.0.812: Use `GetOrganizationUnitDetailed` (authenticated) or `GetOrganizationUnitSummary` (anonymous).
Warning message/ListPriceLists limit_large - Limit parameter 1000 is high - consider adding paging.
Warning message/ListPriceLists limit_large - Limit parameter 1000 is high - consider adding paging.
Warning message/ListPriceLists limit_large - Limit parameter 1000 is high - consider adding paging.
Warning message/ListPriceLists limit_large - Limit parameter 1000 is high - consider adding paging.
Warning message/ListPriceListAdjustments limit_too_large - Limit parameter 1000000 exceeded maximum of 10000.
Warning message/ListPriceListAdjustments ranged_field:PageConfig.Limit - Field PageConfig.Limit is ranged (should be between 1 and 10000) and will be enforced as such in 2.0.702
Warning message/ListPriceListAdjustments limit_too_large - Limit parameter 1000000 exceeded maximum of 10000.
Warning message/ListPriceListAdjustments ranged_field:PageConfig.Limit - Field PageConfig.Limit is ranged (should be between 1 and 10000) and will be enforced as such in 2.0.702</StdOut>
      </Output>
    </UnitTestResult>
    <UnitTestResult executionId="b78583e4-cb32-42fe-bfae-055fac70aaa7" testId="b2b55f07-6d0e-4cfe-1dc2-14ea8a9977ce" testName="limitation_attach_first_and_add_1_add_a_time_should_work" computerName="ip-10-1-13-52" duration="00:00:00.0004090" startTime="2025-04-02T13:11:14.4486605+00:00" endTime="2025-04-02T13:11:14.4490691+00:00" testType="13cdc9d9-ddb5-4fa4-a97d-d965ccfc6d4b" outcome="NotExecuted" testListId="8c84fa94-04c1-424b-9868-57a2d4851a1d" relativeResultsDirectory="b78583e4-cb32-42fe-bfae-055fac70aaa7">
      <Output>
        <StdOut>Skipping test: it does not belong to this partition.</StdOut>
        <ErrorInfo>
          <Message>Skipping test: it does not belong to this partition.</Message>
        </ErrorInfo>
      </Output>
    </UnitTestResult>
    <UnitTestResult executionId="4d58790e-0da0-4188-b4ae-c062ee69c600" testId="8278f730-baf8-da37-df14-247e0a522dc4" testName="IATaxRules_Scenario2_SubsidyTaxedSTEX" computerName="ip-10-1-13-52" duration="00:00:04.6264770" startTime="2025-04-02T13:10:43.1141215+00:00" endTime="2025-04-02T13:10:47.7405524+00:00" testType="13cdc9d9-ddb5-4fa4-a97d-d965ccfc6d4b" outcome="Passed" testListId="8c84fa94-04c1-424b-9868-57a2d4851a1d" relativeResultsDirectory="4d58790e-0da0-4188-b4ae-c062ee69c600">
      <Output>
        <StdOut>Warning message/ListOrganizationUnits obsolete_service - EVA.Core.Services.OrganizationUnits.ListOrganizationUnits is deprecated and will be removed in 2.0.812: Use `ListOrganizationUnitDetailed` (authenticated) or `ListOrganizationUnitSummaries` (anonymous).
Warning message/CreateOrganizationUnit required_field:ToCreate.CurrencyID - Field ToCreate.CurrencyID is required and will be enforced as such in 2.0.606.
Warning message/CreateOrganizationUnit required_field:ToCreate.CostPriceCurrencyID - Field ToCreate.CostPriceCurrencyID is required and will be enforced as such in 2.0.606.
Warning message/GetOrganizationUnit obsolete_service - EVA.Core.Services.OrganizationUnits.GetOrganizationUnit is deprecated and will be removed in 2.0.812: Use `GetOrganizationUnitDetailed` (authenticated) or `GetOrganizationUnitSummary` (anonymous).
Warning message/ListPriceLists limit_large - Limit parameter 1000 is high - consider adding paging.
Warning message/ListPriceLists limit_large - Limit parameter 1000 is high - consider adding paging.
Warning message/ListPriceListAdjustments limit_too_large - Limit parameter 1000000 exceeded maximum of 10000.
Warning message/ListPriceListAdjustments ranged_field:PageConfig.Limit - Field PageConfig.Limit is ranged (should be between 1 and 10000) and will be enforced as such in 2.0.702</StdOut>
      </Output>
    </UnitTestResult>
    <UnitTestResult executionId="06088b2b-16e7-4410-9bc5-361a2ab68c45" testId="01f50ff3-77e8-0da6-f668-5362f5263bc5" testName="limitation_on_pricelist_should_work" computerName="ip-10-1-13-52" duration="00:00:00.0002180" startTime="2025-04-02T13:11:14.4505610+00:00" endTime="2025-04-02T13:11:14.4507787+00:00" testType="13cdc9d9-ddb5-4fa4-a97d-d965ccfc6d4b" outcome="NotExecuted" testListId="8c84fa94-04c1-424b-9868-57a2d4851a1d" relativeResultsDirectory="06088b2b-16e7-4410-9bc5-361a2ab68c45">
      <Output>
        <StdOut>Skipping test: it does not belong to this partition.</StdOut>
        <ErrorInfo>
          <Message>Skipping test: it does not belong to this partition.</Message>
        </ErrorInfo>
      </Output>
    </UnitTestResult>
    <UnitTestResult executionId="1c0869f1-245e-46af-89d9-ef98cd22112a" testId="941c6c47-b36b-fb4e-76a9-0504019aed48" testName="SUPPORT15756" computerName="ip-10-1-13-52" duration="00:00:02.3780880" startTime="2025-04-02T13:11:09.9247277+00:00" endTime="2025-04-02T13:11:12.3028155+00:00" testType="13cdc9d9-ddb5-4fa4-a97d-d965ccfc6d4b" outcome="Passed" testListId="8c84fa94-04c1-424b-9868-57a2d4851a1d" relativeResultsDirectory="1c0869f1-245e-46af-89d9-ef98cd22112a">
      <Output>
        <StdOut>Warning message/ListOrganizationUnits obsolete_service - EVA.Core.Services.OrganizationUnits.ListOrganizationUnits is deprecated and will be removed in 2.0.812: Use `ListOrganizationUnitDetailed` (authenticated) or `ListOrganizationUnitSummaries` (anonymous).
Warning message/CreateOrganizationUnit required_field:ToCreate.CurrencyID - Field ToCreate.CurrencyID is required and will be enforced as such in 2.0.606.
Warning message/CreateOrganizationUnit required_field:ToCreate.CostPriceCurrencyID - Field ToCreate.CostPriceCurrencyID is required and will be enforced as such in 2.0.606.
Warning message/GetOrganizationUnit obsolete_service - EVA.Core.Services.OrganizationUnits.GetOrganizationUnit is deprecated and will be removed in 2.0.812: Use `GetOrganizationUnitDetailed` (authenticated) or `GetOrganizationUnitSummary` (anonymous).
Warning message/ListPriceLists limit_large - Limit parameter 1000 is high - consider adding paging.
Warning message/ListPriceLists limit_large - Limit parameter 1000 is high - consider adding paging.
Warning message/ListPriceLists limit_large - Limit parameter 1000 is high - consider adding paging.
Warning message/ListPriceLists limit_large - Limit parameter 1000 is high - consider adding paging.
Warning message/ListPriceListAdjustments limit_too_large - Limit parameter 1000000 exceeded maximum of 10000.
Warning message/ListPriceListAdjustments ranged_field:PageConfig.Limit - Field PageConfig.Limit is ranged (should be between 1 and 10000) and will be enforced as such in 2.0.702
Warning message/ListPriceListAdjustments limit_too_large - Limit parameter 1000000 exceeded maximum of 10000.
Warning message/ListPriceListAdjustments ranged_field:PageConfig.Limit - Field PageConfig.Limit is ranged (should be between 1 and 10000) and will be enforced as such in 2.0.702</StdOut>
      </Output>
    </UnitTestResult>
    <UnitTestResult executionId="668432ef-7b66-40d8-9eb0-bdd2a868b3a2" testId="6afdcf98-7faf-c503-ec57-4b23b1f0f1cc" testName="OrderDataServiceWorks" computerName="ip-10-1-13-52" duration="00:00:00.0116480" startTime="2025-04-02T13:11:14.4366469+00:00" endTime="2025-04-02T13:11:14.4482948+00:00" testType="13cdc9d9-ddb5-4fa4-a97d-d965ccfc6d4b" outcome="NotExecuted" testListId="8c84fa94-04c1-424b-9868-57a2d4851a1d" relativeResultsDirectory="668432ef-7b66-40d8-9eb0-bdd2a868b3a2">
      <Output>
        <StdOut>Skipping test: it does not belong to this partition.</StdOut>
        <ErrorInfo>
          <Message>Skipping test: it does not belong to this partition.</Message>
        </ErrorInfo>
      </Output>
    </UnitTestResult>
    <UnitTestResult executionId="849d5a4d-9779-47e1-a4e8-e76cc34f7cfd" testId="201c2ce4-30be-4c69-9a68-4e838f300844" testName="Scenario1_TaxedUpToSubsidy" computerName="ip-10-1-13-52" duration="00:00:01.6180770" startTime="2025-04-02T13:10:54.3423944+00:00" endTime="2025-04-02T13:10:55.9604708+00:00" testType="13cdc9d9-ddb5-4fa4-a97d-d965ccfc6d4b" outcome="Passed" testListId="8c84fa94-04c1-424b-9868-57a2d4851a1d" relativeResultsDirectory="849d5a4d-9779-47e1-a4e8-e76cc34f7cfd">
      <Output>
        <StdOut>Warning message/ListOrganizationUnits obsolete_service - EVA.Core.Services.OrganizationUnits.ListOrganizationUnits is deprecated and will be removed in 2.0.812: Use `ListOrganizationUnitDetailed` (authenticated) or `ListOrganizationUnitSummaries` (anonymous).
Warning message/CreateOrganizationUnit required_field:ToCreate.CurrencyID - Field ToCreate.CurrencyID is required and will be enforced as such in 2.0.606.
Warning message/CreateOrganizationUnit required_field:ToCreate.CostPriceCurrencyID - Field ToCreate.CostPriceCurrencyID is required and will be enforced as such in 2.0.606.
Warning message/GetOrganizationUnit obsolete_service - EVA.Core.Services.OrganizationUnits.GetOrganizationUnit is deprecated and will be removed in 2.0.812: Use `GetOrganizationUnitDetailed` (authenticated) or `GetOrganizationUnitSummary` (anonymous).
Warning message/ListPriceLists limit_large - Limit parameter 1000 is high - consider adding paging.
Warning message/ListPriceLists limit_large - Limit parameter 1000 is high - consider adding paging.
Warning message/ListPriceListAdjustments limit_too_large - Limit parameter 1000000 exceeded maximum of 10000.
Warning message/ListPriceListAdjustments ranged_field:PageConfig.Limit - Field PageConfig.Limit is ranged (should be between 1 and 10000) and will be enforced as such in 2.0.702</StdOut>
      </Output>
    </UnitTestResult>
    <UnitTestResult executionId="9ddbbef1-188b-4764-bd9d-4015f5d5a715" testId="39a86eb6-1d91-0aa1-c895-cecb74ef202a" testName="limitation_on_pricelist_with_attach_after_should_work" computerName="ip-10-1-13-52" duration="00:00:00.0001040" startTime="2025-04-02T13:11:14.4507977+00:00" endTime="2025-04-02T13:11:14.4509018+00:00" testType="13cdc9d9-ddb5-4fa4-a97d-d965ccfc6d4b" outcome="NotExecuted" testListId="8c84fa94-04c1-424b-9868-57a2d4851a1d" relativeResultsDirectory="9ddbbef1-188b-4764-bd9d-4015f5d5a715">
      <Output>
        <StdOut>Skipping test: it does not belong to this partition.</StdOut>
        <ErrorInfo>
          <Message>Skipping test: it does not belong to this partition.</Message>
        </ErrorInfo>
      </Output>
    </UnitTestResult>
    <UnitTestResult executionId="16236845-55c1-4e7f-b4e3-ce6afdb6c2d5" testId="75a1744e-6c21-9705-d2f3-b77a3dd59e6c" testName="NewRedWingUserParseBarcodeWorks" computerName="ip-10-1-13-52" duration="00:00:00.0000740" startTime="2025-04-02T13:11:14.4522625+00:00" endTime="2025-04-02T13:11:14.4523361+00:00" testType="13cdc9d9-ddb5-4fa4-a97d-d965ccfc6d4b" outcome="NotExecuted" testListId="8c84fa94-04c1-424b-9868-57a2d4851a1d" relativeResultsDirectory="16236845-55c1-4e7f-b4e3-ce6afdb6c2d5">
      <Output>
        <StdOut>Skipping test: it does not belong to this partition.</StdOut>
        <ErrorInfo>
          <Message>Skipping test: it does not belong to this partition.</Message>
        </ErrorInfo>
      </Output>
    </UnitTestResult>
    <UnitTestResult executionId="ed9f8bbd-9f7d-4231-aac4-2e42e3456902" testId="d567bebc-92e8-0ea4-a6be-35453e1946f0" testName="Scenario1_TaxedUpToSubsidy_with_full_return" computerName="ip-10-1-13-52" duration="00:00:01.8583280" startTime="2025-04-02T13:10:55.9605504+00:00" endTime="2025-04-02T13:10:57.8188781+00:00" testType="13cdc9d9-ddb5-4fa4-a97d-d965ccfc6d4b" outcome="Passed" testListId="8c84fa94-04c1-424b-9868-57a2d4851a1d" relativeResultsDirectory="ed9f8bbd-9f7d-4231-aac4-2e42e3456902">
      <Output>
        <StdOut>Warning message/ListOrganizationUnits obsolete_service - EVA.Core.Services.OrganizationUnits.ListOrganizationUnits is deprecated and will be removed in 2.0.812: Use `ListOrganizationUnitDetailed` (authenticated) or `ListOrganizationUnitSummaries` (anonymous).
Warning message/CreateOrganizationUnit required_field:ToCreate.CurrencyID - Field ToCreate.CurrencyID is required and will be enforced as such in 2.0.606.
Warning message/CreateOrganizationUnit required_field:ToCreate.CostPriceCurrencyID - Field ToCreate.CostPriceCurrencyID is required and will be enforced as such in 2.0.606.
Warning message/GetOrganizationUnit obsolete_service - EVA.Core.Services.OrganizationUnits.GetOrganizationUnit is deprecated and will be removed in 2.0.812: Use `GetOrganizationUnitDetailed` (authenticated) or `GetOrganizationUnitSummary` (anonymous).
Warning message/ListPriceLists limit_large - Limit parameter 1000 is high - consider adding paging.
Warning message/ListPriceLists limit_large - Limit parameter 1000 is high - consider adding paging.
Warning message/ListPriceListAdjustments limit_too_large - Limit parameter 1000000 exceeded maximum of 10000.
Warning message/ListPriceListAdjustments ranged_field:PageConfig.Limit - Field PageConfig.Limit is ranged (should be between 1 and 10000) and will be enforced as such in 2.0.702
Warning message/CreateCustomerReturn CannotReturnNonReturnableLine - Can't return orderline 10 because the original orderline (10) is not returnable.</StdOut>
      </Output>
    </UnitTestResult>
    <UnitTestResult executionId="bbd78620-7761-491b-be78-5966a2f3b676" testId="f4be7ef1-d527-17a0-4e40-04a762dcbb06" testName="Scenario4_TaxHoliday" computerName="ip-10-1-13-52" duration="00:00:01.7085740" startTime="2025-04-02T13:11:04.4888275+00:00" endTime="2025-04-02T13:11:06.1974009+00:00" testType="13cdc9d9-ddb5-4fa4-a97d-d965ccfc6d4b" outcome="Passed" testListId="8c84fa94-04c1-424b-9868-57a2d4851a1d" relativeResultsDirectory="bbd78620-7761-491b-be78-5966a2f3b676">
      <Output>
        <StdOut>Warning message/ListOrganizationUnits obsolete_service - EVA.Core.Services.OrganizationUnits.ListOrganizationUnits is deprecated and will be removed in 2.0.812: Use `ListOrganizationUnitDetailed` (authenticated) or `ListOrganizationUnitSummaries` (anonymous).
Warning message/CreateOrganizationUnit required_field:ToCreate.CurrencyID - Field ToCreate.CurrencyID is required and will be enforced as such in 2.0.606.
Warning message/CreateOrganizationUnit required_field:ToCreate.CostPriceCurrencyID - Field ToCreate.CostPriceCurrencyID is required and will be enforced as such in 2.0.606.
Warning message/GetOrganizationUnit obsolete_service - EVA.Core.Services.OrganizationUnits.GetOrganizationUnit is deprecated and will be removed in 2.0.812: Use `GetOrganizationUnitDetailed` (authenticated) or `GetOrganizationUnitSummary` (anonymous).
Warning message/ListPriceLists limit_large - Limit parameter 1000 is high - consider adding paging.
Warning message/ListPriceLists limit_large - Limit parameter 1000 is high - consider adding paging.
Warning message/ListPriceListAdjustments limit_too_large - Limit parameter 1000000 exceeded maximum of 10000.
Warning message/ListPriceListAdjustments ranged_field:PageConfig.Limit - Field PageConfig.Limit is ranged (should be between 1 and 10000) and will be enforced as such in 2.0.702</StdOut>
      </Output>
    </UnitTestResult>
    <UnitTestResult executionId="a61caf8a-500d-4b64-ae78-a5f9b697ec98" testId="0b1edb8f-43a6-241f-2bf6-a06f95b9893c" testName="limitation_create_line_with_4_and_then_attach_should_work" computerName="ip-10-1-13-52" duration="00:00:00.0000810" startTime="2025-04-02T13:11:14.4499599+00:00" endTime="2025-04-02T13:11:14.4500410+00:00" testType="13cdc9d9-ddb5-4fa4-a97d-d965ccfc6d4b" outcome="NotExecuted" testListId="8c84fa94-04c1-424b-9868-57a2d4851a1d" relativeResultsDirectory="a61caf8a-500d-4b64-ae78-a5f9b697ec98">
      <Output>
        <StdOut>Skipping test: it does not belong to this partition.</StdOut>
        <ErrorInfo>
          <Message>Skipping test: it does not belong to this partition.</Message>
        </ErrorInfo>
      </Output>
    </UnitTestResult>
    <UnitTestResult executionId="8c394639-572f-4630-9fb5-963a5a291512" testId="075df950-d287-2bab-6ac9-4d06cba50da0" testName="Scenario3_SubsidyTaxed" computerName="ip-10-1-13-52" duration="00:00:01.4220060" startTime="2025-04-02T13:11:01.4424468+00:00" endTime="2025-04-02T13:11:02.8644513+00:00" testType="13cdc9d9-ddb5-4fa4-a97d-d965ccfc6d4b" outcome="Passed" testListId="8c84fa94-04c1-424b-9868-57a2d4851a1d" relativeResultsDirectory="8c394639-572f-4630-9fb5-963a5a291512">
      <Output>
        <StdOut>Warning message/ListOrganizationUnits obsolete_service - EVA.Core.Services.OrganizationUnits.ListOrganizationUnits is deprecated and will be removed in 2.0.812: Use `ListOrganizationUnitDetailed` (authenticated) or `ListOrganizationUnitSummaries` (anonymous).
Warning message/CreateOrganizationUnit required_field:ToCreate.CurrencyID - Field ToCreate.CurrencyID is required and will be enforced as such in 2.0.606.
Warning message/CreateOrganizationUnit required_field:ToCreate.CostPriceCurrencyID - Field ToCreate.CostPriceCurrencyID is required and will be enforced as such in 2.0.606.
Warning message/GetOrganizationUnit obsolete_service - EVA.Core.Services.OrganizationUnits.GetOrganizationUnit is deprecated and will be removed in 2.0.812: Use `GetOrganizationUnitDetailed` (authenticated) or `GetOrganizationUnitSummary` (anonymous).
Warning message/ListPriceLists limit_large - Limit parameter 1000 is high - consider adding paging.
Warning message/ListPriceLists limit_large - Limit parameter 1000 is high - consider adding paging.
Warning message/ListPriceListAdjustments limit_too_large - Limit parameter 1000000 exceeded maximum of 10000.
Warning message/ListPriceListAdjustments ranged_field:PageConfig.Limit - Field PageConfig.Limit is ranged (should be between 1 and 10000) and will be enforced as such in 2.0.702</StdOut>
      </Output>
    </UnitTestResult>
    <UnitTestResult executionId="44d1397c-1be9-49a5-b084-2d1d407c18dc" testId="997aff48-37df-a01c-21b8-2179b9cb5b1d" testName="External_tax_amount_is_set_correctly" computerName="ip-10-1-13-52" duration="00:00:00.0001299" startTime="2025-04-02T13:11:14.4524668+00:00" endTime="2025-04-02T13:11:14.4525970+00:00" testType="13cdc9d9-ddb5-4fa4-a97d-d965ccfc6d4b" outcome="NotExecuted" testListId="8c84fa94-04c1-424b-9868-57a2d4851a1d" relativeResultsDirectory="44d1397c-1be9-49a5-b084-2d1d407c18dc">
      <Output>
        <StdOut>Skipping test: it does not belong to this partition.</StdOut>
        <ErrorInfo>
          <Message>Skipping test: it does not belong to this partition.</Message>
        </ErrorInfo>
      </Output>
    </UnitTestResult>
    <UnitTestResult executionId="7e213bc9-6eef-4132-9bf8-8fd4e52f9ae4" testId="08235652-4b95-7b38-3ebe-eb3fbcbc1132" testName="IATaxRules_Scenario2_SubsidyTaxedSTEX_Payroll" computerName="ip-10-1-13-52" duration="00:00:01.5996090" startTime="2025-04-02T13:10:47.7416396+00:00" endTime="2025-04-02T13:10:49.3412483+00:00" testType="13cdc9d9-ddb5-4fa4-a97d-d965ccfc6d4b" outcome="Passed" testListId="8c84fa94-04c1-424b-9868-57a2d4851a1d" relativeResultsDirectory="7e213bc9-6eef-4132-9bf8-8fd4e52f9ae4">
      <Output>
        <StdOut>Warning message/ListOrganizationUnits obsolete_service - EVA.Core.Services.OrganizationUnits.ListOrganizationUnits is deprecated and will be removed in 2.0.812: Use `ListOrganizationUnitDetailed` (authenticated) or `ListOrganizationUnitSummaries` (anonymous).
Warning message/CreateOrganizationUnit required_field:ToCreate.CurrencyID - Field ToCreate.CurrencyID is required and will be enforced as such in 2.0.606.
Warning message/CreateOrganizationUnit required_field:ToCreate.CostPriceCurrencyID - Field ToCreate.CostPriceCurrencyID is required and will be enforced as such in 2.0.606.
Warning message/GetOrganizationUnit obsolete_service - EVA.Core.Services.OrganizationUnits.GetOrganizationUnit is deprecated and will be removed in 2.0.812: Use `GetOrganizationUnitDetailed` (authenticated) or `GetOrganizationUnitSummary` (anonymous).
Warning message/ListPriceLists limit_large - Limit parameter 1000 is high - consider adding paging.
Warning message/ListPriceLists limit_large - Limit parameter 1000 is high - consider adding paging.
Warning message/ListPriceListAdjustments limit_too_large - Limit parameter 1000000 exceeded maximum of 10000.
Warning message/ListPriceListAdjustments ranged_field:PageConfig.Limit - Field PageConfig.Limit is ranged (should be between 1 and 10000) and will be enforced as such in 2.0.702</StdOut>
      </Output>
    </UnitTestResult>
    <UnitTestResult executionId="4621b28a-746f-4fc4-8dd6-095cdd1c8ed2" testId="7bf343df-9f0b-b0cb-0bf1-31142c48518a" testName="MultiplePayments_with_partial_payment" computerName="ip-10-1-13-52" duration="00:00:02.3255600" startTime="2025-04-02T13:10:50.6884649+00:00" endTime="2025-04-02T13:10:53.0140239+00:00" testType="13cdc9d9-ddb5-4fa4-a97d-d965ccfc6d4b" outcome="Passed" testListId="8c84fa94-04c1-424b-9868-57a2d4851a1d" relativeResultsDirectory="4621b28a-746f-4fc4-8dd6-095cdd1c8ed2">
      <Output>
        <StdOut>Warning message/ListOrganizationUnits obsolete_service - EVA.Core.Services.OrganizationUnits.ListOrganizationUnits is deprecated and will be removed in 2.0.812: Use `ListOrganizationUnitDetailed` (authenticated) or `ListOrganizationUnitSummaries` (anonymous).
Warning message/CreateOrganizationUnit required_field:ToCreate.CurrencyID - Field ToCreate.CurrencyID is required and will be enforced as such in 2.0.606.
Warning message/CreateOrganizationUnit required_field:ToCreate.CostPriceCurrencyID - Field ToCreate.CostPriceCurrencyID is required and will be enforced as such in 2.0.606.
Warning message/GetOrganizationUnit obsolete_service - EVA.Core.Services.OrganizationUnits.GetOrganizationUnit is deprecated and will be removed in 2.0.812: Use `GetOrganizationUnitDetailed` (authenticated) or `GetOrganizationUnitSummary` (anonymous).
Warning message/ListPriceLists limit_large - Limit parameter 1000 is high - consider adding paging.
Warning message/ListPriceLists limit_large - Limit parameter 1000 is high - consider adding paging.
Warning message/ListPriceListAdjustments limit_too_large - Limit parameter 1000000 exceeded maximum of 10000.
Warning message/ListPriceListAdjustments ranged_field:PageConfig.Limit - Field PageConfig.Limit is ranged (should be between 1 and 10000) and will be enforced as such in 2.0.702</StdOut>
      </Output>
    </UnitTestResult>
    <UnitTestResult executionId="e92f028d-ec95-47bf-b3a2-de37fa3f034a" testId="90e36759-436b-3828-4e59-4a5d02c078d7" testName="Scenario2_IAWithCustomerExemption" computerName="ip-10-1-13-52" duration="00:00:02.0068150" startTime="2025-04-02T13:10:59.4355731+00:00" endTime="2025-04-02T13:11:01.4423869+00:00" testType="13cdc9d9-ddb5-4fa4-a97d-d965ccfc6d4b" outcome="Passed" testListId="8c84fa94-04c1-424b-9868-57a2d4851a1d" relativeResultsDirectory="e92f028d-ec95-47bf-b3a2-de37fa3f034a">
      <Output>
        <StdOut>Warning message/ListOrganizationUnits obsolete_service - EVA.Core.Services.OrganizationUnits.ListOrganizationUnits is deprecated and will be removed in 2.0.812: Use `ListOrganizationUnitDetailed` (authenticated) or `ListOrganizationUnitSummaries` (anonymous).
Warning message/CreateOrganizationUnit required_field:ToCreate.CurrencyID - Field ToCreate.CurrencyID is required and will be enforced as such in 2.0.606.
Warning message/CreateOrganizationUnit required_field:ToCreate.CostPriceCurrencyID - Field ToCreate.CostPriceCurrencyID is required and will be enforced as such in 2.0.606.
Warning message/GetOrganizationUnit obsolete_service - EVA.Core.Services.OrganizationUnits.GetOrganizationUnit is deprecated and will be removed in 2.0.812: Use `GetOrganizationUnitDetailed` (authenticated) or `GetOrganizationUnitSummary` (anonymous).
Warning message/ListPriceLists limit_large - Limit parameter 1000 is high - consider adding paging.
Warning message/ListPriceLists limit_large - Limit parameter 1000 is high - consider adding paging.
Warning message/ListPriceListAdjustments limit_too_large - Limit parameter 1000000 exceeded maximum of 10000.
Warning message/ListPriceListAdjustments ranged_field:PageConfig.Limit - Field PageConfig.Limit is ranged (should be between 1 and 10000) and will be enforced as such in 2.0.702</StdOut>
      </Output>
    </UnitTestResult>
    <UnitTestResult executionId="860de5ce-3bb7-44e3-a57b-2a31a978fd7d" testId="76b8fc25-b1d7-620b-f783-c39948c68ea3" testName="SUPP_14399_AttachBefore" computerName="ip-10-1-13-52" duration="00:00:00.0000989" startTime="2025-04-02T13:11:14.4510031+00:00" endTime="2025-04-02T13:11:14.4511022+00:00" testType="13cdc9d9-ddb5-4fa4-a97d-d965ccfc6d4b" outcome="NotExecuted" testListId="8c84fa94-04c1-424b-9868-57a2d4851a1d" relativeResultsDirectory="860de5ce-3bb7-44e3-a57b-2a31a978fd7d">
      <Output>
        <StdOut>Skipping test: it does not belong to this partition.</StdOut>
        <ErrorInfo>
          <Message>Skipping test: it does not belong to this partition.</Message>
        </ErrorInfo>
      </Output>
    </UnitTestResult>
    <UnitTestResult executionId="187ea14a-7cd1-48ea-aa29-1669685111a9" testId="d73c5dec-7469-8e19-2801-681327e3db42" testName="MultiplePayments" computerName="ip-10-1-13-52" duration="00:00:01.3470790" startTime="2025-04-02T13:10:49.3413255+00:00" endTime="2025-04-02T13:10:50.6884035+00:00" testType="13cdc9d9-ddb5-4fa4-a97d-d965ccfc6d4b" outcome="Passed" testListId="8c84fa94-04c1-424b-9868-57a2d4851a1d" relativeResultsDirectory="187ea14a-7cd1-48ea-aa29-1669685111a9">
      <Output>
        <StdOut>Warning message/ListOrganizationUnits obsolete_service - EVA.Core.Services.OrganizationUnits.ListOrganizationUnits is deprecated and will be removed in 2.0.812: Use `ListOrganizationUnitDetailed` (authenticated) or `ListOrganizationUnitSummaries` (anonymous).
Warning message/CreateOrganizationUnit required_field:ToCreate.CurrencyID - Field ToCreate.CurrencyID is required and will be enforced as such in 2.0.606.
Warning message/CreateOrganizationUnit required_field:ToCreate.CostPriceCurrencyID - Field ToCreate.CostPriceCurrencyID is required and will be enforced as such in 2.0.606.
Warning message/GetOrganizationUnit obsolete_service - EVA.Core.Services.OrganizationUnits.GetOrganizationUnit is deprecated and will be removed in 2.0.812: Use `GetOrganizationUnitDetailed` (authenticated) or `GetOrganizationUnitSummary` (anonymous).
Warning message/ListPriceLists limit_large - Limit parameter 1000 is high - consider adding paging.
Warning message/ListPriceLists limit_large - Limit parameter 1000 is high - consider adding paging.
Warning message/ListPriceListAdjustments limit_too_large - Limit parameter 1000000 exceeded maximum of 10000.
Warning message/ListPriceListAdjustments ranged_field:PageConfig.Limit - Field PageConfig.Limit is ranged (should be between 1 and 10000) and will be enforced as such in 2.0.702</StdOut>
      </Output>
    </UnitTestResult>
    <UnitTestResult executionId="f6d48b4a-320a-4a45-9944-5d9a7997c7e9" testId="01fd31ea-8993-11ff-4375-c9a51b65ccdf" testName="limitation_attach_first_and_add_2_and_then_2_again_should_work" computerName="ip-10-1-13-52" duration="00:00:00.0004130" startTime="2025-04-02T13:11:14.4491107+00:00" endTime="2025-04-02T13:11:14.4495237+00:00" testType="13cdc9d9-ddb5-4fa4-a97d-d965ccfc6d4b" outcome="NotExecuted" testListId="8c84fa94-04c1-424b-9868-57a2d4851a1d" relativeResultsDirectory="f6d48b4a-320a-4a45-9944-5d9a7997c7e9">
      <Output>
        <StdOut>Skipping test: it does not belong to this partition.</StdOut>
        <ErrorInfo>
          <Message>Skipping test: it does not belong to this partition.</Message>
        </ErrorInfo>
      </Output>
    </UnitTestResult>
    <UnitTestResult executionId="85010a31-287f-4a73-9b05-dcce14fbda5e" testId="73481ccf-b4a7-5ca9-6759-1262e1b034ab" testName="Scenario5_TaxHoliday" computerName="ip-10-1-13-52" duration="00:00:00.0004290" startTime="2025-04-02T13:11:06.1975788+00:00" endTime="2025-04-02T13:11:06.1980078+00:00" testType="13cdc9d9-ddb5-4fa4-a97d-d965ccfc6d4b" outcome="NotExecuted" testListId="8c84fa94-04c1-424b-9868-57a2d4851a1d" relativeResultsDirectory="85010a31-287f-4a73-9b05-dcce14fbda5e">
      <Output>
        <StdOut>No longer a tax holiday, longer than 1 year ago?</StdOut>
        <ErrorInfo>
          <Message>No longer a tax holiday, longer than 1 year ago?</Message>
        </ErrorInfo>
      </Output>
    </UnitTestResult>
    <UnitTestResult executionId="00f12ada-94c8-4268-b289-3d94bcddc50e" testId="3610e224-c68a-9f65-afd2-8f400b588c47" testName="ExcelFileCanBeUploadedAndIsStored" computerName="ip-10-1-13-52" duration="00:00:00.0001760" startTime="2025-04-02T13:11:14.4512770+00:00" endTime="2025-04-02T13:11:14.4514526+00:00" testType="13cdc9d9-ddb5-4fa4-a97d-d965ccfc6d4b" outcome="NotExecuted" testListId="8c84fa94-04c1-424b-9868-57a2d4851a1d" relativeResultsDirectory="00f12ada-94c8-4268-b289-3d94bcddc50e">
      <Output>
        <StdOut>Skipping test: it does not belong to this partition.</StdOut>
        <ErrorInfo>
          <Message>Skipping test: it does not belong to this partition.</Message>
        </ErrorInfo>
      </Output>
    </UnitTestResult>
    <UnitTestResult executionId="a26491c9-77c9-4959-9ce3-89e8ce81526b" testId="4e840141-30ec-46e9-d334-fb3031ac8878" testName="Scenario1_TaxedUpToSubsidy_with_full_return_pos_flow" computerName="ip-10-1-13-52" duration="00:00:01.6165909" startTime="2025-04-02T13:10:57.8189290+00:00" endTime="2025-04-02T13:10:59.4355191+00:00" testType="13cdc9d9-ddb5-4fa4-a97d-d965ccfc6d4b" outcome="Passed" testListId="8c84fa94-04c1-424b-9868-57a2d4851a1d" relativeResultsDirectory="a26491c9-77c9-4959-9ce3-89e8ce81526b">
      <Output>
        <StdOut>Warning message/ListOrganizationUnits obsolete_service - EVA.Core.Services.OrganizationUnits.ListOrganizationUnits is deprecated and will be removed in 2.0.812: Use `ListOrganizationUnitDetailed` (authenticated) or `ListOrganizationUnitSummaries` (anonymous).
Warning message/CreateOrganizationUnit required_field:ToCreate.CurrencyID - Field ToCreate.CurrencyID is required and will be enforced as such in 2.0.606.
Warning message/CreateOrganizationUnit required_field:ToCreate.CostPriceCurrencyID - Field ToCreate.CostPriceCurrencyID is required and will be enforced as such in 2.0.606.
Warning message/GetOrganizationUnit obsolete_service - EVA.Core.Services.OrganizationUnits.GetOrganizationUnit is deprecated and will be removed in 2.0.812: Use `GetOrganizationUnitDetailed` (authenticated) or `GetOrganizationUnitSummary` (anonymous).
Warning message/ListPriceLists limit_large - Limit parameter 1000 is high - consider adding paging.
Warning message/ListPriceLists limit_large - Limit parameter 1000 is high - consider adding paging.
Warning message/ListPriceListAdjustments limit_too_large - Limit parameter 1000000 exceeded maximum of 10000.
Warning message/ListPriceListAdjustments ranged_field:PageConfig.Limit - Field PageConfig.Limit is ranged (should be between 1 and 10000) and will be enforced as such in 2.0.702</StdOut>
      </Output>
    </UnitTestResult>
  </Results>
  <TestDefinitions>
    <UnitTest name="order_product_limitation_should_work_on_max_use_on_order_starting_with_program_slow_buildup" storage="/home/runner/_work/eva/eva/test/eva.testsuite.redwing/bin/release/eva.testsuite.redwing.dll" id="cb89989b-1a95-16ec-085f-ac45aefb60ea">
      <Execution id="2eea3723-6fc1-4703-9167-14f467211cb0" />
      <TestMethod codeBase="/home/runner/_work/eva/eva/test/EVA.TestSuite.RedWing/bin/Release/EVA.TestSuite.RedWing.dll" adapterTypeName="executor://nunit3testexecutor/" className="EVA.TestSuite.RedWing.IndustrialAccounts.OrderLineStackTests" name="order_product_limitation_should_work_on_max_use_on_order_starting_with_program_slow_buildup" />
    </UnitTest>
    <UnitTest name="limitation_create_line_with_4_and_then_attach_should_work" storage="/home/runner/_work/eva/eva/test/eva.testsuite.redwing/bin/release/eva.testsuite.redwing.dll" id="0b1edb8f-43a6-241f-2bf6-a06f95b9893c">
      <Execution id="a61caf8a-500d-4b64-ae78-a5f9b697ec98" />
      <TestMethod codeBase="/home/runner/_work/eva/eva/test/EVA.TestSuite.RedWing/bin/Release/EVA.TestSuite.RedWing.dll" adapterTypeName="executor://nunit3testexecutor/" className="EVA.TestSuite.RedWing.IndustrialAccounts.OrderLineStackTests" name="limitation_create_line_with_4_and_then_attach_should_work" />
    </UnitTest>
    <UnitTest name="Scenario2_IAWithCustomerExemption" storage="/home/runner/_work/eva/eva/test/eva.testsuite.redwing/bin/release/eva.testsuite.redwing.dll" id="90e36759-436b-3828-4e59-4a5d02c078d7">
      <Execution id="e92f028d-ec95-47bf-b3a2-de37fa3f034a" />
      <TestMethod codeBase="/home/runner/_work/eva/eva/test/EVA.TestSuite.RedWing/bin/Release/EVA.TestSuite.RedWing.dll" adapterTypeName="executor://nunit3testexecutor/" className="EVA.TestSuite.RedWing.IndustrialAccounts.IndustrialAccountsTests" name="Scenario2_IAWithCustomerExemption" />
    </UnitTest>
    <UnitTest name="limitation_on_pricelist_with_attach_after_should_work" storage="/home/runner/_work/eva/eva/test/eva.testsuite.redwing/bin/release/eva.testsuite.redwing.dll" id="39a86eb6-1d91-0aa1-c895-cecb74ef202a">
      <Execution id="9ddbbef1-188b-4764-bd9d-4015f5d5a715" />
      <TestMethod codeBase="/home/runner/_work/eva/eva/test/EVA.TestSuite.RedWing/bin/Release/EVA.TestSuite.RedWing.dll" adapterTypeName="executor://nunit3testexecutor/" className="EVA.TestSuite.RedWing.IndustrialAccounts.Reproductions" name="limitation_on_pricelist_with_attach_after_should_work" />
    </UnitTest>
    <UnitTest name="Scenario4_2_TaxHoliday" storage="/home/runner/_work/eva/eva/test/eva.testsuite.redwing/bin/release/eva.testsuite.redwing.dll" id="337ede57-f84b-51ed-5d05-c5ec52370355">
      <Execution id="6024fb97-87c3-418a-8485-3f55671eab1f" />
      <TestMethod codeBase="/home/runner/_work/eva/eva/test/EVA.TestSuite.RedWing/bin/Release/EVA.TestSuite.RedWing.dll" adapterTypeName="executor://nunit3testexecutor/" className="EVA.TestSuite.RedWing.IndustrialAccounts.IndustrialAccountsTests" name="Scenario4_2_TaxHoliday" />
    </UnitTest>
    <UnitTest name="SUPPORT_14362" storage="/home/runner/_work/eva/eva/test/eva.testsuite.redwing/bin/release/eva.testsuite.redwing.dll" id="789f1634-de60-7bfc-2287-bf133dd36f65">
      <Execution id="de732782-e956-4205-bdec-7673f19e676e" />
      <TestMethod codeBase="/home/runner/_work/eva/eva/test/EVA.TestSuite.RedWing/bin/Release/EVA.TestSuite.RedWing.dll" adapterTypeName="executor://nunit3testexecutor/" className="EVA.TestSuite.RedWing.IndustrialAccounts.IndustrialAccountsTests" name="SUPPORT_14362" />
    </UnitTest>
    <UnitTest name="Scenario3_SubsidyTaxed" storage="/home/runner/_work/eva/eva/test/eva.testsuite.redwing/bin/release/eva.testsuite.redwing.dll" id="075df950-d287-2bab-6ac9-4d06cba50da0">
      <Execution id="8c394639-572f-4630-9fb5-963a5a291512" />
      <TestMethod codeBase="/home/runner/_work/eva/eva/test/EVA.TestSuite.RedWing/bin/Release/EVA.TestSuite.RedWing.dll" adapterTypeName="executor://nunit3testexecutor/" className="EVA.TestSuite.RedWing.IndustrialAccounts.IndustrialAccountsTests" name="Scenario3_SubsidyTaxed" />
    </UnitTest>
    <UnitTest name="SUPP_14399_AttachBefore" storage="/home/runner/_work/eva/eva/test/eva.testsuite.redwing/bin/release/eva.testsuite.redwing.dll" id="76b8fc25-b1d7-620b-f783-c39948c68ea3">
      <Execution id="860de5ce-3bb7-44e3-a57b-2a31a978fd7d" />
      <TestMethod codeBase="/home/runner/_work/eva/eva/test/EVA.TestSuite.RedWing/bin/Release/EVA.TestSuite.RedWing.dll" adapterTypeName="executor://nunit3testexecutor/" className="EVA.TestSuite.RedWing.IndustrialAccounts.Reproductions" name="SUPP_14399_AttachBefore" />
    </UnitTest>
    <UnitTest name="IATaxRules_Scenario2_SubsidyTaxedSTEX" storage="/home/runner/_work/eva/eva/test/eva.testsuite.redwing/bin/release/eva.testsuite.redwing.dll" id="8278f730-baf8-da37-df14-247e0a522dc4">
      <Execution id="4d58790e-0da0-4188-b4ae-c062ee69c600" />
      <TestMethod codeBase="/home/runner/_work/eva/eva/test/EVA.TestSuite.RedWing/bin/Release/EVA.TestSuite.RedWing.dll" adapterTypeName="executor://nunit3testexecutor/" className="EVA.TestSuite.RedWing.IndustrialAccounts.IndustrialAccountsTests" name="IATaxRules_Scenario2_SubsidyTaxedSTEX" />
    </UnitTest>
    <UnitTest name="External_tax_amount_is_set_correctly" storage="/home/runner/_work/eva/eva/test/eva.testsuite.redwing/bin/release/eva.testsuite.redwing.dll" id="997aff48-37df-a01c-21b8-2179b9cb5b1d">
      <Execution id="44d1397c-1be9-49a5-b084-2d1d407c18dc" />
      <TestMethod codeBase="/home/runner/_work/eva/eva/test/EVA.TestSuite.RedWing/bin/Release/EVA.TestSuite.RedWing.dll" adapterTypeName="executor://nunit3testexecutor/" className="EVA.TestSuite.RedWing.TraviPay.ValidatePaymentAmountsTest" name="External_tax_amount_is_set_correctly" />
    </UnitTest>
    <UnitTest name="SUPPORT15756" storage="/home/runner/_work/eva/eva/test/eva.testsuite.redwing/bin/release/eva.testsuite.redwing.dll" id="941c6c47-b36b-fb4e-76a9-0504019aed48">
      <Execution id="1c0869f1-245e-46af-89d9-ef98cd22112a" />
      <TestMethod codeBase="/home/runner/_work/eva/eva/test/EVA.TestSuite.RedWing/bin/Release/EVA.TestSuite.RedWing.dll" adapterTypeName="executor://nunit3testexecutor/" className="EVA.TestSuite.RedWing.IndustrialAccounts.IndustrialAccountsTests" name="SUPPORT15756" />
    </UnitTest>
    <UnitTest name="Scenario1_TaxedUpToSubsidy_with_full_return" storage="/home/runner/_work/eva/eva/test/eva.testsuite.redwing/bin/release/eva.testsuite.redwing.dll" id="d567bebc-92e8-0ea4-a6be-35453e1946f0">
      <Execution id="ed9f8bbd-9f7d-4231-aac4-2e42e3456902" />
      <TestMethod codeBase="/home/runner/_work/eva/eva/test/EVA.TestSuite.RedWing/bin/Release/EVA.TestSuite.RedWing.dll" adapterTypeName="executor://nunit3testexecutor/" className="EVA.TestSuite.RedWing.IndustrialAccounts.IndustrialAccountsTests" name="Scenario1_TaxedUpToSubsidy_with_full_return" />
    </UnitTest>
    <UnitTest name="ExistingRedWingUserParseBarcodeWorks" storage="/home/runner/_work/eva/eva/test/eva.testsuite.redwing/bin/release/eva.testsuite.redwing.dll" id="941232dc-6301-c344-80cb-ed5669acfd5e">
      <Execution id="183fcca8-9afb-4822-82c7-6707e7cfb2c8" />
      <TestMethod codeBase="/home/runner/_work/eva/eva/test/EVA.TestSuite.RedWing/bin/Release/EVA.TestSuite.RedWing.dll" adapterTypeName="executor://nunit3testexecutor/" className="EVA.TestSuite.RedWing.TraviPay.UserParseBarcodeHandlerTest" name="ExistingRedWingUserParseBarcodeWorks" />
    </UnitTest>
    <UnitTest name="NewRedWingUserParseBarcodeWorks" storage="/home/runner/_work/eva/eva/test/eva.testsuite.redwing/bin/release/eva.testsuite.redwing.dll" id="75a1744e-6c21-9705-d2f3-b77a3dd59e6c">
      <Execution id="16236845-55c1-4e7f-b4e3-ce6afdb6c2d5" />
      <TestMethod codeBase="/home/runner/_work/eva/eva/test/EVA.TestSuite.RedWing/bin/Release/EVA.TestSuite.RedWing.dll" adapterTypeName="executor://nunit3testexecutor/" className="EVA.TestSuite.RedWing.TraviPay.UserParseBarcodeHandlerTest" name="NewRedWingUserParseBarcodeWorks" />
    </UnitTest>
    <UnitTest name="InvalidBarcodeInExecutionShouldBeCaught" storage="/home/runner/_work/eva/eva/test/eva.testsuite.redwing/bin/release/eva.testsuite.redwing.dll" id="352817ca-a1e3-b00e-b785-9a6540a317e6">
      <Execution id="ed771b66-256d-4681-be26-ed8234b43475" />
      <TestMethod codeBase="/home/runner/_work/eva/eva/test/EVA.TestSuite.RedWing/bin/Release/EVA.TestSuite.RedWing.dll" adapterTypeName="executor://nunit3testexecutor/" className="EVA.TestSuite.RedWing.TraviPay.UserParseBarcodeHandlerTest" name="InvalidBarcodeInExecutionShouldBeCaught" />
    </UnitTest>
    <UnitTest name="Zero_cost_shipping_lines" storage="/home/runner/_work/eva/eva/test/eva.testsuite.redwing/bin/release/eva.testsuite.redwing.dll" id="e3e620d3-f2f0-dde6-4f4d-ce966d8bed54">
      <Execution id="2a969e02-8194-4b42-97cb-7704bdb395aa" />
      <TestMethod codeBase="/home/runner/_work/eva/eva/test/EVA.TestSuite.RedWing/bin/Release/EVA.TestSuite.RedWing.dll" adapterTypeName="executor://nunit3testexecutor/" className="EVA.TestSuite.RedWing.IndustrialAccounts.IndustrialAccountsTests" name="Zero_cost_shipping_lines" />
    </UnitTest>
    <UnitTest name="limitation_on_pricelist_should_work" storage="/home/runner/_work/eva/eva/test/eva.testsuite.redwing/bin/release/eva.testsuite.redwing.dll" id="01f50ff3-77e8-0da6-f668-5362f5263bc5">
      <Execution id="06088b2b-16e7-4410-9bc5-361a2ab68c45" />
      <TestMethod codeBase="/home/runner/_work/eva/eva/test/EVA.TestSuite.RedWing/bin/Release/EVA.TestSuite.RedWing.dll" adapterTypeName="executor://nunit3testexecutor/" className="EVA.TestSuite.RedWing.IndustrialAccounts.Reproductions" name="limitation_on_pricelist_should_work" />
    </UnitTest>
    <UnitTest name="Scenario1_TaxedUpToSubsidy" storage="/home/runner/_work/eva/eva/test/eva.testsuite.redwing/bin/release/eva.testsuite.redwing.dll" id="201c2ce4-30be-4c69-9a68-4e838f300844">
      <Execution id="849d5a4d-9779-47e1-a4e8-e76cc34f7cfd" />
      <TestMethod codeBase="/home/runner/_work/eva/eva/test/EVA.TestSuite.RedWing/bin/Release/EVA.TestSuite.RedWing.dll" adapterTypeName="executor://nunit3testexecutor/" className="EVA.TestSuite.RedWing.IndustrialAccounts.IndustrialAccountsTests" name="Scenario1_TaxedUpToSubsidy" />
    </UnitTest>
    <UnitTest name="IATaxRules_Scenario2_SubsidyTaxedSTEX_Payroll" storage="/home/runner/_work/eva/eva/test/eva.testsuite.redwing/bin/release/eva.testsuite.redwing.dll" id="08235652-4b95-7b38-3ebe-eb3fbcbc1132">
      <Execution id="7e213bc9-6eef-4132-9bf8-8fd4e52f9ae4" />
      <TestMethod codeBase="/home/runner/_work/eva/eva/test/EVA.TestSuite.RedWing/bin/Release/EVA.TestSuite.RedWing.dll" adapterTypeName="executor://nunit3testexecutor/" className="EVA.TestSuite.RedWing.IndustrialAccounts.IndustrialAccountsTests" name="IATaxRules_Scenario2_SubsidyTaxedSTEX_Payroll" />
    </UnitTest>
    <UnitTest name="Scenario5_TaxHoliday" storage="/home/runner/_work/eva/eva/test/eva.testsuite.redwing/bin/release/eva.testsuite.redwing.dll" id="73481ccf-b4a7-5ca9-6759-1262e1b034ab">
      <Execution id="85010a31-287f-4a73-9b05-dcce14fbda5e" />
      <TestMethod codeBase="/home/runner/_work/eva/eva/test/EVA.TestSuite.RedWing/bin/Release/EVA.TestSuite.RedWing.dll" adapterTypeName="executor://nunit3testexecutor/" className="EVA.TestSuite.RedWing.IndustrialAccounts.IndustrialAccountsTests" name="Scenario5_TaxHoliday" />
    </UnitTest>
    <UnitTest name="SUPP_14399_AttachAfter" storage="/home/runner/_work/eva/eva/test/eva.testsuite.redwing/bin/release/eva.testsuite.redwing.dll" id="c65d766a-09d9-31a2-568c-8d91ac56ed24">
      <Execution id="b9bb0e57-af7b-4e9c-98b4-a834f4e56b4f" />
      <TestMethod codeBase="/home/runner/_work/eva/eva/test/EVA.TestSuite.RedWing/bin/Release/EVA.TestSuite.RedWing.dll" adapterTypeName="executor://nunit3testexecutor/" className="EVA.TestSuite.RedWing.IndustrialAccounts.Reproductions" name="SUPP_14399_AttachAfter" />
    </UnitTest>
    <UnitTest name="OPTR32407" storage="/home/runner/_work/eva/eva/test/eva.testsuite.redwing/bin/release/eva.testsuite.redwing.dll" id="74e93721-daab-8dd0-20d4-908db911bfd1">
      <Execution id="50556895-5624-4e32-b5e6-94a55c119068" />
      <TestMethod codeBase="/home/runner/_work/eva/eva/test/EVA.TestSuite.RedWing/bin/Release/EVA.TestSuite.RedWing.dll" adapterTypeName="executor://nunit3testexecutor/" className="EVA.TestSuite.RedWing.IndustrialAccounts.IndustrialAccountsTests" name="OPTR32407" />
    </UnitTest>
    <UnitTest name="Scenario1_TaxedUpToSubsidy_with_full_return_pos_flow" storage="/home/runner/_work/eva/eva/test/eva.testsuite.redwing/bin/release/eva.testsuite.redwing.dll" id="4e840141-30ec-46e9-d334-fb3031ac8878">
      <Execution id="a26491c9-77c9-4959-9ce3-89e8ce81526b" />
      <TestMethod codeBase="/home/runner/_work/eva/eva/test/EVA.TestSuite.RedWing/bin/Release/EVA.TestSuite.RedWing.dll" adapterTypeName="executor://nunit3testexecutor/" className="EVA.TestSuite.RedWing.IndustrialAccounts.IndustrialAccountsTests" name="Scenario1_TaxedUpToSubsidy_with_full_return_pos_flow" />
    </UnitTest>
    <UnitTest name="OrderDataServiceWorks" storage="/home/runner/_work/eva/eva/test/eva.testsuite.redwing/bin/release/eva.testsuite.redwing.dll" id="6afdcf98-7faf-c503-ec57-4b23b1f0f1cc">
      <Execution id="668432ef-7b66-40d8-9eb0-bdd2a868b3a2" />
      <TestMethod codeBase="/home/runner/_work/eva/eva/test/EVA.TestSuite.RedWing/bin/Release/EVA.TestSuite.RedWing.dll" adapterTypeName="executor://nunit3testexecutor/" className="EVA.TestSuite.RedWing.IndustrialAccounts.OrderDataTests" name="OrderDataServiceWorks" />
    </UnitTest>
    <UnitTest name="MultiplePayments_with_partial_payment" storage="/home/runner/_work/eva/eva/test/eva.testsuite.redwing/bin/release/eva.testsuite.redwing.dll" id="7bf343df-9f0b-b0cb-0bf1-31142c48518a">
      <Execution id="4621b28a-746f-4fc4-8dd6-095cdd1c8ed2" />
      <TestMethod codeBase="/home/runner/_work/eva/eva/test/EVA.TestSuite.RedWing/bin/Release/EVA.TestSuite.RedWing.dll" adapterTypeName="executor://nunit3testexecutor/" className="EVA.TestSuite.RedWing.IndustrialAccounts.IndustrialAccountsTests" name="MultiplePayments_with_partial_payment" />
    </UnitTest>
    <UnitTest name="SUPPORT14571" storage="/home/runner/_work/eva/eva/test/eva.testsuite.redwing/bin/release/eva.testsuite.redwing.dll" id="6357ab1a-32ab-f5f6-704c-bbd89db6ffe7">
      <Execution id="903295f4-f3f0-458d-a5fa-ef8a65ee8fbd" />
      <TestMethod codeBase="/home/runner/_work/eva/eva/test/EVA.TestSuite.RedWing/bin/Release/EVA.TestSuite.RedWing.dll" adapterTypeName="executor://nunit3testexecutor/" className="EVA.TestSuite.RedWing.IndustrialAccounts.IndustrialAccountsTests" name="SUPPORT14571" />
    </UnitTest>
    <UnitTest name="InvalidProgramIDShouldBeCaught" storage="/home/runner/_work/eva/eva/test/eva.testsuite.redwing/bin/release/eva.testsuite.redwing.dll" id="ecac941f-a091-721f-3235-9290fe9d8f67">
      <Execution id="4866e38d-e190-44d9-b46c-73f12132b2d7" />
      <TestMethod codeBase="/home/runner/_work/eva/eva/test/EVA.TestSuite.RedWing/bin/Release/EVA.TestSuite.RedWing.dll" adapterTypeName="executor://nunit3testexecutor/" className="EVA.TestSuite.RedWing.TraviPay.UserParseBarcodeHandlerTest" name="InvalidProgramIDShouldBeCaught" />
    </UnitTest>
    <UnitTest name="limitation_attach_first_and_add_4_at_once_should_work" storage="/home/runner/_work/eva/eva/test/eva.testsuite.redwing/bin/release/eva.testsuite.redwing.dll" id="26f33b96-13a8-5e9e-9ca2-aa7685b7d8d6">
      <Execution id="32e7d4f0-676a-4ed3-acc5-6c0504be587c" />
      <TestMethod codeBase="/home/runner/_work/eva/eva/test/EVA.TestSuite.RedWing/bin/Release/EVA.TestSuite.RedWing.dll" adapterTypeName="executor://nunit3testexecutor/" className="EVA.TestSuite.RedWing.IndustrialAccounts.OrderLineStackTests" name="limitation_attach_first_and_add_4_at_once_should_work" />
    </UnitTest>
    <UnitTest name="MultiplePayments" storage="/home/runner/_work/eva/eva/test/eva.testsuite.redwing/bin/release/eva.testsuite.redwing.dll" id="d73c5dec-7469-8e19-2801-681327e3db42">
      <Execution id="187ea14a-7cd1-48ea-aa29-1669685111a9" />
      <TestMethod codeBase="/home/runner/_work/eva/eva/test/EVA.TestSuite.RedWing/bin/Release/EVA.TestSuite.RedWing.dll" adapterTypeName="executor://nunit3testexecutor/" className="EVA.TestSuite.RedWing.IndustrialAccounts.IndustrialAccountsTests" name="MultiplePayments" />
    </UnitTest>
    <UnitTest name="ExcelFileCanBeUploadedAndIsStored" storage="/home/runner/_work/eva/eva/test/eva.testsuite.redwing/bin/release/eva.testsuite.redwing.dll" id="3610e224-c68a-9f65-afd2-8f400b588c47">
      <Execution id="00f12ada-94c8-4268-b289-3d94bcddc50e" />
      <TestMethod codeBase="/home/runner/_work/eva/eva/test/EVA.TestSuite.RedWing/bin/Release/EVA.TestSuite.RedWing.dll" adapterTypeName="executor://nunit3testexecutor/" className="EVA.TestSuite.RedWing.TaxExemptionTests" name="ExcelFileCanBeUploadedAndIsStored" />
    </UnitTest>
    <UnitTest name="attaching_and_detaching_with_line_modification_should_work" storage="/home/runner/_work/eva/eva/test/eva.testsuite.redwing/bin/release/eva.testsuite.redwing.dll" id="2beb918a-0c75-9266-f8dd-64513dafeb21">
      <Execution id="6e79b5c2-5dbb-4b10-83fb-da078168c9ed" />
      <TestMethod codeBase="/home/runner/_work/eva/eva/test/EVA.TestSuite.RedWing/bin/Release/EVA.TestSuite.RedWing.dll" adapterTypeName="executor://nunit3testexecutor/" className="EVA.TestSuite.RedWing.IndustrialAccounts.Reproductions" name="attaching_and_detaching_with_line_modification_should_work" />
    </UnitTest>
    <UnitTest name="Scenario4_TaxHoliday" storage="/home/runner/_work/eva/eva/test/eva.testsuite.redwing/bin/release/eva.testsuite.redwing.dll" id="f4be7ef1-d527-17a0-4e40-04a762dcbb06">
      <Execution id="bbd78620-7761-491b-be78-5966a2f3b676" />
      <TestMethod codeBase="/home/runner/_work/eva/eva/test/EVA.TestSuite.RedWing/bin/Release/EVA.TestSuite.RedWing.dll" adapterTypeName="executor://nunit3testexecutor/" className="EVA.TestSuite.RedWing.IndustrialAccounts.IndustrialAccountsTests" name="Scenario4_TaxHoliday" />
    </UnitTest>
    <UnitTest name="limitation_create_line_with_4_and_then_attach_and_then_add_1_should_work" storage="/home/runner/_work/eva/eva/test/eva.testsuite.redwing/bin/release/eva.testsuite.redwing.dll" id="870e3ef6-daba-e1d4-7759-53f7dd95871b">
      <Execution id="69fa771d-13b9-44fd-ba7b-24f198eafb4d" />
      <TestMethod codeBase="/home/runner/_work/eva/eva/test/EVA.TestSuite.RedWing/bin/Release/EVA.TestSuite.RedWing.dll" adapterTypeName="executor://nunit3testexecutor/" className="EVA.TestSuite.RedWing.IndustrialAccounts.OrderLineStackTests" name="limitation_create_line_with_4_and_then_attach_and_then_add_1_should_work" />
    </UnitTest>
    <UnitTest name="limitation_attach_first_and_add_2_and_then_2_again_should_work" storage="/home/runner/_work/eva/eva/test/eva.testsuite.redwing/bin/release/eva.testsuite.redwing.dll" id="01fd31ea-8993-11ff-4375-c9a51b65ccdf">
      <Execution id="f6d48b4a-320a-4a45-9944-5d9a7997c7e9" />
      <TestMethod codeBase="/home/runner/_work/eva/eva/test/EVA.TestSuite.RedWing/bin/Release/EVA.TestSuite.RedWing.dll" adapterTypeName="executor://nunit3testexecutor/" className="EVA.TestSuite.RedWing.IndustrialAccounts.OrderLineStackTests" name="limitation_attach_first_and_add_2_and_then_2_again_should_work" />
    </UnitTest>
    <UnitTest name="order_product_limitation_should_work_on_max_use_on_order_starting_without_program_slow_buildup" storage="/home/runner/_work/eva/eva/test/eva.testsuite.redwing/bin/release/eva.testsuite.redwing.dll" id="f40b2df8-8047-74a8-f841-c6324eeab7c3">
      <Execution id="1d1d5941-1361-42b1-a9fe-469c65662e5c" />
      <TestMethod codeBase="/home/runner/_work/eva/eva/test/EVA.TestSuite.RedWing/bin/Release/EVA.TestSuite.RedWing.dll" adapterTypeName="executor://nunit3testexecutor/" className="EVA.TestSuite.RedWing.IndustrialAccounts.OrderLineStackTests" name="order_product_limitation_should_work_on_max_use_on_order_starting_without_program_slow_buildup" />
    </UnitTest>
    <UnitTest name="limitation_attach_first_and_add_1_add_a_time_should_work" storage="/home/runner/_work/eva/eva/test/eva.testsuite.redwing/bin/release/eva.testsuite.redwing.dll" id="b2b55f07-6d0e-4cfe-1dc2-14ea8a9977ce">
      <Execution id="b78583e4-cb32-42fe-bfae-055fac70aaa7" />
      <TestMethod codeBase="/home/runner/_work/eva/eva/test/EVA.TestSuite.RedWing/bin/Release/EVA.TestSuite.RedWing.dll" adapterTypeName="executor://nunit3testexecutor/" className="EVA.TestSuite.RedWing.IndustrialAccounts.OrderLineStackTests" name="limitation_attach_first_and_add_1_add_a_time_should_work" />
    </UnitTest>
    <UnitTest name="limitation_create_line_with_1_and_then_attach_and_then_add_3_should_work" storage="/home/runner/_work/eva/eva/test/eva.testsuite.redwing/bin/release/eva.testsuite.redwing.dll" id="4fa33cfd-02f6-ca4d-1ad2-9cfd32f9592b">
      <Execution id="43721a86-12dd-498c-a8b1-a9c0e36195e3" />
      <TestMethod codeBase="/home/runner/_work/eva/eva/test/EVA.TestSuite.RedWing/bin/Release/EVA.TestSuite.RedWing.dll" adapterTypeName="executor://nunit3testexecutor/" className="EVA.TestSuite.RedWing.IndustrialAccounts.OrderLineStackTests" name="limitation_create_line_with_1_and_then_attach_and_then_add_3_should_work" />
    </UnitTest>
  </TestDefinitions>
  <TestEntries>
    <TestEntry testId="941232dc-6301-c344-80cb-ed5669acfd5e" executionId="183fcca8-9afb-4822-82c7-6707e7cfb2c8" testListId="8c84fa94-04c1-424b-9868-57a2d4851a1d" />
    <TestEntry testId="26f33b96-13a8-5e9e-9ca2-aa7685b7d8d6" executionId="32e7d4f0-676a-4ed3-acc5-6c0504be587c" testListId="8c84fa94-04c1-424b-9868-57a2d4851a1d" />
    <TestEntry testId="4fa33cfd-02f6-ca4d-1ad2-9cfd32f9592b" executionId="43721a86-12dd-498c-a8b1-a9c0e36195e3" testListId="8c84fa94-04c1-424b-9868-57a2d4851a1d" />
    <TestEntry testId="e3e620d3-f2f0-dde6-4f4d-ce966d8bed54" executionId="2a969e02-8194-4b42-97cb-7704bdb395aa" testListId="8c84fa94-04c1-424b-9868-57a2d4851a1d" />
    <TestEntry testId="337ede57-f84b-51ed-5d05-c5ec52370355" executionId="6024fb97-87c3-418a-8485-3f55671eab1f" testListId="8c84fa94-04c1-424b-9868-57a2d4851a1d" />
    <TestEntry testId="352817ca-a1e3-b00e-b785-9a6540a317e6" executionId="ed771b66-256d-4681-be26-ed8234b43475" testListId="8c84fa94-04c1-424b-9868-57a2d4851a1d" />
    <TestEntry testId="74e93721-daab-8dd0-20d4-908db911bfd1" executionId="50556895-5624-4e32-b5e6-94a55c119068" testListId="8c84fa94-04c1-424b-9868-57a2d4851a1d" />
    <TestEntry testId="789f1634-de60-7bfc-2287-bf133dd36f65" executionId="de732782-e956-4205-bdec-7673f19e676e" testListId="8c84fa94-04c1-424b-9868-57a2d4851a1d" />
    <TestEntry testId="f40b2df8-8047-74a8-f841-c6324eeab7c3" executionId="1d1d5941-1361-42b1-a9fe-469c65662e5c" testListId="8c84fa94-04c1-424b-9868-57a2d4851a1d" />
    <TestEntry testId="c65d766a-09d9-31a2-568c-8d91ac56ed24" executionId="b9bb0e57-af7b-4e9c-98b4-a834f4e56b4f" testListId="8c84fa94-04c1-424b-9868-57a2d4851a1d" />
    <TestEntry testId="ecac941f-a091-721f-3235-9290fe9d8f67" executionId="4866e38d-e190-44d9-b46c-73f12132b2d7" testListId="8c84fa94-04c1-424b-9868-57a2d4851a1d" />
    <TestEntry testId="2beb918a-0c75-9266-f8dd-64513dafeb21" executionId="6e79b5c2-5dbb-4b10-83fb-da078168c9ed" testListId="8c84fa94-04c1-424b-9868-57a2d4851a1d" />
    <TestEntry testId="870e3ef6-daba-e1d4-7759-53f7dd95871b" executionId="69fa771d-13b9-44fd-ba7b-24f198eafb4d" testListId="8c84fa94-04c1-424b-9868-57a2d4851a1d" />
    <TestEntry testId="cb89989b-1a95-16ec-085f-ac45aefb60ea" executionId="2eea3723-6fc1-4703-9167-14f467211cb0" testListId="8c84fa94-04c1-424b-9868-57a2d4851a1d" />
    <TestEntry testId="6357ab1a-32ab-f5f6-704c-bbd89db6ffe7" executionId="903295f4-f3f0-458d-a5fa-ef8a65ee8fbd" testListId="8c84fa94-04c1-424b-9868-57a2d4851a1d" />
    <TestEntry testId="b2b55f07-6d0e-4cfe-1dc2-14ea8a9977ce" executionId="b78583e4-cb32-42fe-bfae-055fac70aaa7" testListId="8c84fa94-04c1-424b-9868-57a2d4851a1d" />
    <TestEntry testId="8278f730-baf8-da37-df14-247e0a522dc4" executionId="4d58790e-0da0-4188-b4ae-c062ee69c600" testListId="8c84fa94-04c1-424b-9868-57a2d4851a1d" />
    <TestEntry testId="01f50ff3-77e8-0da6-f668-5362f5263bc5" executionId="06088b2b-16e7-4410-9bc5-361a2ab68c45" testListId="8c84fa94-04c1-424b-9868-57a2d4851a1d" />
    <TestEntry testId="941c6c47-b36b-fb4e-76a9-0504019aed48" executionId="1c0869f1-245e-46af-89d9-ef98cd22112a" testListId="8c84fa94-04c1-424b-9868-57a2d4851a1d" />
    <TestEntry testId="6afdcf98-7faf-c503-ec57-4b23b1f0f1cc" executionId="668432ef-7b66-40d8-9eb0-bdd2a868b3a2" testListId="8c84fa94-04c1-424b-9868-57a2d4851a1d" />
    <TestEntry testId="201c2ce4-30be-4c69-9a68-4e838f300844" executionId="849d5a4d-9779-47e1-a4e8-e76cc34f7cfd" testListId="8c84fa94-04c1-424b-9868-57a2d4851a1d" />
    <TestEntry testId="39a86eb6-1d91-0aa1-c895-cecb74ef202a" executionId="9ddbbef1-188b-4764-bd9d-4015f5d5a715" testListId="8c84fa94-04c1-424b-9868-57a2d4851a1d" />
    <TestEntry testId="75a1744e-6c21-9705-d2f3-b77a3dd59e6c" executionId="16236845-55c1-4e7f-b4e3-ce6afdb6c2d5" testListId="8c84fa94-04c1-424b-9868-57a2d4851a1d" />
    <TestEntry testId="d567bebc-92e8-0ea4-a6be-35453e1946f0" executionId="ed9f8bbd-9f7d-4231-aac4-2e42e3456902" testListId="8c84fa94-04c1-424b-9868-57a2d4851a1d" />
    <TestEntry testId="f4be7ef1-d527-17a0-4e40-04a762dcbb06" executionId="bbd78620-7761-491b-be78-5966a2f3b676" testListId="8c84fa94-04c1-424b-9868-57a2d4851a1d" />
    <TestEntry testId="0b1edb8f-43a6-241f-2bf6-a06f95b9893c" executionId="a61caf8a-500d-4b64-ae78-a5f9b697ec98" testListId="8c84fa94-04c1-424b-9868-57a2d4851a1d" />
    <TestEntry testId="075df950-d287-2bab-6ac9-4d06cba50da0" executionId="8c394639-572f-4630-9fb5-963a5a291512" testListId="8c84fa94-04c1-424b-9868-57a2d4851a1d" />
    <TestEntry testId="997aff48-37df-a01c-21b8-2179b9cb5b1d" executionId="44d1397c-1be9-49a5-b084-2d1d407c18dc" testListId="8c84fa94-04c1-424b-9868-57a2d4851a1d" />
    <TestEntry testId="08235652-4b95-7b38-3ebe-eb3fbcbc1132" executionId="7e213bc9-6eef-4132-9bf8-8fd4e52f9ae4" testListId="8c84fa94-04c1-424b-9868-57a2d4851a1d" />
    <TestEntry testId="7bf343df-9f0b-b0cb-0bf1-31142c48518a" executionId="4621b28a-746f-4fc4-8dd6-095cdd1c8ed2" testListId="8c84fa94-04c1-424b-9868-57a2d4851a1d" />
    <TestEntry testId="90e36759-436b-3828-4e59-4a5d02c078d7" executionId="e92f028d-ec95-47bf-b3a2-de37fa3f034a" testListId="8c84fa94-04c1-424b-9868-57a2d4851a1d" />
    <TestEntry testId="76b8fc25-b1d7-620b-f783-c39948c68ea3" executionId="860de5ce-3bb7-44e3-a57b-2a31a978fd7d" testListId="8c84fa94-04c1-424b-9868-57a2d4851a1d" />
    <TestEntry testId="d73c5dec-7469-8e19-2801-681327e3db42" executionId="187ea14a-7cd1-48ea-aa29-1669685111a9" testListId="8c84fa94-04c1-424b-9868-57a2d4851a1d" />
    <TestEntry testId="01fd31ea-8993-11ff-4375-c9a51b65ccdf" executionId="f6d48b4a-320a-4a45-9944-5d9a7997c7e9" testListId="8c84fa94-04c1-424b-9868-57a2d4851a1d" />
    <TestEntry testId="73481ccf-b4a7-5ca9-6759-1262e1b034ab" executionId="85010a31-287f-4a73-9b05-dcce14fbda5e" testListId="8c84fa94-04c1-424b-9868-57a2d4851a1d" />
    <TestEntry testId="3610e224-c68a-9f65-afd2-8f400b588c47" executionId="00f12ada-94c8-4268-b289-3d94bcddc50e" testListId="8c84fa94-04c1-424b-9868-57a2d4851a1d" />
    <TestEntry testId="4e840141-30ec-46e9-d334-fb3031ac8878" executionId="a26491c9-77c9-4959-9ce3-89e8ce81526b" testListId="8c84fa94-04c1-424b-9868-57a2d4851a1d" />
  </TestEntries>
  <TestLists>
    <TestList name="Results Not in a List" id="8c84fa94-04c1-424b-9868-57a2d4851a1d" />
    <TestList name="All Loaded Results" id="19431567-8539-422a-85d7-44ee4e166bda" />
  </TestLists>
  <ResultSummary outcome="Completed">
    <Counters total="37" executed="16" passed="16" failed="0" error="0" timeout="0" aborted="0" inconclusive="0" passedButRunAborted="0" notRunnable="0" notExecuted="0" disconnected="0" warning="0" completed="0" inProgress="0" pending="0" />
    <Output>
      <StdOut>NUnit Adapter 5.0.0.0: Test execution started
Running all tests in /home/runner/_work/eva/eva/test/EVA.TestSuite.RedWing/bin/Release/EVA.TestSuite.RedWing.dll
   NUnit3TestExecutor discovered 37 of 37 NUnit test cases using Current Discovery mode, Non-Explicit run
Warning message/ListOrganizationUnits obsolete_service - EVA.Core.Services.OrganizationUnits.ListOrganizationUnits is deprecated and will be removed in 2.0.812: Use `ListOrganizationUnitDetailed` (authenticated) or `ListOrganizationUnitSummaries` (anonymous).
Warning message/CreateOrganizationUnit required_field:ToCreate.CurrencyID - Field ToCreate.CurrencyID is required and will be enforced as such in 2.0.606.
Warning message/CreateOrganizationUnit required_field:ToCreate.CostPriceCurrencyID - Field ToCreate.CostPriceCurrencyID is required and will be enforced as such in 2.0.606.
Warning message/GetOrganizationUnit obsolete_service - EVA.Core.Services.OrganizationUnits.GetOrganizationUnit is deprecated and will be removed in 2.0.812: Use `GetOrganizationUnitDetailed` (authenticated) or `GetOrganizationUnitSummary` (anonymous).
Warning message/ListPriceLists limit_large - Limit parameter 1000 is high - consider adding paging.
Warning message/ListPriceLists limit_large - Limit parameter 1000 is high - consider adding paging.
Warning message/ListPriceListAdjustments limit_too_large - Limit parameter 1000000 exceeded maximum of 10000.
Warning message/ListPriceListAdjustments ranged_field:PageConfig.Limit - Field PageConfig.Limit is ranged (should be between 1 and 10000) and will be enforced as such in 2.0.702

Warning message/ListOrganizationUnits obsolete_service - EVA.Core.Services.OrganizationUnits.ListOrganizationUnits is deprecated and will be removed in 2.0.812: Use `ListOrganizationUnitDetailed` (authenticated) or `ListOrganizationUnitSummaries` (anonymous).
Warning message/CreateOrganizationUnit required_field:ToCreate.CurrencyID - Field ToCreate.CurrencyID is required and will be enforced as such in 2.0.606.
Warning message/CreateOrganizationUnit required_field:ToCreate.CostPriceCurrencyID - Field ToCreate.CostPriceCurrencyID is required and will be enforced as such in 2.0.606.
Warning message/GetOrganizationUnit obsolete_service - EVA.Core.Services.OrganizationUnits.GetOrganizationUnit is deprecated and will be removed in 2.0.812: Use `GetOrganizationUnitDetailed` (authenticated) or `GetOrganizationUnitSummary` (anonymous).
Warning message/ListPriceLists limit_large - Limit parameter 1000 is high - consider adding paging.
Warning message/ListPriceLists limit_large - Limit parameter 1000 is high - consider adding paging.
Warning message/ListPriceListAdjustments limit_too_large - Limit parameter 1000000 exceeded maximum of 10000.
Warning message/ListPriceListAdjustments ranged_field:PageConfig.Limit - Field PageConfig.Limit is ranged (should be between 1 and 10000) and will be enforced as such in 2.0.702

Warning message/ListOrganizationUnits obsolete_service - EVA.Core.Services.OrganizationUnits.ListOrganizationUnits is deprecated and will be removed in 2.0.812: Use `ListOrganizationUnitDetailed` (authenticated) or `ListOrganizationUnitSummaries` (anonymous).
Warning message/CreateOrganizationUnit required_field:ToCreate.CurrencyID - Field ToCreate.CurrencyID is required and will be enforced as such in 2.0.606.
Warning message/CreateOrganizationUnit required_field:ToCreate.CostPriceCurrencyID - Field ToCreate.CostPriceCurrencyID is required and will be enforced as such in 2.0.606.
Warning message/GetOrganizationUnit obsolete_service - EVA.Core.Services.OrganizationUnits.GetOrganizationUnit is deprecated and will be removed in 2.0.812: Use `GetOrganizationUnitDetailed` (authenticated) or `GetOrganizationUnitSummary` (anonymous).
Warning message/ListPriceLists limit_large - Limit parameter 1000 is high - consider adding paging.
Warning message/ListPriceLists limit_large - Limit parameter 1000 is high - consider adding paging.
Warning message/ListPriceListAdjustments limit_too_large - Limit parameter 1000000 exceeded maximum of 10000.
Warning message/ListPriceListAdjustments ranged_field:PageConfig.Limit - Field PageConfig.Limit is ranged (should be between 1 and 10000) and will be enforced as such in 2.0.702

Warning message/ListOrganizationUnits obsolete_service - EVA.Core.Services.OrganizationUnits.ListOrganizationUnits is deprecated and will be removed in 2.0.812: Use `ListOrganizationUnitDetailed` (authenticated) or `ListOrganizationUnitSummaries` (anonymous).
Warning message/CreateOrganizationUnit required_field:ToCreate.CurrencyID - Field ToCreate.CurrencyID is required and will be enforced as such in 2.0.606.
Warning message/CreateOrganizationUnit required_field:ToCreate.CostPriceCurrencyID - Field ToCreate.CostPriceCurrencyID is required and will be enforced as such in 2.0.606.
Warning message/GetOrganizationUnit obsolete_service - EVA.Core.Services.OrganizationUnits.GetOrganizationUnit is deprecated and will be removed in 2.0.812: Use `GetOrganizationUnitDetailed` (authenticated) or `GetOrganizationUnitSummary` (anonymous).
Warning message/ListPriceLists limit_large - Limit parameter 1000 is high - consider adding paging.
Warning message/ListPriceLists limit_large - Limit parameter 1000 is high - consider adding paging.
Warning message/ListPriceListAdjustments limit_too_large - Limit parameter 1000000 exceeded maximum of 10000.
Warning message/ListPriceListAdjustments ranged_field:PageConfig.Limit - Field PageConfig.Limit is ranged (should be between 1 and 10000) and will be enforced as such in 2.0.702

Warning message/ListOrganizationUnits obsolete_service - EVA.Core.Services.OrganizationUnits.ListOrganizationUnits is deprecated and will be removed in 2.0.812: Use `ListOrganizationUnitDetailed` (authenticated) or `ListOrganizationUnitSummaries` (anonymous).
Warning message/CreateOrganizationUnit required_field:ToCreate.CurrencyID - Field ToCreate.CurrencyID is required and will be enforced as such in 2.0.606.
Warning message/CreateOrganizationUnit required_field:ToCreate.CostPriceCurrencyID - Field ToCreate.CostPriceCurrencyID is required and will be enforced as such in 2.0.606.
Warning message/GetOrganizationUnit obsolete_service - EVA.Core.Services.OrganizationUnits.GetOrganizationUnit is deprecated and will be removed in 2.0.812: Use `GetOrganizationUnitDetailed` (authenticated) or `GetOrganizationUnitSummary` (anonymous).
Warning message/ListPriceLists limit_large - Limit parameter 1000 is high - consider adding paging.
Warning message/ListPriceLists limit_large - Limit parameter 1000 is high - consider adding paging.
Warning message/ListPriceListAdjustments limit_too_large - Limit parameter 1000000 exceeded maximum of 10000.
Warning message/ListPriceListAdjustments ranged_field:PageConfig.Limit - Field PageConfig.Limit is ranged (should be between 1 and 10000) and will be enforced as such in 2.0.702

Warning message/ListOrganizationUnits obsolete_service - EVA.Core.Services.OrganizationUnits.ListOrganizationUnits is deprecated and will be removed in 2.0.812: Use `ListOrganizationUnitDetailed` (authenticated) or `ListOrganizationUnitSummaries` (anonymous).
Warning message/CreateOrganizationUnit required_field:ToCreate.CurrencyID - Field ToCreate.CurrencyID is required and will be enforced as such in 2.0.606.
Warning message/CreateOrganizationUnit required_field:ToCreate.CostPriceCurrencyID - Field ToCreate.CostPriceCurrencyID is required and will be enforced as such in 2.0.606.
Warning message/GetOrganizationUnit obsolete_service - EVA.Core.Services.OrganizationUnits.GetOrganizationUnit is deprecated and will be removed in 2.0.812: Use `GetOrganizationUnitDetailed` (authenticated) or `GetOrganizationUnitSummary` (anonymous).
Warning message/ListPriceLists limit_large - Limit parameter 1000 is high - consider adding paging.
Warning message/ListPriceLists limit_large - Limit parameter 1000 is high - consider adding paging.
Warning message/ListPriceListAdjustments limit_too_large - Limit parameter 1000000 exceeded maximum of 10000.
Warning message/ListPriceListAdjustments ranged_field:PageConfig.Limit - Field PageConfig.Limit is ranged (should be between 1 and 10000) and will be enforced as such in 2.0.702

Warning message/ListOrganizationUnits obsolete_service - EVA.Core.Services.OrganizationUnits.ListOrganizationUnits is deprecated and will be removed in 2.0.812: Use `ListOrganizationUnitDetailed` (authenticated) or `ListOrganizationUnitSummaries` (anonymous).
Warning message/CreateOrganizationUnit required_field:ToCreate.CurrencyID - Field ToCreate.CurrencyID is required and will be enforced as such in 2.0.606.
Warning message/CreateOrganizationUnit required_field:ToCreate.CostPriceCurrencyID - Field ToCreate.CostPriceCurrencyID is required and will be enforced as such in 2.0.606.
Warning message/GetOrganizationUnit obsolete_service - EVA.Core.Services.OrganizationUnits.GetOrganizationUnit is deprecated and will be removed in 2.0.812: Use `GetOrganizationUnitDetailed` (authenticated) or `GetOrganizationUnitSummary` (anonymous).
Warning message/ListPriceLists limit_large - Limit parameter 1000 is high - consider adding paging.
Warning message/ListPriceLists limit_large - Limit parameter 1000 is high - consider adding paging.
Warning message/ListPriceListAdjustments limit_too_large - Limit parameter 1000000 exceeded maximum of 10000.
Warning message/ListPriceListAdjustments ranged_field:PageConfig.Limit - Field PageConfig.Limit is ranged (should be between 1 and 10000) and will be enforced as such in 2.0.702
Warning message/CreateCustomerReturn CannotReturnNonReturnableLine - Can't return orderline 10 because the original orderline (10) is not returnable.

Warning message/ListOrganizationUnits obsolete_service - EVA.Core.Services.OrganizationUnits.ListOrganizationUnits is deprecated and will be removed in 2.0.812: Use `ListOrganizationUnitDetailed` (authenticated) or `ListOrganizationUnitSummaries` (anonymous).
Warning message/CreateOrganizationUnit required_field:ToCreate.CurrencyID - Field ToCreate.CurrencyID is required and will be enforced as such in 2.0.606.
Warning message/CreateOrganizationUnit required_field:ToCreate.CostPriceCurrencyID - Field ToCreate.CostPriceCurrencyID is required and will be enforced as such in 2.0.606.
Warning message/GetOrganizationUnit obsolete_service - EVA.Core.Services.OrganizationUnits.GetOrganizationUnit is deprecated and will be removed in 2.0.812: Use `GetOrganizationUnitDetailed` (authenticated) or `GetOrganizationUnitSummary` (anonymous).
Warning message/ListPriceLists limit_large - Limit parameter 1000 is high - consider adding paging.
Warning message/ListPriceLists limit_large - Limit parameter 1000 is high - consider adding paging.
Warning message/ListPriceListAdjustments limit_too_large - Limit parameter 1000000 exceeded maximum of 10000.
Warning message/ListPriceListAdjustments ranged_field:PageConfig.Limit - Field PageConfig.Limit is ranged (should be between 1 and 10000) and will be enforced as such in 2.0.702

Warning message/ListOrganizationUnits obsolete_service - EVA.Core.Services.OrganizationUnits.ListOrganizationUnits is deprecated and will be removed in 2.0.812: Use `ListOrganizationUnitDetailed` (authenticated) or `ListOrganizationUnitSummaries` (anonymous).
Warning message/CreateOrganizationUnit required_field:ToCreate.CurrencyID - Field ToCreate.CurrencyID is required and will be enforced as such in 2.0.606.
Warning message/CreateOrganizationUnit required_field:ToCreate.CostPriceCurrencyID - Field ToCreate.CostPriceCurrencyID is required and will be enforced as such in 2.0.606.
Warning message/GetOrganizationUnit obsolete_service - EVA.Core.Services.OrganizationUnits.GetOrganizationUnit is deprecated and will be removed in 2.0.812: Use `GetOrganizationUnitDetailed` (authenticated) or `GetOrganizationUnitSummary` (anonymous).
Warning message/ListPriceLists limit_large - Limit parameter 1000 is high - consider adding paging.
Warning message/ListPriceLists limit_large - Limit parameter 1000 is high - consider adding paging.
Warning message/ListPriceListAdjustments limit_too_large - Limit parameter 1000000 exceeded maximum of 10000.
Warning message/ListPriceListAdjustments ranged_field:PageConfig.Limit - Field PageConfig.Limit is ranged (should be between 1 and 10000) and will be enforced as such in 2.0.702

Warning message/ListOrganizationUnits obsolete_service - EVA.Core.Services.OrganizationUnits.ListOrganizationUnits is deprecated and will be removed in 2.0.812: Use `ListOrganizationUnitDetailed` (authenticated) or `ListOrganizationUnitSummaries` (anonymous).
Warning message/CreateOrganizationUnit required_field:ToCreate.CurrencyID - Field ToCreate.CurrencyID is required and will be enforced as such in 2.0.606.
Warning message/CreateOrganizationUnit required_field:ToCreate.CostPriceCurrencyID - Field ToCreate.CostPriceCurrencyID is required and will be enforced as such in 2.0.606.
Warning message/GetOrganizationUnit obsolete_service - EVA.Core.Services.OrganizationUnits.GetOrganizationUnit is deprecated and will be removed in 2.0.812: Use `GetOrganizationUnitDetailed` (authenticated) or `GetOrganizationUnitSummary` (anonymous).
Warning message/ListPriceLists limit_large - Limit parameter 1000 is high - consider adding paging.
Warning message/ListPriceLists limit_large - Limit parameter 1000 is high - consider adding paging.
Warning message/ListPriceListAdjustments limit_too_large - Limit parameter 1000000 exceeded maximum of 10000.
Warning message/ListPriceListAdjustments ranged_field:PageConfig.Limit - Field PageConfig.Limit is ranged (should be between 1 and 10000) and will be enforced as such in 2.0.702

Warning message/ListOrganizationUnits obsolete_service - EVA.Core.Services.OrganizationUnits.ListOrganizationUnits is deprecated and will be removed in 2.0.812: Use `ListOrganizationUnitDetailed` (authenticated) or `ListOrganizationUnitSummaries` (anonymous).
Warning message/CreateOrganizationUnit required_field:ToCreate.CurrencyID - Field ToCreate.CurrencyID is required and will be enforced as such in 2.0.606.
Warning message/CreateOrganizationUnit required_field:ToCreate.CostPriceCurrencyID - Field ToCreate.CostPriceCurrencyID is required and will be enforced as such in 2.0.606.
Warning message/GetOrganizationUnit obsolete_service - EVA.Core.Services.OrganizationUnits.GetOrganizationUnit is deprecated and will be removed in 2.0.812: Use `GetOrganizationUnitDetailed` (authenticated) or `GetOrganizationUnitSummary` (anonymous).
Warning message/ListPriceLists limit_large - Limit parameter 1000 is high - consider adding paging.
Warning message/ListPriceLists limit_large - Limit parameter 1000 is high - consider adding paging.
Warning message/ListPriceListAdjustments limit_too_large - Limit parameter 1000000 exceeded maximum of 10000.
Warning message/ListPriceListAdjustments ranged_field:PageConfig.Limit - Field PageConfig.Limit is ranged (should be between 1 and 10000) and will be enforced as such in 2.0.702

Warning message/ListOrganizationUnits obsolete_service - EVA.Core.Services.OrganizationUnits.ListOrganizationUnits is deprecated and will be removed in 2.0.812: Use `ListOrganizationUnitDetailed` (authenticated) or `ListOrganizationUnitSummaries` (anonymous).
Warning message/CreateOrganizationUnit required_field:ToCreate.CurrencyID - Field ToCreate.CurrencyID is required and will be enforced as such in 2.0.606.
Warning message/CreateOrganizationUnit required_field:ToCreate.CostPriceCurrencyID - Field ToCreate.CostPriceCurrencyID is required and will be enforced as such in 2.0.606.
Warning message/GetOrganizationUnit obsolete_service - EVA.Core.Services.OrganizationUnits.GetOrganizationUnit is deprecated and will be removed in 2.0.812: Use `GetOrganizationUnitDetailed` (authenticated) or `GetOrganizationUnitSummary` (anonymous).
Warning message/ListPriceLists limit_large - Limit parameter 1000 is high - consider adding paging.
Warning message/ListPriceLists limit_large - Limit parameter 1000 is high - consider adding paging.
Warning message/ListPriceListAdjustments limit_too_large - Limit parameter 1000000 exceeded maximum of 10000.
Warning message/ListPriceListAdjustments ranged_field:PageConfig.Limit - Field PageConfig.Limit is ranged (should be between 1 and 10000) and will be enforced as such in 2.0.702

Scenario5_TaxHoliday: No longer a tax holiday, longer than 1 year ago?
Test 'Scenario5_TaxHoliday' was skipped in the test run.
Warning message/ListOrganizationUnits obsolete_service - EVA.Core.Services.OrganizationUnits.ListOrganizationUnits is deprecated and will be removed in 2.0.812: Use `ListOrganizationUnitDetailed` (authenticated) or `ListOrganizationUnitSummaries` (anonymous).
Warning message/CreateOrganizationUnit required_field:ToCreate.CurrencyID - Field ToCreate.CurrencyID is required and will be enforced as such in 2.0.606.
Warning message/CreateOrganizationUnit required_field:ToCreate.CostPriceCurrencyID - Field ToCreate.CostPriceCurrencyID is required and will be enforced as such in 2.0.606.
Warning message/GetOrganizationUnit obsolete_service - EVA.Core.Services.OrganizationUnits.GetOrganizationUnit is deprecated and will be removed in 2.0.812: Use `GetOrganizationUnitDetailed` (authenticated) or `GetOrganizationUnitSummary` (anonymous).
Warning message/ListPriceLists limit_large - Limit parameter 1000 is high - consider adding paging.
Warning message/ListPriceLists limit_large - Limit parameter 1000 is high - consider adding paging.
Warning message/ListPriceListAdjustments limit_too_large - Limit parameter 1000000 exceeded maximum of 10000.
Warning message/ListPriceListAdjustments ranged_field:PageConfig.Limit - Field PageConfig.Limit is ranged (should be between 1 and 10000) and will be enforced as such in 2.0.702
Warning message/ListFinancialEvents limit_large - Limit parameter 10000 is high - consider adding paging.

Warning message/ListOrganizationUnits obsolete_service - EVA.Core.Services.OrganizationUnits.ListOrganizationUnits is deprecated and will be removed in 2.0.812: Use `ListOrganizationUnitDetailed` (authenticated) or `ListOrganizationUnitSummaries` (anonymous).
Warning message/CreateOrganizationUnit required_field:ToCreate.CurrencyID - Field ToCreate.CurrencyID is required and will be enforced as such in 2.0.606.
Warning message/CreateOrganizationUnit required_field:ToCreate.CostPriceCurrencyID - Field ToCreate.CostPriceCurrencyID is required and will be enforced as such in 2.0.606.
Warning message/GetOrganizationUnit obsolete_service - EVA.Core.Services.OrganizationUnits.GetOrganizationUnit is deprecated and will be removed in 2.0.812: Use `GetOrganizationUnitDetailed` (authenticated) or `GetOrganizationUnitSummary` (anonymous).
Warning message/ListPriceLists limit_large - Limit parameter 1000 is high - consider adding paging.
Warning message/ListPriceLists limit_large - Limit parameter 1000 is high - consider adding paging.
Warning message/ListPriceLists limit_large - Limit parameter 1000 is high - consider adding paging.
Warning message/ListPriceLists limit_large - Limit parameter 1000 is high - consider adding paging.
Warning message/ListPriceListAdjustments limit_too_large - Limit parameter 1000000 exceeded maximum of 10000.
Warning message/ListPriceListAdjustments ranged_field:PageConfig.Limit - Field PageConfig.Limit is ranged (should be between 1 and 10000) and will be enforced as such in 2.0.702
Warning message/ListPriceListAdjustments limit_too_large - Limit parameter 1000000 exceeded maximum of 10000.
Warning message/ListPriceListAdjustments ranged_field:PageConfig.Limit - Field PageConfig.Limit is ranged (should be between 1 and 10000) and will be enforced as such in 2.0.702

Warning message/ListOrganizationUnits obsolete_service - EVA.Core.Services.OrganizationUnits.ListOrganizationUnits is deprecated and will be removed in 2.0.812: Use `ListOrganizationUnitDetailed` (authenticated) or `ListOrganizationUnitSummaries` (anonymous).
Warning message/CreateOrganizationUnit required_field:ToCreate.CurrencyID - Field ToCreate.CurrencyID is required and will be enforced as such in 2.0.606.
Warning message/CreateOrganizationUnit required_field:ToCreate.CostPriceCurrencyID - Field ToCreate.CostPriceCurrencyID is required and will be enforced as such in 2.0.606.
Warning message/GetOrganizationUnit obsolete_service - EVA.Core.Services.OrganizationUnits.GetOrganizationUnit is deprecated and will be removed in 2.0.812: Use `GetOrganizationUnitDetailed` (authenticated) or `GetOrganizationUnitSummary` (anonymous).
Warning message/ListPriceLists limit_large - Limit parameter 1000 is high - consider adding paging.
Warning message/ListPriceLists limit_large - Limit parameter 1000 is high - consider adding paging.
Warning message/ListPriceLists limit_large - Limit parameter 1000 is high - consider adding paging.
Warning message/ListPriceLists limit_large - Limit parameter 1000 is high - consider adding paging.
Warning message/ListPriceListAdjustments limit_too_large - Limit parameter 1000000 exceeded maximum of 10000.
Warning message/ListPriceListAdjustments ranged_field:PageConfig.Limit - Field PageConfig.Limit is ranged (should be between 1 and 10000) and will be enforced as such in 2.0.702
Warning message/ListPriceListAdjustments limit_too_large - Limit parameter 1000000 exceeded maximum of 10000.
Warning message/ListPriceListAdjustments ranged_field:PageConfig.Limit - Field PageConfig.Limit is ranged (should be between 1 and 10000) and will be enforced as such in 2.0.702

Warning message/ListOrganizationUnits obsolete_service - EVA.Core.Services.OrganizationUnits.ListOrganizationUnits is deprecated and will be removed in 2.0.812: Use `ListOrganizationUnitDetailed` (authenticated) or `ListOrganizationUnitSummaries` (anonymous).
Warning message/CreateOrganizationUnit required_field:ToCreate.CurrencyID - Field ToCreate.CurrencyID is required and will be enforced as such in 2.0.606.
Warning message/CreateOrganizationUnit required_field:ToCreate.CostPriceCurrencyID - Field ToCreate.CostPriceCurrencyID is required and will be enforced as such in 2.0.606.
Warning message/GetOrganizationUnit obsolete_service - EVA.Core.Services.OrganizationUnits.GetOrganizationUnit is deprecated and will be removed in 2.0.812: Use `GetOrganizationUnitDetailed` (authenticated) or `GetOrganizationUnitSummary` (anonymous).
Warning message/ListPriceLists limit_large - Limit parameter 1000 is high - consider adding paging.
Warning message/ListPriceLists limit_large - Limit parameter 1000 is high - consider adding paging.
Warning message/ListPriceListAdjustments limit_too_large - Limit parameter 1000000 exceeded maximum of 10000.
Warning message/ListPriceListAdjustments ranged_field:PageConfig.Limit - Field PageConfig.Limit is ranged (should be between 1 and 10000) and will be enforced as such in 2.0.702

OrderDataServiceWorks: Skipping test: it does not belong to this partition.
limitation_attach_first_and_add_1_add_a_time_should_work: Skipping test: it does not belong to this partition.
limitation_attach_first_and_add_2_and_then_2_again_should_work: Skipping test: it does not belong to this partition.
limitation_attach_first_and_add_4_at_once_should_work: Skipping test: it does not belong to this partition.
limitation_create_line_with_1_and_then_attach_and_then_add_3_should_work: Skipping test: it does not belong to this partition.
limitation_create_line_with_4_and_then_attach_and_then_add_1_should_work: Skipping test: it does not belong to this partition.
limitation_create_line_with_4_and_then_attach_should_work: Skipping test: it does not belong to this partition.
order_product_limitation_should_work_on_max_use_on_order_starting_with_program_slow_buildup: Skipping test: it does not belong to this partition.
order_product_limitation_should_work_on_max_use_on_order_starting_without_program_slow_buildup: Skipping test: it does not belong to this partition.
Test 'OrderDataServiceWorks' was skipped in the test run.
Test 'limitation_attach_first_and_add_1_add_a_time_should_work' was skipped in the test run.
Test 'limitation_attach_first_and_add_2_and_then_2_again_should_work' was skipped in the test run.
Test 'limitation_attach_first_and_add_4_at_once_should_work' was skipped in the test run.
Test 'limitation_create_line_with_1_and_then_attach_and_then_add_3_should_work' was skipped in the test run.
Test 'limitation_create_line_with_4_and_then_attach_and_then_add_1_should_work' was skipped in the test run.
Test 'limitation_create_line_with_4_and_then_attach_should_work' was skipped in the test run.
Test 'order_product_limitation_should_work_on_max_use_on_order_starting_with_program_slow_buildup' was skipped in the test run.
Test 'order_product_limitation_should_work_on_max_use_on_order_starting_without_program_slow_buildup' was skipped in the test run.
attaching_and_detaching_with_line_modification_should_work: Skipping test: it does not belong to this partition.
limitation_on_pricelist_should_work: Skipping test: it does not belong to this partition.
limitation_on_pricelist_with_attach_after_should_work: Skipping test: it does not belong to this partition.
SUPP_14399_AttachAfter: Skipping test: it does not belong to this partition.
SUPP_14399_AttachBefore: Skipping test: it does not belong to this partition.
ExcelFileCanBeUploadedAndIsStored: Skipping test: it does not belong to this partition.
ExistingRedWingUserParseBarcodeWorks: Skipping test: it does not belong to this partition.
InvalidBarcodeInExecutionShouldBeCaught: Skipping test: it does not belong to this partition.
InvalidProgramIDShouldBeCaught: Skipping test: it does not belong to this partition.
Test 'attaching_and_detaching_with_line_modification_should_work' was skipped in the test run.
Test 'limitation_on_pricelist_should_work' was skipped in the test run.
Test 'limitation_on_pricelist_with_attach_after_should_work' was skipped in the test run.
Test 'SUPP_14399_AttachAfter' was skipped in the test run.
Test 'SUPP_14399_AttachBefore' was skipped in the test run.
Test 'ExcelFileCanBeUploadedAndIsStored' was skipped in the test run.
Test 'ExistingRedWingUserParseBarcodeWorks' was skipped in the test run.
Test 'InvalidBarcodeInExecutionShouldBeCaught' was skipped in the test run.
Test 'InvalidProgramIDShouldBeCaught' was skipped in the test run.
NewRedWingUserParseBarcodeWorks: Skipping test: it does not belong to this partition.
External_tax_amount_is_set_correctly: Skipping test: it does not belong to this partition.
NUnit Adapter 5.0.0.0: Test execution complete
Test 'NewRedWingUserParseBarcodeWorks' was skipped in the test run.
Test 'External_tax_amount_is_set_correctly' was skipped in the test run.
</StdOut>
    </Output>
  </ResultSummary>
</TestRun>