<?xml version="1.0" encoding="utf-8"?>
<TestRun id="067ef0e7-173f-4306-890e-ba5e3062ac00" name="@ip-10-1-25-141 2025-04-02 13:24:06" xmlns="http://microsoft.com/schemas/VisualStudio/TeamTest/2010">
  <Times creation="2025-04-02T13:24:06.1116579+00:00" queuing="2025-04-02T13:24:06.1116580+00:00" start="2025-04-02T13:24:04.9682408+00:00" finish="2025-04-02T13:24:06.1164585+00:00" />
  <TestSettings name="default" id="3c47bb93-566c-4b9e-b62f-144470ab74f9">
    <Deployment runDeploymentRoot="_ip-10-1-25-141_2025-04-02_13_24_06" />
  </TestSettings>
  <Results>
    <UnitTestResult executionId="e21ec04c-41b3-4586-a34e-64817c3a1271" testId="c5085b42-a338-df71-e335-1c2bbbbf03af" testName="Can_request_Availability_feed" computerName="ip-10-1-25-141" duration="00:00:00.0130680" startTime="2025-04-02T13:24:05.9610348+00:00" endTime="2025-04-02T13:24:05.9740681+00:00" testType="13cdc9d9-ddb5-4fa4-a97d-d965ccfc6d4b" outcome="NotExecuted" testListId="8c84fa94-04c1-424b-9868-57a2d4851a1d" relativeResultsDirectory="e21ec04c-41b3-4586-a34e-64817c3a1271">
      <Output>
        <StdOut>Skipping test: it does not belong to this partition.</StdOut>
        <ErrorInfo>
          <Message>Skipping test: it does not belong to this partition.</Message>
        </ErrorInfo>
      </Output>
    </UnitTestResult>
    <UnitTestResult executionId="a1741513-30f5-4121-9d41-5f2e92440004" testId="c25915c8-fe1b-a196-6097-55bacbc4cfa5" testName="Can_request_Rituals_feed" computerName="ip-10-1-25-141" duration="00:00:00.0001560" startTime="2025-04-02T13:24:05.9754765+00:00" endTime="2025-04-02T13:24:05.9756326+00:00" testType="13cdc9d9-ddb5-4fa4-a97d-d965ccfc6d4b" outcome="NotExecuted" testListId="8c84fa94-04c1-424b-9868-57a2d4851a1d" relativeResultsDirectory="a1741513-30f5-4121-9d41-5f2e92440004">
      <Output>
        <StdOut>Skipping test: it does not belong to this partition.</StdOut>
        <ErrorInfo>
          <Message>Skipping test: it does not belong to this partition.</Message>
        </ErrorInfo>
      </Output>
    </UnitTestResult>
    <UnitTestResult executionId="bbbfb70b-d61d-4e91-9c60-518be838574a" testId="12f34058-ddd9-30cf-d900-782013930931" testName="Can_request_Default_feed" computerName="ip-10-1-25-141" duration="00:00:00.0005820" startTime="2025-04-02T13:24:05.9748620+00:00" endTime="2025-04-02T13:24:05.9754437+00:00" testType="13cdc9d9-ddb5-4fa4-a97d-d965ccfc6d4b" outcome="NotExecuted" testListId="8c84fa94-04c1-424b-9868-57a2d4851a1d" relativeResultsDirectory="bbbfb70b-d61d-4e91-9c60-518be838574a">
      <Output>
        <StdOut>Skipping test: it does not belong to this partition.</StdOut>
        <ErrorInfo>
          <Message>Skipping test: it does not belong to this partition.</Message>
        </ErrorInfo>
      </Output>
    </UnitTestResult>
  </Results>
  <TestDefinitions>
    <UnitTest name="Can_request_Availability_feed" storage="/home/runner/_work/eva/eva/test/eva.testsuite.salesforce/bin/release/eva.testsuite.salesforce.dll" id="c5085b42-a338-df71-e335-1c2bbbbf03af">
      <Execution id="e21ec04c-41b3-4586-a34e-64817c3a1271" />
      <TestMethod codeBase="/home/runner/_work/eva/eva/test/EVA.TestSuite.SalesForce/bin/Release/EVA.TestSuite.SalesForce.dll" adapterTypeName="executor://nunit3testexecutor/" className="EVA.TestSuite.SalesForce.StockFeedSharedTests" name="Can_request_Availability_feed" />
    </UnitTest>
    <UnitTest name="Can_request_Default_feed" storage="/home/runner/_work/eva/eva/test/eva.testsuite.salesforce/bin/release/eva.testsuite.salesforce.dll" id="12f34058-ddd9-30cf-d900-782013930931">
      <Execution id="bbbfb70b-d61d-4e91-9c60-518be838574a" />
      <TestMethod codeBase="/home/runner/_work/eva/eva/test/EVA.TestSuite.SalesForce/bin/Release/EVA.TestSuite.SalesForce.dll" adapterTypeName="executor://nunit3testexecutor/" className="EVA.TestSuite.SalesForce.StockFeedSharedTests" name="Can_request_Default_feed" />
    </UnitTest>
    <UnitTest name="Can_request_Rituals_feed" storage="/home/runner/_work/eva/eva/test/eva.testsuite.salesforce/bin/release/eva.testsuite.salesforce.dll" id="c25915c8-fe1b-a196-6097-55bacbc4cfa5">
      <Execution id="a1741513-30f5-4121-9d41-5f2e92440004" />
      <TestMethod codeBase="/home/runner/_work/eva/eva/test/EVA.TestSuite.SalesForce/bin/Release/EVA.TestSuite.SalesForce.dll" adapterTypeName="executor://nunit3testexecutor/" className="EVA.TestSuite.SalesForce.StockFeedSharedTests" name="Can_request_Rituals_feed" />
    </UnitTest>
  </TestDefinitions>
  <TestEntries>
    <TestEntry testId="c5085b42-a338-df71-e335-1c2bbbbf03af" executionId="e21ec04c-41b3-4586-a34e-64817c3a1271" testListId="8c84fa94-04c1-424b-9868-57a2d4851a1d" />
    <TestEntry testId="c25915c8-fe1b-a196-6097-55bacbc4cfa5" executionId="a1741513-30f5-4121-9d41-5f2e92440004" testListId="8c84fa94-04c1-424b-9868-57a2d4851a1d" />
    <TestEntry testId="12f34058-ddd9-30cf-d900-782013930931" executionId="bbbfb70b-d61d-4e91-9c60-518be838574a" testListId="8c84fa94-04c1-424b-9868-57a2d4851a1d" />
  </TestEntries>
  <TestLists>
    <TestList name="Results Not in a List" id="8c84fa94-04c1-424b-9868-57a2d4851a1d" />
    <TestList name="All Loaded Results" id="19431567-8539-422a-85d7-44ee4e166bda" />
  </TestLists>
  <ResultSummary outcome="Completed">
    <Counters total="3" executed="0" passed="0" failed="0" error="0" timeout="0" aborted="0" inconclusive="0" passedButRunAborted="0" notRunnable="0" notExecuted="0" disconnected="0" warning="0" completed="0" inProgress="0" pending="0" />
    <Output>
      <StdOut>NUnit Adapter 5.0.0.0: Test execution started
Running all tests in /home/runner/_work/eva/eva/test/EVA.TestSuite.SalesForce/bin/Release/EVA.TestSuite.SalesForce.dll
   NUnit3TestExecutor discovered 3 of 3 NUnit test cases using Current Discovery mode, Non-Explicit run
Can_request_Availability_feed: Skipping test: it does not belong to this partition.
Can_request_Default_feed: Skipping test: it does not belong to this partition.
Can_request_Rituals_feed: Skipping test: it does not belong to this partition.
NUnit Adapter 5.0.0.0: Test execution complete
Test 'Can_request_Availability_feed' was skipped in the test run.
Test 'Can_request_Default_feed' was skipped in the test run.
Test 'Can_request_Rituals_feed' was skipped in the test run.
</StdOut>
    </Output>
  </ResultSummary>
</TestRun>