<?xml version="1.0" encoding="utf-8"?>
<TestRun id="a012cadc-ea26-4aae-bdc1-2b44ea140169" name="@ip-10-1-4-15 2025-04-02 13:21:30" xmlns="http://microsoft.com/schemas/VisualStudio/TeamTest/2010">
  <Times creation="2025-04-02T13:21:30.4726768+00:00" queuing="2025-04-02T13:21:30.4726769+00:00" start="2025-04-02T13:21:29.4154225+00:00" finish="2025-04-02T13:21:30.4773270+00:00" />
  <TestSettings name="default" id="a441351c-7f32-4656-9738-d08b6520164e">
    <Deployment runDeploymentRoot="_ip-10-1-4-15_2025-04-02_13_21_30" />
  </TestSettings>
  <Results>
    <UnitTestResult executionId="52873f34-005c-4f19-aaaf-f199a4a23ce4" testId="12f34058-ddd9-30cf-d900-782013930931" testName="Can_request_Default_feed" computerName="ip-10-1-4-15" duration="00:00:00.0005500" startTime="2025-04-02T13:21:30.3610109+00:00" endTime="2025-04-02T13:21:30.3615613+00:00" testType="13cdc9d9-ddb5-4fa4-a97d-d965ccfc6d4b" outcome="NotExecuted" testListId="8c84fa94-04c1-424b-9868-57a2d4851a1d" relativeResultsDirectory="52873f34-005c-4f19-aaaf-f199a4a23ce4">
      <Output>
        <StdOut>Skipping test: it does not belong to this partition.</StdOut>
        <ErrorInfo>
          <Message>Skipping test: it does not belong to this partition.</Message>
        </ErrorInfo>
      </Output>
    </UnitTestResult>
    <UnitTestResult executionId="1e9dd9dc-9051-454a-a525-248980547a14" testId="c5085b42-a338-df71-e335-1c2bbbbf03af" testName="Can_request_Availability_feed" computerName="ip-10-1-4-15" duration="00:00:00.0129060" startTime="2025-04-02T13:21:30.3472221+00:00" endTime="2025-04-02T13:21:30.3600976+00:00" testType="13cdc9d9-ddb5-4fa4-a97d-d965ccfc6d4b" outcome="NotExecuted" testListId="8c84fa94-04c1-424b-9868-57a2d4851a1d" relativeResultsDirectory="1e9dd9dc-9051-454a-a525-248980547a14">
      <Output>
        <StdOut>Skipping test: it does not belong to this partition.</StdOut>
        <ErrorInfo>
          <Message>Skipping test: it does not belong to this partition.</Message>
        </ErrorInfo>
      </Output>
    </UnitTestResult>
    <UnitTestResult executionId="3ab8face-b4a3-45ae-a40d-add2aa2daf9c" testId="c25915c8-fe1b-a196-6097-55bacbc4cfa5" testName="Can_request_Rituals_feed" computerName="ip-10-1-4-15" duration="00:00:00.0001660" startTime="2025-04-02T13:21:30.3615824+00:00" endTime="2025-04-02T13:21:30.3617479+00:00" testType="13cdc9d9-ddb5-4fa4-a97d-d965ccfc6d4b" outcome="NotExecuted" testListId="8c84fa94-04c1-424b-9868-57a2d4851a1d" relativeResultsDirectory="3ab8face-b4a3-45ae-a40d-add2aa2daf9c">
      <Output>
        <StdOut>Skipping test: it does not belong to this partition.</StdOut>
        <ErrorInfo>
          <Message>Skipping test: it does not belong to this partition.</Message>
        </ErrorInfo>
      </Output>
    </UnitTestResult>
  </Results>
  <TestDefinitions>
    <UnitTest name="Can_request_Availability_feed" storage="/home/runner/_work/eva/eva/test/eva.testsuite.salesforce/bin/release/eva.testsuite.salesforce.dll" id="c5085b42-a338-df71-e335-1c2bbbbf03af">
      <Execution id="1e9dd9dc-9051-454a-a525-248980547a14" />
      <TestMethod codeBase="/home/runner/_work/eva/eva/test/EVA.TestSuite.SalesForce/bin/Release/EVA.TestSuite.SalesForce.dll" adapterTypeName="executor://nunit3testexecutor/" className="EVA.TestSuite.SalesForce.StockFeedSharedTests" name="Can_request_Availability_feed" />
    </UnitTest>
    <UnitTest name="Can_request_Default_feed" storage="/home/runner/_work/eva/eva/test/eva.testsuite.salesforce/bin/release/eva.testsuite.salesforce.dll" id="12f34058-ddd9-30cf-d900-782013930931">
      <Execution id="52873f34-005c-4f19-aaaf-f199a4a23ce4" />
      <TestMethod codeBase="/home/runner/_work/eva/eva/test/EVA.TestSuite.SalesForce/bin/Release/EVA.TestSuite.SalesForce.dll" adapterTypeName="executor://nunit3testexecutor/" className="EVA.TestSuite.SalesForce.StockFeedSharedTests" name="Can_request_Default_feed" />
    </UnitTest>
    <UnitTest name="Can_request_Rituals_feed" storage="/home/runner/_work/eva/eva/test/eva.testsuite.salesforce/bin/release/eva.testsuite.salesforce.dll" id="c25915c8-fe1b-a196-6097-55bacbc4cfa5">
      <Execution id="3ab8face-b4a3-45ae-a40d-add2aa2daf9c" />
      <TestMethod codeBase="/home/runner/_work/eva/eva/test/EVA.TestSuite.SalesForce/bin/Release/EVA.TestSuite.SalesForce.dll" adapterTypeName="executor://nunit3testexecutor/" className="EVA.TestSuite.SalesForce.StockFeedSharedTests" name="Can_request_Rituals_feed" />
    </UnitTest>
  </TestDefinitions>
  <TestEntries>
    <TestEntry testId="12f34058-ddd9-30cf-d900-782013930931" executionId="52873f34-005c-4f19-aaaf-f199a4a23ce4" testListId="8c84fa94-04c1-424b-9868-57a2d4851a1d" />
    <TestEntry testId="c5085b42-a338-df71-e335-1c2bbbbf03af" executionId="1e9dd9dc-9051-454a-a525-248980547a14" testListId="8c84fa94-04c1-424b-9868-57a2d4851a1d" />
    <TestEntry testId="c25915c8-fe1b-a196-6097-55bacbc4cfa5" executionId="3ab8face-b4a3-45ae-a40d-add2aa2daf9c" testListId="8c84fa94-04c1-424b-9868-57a2d4851a1d" />
  </TestEntries>
  <TestLists>
    <TestList name="Results Not in a List" id="8c84fa94-04c1-424b-9868-57a2d4851a1d" />
    <TestList name="All Loaded Results" id="19431567-8539-422a-85d7-44ee4e166bda" />
  </TestLists>
  <ResultSummary outcome="Completed">
    <Counters total="3" executed="0" passed="0" failed="0" error="0" timeout="0" aborted="0" inconclusive="0" passedButRunAborted="0" notRunnable="0" notExecuted="0" disconnected="0" warning="0" completed="0" inProgress="0" pending="0" />
    <Output>
      <StdOut>NUnit Adapter 5.0.0.0: Test execution started
Running all tests in /home/runner/_work/eva/eva/test/EVA.TestSuite.SalesForce/bin/Release/EVA.TestSuite.SalesForce.dll
   NUnit3TestExecutor discovered 3 of 3 NUnit test cases using Current Discovery mode, Non-Explicit run
Can_request_Availability_feed: Skipping test: it does not belong to this partition.
Can_request_Default_feed: Skipping test: it does not belong to this partition.
Can_request_Rituals_feed: Skipping test: it does not belong to this partition.
NUnit Adapter 5.0.0.0: Test execution complete
Test 'Can_request_Availability_feed' was skipped in the test run.
Test 'Can_request_Default_feed' was skipped in the test run.
Test 'Can_request_Rituals_feed' was skipped in the test run.
</StdOut>
    </Output>
  </ResultSummary>
</TestRun>