<?xml version="1.0" encoding="utf-8"?>
<TestRun id="310a4113-49fc-4c9f-b5e7-186ea7a8e43f" name="@ip-10-1-13-52 2025-04-02 13:20:41" xmlns="http://microsoft.com/schemas/VisualStudio/TeamTest/2010">
  <Times creation="2025-04-02T13:20:41.9165288+00:00" queuing="2025-04-02T13:20:41.9165289+00:00" start="2025-04-02T13:20:40.0764503+00:00" finish="2025-04-02T13:20:42.2200477+00:00" />
  <TestSettings name="default" id="872e1bed-302f-4ef5-a762-f90ed22bc3d9">
    <Deployment runDeploymentRoot="_ip-10-1-13-52_2025-04-02_13_20_41" />
  </TestSettings>
  <Results>
    <UnitTestResult executionId="2f4f0467-4fff-4795-8ce0-6150fdcf854c" testId="c25915c8-fe1b-a196-6097-55bacbc4cfa5" testName="Can_request_Rituals_feed" computerName="ip-10-1-13-52" duration="00:00:00.2158880" startTime="2025-04-02T13:20:41.9261330+00:00" endTime="2025-04-02T13:20:42.1420206+00:00" testType="13cdc9d9-ddb5-4fa4-a97d-d965ccfc6d4b" outcome="Passed" testListId="8c84fa94-04c1-424b-9868-57a2d4851a1d" relativeResultsDirectory="2f4f0467-4fff-4795-8ce0-6150fdcf854c" />
    <UnitTestResult executionId="15140bfe-bf77-4708-a364-8901c7ebcda4" testId="c5085b42-a338-df71-e335-1c2bbbbf03af" testName="Can_request_Availability_feed" computerName="ip-10-1-13-52" duration="00:00:00.5847869" startTime="2025-04-02T13:20:41.1250026+00:00" endTime="2025-04-02T13:20:41.7097380+00:00" testType="13cdc9d9-ddb5-4fa4-a97d-d965ccfc6d4b" outcome="Passed" testListId="8c84fa94-04c1-424b-9868-57a2d4851a1d" relativeResultsDirectory="15140bfe-bf77-4708-a364-8901c7ebcda4" />
    <UnitTestResult executionId="3bef1c47-1eba-4fc8-98de-cbb1581ef8c1" testId="12f34058-ddd9-30cf-d900-782013930931" testName="Can_request_Default_feed" computerName="ip-10-1-13-52" duration="00:00:00.2153900" startTime="2025-04-02T13:20:41.7106878+00:00" endTime="2025-04-02T13:20:41.9260771+00:00" testType="13cdc9d9-ddb5-4fa4-a97d-d965ccfc6d4b" outcome="Passed" testListId="8c84fa94-04c1-424b-9868-57a2d4851a1d" relativeResultsDirectory="3bef1c47-1eba-4fc8-98de-cbb1581ef8c1" />
  </Results>
  <TestDefinitions>
    <UnitTest name="Can_request_Availability_feed" storage="/home/runner/_work/eva/eva/test/eva.testsuite.salesforce/bin/release/eva.testsuite.salesforce.dll" id="c5085b42-a338-df71-e335-1c2bbbbf03af">
      <Execution id="15140bfe-bf77-4708-a364-8901c7ebcda4" />
      <TestMethod codeBase="/home/runner/_work/eva/eva/test/EVA.TestSuite.SalesForce/bin/Release/EVA.TestSuite.SalesForce.dll" adapterTypeName="executor://nunit3testexecutor/" className="EVA.TestSuite.SalesForce.StockFeedSharedTests" name="Can_request_Availability_feed" />
    </UnitTest>
    <UnitTest name="Can_request_Default_feed" storage="/home/runner/_work/eva/eva/test/eva.testsuite.salesforce/bin/release/eva.testsuite.salesforce.dll" id="12f34058-ddd9-30cf-d900-782013930931">
      <Execution id="3bef1c47-1eba-4fc8-98de-cbb1581ef8c1" />
      <TestMethod codeBase="/home/runner/_work/eva/eva/test/EVA.TestSuite.SalesForce/bin/Release/EVA.TestSuite.SalesForce.dll" adapterTypeName="executor://nunit3testexecutor/" className="EVA.TestSuite.SalesForce.StockFeedSharedTests" name="Can_request_Default_feed" />
    </UnitTest>
    <UnitTest name="Can_request_Rituals_feed" storage="/home/runner/_work/eva/eva/test/eva.testsuite.salesforce/bin/release/eva.testsuite.salesforce.dll" id="c25915c8-fe1b-a196-6097-55bacbc4cfa5">
      <Execution id="2f4f0467-4fff-4795-8ce0-6150fdcf854c" />
      <TestMethod codeBase="/home/runner/_work/eva/eva/test/EVA.TestSuite.SalesForce/bin/Release/EVA.TestSuite.SalesForce.dll" adapterTypeName="executor://nunit3testexecutor/" className="EVA.TestSuite.SalesForce.StockFeedSharedTests" name="Can_request_Rituals_feed" />
    </UnitTest>
  </TestDefinitions>
  <TestEntries>
    <TestEntry testId="c25915c8-fe1b-a196-6097-55bacbc4cfa5" executionId="2f4f0467-4fff-4795-8ce0-6150fdcf854c" testListId="8c84fa94-04c1-424b-9868-57a2d4851a1d" />
    <TestEntry testId="c5085b42-a338-df71-e335-1c2bbbbf03af" executionId="15140bfe-bf77-4708-a364-8901c7ebcda4" testListId="8c84fa94-04c1-424b-9868-57a2d4851a1d" />
    <TestEntry testId="12f34058-ddd9-30cf-d900-782013930931" executionId="3bef1c47-1eba-4fc8-98de-cbb1581ef8c1" testListId="8c84fa94-04c1-424b-9868-57a2d4851a1d" />
  </TestEntries>
  <TestLists>
    <TestList name="Results Not in a List" id="8c84fa94-04c1-424b-9868-57a2d4851a1d" />
    <TestList name="All Loaded Results" id="19431567-8539-422a-85d7-44ee4e166bda" />
  </TestLists>
  <ResultSummary outcome="Completed">
    <Counters total="3" executed="3" passed="3" failed="0" error="0" timeout="0" aborted="0" inconclusive="0" passedButRunAborted="0" notRunnable="0" notExecuted="0" disconnected="0" warning="0" completed="0" inProgress="0" pending="0" />
    <Output>
      <StdOut>NUnit Adapter 5.0.0.0: Test execution started
Running all tests in /home/runner/_work/eva/eva/test/EVA.TestSuite.SalesForce/bin/Release/EVA.TestSuite.SalesForce.dll
   NUnit3TestExecutor discovered 3 of 3 NUnit test cases using Current Discovery mode, Non-Explicit run
NUnit Adapter 5.0.0.0: Test execution complete
</StdOut>
    </Output>
  </ResultSummary>
</TestRun>