<?xml version="1.0" encoding="utf-8"?>
<TestRun id="eeacaace-2cf5-40c9-8936-5ac934146597" name="@ip-10-1-37-176 2025-04-02 13:20:04" xmlns="http://microsoft.com/schemas/VisualStudio/TeamTest/2010">
  <Times creation="2025-04-02T13:20:04.8526233+00:00" queuing="2025-04-02T13:20:04.8526233+00:00" start="2025-04-02T13:20:03.8358338+00:00" finish="2025-04-02T13:20:04.8572801+00:00" />
  <TestSettings name="default" id="c02c829e-e054-4299-80e5-a8ad1a48aa54">
    <Deployment runDeploymentRoot="_ip-10-1-37-176_2025-04-02_13_20_04" />
  </TestSettings>
  <Results>
    <UnitTestResult executionId="645786a2-a718-487d-ac2e-53044e4213ca" testId="c5085b42-a338-df71-e335-1c2bbbbf03af" testName="Can_request_Availability_feed" computerName="ip-10-1-37-176" duration="00:00:00.0126140" startTime="2025-04-02T13:20:04.7274364+00:00" endTime="2025-04-02T13:20:04.7400193+00:00" testType="13cdc9d9-ddb5-4fa4-a97d-d965ccfc6d4b" outcome="NotExecuted" testListId="8c84fa94-04c1-424b-9868-57a2d4851a1d" relativeResultsDirectory="645786a2-a718-487d-ac2e-53044e4213ca">
      <Output>
        <StdOut>Skipping test: it does not belong to this partition.</StdOut>
        <ErrorInfo>
          <Message>Skipping test: it does not belong to this partition.</Message>
        </ErrorInfo>
      </Output>
    </UnitTestResult>
    <UnitTestResult executionId="9f53ce0a-7143-4f35-bdc5-6a2a387b8474" testId="12f34058-ddd9-30cf-d900-782013930931" testName="Can_request_Default_feed" computerName="ip-10-1-37-176" duration="00:00:00.0005320" startTime="2025-04-02T13:20:04.7409187+00:00" endTime="2025-04-02T13:20:04.7414507+00:00" testType="13cdc9d9-ddb5-4fa4-a97d-d965ccfc6d4b" outcome="NotExecuted" testListId="8c84fa94-04c1-424b-9868-57a2d4851a1d" relativeResultsDirectory="9f53ce0a-7143-4f35-bdc5-6a2a387b8474">
      <Output>
        <StdOut>Skipping test: it does not belong to this partition.</StdOut>
        <ErrorInfo>
          <Message>Skipping test: it does not belong to this partition.</Message>
        </ErrorInfo>
      </Output>
    </UnitTestResult>
    <UnitTestResult executionId="ef54fe94-be71-4e3c-b704-0071be28c878" testId="c25915c8-fe1b-a196-6097-55bacbc4cfa5" testName="Can_request_Rituals_feed" computerName="ip-10-1-37-176" duration="00:00:00.0001330" startTime="2025-04-02T13:20:04.7414733+00:00" endTime="2025-04-02T13:20:04.7416062+00:00" testType="13cdc9d9-ddb5-4fa4-a97d-d965ccfc6d4b" outcome="NotExecuted" testListId="8c84fa94-04c1-424b-9868-57a2d4851a1d" relativeResultsDirectory="ef54fe94-be71-4e3c-b704-0071be28c878">
      <Output>
        <StdOut>Skipping test: it does not belong to this partition.</StdOut>
        <ErrorInfo>
          <Message>Skipping test: it does not belong to this partition.</Message>
        </ErrorInfo>
      </Output>
    </UnitTestResult>
  </Results>
  <TestDefinitions>
    <UnitTest name="Can_request_Availability_feed" storage="/home/runner/_work/eva/eva/test/eva.testsuite.salesforce/bin/release/eva.testsuite.salesforce.dll" id="c5085b42-a338-df71-e335-1c2bbbbf03af">
      <Execution id="645786a2-a718-487d-ac2e-53044e4213ca" />
      <TestMethod codeBase="/home/runner/_work/eva/eva/test/EVA.TestSuite.SalesForce/bin/Release/EVA.TestSuite.SalesForce.dll" adapterTypeName="executor://nunit3testexecutor/" className="EVA.TestSuite.SalesForce.StockFeedSharedTests" name="Can_request_Availability_feed" />
    </UnitTest>
    <UnitTest name="Can_request_Default_feed" storage="/home/runner/_work/eva/eva/test/eva.testsuite.salesforce/bin/release/eva.testsuite.salesforce.dll" id="12f34058-ddd9-30cf-d900-782013930931">
      <Execution id="9f53ce0a-7143-4f35-bdc5-6a2a387b8474" />
      <TestMethod codeBase="/home/runner/_work/eva/eva/test/EVA.TestSuite.SalesForce/bin/Release/EVA.TestSuite.SalesForce.dll" adapterTypeName="executor://nunit3testexecutor/" className="EVA.TestSuite.SalesForce.StockFeedSharedTests" name="Can_request_Default_feed" />
    </UnitTest>
    <UnitTest name="Can_request_Rituals_feed" storage="/home/runner/_work/eva/eva/test/eva.testsuite.salesforce/bin/release/eva.testsuite.salesforce.dll" id="c25915c8-fe1b-a196-6097-55bacbc4cfa5">
      <Execution id="ef54fe94-be71-4e3c-b704-0071be28c878" />
      <TestMethod codeBase="/home/runner/_work/eva/eva/test/EVA.TestSuite.SalesForce/bin/Release/EVA.TestSuite.SalesForce.dll" adapterTypeName="executor://nunit3testexecutor/" className="EVA.TestSuite.SalesForce.StockFeedSharedTests" name="Can_request_Rituals_feed" />
    </UnitTest>
  </TestDefinitions>
  <TestEntries>
    <TestEntry testId="c5085b42-a338-df71-e335-1c2bbbbf03af" executionId="645786a2-a718-487d-ac2e-53044e4213ca" testListId="8c84fa94-04c1-424b-9868-57a2d4851a1d" />
    <TestEntry testId="12f34058-ddd9-30cf-d900-782013930931" executionId="9f53ce0a-7143-4f35-bdc5-6a2a387b8474" testListId="8c84fa94-04c1-424b-9868-57a2d4851a1d" />
    <TestEntry testId="c25915c8-fe1b-a196-6097-55bacbc4cfa5" executionId="ef54fe94-be71-4e3c-b704-0071be28c878" testListId="8c84fa94-04c1-424b-9868-57a2d4851a1d" />
  </TestEntries>
  <TestLists>
    <TestList name="Results Not in a List" id="8c84fa94-04c1-424b-9868-57a2d4851a1d" />
    <TestList name="All Loaded Results" id="19431567-8539-422a-85d7-44ee4e166bda" />
  </TestLists>
  <ResultSummary outcome="Completed">
    <Counters total="3" executed="0" passed="0" failed="0" error="0" timeout="0" aborted="0" inconclusive="0" passedButRunAborted="0" notRunnable="0" notExecuted="0" disconnected="0" warning="0" completed="0" inProgress="0" pending="0" />
    <Output>
      <StdOut>NUnit Adapter 5.0.0.0: Test execution started
Running all tests in /home/runner/_work/eva/eva/test/EVA.TestSuite.SalesForce/bin/Release/EVA.TestSuite.SalesForce.dll
   NUnit3TestExecutor discovered 3 of 3 NUnit test cases using Current Discovery mode, Non-Explicit run
Can_request_Availability_feed: Skipping test: it does not belong to this partition.
Can_request_Default_feed: Skipping test: it does not belong to this partition.
Can_request_Rituals_feed: Skipping test: it does not belong to this partition.
NUnit Adapter 5.0.0.0: Test execution complete
Test 'Can_request_Availability_feed' was skipped in the test run.
Test 'Can_request_Default_feed' was skipped in the test run.
Test 'Can_request_Rituals_feed' was skipped in the test run.
</StdOut>
    </Output>
  </ResultSummary>
</TestRun>