<?xml version="1.0" encoding="utf-8"?>
<TestRun id="39dd0309-e9e6-4e20-ae90-85196e6ace8f" name="@ip-10-1-4-15 2025-04-02 13:21:58" xmlns="http://microsoft.com/schemas/VisualStudio/TeamTest/2010">
  <Times creation="2025-04-02T13:21:58.9225625+00:00" queuing="2025-04-02T13:21:58.9225626+00:00" start="2025-04-02T13:21:49.0715698+00:00" finish="2025-04-02T13:21:58.9302771+00:00" />
  <TestSettings name="default" id="6a4806d6-7453-43d1-baa1-dd0293a0694b">
    <Deployment runDeploymentRoot="_ip-10-1-4-15_2025-04-02_13_21_58" />
  </TestSettings>
  <Results>
    <UnitTestResult executionId="a17b286d-5f2e-49c9-8842-b659c45a41ac" testId="b4d87602-8f7d-f9c4-71f2-ca45b71abd61" testName="RecalculationsTest" computerName="ip-10-1-4-15" duration="00:00:08.9512860" startTime="2025-04-02T13:21:49.8782464+00:00" endTime="2025-04-02T13:21:58.8294900+00:00" testType="13cdc9d9-ddb5-4fa4-a97d-d965ccfc6d4b" outcome="Passed" testListId="8c84fa94-04c1-424b-9868-57a2d4851a1d" relativeResultsDirectory="a17b286d-5f2e-49c9-8842-b659c45a41ac" />
  </Results>
  <TestDefinitions>
    <UnitTest name="RecalculationsTest" storage="/home/runner/_work/eva/eva/test/eva.testsuite.kiko/bin/release/eva.testsuite.kiko.dll" id="b4d87602-8f7d-f9c4-71f2-ca45b71abd61">
      <Execution id="a17b286d-5f2e-49c9-8842-b659c45a41ac" />
      <TestMethod codeBase="/home/runner/_work/eva/eva/test/EVA.TestSuite.KIKO/bin/Release/EVA.TestSuite.KIKO.dll" adapterTypeName="executor://nunit3testexecutor/" className="EVA.TestSuite.KIKO.RecalculationsTests" name="RecalculationsTest" />
    </UnitTest>
  </TestDefinitions>
  <TestEntries>
    <TestEntry testId="b4d87602-8f7d-f9c4-71f2-ca45b71abd61" executionId="a17b286d-5f2e-49c9-8842-b659c45a41ac" testListId="8c84fa94-04c1-424b-9868-57a2d4851a1d" />
  </TestEntries>
  <TestLists>
    <TestList name="Results Not in a List" id="8c84fa94-04c1-424b-9868-57a2d4851a1d" />
    <TestList name="All Loaded Results" id="19431567-8539-422a-85d7-44ee4e166bda" />
  </TestLists>
  <ResultSummary outcome="Completed">
    <Counters total="1" executed="1" passed="1" failed="0" error="0" timeout="0" aborted="0" inconclusive="0" passedButRunAborted="0" notRunnable="0" notExecuted="0" disconnected="0" warning="0" completed="0" inProgress="0" pending="0" />
    <Output>
      <StdOut>NUnit Adapter 5.0.0.0: Test execution started
Running all tests in /home/runner/_work/eva/eva/test/EVA.TestSuite.KIKO/bin/Release/EVA.TestSuite.KIKO.dll
   NUnit3TestExecutor discovered 1 of 1 NUnit test cases using Current Discovery mode, Non-Explicit run
NUnit Adapter 5.0.0.0: Test execution complete
</StdOut>
    </Output>
  </ResultSummary>
</TestRun>