<?xml version="1.0" encoding="utf-8"?>
<TestRun id="0694f003-13d9-4ad2-bb06-19352760346d" name="@ip-10-1-25-141 2025-04-02 13:24:44" xmlns="http://microsoft.com/schemas/VisualStudio/TeamTest/2010">
  <Times creation="2025-04-02T13:24:44.5957818+00:00" queuing="2025-04-02T13:24:44.5957818+00:00" start="2025-04-02T13:24:43.3371611+00:00" finish="2025-04-02T13:24:44.6018742+00:00" />
  <TestSettings name="default" id="7f3002ad-ccdd-4899-ac11-1683f81ff341">
    <Deployment runDeploymentRoot="_ip-10-1-25-141_2025-04-02_13_24_44" />
  </TestSettings>
  <Results>
    <UnitTestResult executionId="0d5b5e69-e13b-4722-a8bc-5ba1d6fb9122" testId="b4d87602-8f7d-f9c4-71f2-ca45b71abd61" testName="RecalculationsTest" computerName="ip-10-1-25-141" duration="00:00:00.0139080" startTime="2025-04-02T13:24:44.4381703+00:00" endTime="2025-04-02T13:24:44.4520428+00:00" testType="13cdc9d9-ddb5-4fa4-a97d-d965ccfc6d4b" outcome="NotExecuted" testListId="8c84fa94-04c1-424b-9868-57a2d4851a1d" relativeResultsDirectory="0d5b5e69-e13b-4722-a8bc-5ba1d6fb9122">
      <Output>
        <StdOut>Skipping test: it does not belong to this partition.</StdOut>
        <ErrorInfo>
          <Message>Skipping test: it does not belong to this partition.</Message>
        </ErrorInfo>
      </Output>
    </UnitTestResult>
  </Results>
  <TestDefinitions>
    <UnitTest name="RecalculationsTest" storage="/home/runner/_work/eva/eva/test/eva.testsuite.kiko/bin/release/eva.testsuite.kiko.dll" id="b4d87602-8f7d-f9c4-71f2-ca45b71abd61">
      <Execution id="0d5b5e69-e13b-4722-a8bc-5ba1d6fb9122" />
      <TestMethod codeBase="/home/runner/_work/eva/eva/test/EVA.TestSuite.KIKO/bin/Release/EVA.TestSuite.KIKO.dll" adapterTypeName="executor://nunit3testexecutor/" className="EVA.TestSuite.KIKO.RecalculationsTests" name="RecalculationsTest" />
    </UnitTest>
  </TestDefinitions>
  <TestEntries>
    <TestEntry testId="b4d87602-8f7d-f9c4-71f2-ca45b71abd61" executionId="0d5b5e69-e13b-4722-a8bc-5ba1d6fb9122" testListId="8c84fa94-04c1-424b-9868-57a2d4851a1d" />
  </TestEntries>
  <TestLists>
    <TestList name="Results Not in a List" id="8c84fa94-04c1-424b-9868-57a2d4851a1d" />
    <TestList name="All Loaded Results" id="19431567-8539-422a-85d7-44ee4e166bda" />
  </TestLists>
  <ResultSummary outcome="Completed">
    <Counters total="1" executed="0" passed="0" failed="0" error="0" timeout="0" aborted="0" inconclusive="0" passedButRunAborted="0" notRunnable="0" notExecuted="0" disconnected="0" warning="0" completed="0" inProgress="0" pending="0" />
    <Output>
      <StdOut>NUnit Adapter 5.0.0.0: Test execution started
Running all tests in /home/runner/_work/eva/eva/test/EVA.TestSuite.KIKO/bin/Release/EVA.TestSuite.KIKO.dll
   NUnit3TestExecutor discovered 1 of 1 NUnit test cases using Current Discovery mode, Non-Explicit run
RecalculationsTest: Skipping test: it does not belong to this partition.
NUnit Adapter 5.0.0.0: Test execution complete
Test 'RecalculationsTest' was skipped in the test run.
</StdOut>
    </Output>
  </ResultSummary>
</TestRun>