<?xml version="1.0" encoding="utf-8"?>
<TestRun id="d53ac724-99a0-4528-b2ca-2db68907eef8" name="@ip-10-1-37-176 2025-04-02 13:10:32" xmlns="http://microsoft.com/schemas/VisualStudio/TeamTest/2010">
  <Times creation="2025-04-02T13:10:32.3138456+00:00" queuing="2025-04-02T13:10:32.3138457+00:00" start="2025-04-02T13:10:31.2877181+00:00" finish="2025-04-02T13:10:32.3547140+00:00" />
  <TestSettings name="default" id="50dc1636-8233-4640-bfd7-37c7d0fb2c4a">
    <Deployment runDeploymentRoot="_ip-10-1-37-176_2025-04-02_13_10_32" />
  </TestSettings>
  <Results>
    <UnitTestResult executionId="a7d718b8-70d8-4b0f-9fad-74e3f0970776" testId="2f544945-ef64-1e6e-3dc5-f0a5efba2a51" testName="OpenIDCanUpdateEmailAddress" computerName="ip-10-1-37-176" duration="00:00:00.0001050" startTime="2025-04-02T13:10:32.2339113+00:00" endTime="2025-04-02T13:10:32.2340160+00:00" testType="13cdc9d9-ddb5-4fa4-a97d-d965ccfc6d4b" outcome="NotExecuted" testListId="8c84fa94-04c1-424b-9868-57a2d4851a1d" relativeResultsDirectory="a7d718b8-70d8-4b0f-9fad-74e3f0970776">
      <Output>
        <StdOut>Skipping test: it does not belong to this partition.</StdOut>
        <ErrorInfo>
          <Message>Skipping test: it does not belong to this partition.</Message>
        </ErrorInfo>
      </Output>
    </UnitTestResult>
    <UnitTestResult executionId="d1d67729-6463-4811-96b0-b66587a91164" testId="e77d5439-17b4-df4d-40a9-5e9a7ab5fc44" testName="OpenIDCanHandleVGs" computerName="ip-10-1-37-176" duration="00:00:00.0000690" startTime="2025-04-02T13:10:32.2333946+00:00" endTime="2025-04-02T13:10:32.2334640+00:00" testType="13cdc9d9-ddb5-4fa4-a97d-d965ccfc6d4b" outcome="NotExecuted" testListId="8c84fa94-04c1-424b-9868-57a2d4851a1d" relativeResultsDirectory="d1d67729-6463-4811-96b0-b66587a91164">
      <Output>
        <StdOut>Skipping test: it does not belong to this partition.</StdOut>
        <ErrorInfo>
          <Message>Skipping test: it does not belong to this partition.</Message>
        </ErrorInfo>
      </Output>
    </UnitTestResult>
    <UnitTestResult executionId="0bf65b15-b527-46df-afd1-72c4a2b56e0d" testId="24de7347-f1f7-a965-44f6-f0079abee056" testName="OpenID_Handles_Username_As_Expected" computerName="ip-10-1-37-176" duration="00:00:00.0000760" startTime="2025-04-02T13:10:32.2329459+00:00" endTime="2025-04-02T13:10:32.2330220+00:00" testType="13cdc9d9-ddb5-4fa4-a97d-d965ccfc6d4b" outcome="NotExecuted" testListId="8c84fa94-04c1-424b-9868-57a2d4851a1d" relativeResultsDirectory="0bf65b15-b527-46df-afd1-72c4a2b56e0d">
      <Output>
        <StdOut>Skipping test: it does not belong to this partition.</StdOut>
        <ErrorInfo>
          <Message>Skipping test: it does not belong to this partition.</Message>
        </ErrorInfo>
      </Output>
    </UnitTestResult>
    <UnitTestResult executionId="8197a1ca-2c86-4602-b302-c0388b64afe8" testId="0209170d-65f0-8eb7-27f2-dd04667145c1" testName="OpenIDCanUpdateUserThroughSCIM" computerName="ip-10-1-37-176" duration="00:00:00.0000710" startTime="2025-04-02T13:10:32.2340201+00:00" endTime="2025-04-02T13:10:32.2340914+00:00" testType="13cdc9d9-ddb5-4fa4-a97d-d965ccfc6d4b" outcome="NotExecuted" testListId="8c84fa94-04c1-424b-9868-57a2d4851a1d" relativeResultsDirectory="8197a1ca-2c86-4602-b302-c0388b64afe8">
      <Output>
        <StdOut>Skipping test: it does not belong to this partition.</StdOut>
        <ErrorInfo>
          <Message>Skipping test: it does not belong to this partition.</Message>
        </ErrorInfo>
      </Output>
    </UnitTestResult>
    <UnitTestResult executionId="703eda3a-ccf6-4c54-b2d3-6a68c6dfc2e6" testId="b0e7a5a1-6f00-a26d-3e8f-1e7e9cc57bfb" testName="OpenIDCanAssignRoleWithScripting" computerName="ip-10-1-37-176" duration="00:00:00.0000710" startTime="2025-04-02T13:10:32.2330264+00:00" endTime="2025-04-02T13:10:32.2330978+00:00" testType="13cdc9d9-ddb5-4fa4-a97d-d965ccfc6d4b" outcome="NotExecuted" testListId="8c84fa94-04c1-424b-9868-57a2d4851a1d" relativeResultsDirectory="703eda3a-ccf6-4c54-b2d3-6a68c6dfc2e6">
      <Output>
        <StdOut>Skipping test: it does not belong to this partition.</StdOut>
        <ErrorInfo>
          <Message>Skipping test: it does not belong to this partition.</Message>
        </ErrorInfo>
      </Output>
    </UnitTestResult>
    <UnitTestResult executionId="29665a81-038f-42f1-b776-cb605bc2af07" testId="9ca5bb3a-c597-b6ea-4fb1-2015076032de" testName="OpenIDCanHandleVGsThatHaveACircularReference" computerName="ip-10-1-37-176" duration="00:00:00.0000660" startTime="2025-04-02T13:10:32.2334674+00:00" endTime="2025-04-02T13:10:32.2335337+00:00" testType="13cdc9d9-ddb5-4fa4-a97d-d965ccfc6d4b" outcome="NotExecuted" testListId="8c84fa94-04c1-424b-9868-57a2d4851a1d" relativeResultsDirectory="29665a81-038f-42f1-b776-cb605bc2af07">
      <Output>
        <StdOut>Skipping test: it does not belong to this partition.</StdOut>
        <ErrorInfo>
          <Message>Skipping test: it does not belong to this partition.</Message>
        </ErrorInfo>
      </Output>
    </UnitTestResult>
    <UnitTestResult executionId="28b20384-21bb-4e65-98e9-614be054fb1f" testId="99d2526f-8331-70fd-0257-1c0214a4a52e" testName="NonResponsiveEndpointFails" computerName="ip-10-1-37-176" duration="00:00:00.0001630" startTime="2025-04-02T13:10:32.2327756+00:00" endTime="2025-04-02T13:10:32.2329388+00:00" testType="13cdc9d9-ddb5-4fa4-a97d-d965ccfc6d4b" outcome="NotExecuted" testListId="8c84fa94-04c1-424b-9868-57a2d4851a1d" relativeResultsDirectory="28b20384-21bb-4e65-98e9-614be054fb1f">
      <Output>
        <StdOut>Skipping test: it does not belong to this partition.</StdOut>
        <ErrorInfo>
          <Message>Skipping test: it does not belong to this partition.</Message>
        </ErrorInfo>
      </Output>
    </UnitTestResult>
    <UnitTestResult executionId="0aa46789-9428-437a-ac94-400a619ee179" testId="faacac3d-41aa-8cc4-00e4-99dc1a26fb4f" testName="OpenIDCanLoginAnUserThatIsCoveredInTheScriptAndHasManualRoles" computerName="ip-10-1-37-176" duration="00:00:00.0001210" startTime="2025-04-02T13:10:32.2336436+00:00" endTime="2025-04-02T13:10:32.2337648+00:00" testType="13cdc9d9-ddb5-4fa4-a97d-d965ccfc6d4b" outcome="NotExecuted" testListId="8c84fa94-04c1-424b-9868-57a2d4851a1d" relativeResultsDirectory="0aa46789-9428-437a-ac94-400a619ee179">
      <Output>
        <StdOut>Skipping test: it does not belong to this partition.</StdOut>
        <ErrorInfo>
          <Message>Skipping test: it does not belong to this partition.</Message>
        </ErrorInfo>
      </Output>
    </UnitTestResult>
    <UnitTestResult executionId="ecde735b-f4e9-43d5-a2c5-483ed0f71efd" testId="9f27ab77-e9f7-2f12-c742-cb3a62cdb67b" testName="OpenIDCanCreateNewUser" computerName="ip-10-1-37-176" duration="00:00:00.0000970" startTime="2025-04-02T13:10:32.2332928+00:00" endTime="2025-04-02T13:10:32.2333902+00:00" testType="13cdc9d9-ddb5-4fa4-a97d-d965ccfc6d4b" outcome="NotExecuted" testListId="8c84fa94-04c1-424b-9868-57a2d4851a1d" relativeResultsDirectory="ecde735b-f4e9-43d5-a2c5-483ed0f71efd">
      <Output>
        <StdOut>Skipping test: it does not belong to this partition.</StdOut>
        <ErrorInfo>
          <Message>Skipping test: it does not belong to this partition.</Message>
        </ErrorInfo>
      </Output>
    </UnitTestResult>
    <UnitTestResult executionId="c2a7a899-d678-42c6-9d9c-204059ee227e" testId="4760a766-083d-9cf9-4d70-e5db850ef3a9" testName="Crud_operations_on_Providers_work" computerName="ip-10-1-37-176" duration="00:00:00.0136480" startTime="2025-04-02T13:10:32.2175806+00:00" endTime="2025-04-02T13:10:32.2311961+00:00" testType="13cdc9d9-ddb5-4fa4-a97d-d965ccfc6d4b" outcome="NotExecuted" testListId="8c84fa94-04c1-424b-9868-57a2d4851a1d" relativeResultsDirectory="c2a7a899-d678-42c6-9d9c-204059ee227e">
      <Output>
        <StdOut>Skipping test: it does not belong to this partition.</StdOut>
        <ErrorInfo>
          <Message>Skipping test: it does not belong to this partition.</Message>
        </ErrorInfo>
      </Output>
    </UnitTestResult>
    <UnitTestResult executionId="48e634c7-e66f-4a0e-b37d-3aa78c7fcda6" testId="fdc4f543-1475-5609-1bba-39f685ac6efa" testName="OpenIDCanHandleVGsThatIncludeEachOther" computerName="ip-10-1-37-176" duration="00:00:00.0001000" startTime="2025-04-02T13:10:32.2335372+00:00" endTime="2025-04-02T13:10:32.2336372+00:00" testType="13cdc9d9-ddb5-4fa4-a97d-d965ccfc6d4b" outcome="NotExecuted" testListId="8c84fa94-04c1-424b-9868-57a2d4851a1d" relativeResultsDirectory="48e634c7-e66f-4a0e-b37d-3aa78c7fcda6">
      <Output>
        <StdOut>Skipping test: it does not belong to this partition.</StdOut>
        <ErrorInfo>
          <Message>Skipping test: it does not belong to this partition.</Message>
        </ErrorInfo>
      </Output>
    </UnitTestResult>
    <UnitTestResult executionId="d14723fc-de2b-43cd-9cb8-9da284ed312f" testId="aa865691-a716-2230-6a8e-e24bb2ee7936" testName="OpenIDCanAssignRoleWithScripting_V2" computerName="ip-10-1-37-176" duration="00:00:00.0000970" startTime="2025-04-02T13:10:32.2331013+00:00" endTime="2025-04-02T13:10:32.2331980+00:00" testType="13cdc9d9-ddb5-4fa4-a97d-d965ccfc6d4b" outcome="NotExecuted" testListId="8c84fa94-04c1-424b-9868-57a2d4851a1d" relativeResultsDirectory="d14723fc-de2b-43cd-9cb8-9da284ed312f">
      <Output>
        <StdOut>Skipping test: it does not belong to this partition.</StdOut>
        <ErrorInfo>
          <Message>Skipping test: it does not belong to this partition.</Message>
        </ErrorInfo>
      </Output>
    </UnitTestResult>
    <UnitTestResult executionId="b7d51632-8c67-4864-9cbb-871df84592fe" testId="fb156aed-8bc4-f357-dbc2-89c979483592" testName="LoginWithOpenIDWorks" computerName="ip-10-1-37-176" duration="00:00:00.0007130" startTime="2025-04-02T13:10:32.2320143+00:00" endTime="2025-04-02T13:10:32.2327277+00:00" testType="13cdc9d9-ddb5-4fa4-a97d-d965ccfc6d4b" outcome="NotExecuted" testListId="8c84fa94-04c1-424b-9868-57a2d4851a1d" relativeResultsDirectory="b7d51632-8c67-4864-9cbb-871df84592fe">
      <Output>
        <StdOut>Skipping test: it does not belong to this partition.</StdOut>
        <ErrorInfo>
          <Message>Skipping test: it does not belong to this partition.</Message>
        </ErrorInfo>
      </Output>
    </UnitTestResult>
    <UnitTestResult executionId="ab093789-c7a3-489e-b093-45de284cd2b5" testId="1fdf5966-f405-dc2d-9646-890febbda907" testName="OpenIDCanLoginAnUserThatIsNotCoveredInTheScriptButHasManualRoles" computerName="ip-10-1-37-176" duration="00:00:00.0001290" startTime="2025-04-02T13:10:32.2337747+00:00" endTime="2025-04-02T13:10:32.2339034+00:00" testType="13cdc9d9-ddb5-4fa4-a97d-d965ccfc6d4b" outcome="NotExecuted" testListId="8c84fa94-04c1-424b-9868-57a2d4851a1d" relativeResultsDirectory="ab093789-c7a3-489e-b093-45de284cd2b5">
      <Output>
        <StdOut>Skipping test: it does not belong to this partition.</StdOut>
        <ErrorInfo>
          <Message>Skipping test: it does not belong to this partition.</Message>
        </ErrorInfo>
      </Output>
    </UnitTestResult>
    <UnitTestResult executionId="36b6b000-aafc-438d-9f3d-9adbcc4c859e" testId="034be58e-f3bf-81dd-3350-4fd2aad58d86" testName="OpenIDCanAssignRoleWithScripting_V2_Should_Ignore_Deleted_Sets" computerName="ip-10-1-37-176" duration="00:00:00.0000840" startTime="2025-04-02T13:10:32.2332044+00:00" endTime="2025-04-02T13:10:32.2332885+00:00" testType="13cdc9d9-ddb5-4fa4-a97d-d965ccfc6d4b" outcome="NotExecuted" testListId="8c84fa94-04c1-424b-9868-57a2d4851a1d" relativeResultsDirectory="36b6b000-aafc-438d-9f3d-9adbcc4c859e">
      <Output>
        <StdOut>Skipping test: it does not belong to this partition.</StdOut>
        <ErrorInfo>
          <Message>Skipping test: it does not belong to this partition.</Message>
        </ErrorInfo>
      </Output>
    </UnitTestResult>
  </Results>
  <TestDefinitions>
    <UnitTest name="OpenIDCanCreateNewUser" storage="/home/runner/_work/eva/eva/test/eva.testsuite.authentication.openid/bin/release/eva.testsuite.authentication.openid.dll" id="9f27ab77-e9f7-2f12-c742-cb3a62cdb67b">
      <Execution id="ecde735b-f4e9-43d5-a2c5-483ed0f71efd" />
      <TestMethod codeBase="/home/runner/_work/eva/eva/test/EVA.TestSuite.Authentication.OpenID/bin/Release/EVA.TestSuite.Authentication.OpenID.dll" adapterTypeName="executor://nunit3testexecutor/" className="EVA.TestSuite.Authentication.OpenID.OpenIDTests" name="OpenIDCanCreateNewUser" />
    </UnitTest>
    <UnitTest name="OpenIDCanHandleVGsThatIncludeEachOther" storage="/home/runner/_work/eva/eva/test/eva.testsuite.authentication.openid/bin/release/eva.testsuite.authentication.openid.dll" id="fdc4f543-1475-5609-1bba-39f685ac6efa">
      <Execution id="48e634c7-e66f-4a0e-b37d-3aa78c7fcda6" />
      <TestMethod codeBase="/home/runner/_work/eva/eva/test/EVA.TestSuite.Authentication.OpenID/bin/Release/EVA.TestSuite.Authentication.OpenID.dll" adapterTypeName="executor://nunit3testexecutor/" className="EVA.TestSuite.Authentication.OpenID.OpenIDTests" name="OpenIDCanHandleVGsThatIncludeEachOther" />
    </UnitTest>
    <UnitTest name="LoginWithOpenIDWorks" storage="/home/runner/_work/eva/eva/test/eva.testsuite.authentication.openid/bin/release/eva.testsuite.authentication.openid.dll" id="fb156aed-8bc4-f357-dbc2-89c979483592">
      <Execution id="b7d51632-8c67-4864-9cbb-871df84592fe" />
      <TestMethod codeBase="/home/runner/_work/eva/eva/test/EVA.TestSuite.Authentication.OpenID/bin/Release/EVA.TestSuite.Authentication.OpenID.dll" adapterTypeName="executor://nunit3testexecutor/" className="EVA.TestSuite.Authentication.OpenID.OpenIDTests" name="LoginWithOpenIDWorks" />
    </UnitTest>
    <UnitTest name="OpenIDCanLoginAnUserThatIsCoveredInTheScriptAndHasManualRoles" storage="/home/runner/_work/eva/eva/test/eva.testsuite.authentication.openid/bin/release/eva.testsuite.authentication.openid.dll" id="faacac3d-41aa-8cc4-00e4-99dc1a26fb4f">
      <Execution id="0aa46789-9428-437a-ac94-400a619ee179" />
      <TestMethod codeBase="/home/runner/_work/eva/eva/test/EVA.TestSuite.Authentication.OpenID/bin/Release/EVA.TestSuite.Authentication.OpenID.dll" adapterTypeName="executor://nunit3testexecutor/" className="EVA.TestSuite.Authentication.OpenID.OpenIDTests" name="OpenIDCanLoginAnUserThatIsCoveredInTheScriptAndHasManualRoles" />
    </UnitTest>
    <UnitTest name="OpenIDCanHandleVGsThatHaveACircularReference" storage="/home/runner/_work/eva/eva/test/eva.testsuite.authentication.openid/bin/release/eva.testsuite.authentication.openid.dll" id="9ca5bb3a-c597-b6ea-4fb1-2015076032de">
      <Execution id="29665a81-038f-42f1-b776-cb605bc2af07" />
      <TestMethod codeBase="/home/runner/_work/eva/eva/test/EVA.TestSuite.Authentication.OpenID/bin/Release/EVA.TestSuite.Authentication.OpenID.dll" adapterTypeName="executor://nunit3testexecutor/" className="EVA.TestSuite.Authentication.OpenID.OpenIDTests" name="OpenIDCanHandleVGsThatHaveACircularReference" />
    </UnitTest>
    <UnitTest name="Crud_operations_on_Providers_work" storage="/home/runner/_work/eva/eva/test/eva.testsuite.authentication.openid/bin/release/eva.testsuite.authentication.openid.dll" id="4760a766-083d-9cf9-4d70-e5db850ef3a9">
      <Execution id="c2a7a899-d678-42c6-9d9c-204059ee227e" />
      <TestMethod codeBase="/home/runner/_work/eva/eva/test/EVA.TestSuite.Authentication.OpenID/bin/Release/EVA.TestSuite.Authentication.OpenID.dll" adapterTypeName="executor://nunit3testexecutor/" className="EVA.TestSuite.Authentication.OpenID.OpenIDTests" name="Crud_operations_on_Providers_work" />
    </UnitTest>
    <UnitTest name="OpenIDCanUpdateUserThroughSCIM" storage="/home/runner/_work/eva/eva/test/eva.testsuite.authentication.openid/bin/release/eva.testsuite.authentication.openid.dll" id="0209170d-65f0-8eb7-27f2-dd04667145c1">
      <Execution id="8197a1ca-2c86-4602-b302-c0388b64afe8" />
      <TestMethod codeBase="/home/runner/_work/eva/eva/test/EVA.TestSuite.Authentication.OpenID/bin/Release/EVA.TestSuite.Authentication.OpenID.dll" adapterTypeName="executor://nunit3testexecutor/" className="EVA.TestSuite.Authentication.OpenID.OpenIDTests" name="OpenIDCanUpdateUserThroughSCIM" />
    </UnitTest>
    <UnitTest name="OpenIDCanAssignRoleWithScripting" storage="/home/runner/_work/eva/eva/test/eva.testsuite.authentication.openid/bin/release/eva.testsuite.authentication.openid.dll" id="b0e7a5a1-6f00-a26d-3e8f-1e7e9cc57bfb">
      <Execution id="703eda3a-ccf6-4c54-b2d3-6a68c6dfc2e6" />
      <TestMethod codeBase="/home/runner/_work/eva/eva/test/EVA.TestSuite.Authentication.OpenID/bin/Release/EVA.TestSuite.Authentication.OpenID.dll" adapterTypeName="executor://nunit3testexecutor/" className="EVA.TestSuite.Authentication.OpenID.OpenIDTests" name="OpenIDCanAssignRoleWithScripting" />
    </UnitTest>
    <UnitTest name="OpenID_Handles_Username_As_Expected" storage="/home/runner/_work/eva/eva/test/eva.testsuite.authentication.openid/bin/release/eva.testsuite.authentication.openid.dll" id="24de7347-f1f7-a965-44f6-f0079abee056">
      <Execution id="0bf65b15-b527-46df-afd1-72c4a2b56e0d" />
      <TestMethod codeBase="/home/runner/_work/eva/eva/test/EVA.TestSuite.Authentication.OpenID/bin/Release/EVA.TestSuite.Authentication.OpenID.dll" adapterTypeName="executor://nunit3testexecutor/" className="EVA.TestSuite.Authentication.OpenID.OpenIDTests" name="OpenID_Handles_Username_As_Expected" />
    </UnitTest>
    <UnitTest name="OpenIDCanUpdateEmailAddress" storage="/home/runner/_work/eva/eva/test/eva.testsuite.authentication.openid/bin/release/eva.testsuite.authentication.openid.dll" id="2f544945-ef64-1e6e-3dc5-f0a5efba2a51">
      <Execution id="a7d718b8-70d8-4b0f-9fad-74e3f0970776" />
      <TestMethod codeBase="/home/runner/_work/eva/eva/test/EVA.TestSuite.Authentication.OpenID/bin/Release/EVA.TestSuite.Authentication.OpenID.dll" adapterTypeName="executor://nunit3testexecutor/" className="EVA.TestSuite.Authentication.OpenID.OpenIDTests" name="OpenIDCanUpdateEmailAddress" />
    </UnitTest>
    <UnitTest name="OpenIDCanLoginAnUserThatIsNotCoveredInTheScriptButHasManualRoles" storage="/home/runner/_work/eva/eva/test/eva.testsuite.authentication.openid/bin/release/eva.testsuite.authentication.openid.dll" id="1fdf5966-f405-dc2d-9646-890febbda907">
      <Execution id="ab093789-c7a3-489e-b093-45de284cd2b5" />
      <TestMethod codeBase="/home/runner/_work/eva/eva/test/EVA.TestSuite.Authentication.OpenID/bin/Release/EVA.TestSuite.Authentication.OpenID.dll" adapterTypeName="executor://nunit3testexecutor/" className="EVA.TestSuite.Authentication.OpenID.OpenIDTests" name="OpenIDCanLoginAnUserThatIsNotCoveredInTheScriptButHasManualRoles" />
    </UnitTest>
    <UnitTest name="OpenIDCanAssignRoleWithScripting_V2_Should_Ignore_Deleted_Sets" storage="/home/runner/_work/eva/eva/test/eva.testsuite.authentication.openid/bin/release/eva.testsuite.authentication.openid.dll" id="034be58e-f3bf-81dd-3350-4fd2aad58d86">
      <Execution id="36b6b000-aafc-438d-9f3d-9adbcc4c859e" />
      <TestMethod codeBase="/home/runner/_work/eva/eva/test/EVA.TestSuite.Authentication.OpenID/bin/Release/EVA.TestSuite.Authentication.OpenID.dll" adapterTypeName="executor://nunit3testexecutor/" className="EVA.TestSuite.Authentication.OpenID.OpenIDTests" name="OpenIDCanAssignRoleWithScripting_V2_Should_Ignore_Deleted_Sets" />
    </UnitTest>
    <UnitTest name="OpenIDCanHandleVGs" storage="/home/runner/_work/eva/eva/test/eva.testsuite.authentication.openid/bin/release/eva.testsuite.authentication.openid.dll" id="e77d5439-17b4-df4d-40a9-5e9a7ab5fc44">
      <Execution id="d1d67729-6463-4811-96b0-b66587a91164" />
      <TestMethod codeBase="/home/runner/_work/eva/eva/test/EVA.TestSuite.Authentication.OpenID/bin/Release/EVA.TestSuite.Authentication.OpenID.dll" adapterTypeName="executor://nunit3testexecutor/" className="EVA.TestSuite.Authentication.OpenID.OpenIDTests" name="OpenIDCanHandleVGs" />
    </UnitTest>
    <UnitTest name="NonResponsiveEndpointFails" storage="/home/runner/_work/eva/eva/test/eva.testsuite.authentication.openid/bin/release/eva.testsuite.authentication.openid.dll" id="99d2526f-8331-70fd-0257-1c0214a4a52e">
      <Execution id="28b20384-21bb-4e65-98e9-614be054fb1f" />
      <TestMethod codeBase="/home/runner/_work/eva/eva/test/EVA.TestSuite.Authentication.OpenID/bin/Release/EVA.TestSuite.Authentication.OpenID.dll" adapterTypeName="executor://nunit3testexecutor/" className="EVA.TestSuite.Authentication.OpenID.OpenIDTests" name="NonResponsiveEndpointFails" />
    </UnitTest>
    <UnitTest name="OpenIDCanAssignRoleWithScripting_V2" storage="/home/runner/_work/eva/eva/test/eva.testsuite.authentication.openid/bin/release/eva.testsuite.authentication.openid.dll" id="aa865691-a716-2230-6a8e-e24bb2ee7936">
      <Execution id="d14723fc-de2b-43cd-9cb8-9da284ed312f" />
      <TestMethod codeBase="/home/runner/_work/eva/eva/test/EVA.TestSuite.Authentication.OpenID/bin/Release/EVA.TestSuite.Authentication.OpenID.dll" adapterTypeName="executor://nunit3testexecutor/" className="EVA.TestSuite.Authentication.OpenID.OpenIDTests" name="OpenIDCanAssignRoleWithScripting_V2" />
    </UnitTest>
  </TestDefinitions>
  <TestEntries>
    <TestEntry testId="2f544945-ef64-1e6e-3dc5-f0a5efba2a51" executionId="a7d718b8-70d8-4b0f-9fad-74e3f0970776" testListId="8c84fa94-04c1-424b-9868-57a2d4851a1d" />
    <TestEntry testId="e77d5439-17b4-df4d-40a9-5e9a7ab5fc44" executionId="d1d67729-6463-4811-96b0-b66587a91164" testListId="8c84fa94-04c1-424b-9868-57a2d4851a1d" />
    <TestEntry testId="24de7347-f1f7-a965-44f6-f0079abee056" executionId="0bf65b15-b527-46df-afd1-72c4a2b56e0d" testListId="8c84fa94-04c1-424b-9868-57a2d4851a1d" />
    <TestEntry testId="0209170d-65f0-8eb7-27f2-dd04667145c1" executionId="8197a1ca-2c86-4602-b302-c0388b64afe8" testListId="8c84fa94-04c1-424b-9868-57a2d4851a1d" />
    <TestEntry testId="b0e7a5a1-6f00-a26d-3e8f-1e7e9cc57bfb" executionId="703eda3a-ccf6-4c54-b2d3-6a68c6dfc2e6" testListId="8c84fa94-04c1-424b-9868-57a2d4851a1d" />
    <TestEntry testId="9ca5bb3a-c597-b6ea-4fb1-2015076032de" executionId="29665a81-038f-42f1-b776-cb605bc2af07" testListId="8c84fa94-04c1-424b-9868-57a2d4851a1d" />
    <TestEntry testId="99d2526f-8331-70fd-0257-1c0214a4a52e" executionId="28b20384-21bb-4e65-98e9-614be054fb1f" testListId="8c84fa94-04c1-424b-9868-57a2d4851a1d" />
    <TestEntry testId="faacac3d-41aa-8cc4-00e4-99dc1a26fb4f" executionId="0aa46789-9428-437a-ac94-400a619ee179" testListId="8c84fa94-04c1-424b-9868-57a2d4851a1d" />
    <TestEntry testId="9f27ab77-e9f7-2f12-c742-cb3a62cdb67b" executionId="ecde735b-f4e9-43d5-a2c5-483ed0f71efd" testListId="8c84fa94-04c1-424b-9868-57a2d4851a1d" />
    <TestEntry testId="4760a766-083d-9cf9-4d70-e5db850ef3a9" executionId="c2a7a899-d678-42c6-9d9c-204059ee227e" testListId="8c84fa94-04c1-424b-9868-57a2d4851a1d" />
    <TestEntry testId="fdc4f543-1475-5609-1bba-39f685ac6efa" executionId="48e634c7-e66f-4a0e-b37d-3aa78c7fcda6" testListId="8c84fa94-04c1-424b-9868-57a2d4851a1d" />
    <TestEntry testId="aa865691-a716-2230-6a8e-e24bb2ee7936" executionId="d14723fc-de2b-43cd-9cb8-9da284ed312f" testListId="8c84fa94-04c1-424b-9868-57a2d4851a1d" />
    <TestEntry testId="fb156aed-8bc4-f357-dbc2-89c979483592" executionId="b7d51632-8c67-4864-9cbb-871df84592fe" testListId="8c84fa94-04c1-424b-9868-57a2d4851a1d" />
    <TestEntry testId="1fdf5966-f405-dc2d-9646-890febbda907" executionId="ab093789-c7a3-489e-b093-45de284cd2b5" testListId="8c84fa94-04c1-424b-9868-57a2d4851a1d" />
    <TestEntry testId="034be58e-f3bf-81dd-3350-4fd2aad58d86" executionId="36b6b000-aafc-438d-9f3d-9adbcc4c859e" testListId="8c84fa94-04c1-424b-9868-57a2d4851a1d" />
  </TestEntries>
  <TestLists>
    <TestList name="Results Not in a List" id="8c84fa94-04c1-424b-9868-57a2d4851a1d" />
    <TestList name="All Loaded Results" id="19431567-8539-422a-85d7-44ee4e166bda" />
  </TestLists>
  <ResultSummary outcome="Completed">
    <Counters total="15" executed="0" passed="0" failed="0" error="0" timeout="0" aborted="0" inconclusive="0" passedButRunAborted="0" notRunnable="0" notExecuted="0" disconnected="0" warning="0" completed="0" inProgress="0" pending="0" />
    <Output>
      <StdOut>NUnit Adapter 5.0.0.0: Test execution started
Running all tests in /home/runner/_work/eva/eva/test/EVA.TestSuite.Authentication.OpenID/bin/Release/EVA.TestSuite.Authentication.OpenID.dll
   NUnit3TestExecutor discovered 15 of 15 NUnit test cases using Current Discovery mode, Non-Explicit run
Crud_operations_on_Providers_work: Skipping test: it does not belong to this partition.
LoginWithOpenIDWorks: Skipping test: it does not belong to this partition.
NonResponsiveEndpointFails: Skipping test: it does not belong to this partition.
OpenID_Handles_Username_As_Expected: Skipping test: it does not belong to this partition.
OpenIDCanAssignRoleWithScripting: Skipping test: it does not belong to this partition.
OpenIDCanAssignRoleWithScripting_V2: Skipping test: it does not belong to this partition.
OpenIDCanAssignRoleWithScripting_V2_Should_Ignore_Deleted_Sets: Skipping test: it does not belong to this partition.
OpenIDCanCreateNewUser: Skipping test: it does not belong to this partition.
OpenIDCanHandleVGs: Skipping test: it does not belong to this partition.
Test 'Crud_operations_on_Providers_work' was skipped in the test run.
Test 'LoginWithOpenIDWorks' was skipped in the test run.
Test 'NonResponsiveEndpointFails' was skipped in the test run.
Test 'OpenID_Handles_Username_As_Expected' was skipped in the test run.
Test 'OpenIDCanAssignRoleWithScripting' was skipped in the test run.
Test 'OpenIDCanAssignRoleWithScripting_V2' was skipped in the test run.
Test 'OpenIDCanAssignRoleWithScripting_V2_Should_Ignore_Deleted_Sets' was skipped in the test run.
Test 'OpenIDCanCreateNewUser' was skipped in the test run.
Test 'OpenIDCanHandleVGs' was skipped in the test run.
OpenIDCanHandleVGsThatHaveACircularReference: Skipping test: it does not belong to this partition.
OpenIDCanHandleVGsThatIncludeEachOther: Skipping test: it does not belong to this partition.
OpenIDCanLoginAnUserThatIsCoveredInTheScriptAndHasManualRoles: Skipping test: it does not belong to this partition.
OpenIDCanLoginAnUserThatIsNotCoveredInTheScriptButHasManualRoles: Skipping test: it does not belong to this partition.
OpenIDCanUpdateEmailAddress: Skipping test: it does not belong to this partition.
OpenIDCanUpdateUserThroughSCIM: Skipping test: it does not belong to this partition.
NUnit Adapter 5.0.0.0: Test execution complete
Test 'OpenIDCanHandleVGsThatHaveACircularReference' was skipped in the test run.
Test 'OpenIDCanHandleVGsThatIncludeEachOther' was skipped in the test run.
Test 'OpenIDCanLoginAnUserThatIsCoveredInTheScriptAndHasManualRoles' was skipped in the test run.
Test 'OpenIDCanLoginAnUserThatIsNotCoveredInTheScriptButHasManualRoles' was skipped in the test run.
Test 'OpenIDCanUpdateEmailAddress' was skipped in the test run.
Test 'OpenIDCanUpdateUserThroughSCIM' was skipped in the test run.
</StdOut>
    </Output>
  </ResultSummary>
</TestRun>