<?xml version="1.0" encoding="utf-8"?>
<TestRun id="676823f6-ba83-443e-88dc-f7b4791cfa78" name="@ip-10-1-13-52 2025-04-02 13:11:22" xmlns="http://microsoft.com/schemas/VisualStudio/TeamTest/2010">
  <Times creation="2025-04-02T13:11:22.3183738+00:00" queuing="2025-04-02T13:11:22.3183739+00:00" start="2025-04-02T13:11:21.2847973+00:00" finish="2025-04-02T13:11:22.3561290+00:00" />
  <TestSettings name="default" id="655dd0c9-a555-4334-ab3c-10bbc11be3ff">
    <Deployment runDeploymentRoot="_ip-10-1-13-52_2025-04-02_13_11_22" />
  </TestSettings>
  <Results>
    <UnitTestResult executionId="a8d30feb-9bac-47e3-bdcc-14e7223a5d82" testId="fb156aed-8bc4-f357-dbc2-89c979483592" testName="LoginWithOpenIDWorks" computerName="ip-10-1-13-52" duration="00:00:00.0006280" startTime="2025-04-02T13:11:22.2277430+00:00" endTime="2025-04-02T13:11:22.2283712+00:00" testType="13cdc9d9-ddb5-4fa4-a97d-d965ccfc6d4b" outcome="NotExecuted" testListId="8c84fa94-04c1-424b-9868-57a2d4851a1d" relativeResultsDirectory="a8d30feb-9bac-47e3-bdcc-14e7223a5d82">
      <Output>
        <StdOut>Skipping test: it does not belong to this partition.</StdOut>
        <ErrorInfo>
          <Message>Skipping test: it does not belong to this partition.</Message>
        </ErrorInfo>
      </Output>
    </UnitTestResult>
    <UnitTestResult executionId="6f971165-6cf3-413d-80bb-d77e3f0782c8" testId="034be58e-f3bf-81dd-3350-4fd2aad58d86" testName="OpenIDCanAssignRoleWithScripting_V2_Should_Ignore_Deleted_Sets" computerName="ip-10-1-13-52" duration="00:00:00.0000699" startTime="2025-04-02T13:11:22.2288731+00:00" endTime="2025-04-02T13:11:22.2289430+00:00" testType="13cdc9d9-ddb5-4fa4-a97d-d965ccfc6d4b" outcome="NotExecuted" testListId="8c84fa94-04c1-424b-9868-57a2d4851a1d" relativeResultsDirectory="6f971165-6cf3-413d-80bb-d77e3f0782c8">
      <Output>
        <StdOut>Skipping test: it does not belong to this partition.</StdOut>
        <ErrorInfo>
          <Message>Skipping test: it does not belong to this partition.</Message>
        </ErrorInfo>
      </Output>
    </UnitTestResult>
    <UnitTestResult executionId="ada2089e-6cf9-4a07-943b-212952b161ab" testId="e77d5439-17b4-df4d-40a9-5e9a7ab5fc44" testName="OpenIDCanHandleVGs" computerName="ip-10-1-13-52" duration="00:00:00.0001190" startTime="2025-04-02T13:11:22.2290222+00:00" endTime="2025-04-02T13:11:22.2291412+00:00" testType="13cdc9d9-ddb5-4fa4-a97d-d965ccfc6d4b" outcome="NotExecuted" testListId="8c84fa94-04c1-424b-9868-57a2d4851a1d" relativeResultsDirectory="ada2089e-6cf9-4a07-943b-212952b161ab">
      <Output>
        <StdOut>Skipping test: it does not belong to this partition.</StdOut>
        <ErrorInfo>
          <Message>Skipping test: it does not belong to this partition.</Message>
        </ErrorInfo>
      </Output>
    </UnitTestResult>
    <UnitTestResult executionId="5d7b9f72-7466-4c10-a3c3-46144eef81ef" testId="fdc4f543-1475-5609-1bba-39f685ac6efa" testName="OpenIDCanHandleVGsThatIncludeEachOther" computerName="ip-10-1-13-52" duration="00:00:00.0000740" startTime="2025-04-02T13:11:22.2292555+00:00" endTime="2025-04-02T13:11:22.2293291+00:00" testType="13cdc9d9-ddb5-4fa4-a97d-d965ccfc6d4b" outcome="NotExecuted" testListId="8c84fa94-04c1-424b-9868-57a2d4851a1d" relativeResultsDirectory="5d7b9f72-7466-4c10-a3c3-46144eef81ef">
      <Output>
        <StdOut>Skipping test: it does not belong to this partition.</StdOut>
        <ErrorInfo>
          <Message>Skipping test: it does not belong to this partition.</Message>
        </ErrorInfo>
      </Output>
    </UnitTestResult>
    <UnitTestResult executionId="2ad9c47a-3acb-4d5f-9d4f-3a3c8958aa0a" testId="99d2526f-8331-70fd-0257-1c0214a4a52e" testName="NonResponsiveEndpointFails" computerName="ip-10-1-13-52" duration="00:00:00.0001600" startTime="2025-04-02T13:11:22.2284129+00:00" endTime="2025-04-02T13:11:22.2285732+00:00" testType="13cdc9d9-ddb5-4fa4-a97d-d965ccfc6d4b" outcome="NotExecuted" testListId="8c84fa94-04c1-424b-9868-57a2d4851a1d" relativeResultsDirectory="2ad9c47a-3acb-4d5f-9d4f-3a3c8958aa0a">
      <Output>
        <StdOut>Skipping test: it does not belong to this partition.</StdOut>
        <ErrorInfo>
          <Message>Skipping test: it does not belong to this partition.</Message>
        </ErrorInfo>
      </Output>
    </UnitTestResult>
    <UnitTestResult executionId="a91dc2f7-90a1-412f-9576-d93f9fad4a7b" testId="b0e7a5a1-6f00-a26d-3e8f-1e7e9cc57bfb" testName="OpenIDCanAssignRoleWithScripting" computerName="ip-10-1-13-52" duration="00:00:00.0001160" startTime="2025-04-02T13:11:22.2286647+00:00" endTime="2025-04-02T13:11:22.2287807+00:00" testType="13cdc9d9-ddb5-4fa4-a97d-d965ccfc6d4b" outcome="NotExecuted" testListId="8c84fa94-04c1-424b-9868-57a2d4851a1d" relativeResultsDirectory="a91dc2f7-90a1-412f-9576-d93f9fad4a7b">
      <Output>
        <StdOut>Skipping test: it does not belong to this partition.</StdOut>
        <ErrorInfo>
          <Message>Skipping test: it does not belong to this partition.</Message>
        </ErrorInfo>
      </Output>
    </UnitTestResult>
    <UnitTestResult executionId="f6718178-ba71-4f28-a00e-04ce9dec20a8" testId="24de7347-f1f7-a965-44f6-f0079abee056" testName="OpenID_Handles_Username_As_Expected" computerName="ip-10-1-13-52" duration="00:00:00.0000820" startTime="2025-04-02T13:11:22.2285792+00:00" endTime="2025-04-02T13:11:22.2286608+00:00" testType="13cdc9d9-ddb5-4fa4-a97d-d965ccfc6d4b" outcome="NotExecuted" testListId="8c84fa94-04c1-424b-9868-57a2d4851a1d" relativeResultsDirectory="f6718178-ba71-4f28-a00e-04ce9dec20a8">
      <Output>
        <StdOut>Skipping test: it does not belong to this partition.</StdOut>
        <ErrorInfo>
          <Message>Skipping test: it does not belong to this partition.</Message>
        </ErrorInfo>
      </Output>
    </UnitTestResult>
    <UnitTestResult executionId="1435bb7f-aabe-4bcb-ba76-f87bb1420b11" testId="4760a766-083d-9cf9-4d70-e5db850ef3a9" testName="Crud_operations_on_Providers_work" computerName="ip-10-1-13-52" duration="00:00:00.0147000" startTime="2025-04-02T13:11:22.2122409+00:00" endTime="2025-04-02T13:11:22.2269080+00:00" testType="13cdc9d9-ddb5-4fa4-a97d-d965ccfc6d4b" outcome="NotExecuted" testListId="8c84fa94-04c1-424b-9868-57a2d4851a1d" relativeResultsDirectory="1435bb7f-aabe-4bcb-ba76-f87bb1420b11">
      <Output>
        <StdOut>Skipping test: it does not belong to this partition.</StdOut>
        <ErrorInfo>
          <Message>Skipping test: it does not belong to this partition.</Message>
        </ErrorInfo>
      </Output>
    </UnitTestResult>
    <UnitTestResult executionId="a77acf5a-3a8f-470e-a126-710115380c71" testId="faacac3d-41aa-8cc4-00e4-99dc1a26fb4f" testName="OpenIDCanLoginAnUserThatIsCoveredInTheScriptAndHasManualRoles" computerName="ip-10-1-13-52" duration="00:00:00.0000690" startTime="2025-04-02T13:11:22.2293365+00:00" endTime="2025-04-02T13:11:22.2294051+00:00" testType="13cdc9d9-ddb5-4fa4-a97d-d965ccfc6d4b" outcome="NotExecuted" testListId="8c84fa94-04c1-424b-9868-57a2d4851a1d" relativeResultsDirectory="a77acf5a-3a8f-470e-a126-710115380c71">
      <Output>
        <StdOut>Skipping test: it does not belong to this partition.</StdOut>
        <ErrorInfo>
          <Message>Skipping test: it does not belong to this partition.</Message>
        </ErrorInfo>
      </Output>
    </UnitTestResult>
    <UnitTestResult executionId="53e2b77c-d8f1-4646-b909-d2caeec3b766" testId="9ca5bb3a-c597-b6ea-4fb1-2015076032de" testName="OpenIDCanHandleVGsThatHaveACircularReference" computerName="ip-10-1-13-52" duration="00:00:00.0001010" startTime="2025-04-02T13:11:22.2291492+00:00" endTime="2025-04-02T13:11:22.2292505+00:00" testType="13cdc9d9-ddb5-4fa4-a97d-d965ccfc6d4b" outcome="NotExecuted" testListId="8c84fa94-04c1-424b-9868-57a2d4851a1d" relativeResultsDirectory="53e2b77c-d8f1-4646-b909-d2caeec3b766">
      <Output>
        <StdOut>Skipping test: it does not belong to this partition.</StdOut>
        <ErrorInfo>
          <Message>Skipping test: it does not belong to this partition.</Message>
        </ErrorInfo>
      </Output>
    </UnitTestResult>
    <UnitTestResult executionId="eb6fe2f8-db50-4d86-9f6b-605203b81846" testId="9f27ab77-e9f7-2f12-c742-cb3a62cdb67b" testName="OpenIDCanCreateNewUser" computerName="ip-10-1-13-52" duration="00:00:00.0000720" startTime="2025-04-02T13:11:22.2289464+00:00" endTime="2025-04-02T13:11:22.2290189+00:00" testType="13cdc9d9-ddb5-4fa4-a97d-d965ccfc6d4b" outcome="NotExecuted" testListId="8c84fa94-04c1-424b-9868-57a2d4851a1d" relativeResultsDirectory="eb6fe2f8-db50-4d86-9f6b-605203b81846">
      <Output>
        <StdOut>Skipping test: it does not belong to this partition.</StdOut>
        <ErrorInfo>
          <Message>Skipping test: it does not belong to this partition.</Message>
        </ErrorInfo>
      </Output>
    </UnitTestResult>
    <UnitTestResult executionId="a01d1a4b-21d3-451e-bc2c-18a0ee90f4e1" testId="0209170d-65f0-8eb7-27f2-dd04667145c1" testName="OpenIDCanUpdateUserThroughSCIM" computerName="ip-10-1-13-52" duration="00:00:00.0000680" startTime="2025-04-02T13:11:22.2295548+00:00" endTime="2025-04-02T13:11:22.2296228+00:00" testType="13cdc9d9-ddb5-4fa4-a97d-d965ccfc6d4b" outcome="NotExecuted" testListId="8c84fa94-04c1-424b-9868-57a2d4851a1d" relativeResultsDirectory="a01d1a4b-21d3-451e-bc2c-18a0ee90f4e1">
      <Output>
        <StdOut>Skipping test: it does not belong to this partition.</StdOut>
        <ErrorInfo>
          <Message>Skipping test: it does not belong to this partition.</Message>
        </ErrorInfo>
      </Output>
    </UnitTestResult>
    <UnitTestResult executionId="8273d7a9-37f0-4f8e-9495-14aba412b25b" testId="2f544945-ef64-1e6e-3dc5-f0a5efba2a51" testName="OpenIDCanUpdateEmailAddress" computerName="ip-10-1-13-52" duration="00:00:00.0000680" startTime="2025-04-02T13:11:22.2294839+00:00" endTime="2025-04-02T13:11:22.2295518+00:00" testType="13cdc9d9-ddb5-4fa4-a97d-d965ccfc6d4b" outcome="NotExecuted" testListId="8c84fa94-04c1-424b-9868-57a2d4851a1d" relativeResultsDirectory="8273d7a9-37f0-4f8e-9495-14aba412b25b">
      <Output>
        <StdOut>Skipping test: it does not belong to this partition.</StdOut>
        <ErrorInfo>
          <Message>Skipping test: it does not belong to this partition.</Message>
        </ErrorInfo>
      </Output>
    </UnitTestResult>
    <UnitTestResult executionId="af8fcf28-e352-48f1-96f0-1c3af89c3cf5" testId="aa865691-a716-2230-6a8e-e24bb2ee7936" testName="OpenIDCanAssignRoleWithScripting_V2" computerName="ip-10-1-13-52" duration="00:00:00.0000810" startTime="2025-04-02T13:11:22.2287875+00:00" endTime="2025-04-02T13:11:22.2288689+00:00" testType="13cdc9d9-ddb5-4fa4-a97d-d965ccfc6d4b" outcome="NotExecuted" testListId="8c84fa94-04c1-424b-9868-57a2d4851a1d" relativeResultsDirectory="af8fcf28-e352-48f1-96f0-1c3af89c3cf5">
      <Output>
        <StdOut>Skipping test: it does not belong to this partition.</StdOut>
        <ErrorInfo>
          <Message>Skipping test: it does not belong to this partition.</Message>
        </ErrorInfo>
      </Output>
    </UnitTestResult>
    <UnitTestResult executionId="6386ce16-2322-4026-804b-8a3fae2491bb" testId="1fdf5966-f405-dc2d-9646-890febbda907" testName="OpenIDCanLoginAnUserThatIsNotCoveredInTheScriptButHasManualRoles" computerName="ip-10-1-13-52" duration="00:00:00.0000720" startTime="2025-04-02T13:11:22.2294085+00:00" endTime="2025-04-02T13:11:22.2294808+00:00" testType="13cdc9d9-ddb5-4fa4-a97d-d965ccfc6d4b" outcome="NotExecuted" testListId="8c84fa94-04c1-424b-9868-57a2d4851a1d" relativeResultsDirectory="6386ce16-2322-4026-804b-8a3fae2491bb">
      <Output>
        <StdOut>Skipping test: it does not belong to this partition.</StdOut>
        <ErrorInfo>
          <Message>Skipping test: it does not belong to this partition.</Message>
        </ErrorInfo>
      </Output>
    </UnitTestResult>
  </Results>
  <TestDefinitions>
    <UnitTest name="OpenIDCanCreateNewUser" storage="/home/runner/_work/eva/eva/test/eva.testsuite.authentication.openid/bin/release/eva.testsuite.authentication.openid.dll" id="9f27ab77-e9f7-2f12-c742-cb3a62cdb67b">
      <Execution id="eb6fe2f8-db50-4d86-9f6b-605203b81846" />
      <TestMethod codeBase="/home/runner/_work/eva/eva/test/EVA.TestSuite.Authentication.OpenID/bin/Release/EVA.TestSuite.Authentication.OpenID.dll" adapterTypeName="executor://nunit3testexecutor/" className="EVA.TestSuite.Authentication.OpenID.OpenIDTests" name="OpenIDCanCreateNewUser" />
    </UnitTest>
    <UnitTest name="OpenIDCanHandleVGsThatIncludeEachOther" storage="/home/runner/_work/eva/eva/test/eva.testsuite.authentication.openid/bin/release/eva.testsuite.authentication.openid.dll" id="fdc4f543-1475-5609-1bba-39f685ac6efa">
      <Execution id="5d7b9f72-7466-4c10-a3c3-46144eef81ef" />
      <TestMethod codeBase="/home/runner/_work/eva/eva/test/EVA.TestSuite.Authentication.OpenID/bin/Release/EVA.TestSuite.Authentication.OpenID.dll" adapterTypeName="executor://nunit3testexecutor/" className="EVA.TestSuite.Authentication.OpenID.OpenIDTests" name="OpenIDCanHandleVGsThatIncludeEachOther" />
    </UnitTest>
    <UnitTest name="LoginWithOpenIDWorks" storage="/home/runner/_work/eva/eva/test/eva.testsuite.authentication.openid/bin/release/eva.testsuite.authentication.openid.dll" id="fb156aed-8bc4-f357-dbc2-89c979483592">
      <Execution id="a8d30feb-9bac-47e3-bdcc-14e7223a5d82" />
      <TestMethod codeBase="/home/runner/_work/eva/eva/test/EVA.TestSuite.Authentication.OpenID/bin/Release/EVA.TestSuite.Authentication.OpenID.dll" adapterTypeName="executor://nunit3testexecutor/" className="EVA.TestSuite.Authentication.OpenID.OpenIDTests" name="LoginWithOpenIDWorks" />
    </UnitTest>
    <UnitTest name="OpenIDCanLoginAnUserThatIsCoveredInTheScriptAndHasManualRoles" storage="/home/runner/_work/eva/eva/test/eva.testsuite.authentication.openid/bin/release/eva.testsuite.authentication.openid.dll" id="faacac3d-41aa-8cc4-00e4-99dc1a26fb4f">
      <Execution id="a77acf5a-3a8f-470e-a126-710115380c71" />
      <TestMethod codeBase="/home/runner/_work/eva/eva/test/EVA.TestSuite.Authentication.OpenID/bin/Release/EVA.TestSuite.Authentication.OpenID.dll" adapterTypeName="executor://nunit3testexecutor/" className="EVA.TestSuite.Authentication.OpenID.OpenIDTests" name="OpenIDCanLoginAnUserThatIsCoveredInTheScriptAndHasManualRoles" />
    </UnitTest>
    <UnitTest name="OpenIDCanHandleVGsThatHaveACircularReference" storage="/home/runner/_work/eva/eva/test/eva.testsuite.authentication.openid/bin/release/eva.testsuite.authentication.openid.dll" id="9ca5bb3a-c597-b6ea-4fb1-2015076032de">
      <Execution id="53e2b77c-d8f1-4646-b909-d2caeec3b766" />
      <TestMethod codeBase="/home/runner/_work/eva/eva/test/EVA.TestSuite.Authentication.OpenID/bin/Release/EVA.TestSuite.Authentication.OpenID.dll" adapterTypeName="executor://nunit3testexecutor/" className="EVA.TestSuite.Authentication.OpenID.OpenIDTests" name="OpenIDCanHandleVGsThatHaveACircularReference" />
    </UnitTest>
    <UnitTest name="Crud_operations_on_Providers_work" storage="/home/runner/_work/eva/eva/test/eva.testsuite.authentication.openid/bin/release/eva.testsuite.authentication.openid.dll" id="4760a766-083d-9cf9-4d70-e5db850ef3a9">
      <Execution id="1435bb7f-aabe-4bcb-ba76-f87bb1420b11" />
      <TestMethod codeBase="/home/runner/_work/eva/eva/test/EVA.TestSuite.Authentication.OpenID/bin/Release/EVA.TestSuite.Authentication.OpenID.dll" adapterTypeName="executor://nunit3testexecutor/" className="EVA.TestSuite.Authentication.OpenID.OpenIDTests" name="Crud_operations_on_Providers_work" />
    </UnitTest>
    <UnitTest name="OpenIDCanUpdateUserThroughSCIM" storage="/home/runner/_work/eva/eva/test/eva.testsuite.authentication.openid/bin/release/eva.testsuite.authentication.openid.dll" id="0209170d-65f0-8eb7-27f2-dd04667145c1">
      <Execution id="a01d1a4b-21d3-451e-bc2c-18a0ee90f4e1" />
      <TestMethod codeBase="/home/runner/_work/eva/eva/test/EVA.TestSuite.Authentication.OpenID/bin/Release/EVA.TestSuite.Authentication.OpenID.dll" adapterTypeName="executor://nunit3testexecutor/" className="EVA.TestSuite.Authentication.OpenID.OpenIDTests" name="OpenIDCanUpdateUserThroughSCIM" />
    </UnitTest>
    <UnitTest name="OpenIDCanAssignRoleWithScripting" storage="/home/runner/_work/eva/eva/test/eva.testsuite.authentication.openid/bin/release/eva.testsuite.authentication.openid.dll" id="b0e7a5a1-6f00-a26d-3e8f-1e7e9cc57bfb">
      <Execution id="a91dc2f7-90a1-412f-9576-d93f9fad4a7b" />
      <TestMethod codeBase="/home/runner/_work/eva/eva/test/EVA.TestSuite.Authentication.OpenID/bin/Release/EVA.TestSuite.Authentication.OpenID.dll" adapterTypeName="executor://nunit3testexecutor/" className="EVA.TestSuite.Authentication.OpenID.OpenIDTests" name="OpenIDCanAssignRoleWithScripting" />
    </UnitTest>
    <UnitTest name="OpenID_Handles_Username_As_Expected" storage="/home/runner/_work/eva/eva/test/eva.testsuite.authentication.openid/bin/release/eva.testsuite.authentication.openid.dll" id="24de7347-f1f7-a965-44f6-f0079abee056">
      <Execution id="f6718178-ba71-4f28-a00e-04ce9dec20a8" />
      <TestMethod codeBase="/home/runner/_work/eva/eva/test/EVA.TestSuite.Authentication.OpenID/bin/Release/EVA.TestSuite.Authentication.OpenID.dll" adapterTypeName="executor://nunit3testexecutor/" className="EVA.TestSuite.Authentication.OpenID.OpenIDTests" name="OpenID_Handles_Username_As_Expected" />
    </UnitTest>
    <UnitTest name="OpenIDCanUpdateEmailAddress" storage="/home/runner/_work/eva/eva/test/eva.testsuite.authentication.openid/bin/release/eva.testsuite.authentication.openid.dll" id="2f544945-ef64-1e6e-3dc5-f0a5efba2a51">
      <Execution id="8273d7a9-37f0-4f8e-9495-14aba412b25b" />
      <TestMethod codeBase="/home/runner/_work/eva/eva/test/EVA.TestSuite.Authentication.OpenID/bin/Release/EVA.TestSuite.Authentication.OpenID.dll" adapterTypeName="executor://nunit3testexecutor/" className="EVA.TestSuite.Authentication.OpenID.OpenIDTests" name="OpenIDCanUpdateEmailAddress" />
    </UnitTest>
    <UnitTest name="OpenIDCanLoginAnUserThatIsNotCoveredInTheScriptButHasManualRoles" storage="/home/runner/_work/eva/eva/test/eva.testsuite.authentication.openid/bin/release/eva.testsuite.authentication.openid.dll" id="1fdf5966-f405-dc2d-9646-890febbda907">
      <Execution id="6386ce16-2322-4026-804b-8a3fae2491bb" />
      <TestMethod codeBase="/home/runner/_work/eva/eva/test/EVA.TestSuite.Authentication.OpenID/bin/Release/EVA.TestSuite.Authentication.OpenID.dll" adapterTypeName="executor://nunit3testexecutor/" className="EVA.TestSuite.Authentication.OpenID.OpenIDTests" name="OpenIDCanLoginAnUserThatIsNotCoveredInTheScriptButHasManualRoles" />
    </UnitTest>
    <UnitTest name="OpenIDCanAssignRoleWithScripting_V2_Should_Ignore_Deleted_Sets" storage="/home/runner/_work/eva/eva/test/eva.testsuite.authentication.openid/bin/release/eva.testsuite.authentication.openid.dll" id="034be58e-f3bf-81dd-3350-4fd2aad58d86">
      <Execution id="6f971165-6cf3-413d-80bb-d77e3f0782c8" />
      <TestMethod codeBase="/home/runner/_work/eva/eva/test/EVA.TestSuite.Authentication.OpenID/bin/Release/EVA.TestSuite.Authentication.OpenID.dll" adapterTypeName="executor://nunit3testexecutor/" className="EVA.TestSuite.Authentication.OpenID.OpenIDTests" name="OpenIDCanAssignRoleWithScripting_V2_Should_Ignore_Deleted_Sets" />
    </UnitTest>
    <UnitTest name="OpenIDCanHandleVGs" storage="/home/runner/_work/eva/eva/test/eva.testsuite.authentication.openid/bin/release/eva.testsuite.authentication.openid.dll" id="e77d5439-17b4-df4d-40a9-5e9a7ab5fc44">
      <Execution id="ada2089e-6cf9-4a07-943b-212952b161ab" />
      <TestMethod codeBase="/home/runner/_work/eva/eva/test/EVA.TestSuite.Authentication.OpenID/bin/Release/EVA.TestSuite.Authentication.OpenID.dll" adapterTypeName="executor://nunit3testexecutor/" className="EVA.TestSuite.Authentication.OpenID.OpenIDTests" name="OpenIDCanHandleVGs" />
    </UnitTest>
    <UnitTest name="NonResponsiveEndpointFails" storage="/home/runner/_work/eva/eva/test/eva.testsuite.authentication.openid/bin/release/eva.testsuite.authentication.openid.dll" id="99d2526f-8331-70fd-0257-1c0214a4a52e">
      <Execution id="2ad9c47a-3acb-4d5f-9d4f-3a3c8958aa0a" />
      <TestMethod codeBase="/home/runner/_work/eva/eva/test/EVA.TestSuite.Authentication.OpenID/bin/Release/EVA.TestSuite.Authentication.OpenID.dll" adapterTypeName="executor://nunit3testexecutor/" className="EVA.TestSuite.Authentication.OpenID.OpenIDTests" name="NonResponsiveEndpointFails" />
    </UnitTest>
    <UnitTest name="OpenIDCanAssignRoleWithScripting_V2" storage="/home/runner/_work/eva/eva/test/eva.testsuite.authentication.openid/bin/release/eva.testsuite.authentication.openid.dll" id="aa865691-a716-2230-6a8e-e24bb2ee7936">
      <Execution id="af8fcf28-e352-48f1-96f0-1c3af89c3cf5" />
      <TestMethod codeBase="/home/runner/_work/eva/eva/test/EVA.TestSuite.Authentication.OpenID/bin/Release/EVA.TestSuite.Authentication.OpenID.dll" adapterTypeName="executor://nunit3testexecutor/" className="EVA.TestSuite.Authentication.OpenID.OpenIDTests" name="OpenIDCanAssignRoleWithScripting_V2" />
    </UnitTest>
  </TestDefinitions>
  <TestEntries>
    <TestEntry testId="fb156aed-8bc4-f357-dbc2-89c979483592" executionId="a8d30feb-9bac-47e3-bdcc-14e7223a5d82" testListId="8c84fa94-04c1-424b-9868-57a2d4851a1d" />
    <TestEntry testId="034be58e-f3bf-81dd-3350-4fd2aad58d86" executionId="6f971165-6cf3-413d-80bb-d77e3f0782c8" testListId="8c84fa94-04c1-424b-9868-57a2d4851a1d" />
    <TestEntry testId="e77d5439-17b4-df4d-40a9-5e9a7ab5fc44" executionId="ada2089e-6cf9-4a07-943b-212952b161ab" testListId="8c84fa94-04c1-424b-9868-57a2d4851a1d" />
    <TestEntry testId="fdc4f543-1475-5609-1bba-39f685ac6efa" executionId="5d7b9f72-7466-4c10-a3c3-46144eef81ef" testListId="8c84fa94-04c1-424b-9868-57a2d4851a1d" />
    <TestEntry testId="99d2526f-8331-70fd-0257-1c0214a4a52e" executionId="2ad9c47a-3acb-4d5f-9d4f-3a3c8958aa0a" testListId="8c84fa94-04c1-424b-9868-57a2d4851a1d" />
    <TestEntry testId="b0e7a5a1-6f00-a26d-3e8f-1e7e9cc57bfb" executionId="a91dc2f7-90a1-412f-9576-d93f9fad4a7b" testListId="8c84fa94-04c1-424b-9868-57a2d4851a1d" />
    <TestEntry testId="24de7347-f1f7-a965-44f6-f0079abee056" executionId="f6718178-ba71-4f28-a00e-04ce9dec20a8" testListId="8c84fa94-04c1-424b-9868-57a2d4851a1d" />
    <TestEntry testId="4760a766-083d-9cf9-4d70-e5db850ef3a9" executionId="1435bb7f-aabe-4bcb-ba76-f87bb1420b11" testListId="8c84fa94-04c1-424b-9868-57a2d4851a1d" />
    <TestEntry testId="faacac3d-41aa-8cc4-00e4-99dc1a26fb4f" executionId="a77acf5a-3a8f-470e-a126-710115380c71" testListId="8c84fa94-04c1-424b-9868-57a2d4851a1d" />
    <TestEntry testId="9ca5bb3a-c597-b6ea-4fb1-2015076032de" executionId="53e2b77c-d8f1-4646-b909-d2caeec3b766" testListId="8c84fa94-04c1-424b-9868-57a2d4851a1d" />
    <TestEntry testId="9f27ab77-e9f7-2f12-c742-cb3a62cdb67b" executionId="eb6fe2f8-db50-4d86-9f6b-605203b81846" testListId="8c84fa94-04c1-424b-9868-57a2d4851a1d" />
    <TestEntry testId="0209170d-65f0-8eb7-27f2-dd04667145c1" executionId="a01d1a4b-21d3-451e-bc2c-18a0ee90f4e1" testListId="8c84fa94-04c1-424b-9868-57a2d4851a1d" />
    <TestEntry testId="2f544945-ef64-1e6e-3dc5-f0a5efba2a51" executionId="8273d7a9-37f0-4f8e-9495-14aba412b25b" testListId="8c84fa94-04c1-424b-9868-57a2d4851a1d" />
    <TestEntry testId="aa865691-a716-2230-6a8e-e24bb2ee7936" executionId="af8fcf28-e352-48f1-96f0-1c3af89c3cf5" testListId="8c84fa94-04c1-424b-9868-57a2d4851a1d" />
    <TestEntry testId="1fdf5966-f405-dc2d-9646-890febbda907" executionId="6386ce16-2322-4026-804b-8a3fae2491bb" testListId="8c84fa94-04c1-424b-9868-57a2d4851a1d" />
  </TestEntries>
  <TestLists>
    <TestList name="Results Not in a List" id="8c84fa94-04c1-424b-9868-57a2d4851a1d" />
    <TestList name="All Loaded Results" id="19431567-8539-422a-85d7-44ee4e166bda" />
  </TestLists>
  <ResultSummary outcome="Completed">
    <Counters total="15" executed="0" passed="0" failed="0" error="0" timeout="0" aborted="0" inconclusive="0" passedButRunAborted="0" notRunnable="0" notExecuted="0" disconnected="0" warning="0" completed="0" inProgress="0" pending="0" />
    <Output>
      <StdOut>NUnit Adapter 5.0.0.0: Test execution started
Running all tests in /home/runner/_work/eva/eva/test/EVA.TestSuite.Authentication.OpenID/bin/Release/EVA.TestSuite.Authentication.OpenID.dll
   NUnit3TestExecutor discovered 15 of 15 NUnit test cases using Current Discovery mode, Non-Explicit run
Crud_operations_on_Providers_work: Skipping test: it does not belong to this partition.
LoginWithOpenIDWorks: Skipping test: it does not belong to this partition.
NonResponsiveEndpointFails: Skipping test: it does not belong to this partition.
OpenID_Handles_Username_As_Expected: Skipping test: it does not belong to this partition.
OpenIDCanAssignRoleWithScripting: Skipping test: it does not belong to this partition.
OpenIDCanAssignRoleWithScripting_V2: Skipping test: it does not belong to this partition.
OpenIDCanAssignRoleWithScripting_V2_Should_Ignore_Deleted_Sets: Skipping test: it does not belong to this partition.
OpenIDCanCreateNewUser: Skipping test: it does not belong to this partition.
OpenIDCanHandleVGs: Skipping test: it does not belong to this partition.
Test 'Crud_operations_on_Providers_work' was skipped in the test run.
Test 'LoginWithOpenIDWorks' was skipped in the test run.
Test 'NonResponsiveEndpointFails' was skipped in the test run.
Test 'OpenID_Handles_Username_As_Expected' was skipped in the test run.
Test 'OpenIDCanAssignRoleWithScripting' was skipped in the test run.
Test 'OpenIDCanAssignRoleWithScripting_V2' was skipped in the test run.
Test 'OpenIDCanAssignRoleWithScripting_V2_Should_Ignore_Deleted_Sets' was skipped in the test run.
Test 'OpenIDCanCreateNewUser' was skipped in the test run.
Test 'OpenIDCanHandleVGs' was skipped in the test run.
OpenIDCanHandleVGsThatHaveACircularReference: Skipping test: it does not belong to this partition.
OpenIDCanHandleVGsThatIncludeEachOther: Skipping test: it does not belong to this partition.
OpenIDCanLoginAnUserThatIsCoveredInTheScriptAndHasManualRoles: Skipping test: it does not belong to this partition.
OpenIDCanLoginAnUserThatIsNotCoveredInTheScriptButHasManualRoles: Skipping test: it does not belong to this partition.
OpenIDCanUpdateEmailAddress: Skipping test: it does not belong to this partition.
OpenIDCanUpdateUserThroughSCIM: Skipping test: it does not belong to this partition.
NUnit Adapter 5.0.0.0: Test execution complete
Test 'OpenIDCanHandleVGsThatHaveACircularReference' was skipped in the test run.
Test 'OpenIDCanHandleVGsThatIncludeEachOther' was skipped in the test run.
Test 'OpenIDCanLoginAnUserThatIsCoveredInTheScriptAndHasManualRoles' was skipped in the test run.
Test 'OpenIDCanLoginAnUserThatIsNotCoveredInTheScriptButHasManualRoles' was skipped in the test run.
Test 'OpenIDCanUpdateEmailAddress' was skipped in the test run.
Test 'OpenIDCanUpdateUserThroughSCIM' was skipped in the test run.
</StdOut>
    </Output>
  </ResultSummary>
</TestRun>