<?xml version="1.0" encoding="utf-8"?>
<TestRun id="07f03013-53d7-4689-bd86-240e2eddd15b" name="@ip-10-1-4-15 2025-04-02 13:21:32" xmlns="http://microsoft.com/schemas/VisualStudio/TeamTest/2010">
  <Times creation="2025-04-02T13:21:32.6354892+00:00" queuing="2025-04-02T13:21:32.6354893+00:00" start="2025-04-02T13:21:31.0513109+00:00" finish="2025-04-02T13:21:39.9147202+00:00" />
  <TestSettings name="default" id="d4a369c5-c443-4ab5-8583-79182b3145c5">
    <Deployment runDeploymentRoot="_ip-10-1-4-15_2025-04-02_13_21_32" />
  </TestSettings>
  <Results>
    <UnitTestResult executionId="09f3cf2d-a109-48eb-b758-9f923849b853" testId="cc83171c-31a5-b810-84b7-5c219bf54547" testName="Bundles_are_fulfilled_together(False,30)" computerName="ip-10-1-4-15" duration="00:00:00.0001070" startTime="2025-04-02T13:21:32.5254688+00:00" endTime="2025-04-02T13:21:32.5255755+00:00" testType="13cdc9d9-ddb5-4fa4-a97d-d965ccfc6d4b" outcome="NotExecuted" testListId="8c84fa94-04c1-424b-9868-57a2d4851a1d" relativeResultsDirectory="09f3cf2d-a109-48eb-b758-9f923849b853">
      <Output>
        <StdOut>Skipping test: it does not belong to this partition.</StdOut>
        <ErrorInfo>
          <Message>Skipping test: it does not belong to this partition.</Message>
        </ErrorInfo>
      </Output>
    </UnitTestResult>
    <UnitTestResult executionId="a4f8d44d-35f4-49de-b485-b7d500d57210" testId="0111b4dd-57d1-f184-22cd-15c234fe3773" testName="Partial_pick_test" computerName="ip-10-1-4-15" duration="00:00:00.0001380" startTime="2025-04-02T13:21:38.6999436+00:00" endTime="2025-04-02T13:21:38.7000819+00:00" testType="13cdc9d9-ddb5-4fa4-a97d-d965ccfc6d4b" outcome="NotExecuted" testListId="8c84fa94-04c1-424b-9868-57a2d4851a1d" relativeResultsDirectory="a4f8d44d-35f4-49de-b485-b7d500d57210">
      <Output>
        <StdOut>Skipping test: it does not belong to this partition.</StdOut>
        <ErrorInfo>
          <Message>Skipping test: it does not belong to this partition.</Message>
        </ErrorInfo>
      </Output>
    </UnitTestResult>
    <UnitTestResult executionId="8315dcf0-2a5f-41ca-b0a3-aac3bf817f4e" testId="a60563d4-5632-24d5-2b54-2dd18e245851" testName="Starting_a_SFS_task_does_not_cancel_other_SFS_tasks_for_different_parts_of_the_same_order" computerName="ip-10-1-4-15" duration="00:00:00.0001420" startTime="2025-04-02T13:21:38.7035032+00:00" endTime="2025-04-02T13:21:38.7036456+00:00" testType="13cdc9d9-ddb5-4fa4-a97d-d965ccfc6d4b" outcome="NotExecuted" testListId="8c84fa94-04c1-424b-9868-57a2d4851a1d" relativeResultsDirectory="8315dcf0-2a5f-41ca-b0a3-aac3bf817f4e">
      <Output>
        <StdOut>Skipping test: it does not belong to this partition.</StdOut>
        <ErrorInfo>
          <Message>Skipping test: it does not belong to this partition.</Message>
        </ErrorInfo>
      </Output>
    </UnitTestResult>
    <UnitTestResult executionId="49529c98-1b3b-490b-8742-1f7df2d6eafd" testId="62fc2515-0668-3d46-a92c-e534c9842570" testName="SFS_Pick_Task_With_Unpicked_Products_With_Requirements" computerName="ip-10-1-4-15" duration="00:00:00.0001330" startTime="2025-04-02T13:21:38.7007109+00:00" endTime="2025-04-02T13:21:38.7008437+00:00" testType="13cdc9d9-ddb5-4fa4-a97d-d965ccfc6d4b" outcome="NotExecuted" testListId="8c84fa94-04c1-424b-9868-57a2d4851a1d" relativeResultsDirectory="49529c98-1b3b-490b-8742-1f7df2d6eafd">
      <Output>
        <StdOut>Skipping test: it does not belong to this partition.</StdOut>
        <ErrorInfo>
          <Message>Skipping test: it does not belong to this partition.</Message>
        </ErrorInfo>
      </Output>
    </UnitTestResult>
    <UnitTestResult executionId="8881761f-12bf-4298-b37b-e3deec000c05" testId="9f222c2d-f79f-68de-0fa1-2805565b3b70" testName="Can_get_sheet_documentation_for_sheet_that_doesnt_compile" computerName="ip-10-1-4-15" duration="00:00:00.0002410" startTime="2025-04-02T13:21:32.5282096+00:00" endTime="2025-04-02T13:21:32.5284505+00:00" testType="13cdc9d9-ddb5-4fa4-a97d-d965ccfc6d4b" outcome="NotExecuted" testListId="8c84fa94-04c1-424b-9868-57a2d4851a1d" relativeResultsDirectory="8881761f-12bf-4298-b37b-e3deec000c05">
      <Output>
        <StdOut>Skipping test: it does not belong to this partition.</StdOut>
        <ErrorInfo>
          <Message>Skipping test: it does not belong to this partition.</Message>
        </ErrorInfo>
      </Output>
    </UnitTestResult>
    <UnitTestResult executionId="c6fee8d4-b754-412b-a6d4-e01af9f7fc7f" testId="8710ed58-efeb-b7dd-897e-f81efec02f87" testName="Ship_From_Store_cannot_create_shipment_with_mismatched_package" computerName="ip-10-1-4-15" duration="00:00:00.0001430" startTime="2025-04-02T13:21:38.7011379+00:00" endTime="2025-04-02T13:21:38.7012802+00:00" testType="13cdc9d9-ddb5-4fa4-a97d-d965ccfc6d4b" outcome="NotExecuted" testListId="8c84fa94-04c1-424b-9868-57a2d4851a1d" relativeResultsDirectory="c6fee8d4-b754-412b-a6d4-e01af9f7fc7f">
      <Output>
        <StdOut>Skipping test: it does not belong to this partition.</StdOut>
        <ErrorInfo>
          <Message>Skipping test: it does not belong to this partition.</Message>
        </ErrorInfo>
      </Output>
    </UnitTestResult>
    <UnitTestResult executionId="b3643aea-a68e-4148-8f3b-cee206b8bc0b" testId="50f9f215-6964-3114-8cab-596457577e8d" testName="ShipFromStoreTasksLabelLocalization(&quot;nl&quot;)" computerName="ip-10-1-4-15" duration="00:00:00.0001410" startTime="2025-04-02T13:21:38.7031097+00:00" endTime="2025-04-02T13:21:38.7032505+00:00" testType="13cdc9d9-ddb5-4fa4-a97d-d965ccfc6d4b" outcome="NotExecuted" testListId="8c84fa94-04c1-424b-9868-57a2d4851a1d" relativeResultsDirectory="b3643aea-a68e-4148-8f3b-cee206b8bc0b">
      <Output>
        <StdOut>Skipping test: it does not belong to this partition.</StdOut>
        <ErrorInfo>
          <Message>Skipping test: it does not belong to this partition.</Message>
        </ErrorInfo>
      </Output>
    </UnitTestResult>
    <UnitTestResult executionId="41571c17-5351-489b-83b1-0499c6053305" testId="66aa8540-1fb5-332b-7a1d-fff8652c7b56" testName="OrderLines_can_be_split(35,25,0,34,16,0,2)" computerName="ip-10-1-4-15" duration="00:00:00.0004160" startTime="2025-04-02T13:21:38.7043280+00:00" endTime="2025-04-02T13:21:38.7047439+00:00" testType="13cdc9d9-ddb5-4fa4-a97d-d965ccfc6d4b" outcome="NotExecuted" testListId="8c84fa94-04c1-424b-9868-57a2d4851a1d" relativeResultsDirectory="41571c17-5351-489b-83b1-0499c6053305">
      <Output>
        <StdOut>Skipping test: it does not belong to this partition.</StdOut>
        <ErrorInfo>
          <Message>Skipping test: it does not belong to this partition.</Message>
        </ErrorInfo>
      </Output>
    </UnitTestResult>
    <UnitTestResult executionId="7d8d7d4f-9f09-4038-8c1c-a5cb1a4b0be0" testId="f7422c32-68e9-c418-35b6-607db951bef6" testName="Can_reject_SDD_for_a_store" computerName="ip-10-1-4-15" duration="00:00:00.3504000" startTime="2025-04-02T13:21:37.5437110+00:00" endTime="2025-04-02T13:21:37.8941104+00:00" testType="13cdc9d9-ddb5-4fa4-a97d-d965ccfc6d4b" outcome="Passed" testListId="8c84fa94-04c1-424b-9868-57a2d4851a1d" relativeResultsDirectory="7d8d7d4f-9f09-4038-8c1c-a5cb1a4b0be0">
      <Output>
        <StdOut>Warning message/ListOrganizationUnits obsolete_service - EVA.Core.Services.OrganizationUnits.ListOrganizationUnits is deprecated and will be removed in 2.0.812: Use `ListOrganizationUnitDetailed` (authenticated) or `ListOrganizationUnitSummaries` (anonymous).
Warning message/GetOrganizationUnit obsolete_service - EVA.Core.Services.OrganizationUnits.GetOrganizationUnit is deprecated and will be removed in 2.0.812: Use `GetOrganizationUnitDetailed` (authenticated) or `GetOrganizationUnitSummary` (anonymous).</StdOut>
      </Output>
    </UnitTestResult>
    <UnitTestResult executionId="319008e4-309e-4e4f-aa68-5d00901955a5" testId="85d407ef-09d8-5cfa-ef0e-d59ec25d5d89" testName="SUPPORT_4995" computerName="ip-10-1-4-15" duration="00:00:00.0001540" startTime="2025-04-02T13:21:38.7049782+00:00" endTime="2025-04-02T13:21:38.7051326+00:00" testType="13cdc9d9-ddb5-4fa4-a97d-d965ccfc6d4b" outcome="NotExecuted" testListId="8c84fa94-04c1-424b-9868-57a2d4851a1d" relativeResultsDirectory="319008e4-309e-4e4f-aa68-5d00901955a5">
      <Output>
        <StdOut>Skipping test: it does not belong to this partition.</StdOut>
        <ErrorInfo>
          <Message>Skipping test: it does not belong to this partition.</Message>
        </ErrorInfo>
      </Output>
    </UnitTestResult>
    <UnitTestResult executionId="bd0989a3-55c9-4cd5-8dfe-91a70a58408f" testId="a1783381-1cdf-5e07-3e6b-76bf393595d9" testName="PrintShipFromStoreTasksWithBlobsWorks" computerName="ip-10-1-4-15" duration="00:00:00.0001680" startTime="2025-04-02T13:21:38.7003920+00:00" endTime="2025-04-02T13:21:38.7005603+00:00" testType="13cdc9d9-ddb5-4fa4-a97d-d965ccfc6d4b" outcome="NotExecuted" testListId="8c84fa94-04c1-424b-9868-57a2d4851a1d" relativeResultsDirectory="bd0989a3-55c9-4cd5-8dfe-91a70a58408f">
      <Output>
        <StdOut>Skipping test: it does not belong to this partition.</StdOut>
        <ErrorInfo>
          <Message>Skipping test: it does not belong to this partition.</Message>
        </ErrorInfo>
      </Output>
    </UnitTestResult>
    <UnitTestResult executionId="683ac411-9bdb-48cd-b53d-b55265f5dcbc" testId="d53db237-d501-a3b6-a5bb-ceb40c2e51a3" testName="Works" computerName="ip-10-1-4-15" duration="00:00:00.0001540" startTime="2025-04-02T13:21:36.4009013+00:00" endTime="2025-04-02T13:21:36.4010554+00:00" testType="13cdc9d9-ddb5-4fa4-a97d-d965ccfc6d4b" outcome="NotExecuted" testListId="8c84fa94-04c1-424b-9868-57a2d4851a1d" relativeResultsDirectory="683ac411-9bdb-48cd-b53d-b55265f5dcbc">
      <Output>
        <StdOut>Skipping test: it does not belong to this partition.</StdOut>
        <ErrorInfo>
          <Message>Skipping test: it does not belong to this partition.</Message>
        </ErrorInfo>
      </Output>
    </UnitTestResult>
    <UnitTestResult executionId="7d7357d2-7395-4ba9-9dad-4a23530d286b" testId="68d4ede0-3258-19bc-e3e4-222b9fac0567" testName="Bundles_are_fulfilled_together(True,4)" computerName="ip-10-1-4-15" duration="00:00:00.0141270" startTime="2025-04-02T13:21:32.5095626+00:00" endTime="2025-04-02T13:21:32.5236549+00:00" testType="13cdc9d9-ddb5-4fa4-a97d-d965ccfc6d4b" outcome="NotExecuted" testListId="8c84fa94-04c1-424b-9868-57a2d4851a1d" relativeResultsDirectory="7d7357d2-7395-4ba9-9dad-4a23530d286b">
      <Output>
        <StdOut>Skipping test: it does not belong to this partition.</StdOut>
        <ErrorInfo>
          <Message>Skipping test: it does not belong to this partition.</Message>
        </ErrorInfo>
      </Output>
    </UnitTestResult>
    <UnitTestResult executionId="2cf6a50b-fdaa-4b65-b0a6-a4af21427c9b" testId="1058b7e4-4ff7-50da-3184-473344e0174b" testName="Test" computerName="ip-10-1-4-15" duration="00:00:00.1551520" startTime="2025-04-02T13:21:33.6170394+00:00" endTime="2025-04-02T13:21:33.7721912+00:00" testType="13cdc9d9-ddb5-4fa4-a97d-d965ccfc6d4b" outcome="Passed" testListId="8c84fa94-04c1-424b-9868-57a2d4851a1d" relativeResultsDirectory="2cf6a50b-fdaa-4b65-b0a6-a4af21427c9b" />
    <UnitTestResult executionId="3a142087-1f59-44b1-82d4-949dbb000b7b" testId="a55ce991-4bf2-ca16-74fb-7288212674a3" testName="Modifying_sheets_should_reflect_in_list_and_history_services" computerName="ip-10-1-4-15" duration="00:00:00.0004070" startTime="2025-04-02T13:21:38.6953933+00:00" endTime="2025-04-02T13:21:38.6958002+00:00" testType="13cdc9d9-ddb5-4fa4-a97d-d965ccfc6d4b" outcome="NotExecuted" testListId="8c84fa94-04c1-424b-9868-57a2d4851a1d" relativeResultsDirectory="3a142087-1f59-44b1-82d4-949dbb000b7b">
      <Output>
        <StdOut>Skipping test: it does not belong to this partition.</StdOut>
        <ErrorInfo>
          <Message>Skipping test: it does not belong to this partition.</Message>
        </ErrorInfo>
      </Output>
    </UnitTestResult>
    <UnitTestResult executionId="6f9af3cb-d9a5-443b-b676-c45acaa35e35" testId="4d54c5fa-b51f-bdea-606c-ec2dff42ebf4" testName="CancelExternalOrderWorks" computerName="ip-10-1-4-15" duration="00:00:00.0001950" startTime="2025-04-02T13:21:32.5299227+00:00" endTime="2025-04-02T13:21:32.5301179+00:00" testType="13cdc9d9-ddb5-4fa4-a97d-d965ccfc6d4b" outcome="NotExecuted" testListId="8c84fa94-04c1-424b-9868-57a2d4851a1d" relativeResultsDirectory="6f9af3cb-d9a5-443b-b676-c45acaa35e35">
      <Output>
        <StdOut>Skipping test: it does not belong to this partition.</StdOut>
        <ErrorInfo>
          <Message>Skipping test: it does not belong to this partition.</Message>
        </ErrorInfo>
      </Output>
    </UnitTestResult>
    <UnitTestResult executionId="871320f5-b417-4c81-b201-bb221ece87d9" testId="d8fdf074-71ab-e215-7bf3-0bfa309f97a5" testName="PackTaskWithProductRequirements" computerName="ip-10-1-4-15" duration="00:00:00.0001840" startTime="2025-04-02T13:21:38.6994576+00:00" endTime="2025-04-02T13:21:38.6996415+00:00" testType="13cdc9d9-ddb5-4fa4-a97d-d965ccfc6d4b" outcome="NotExecuted" testListId="8c84fa94-04c1-424b-9868-57a2d4851a1d" relativeResultsDirectory="871320f5-b417-4c81-b201-bb221ece87d9">
      <Output>
        <StdOut>Skipping test: it does not belong to this partition.</StdOut>
        <ErrorInfo>
          <Message>Skipping test: it does not belong to this partition.</Message>
        </ErrorInfo>
      </Output>
    </UnitTestResult>
    <UnitTestResult executionId="303ddf96-5378-4b19-8695-67dfb889f165" testId="89cf9f63-74c3-7c2f-691b-d719da430488" testName="Can_cancel_a_pending_fulfillment" computerName="ip-10-1-4-15" duration="00:00:02.2832659" startTime="2025-04-02T13:21:34.1161647+00:00" endTime="2025-04-02T13:21:36.3994295+00:00" testType="13cdc9d9-ddb5-4fa4-a97d-d965ccfc6d4b" outcome="Passed" testListId="8c84fa94-04c1-424b-9868-57a2d4851a1d" relativeResultsDirectory="303ddf96-5378-4b19-8695-67dfb889f165">
      <Output>
        <StdOut>Warning message/ListOrderFulfillmentLines limit_large - Limit parameter 1000 is high - consider adding paging.
Warning message/ListOrderFulfillmentLines limit_large - Limit parameter 1000 is high - consider adding paging.
Warning message/ListOrderExportsForOrder limit_large - Limit parameter 1000 is high - consider adding paging.
Warning message/ListOrderFulfillmentLines limit_large - Limit parameter 1000 is high - consider adding paging.
Warning message/ListOrderFulfillmentLines limit_large - Limit parameter 1000 is high - consider adding paging.
Warning message/ListOrderFulfillmentLines limit_large - Limit parameter 1000 is high - consider adding paging.
Warning message/ListOrderFulfillmentLines limit_large - Limit parameter 1000 is high - consider adding paging.
Warning message/ListOrderFulfillmentLines limit_large - Limit parameter 1000 is high - consider adding paging.
Warning message/ListOrderFulfillmentLines limit_large - Limit parameter 1000 is high - consider adding paging.
Warning message/ListOrderFulfillmentLines limit_large - Limit parameter 1000 is high - consider adding paging.
Warning message/ListOrderFulfillmentLines limit_large - Limit parameter 1000 is high - consider adding paging.
Warning message/ListOrderFulfillmentLines limit_large - Limit parameter 1000 is high - consider adding paging.
Warning message/ListOrderFulfillmentLines limit_large - Limit parameter 1000 is high - consider adding paging.
Warning message/ListOrderFulfillmentLines limit_large - Limit parameter 1000 is high - consider adding paging.
Warning message/ListOrderFulfillmentLines limit_large - Limit parameter 1000 is high - consider adding paging.
Warning message/ListOrderFulfillmentLines limit_large - Limit parameter 1000 is high - consider adding paging.
Warning message/ListOrderFulfillmentLines limit_large - Limit parameter 1000 is high - consider adding paging.
Warning message/ListOrderFulfillmentLines limit_large - Limit parameter 1000 is high - consider adding paging.</StdOut>
      </Output>
    </UnitTestResult>
    <UnitTestResult executionId="01550b07-deb6-49c2-b461-a57f192e4975" testId="e5b1c762-e282-29c5-1c75-39698dbfc3f1" testName="Combined_picking_works(True)" computerName="ip-10-1-4-15" duration="00:00:00.0001910" startTime="2025-04-02T13:21:38.6985444+00:00" endTime="2025-04-02T13:21:38.6987350+00:00" testType="13cdc9d9-ddb5-4fa4-a97d-d965ccfc6d4b" outcome="NotExecuted" testListId="8c84fa94-04c1-424b-9868-57a2d4851a1d" relativeResultsDirectory="01550b07-deb6-49c2-b461-a57f192e4975">
      <Output>
        <StdOut>Skipping test: it does not belong to this partition.</StdOut>
        <ErrorInfo>
          <Message>Skipping test: it does not belong to this partition.</Message>
        </ErrorInfo>
      </Output>
    </UnitTestResult>
    <UnitTestResult executionId="2b0a89e4-152b-48f0-b434-7fa4b842a556" testId="fd34e2cd-5d8d-c3ca-5375-8799d16d11f9" testName="Ship_from_is_guessed_correctly" computerName="ip-10-1-4-15" duration="00:00:00.0002450" startTime="2025-04-02T13:21:38.6959906+00:00" endTime="2025-04-02T13:21:38.6962367+00:00" testType="13cdc9d9-ddb5-4fa4-a97d-d965ccfc6d4b" outcome="NotExecuted" testListId="8c84fa94-04c1-424b-9868-57a2d4851a1d" relativeResultsDirectory="2b0a89e4-152b-48f0-b434-7fa4b842a556">
      <Output>
        <StdOut>Skipping test: it does not belong to this partition.</StdOut>
        <ErrorInfo>
          <Message>Skipping test: it does not belong to this partition.</Message>
        </ErrorInfo>
      </Output>
    </UnitTestResult>
    <UnitTestResult executionId="64c679ac-e0e8-46cd-861d-127106fb42a7" testId="04a0ea40-b77f-50f5-5376-ae3d16b897e9" testName="Deactivating_the_ship_from_store_task_creates_a_new_task" computerName="ip-10-1-4-15" duration="00:00:00.0001620" startTime="2025-04-02T13:21:38.6987602+00:00" endTime="2025-04-02T13:21:38.6989223+00:00" testType="13cdc9d9-ddb5-4fa4-a97d-d965ccfc6d4b" outcome="NotExecuted" testListId="8c84fa94-04c1-424b-9868-57a2d4851a1d" relativeResultsDirectory="64c679ac-e0e8-46cd-861d-127106fb42a7">
      <Output>
        <StdOut>Skipping test: it does not belong to this partition.</StdOut>
        <ErrorInfo>
          <Message>Skipping test: it does not belong to this partition.</Message>
        </ErrorInfo>
      </Output>
    </UnitTestResult>
    <UnitTestResult executionId="262ede56-337d-4e7e-aab1-137b9c833f6a" testId="43263228-b1a5-b05e-cb5d-8061d3fd18c4" testName="Stock_check_takes_replacement_products_into_consideration" computerName="ip-10-1-4-15" duration="00:00:00.3108380" startTime="2025-04-02T13:21:38.7054621+00:00" endTime="2025-04-02T13:21:39.0162999+00:00" testType="13cdc9d9-ddb5-4fa4-a97d-d965ccfc6d4b" outcome="Passed" testListId="8c84fa94-04c1-424b-9868-57a2d4851a1d" relativeResultsDirectory="262ede56-337d-4e7e-aab1-137b9c833f6a" />
    <UnitTestResult executionId="4c58367b-1883-4f52-b6a4-1abfca23f80b" testId="3f059bf4-d366-bbf4-27d7-e3cc37705a8a" testName="Ship_From_Store_tasks_work" computerName="ip-10-1-4-15" duration="00:00:00.0001380" startTime="2025-04-02T13:21:38.7016511+00:00" endTime="2025-04-02T13:21:38.7017895+00:00" testType="13cdc9d9-ddb5-4fa4-a97d-d965ccfc6d4b" outcome="NotExecuted" testListId="8c84fa94-04c1-424b-9868-57a2d4851a1d" relativeResultsDirectory="4c58367b-1883-4f52-b6a4-1abfca23f80b">
      <Output>
        <StdOut>Skipping test: it does not belong to this partition.</StdOut>
        <ErrorInfo>
          <Message>Skipping test: it does not belong to this partition.</Message>
        </ErrorInfo>
      </Output>
    </UnitTestResult>
    <UnitTestResult executionId="ee896147-7185-40a6-ae49-f59116e88c9a" testId="eb8b90df-1fed-0a44-547e-3f0e02634f90" testName="Simple_warehouse" computerName="ip-10-1-4-15" duration="00:00:00.0005109" startTime="2025-04-02T13:21:36.4003744+00:00" endTime="2025-04-02T13:21:36.4008854+00:00" testType="13cdc9d9-ddb5-4fa4-a97d-d965ccfc6d4b" outcome="NotExecuted" testListId="8c84fa94-04c1-424b-9868-57a2d4851a1d" relativeResultsDirectory="ee896147-7185-40a6-ae49-f59116e88c9a">
      <Output>
        <StdOut>Skipping test: it does not belong to this partition.</StdOut>
        <ErrorInfo>
          <Message>Skipping test: it does not belong to this partition.</Message>
        </ErrorInfo>
      </Output>
    </UnitTestResult>
    <UnitTestResult executionId="0bbeb2b9-6e70-464c-ab0b-735f01723db5" testId="c62ebb5f-12c5-efb5-1da1-8d916a029da3" testName="PackTaskWithProductRequirementsOnUnpickedLine_RemainingPackProduct" computerName="ip-10-1-4-15" duration="00:00:00.0001399" startTime="2025-04-02T13:21:38.6997869+00:00" endTime="2025-04-02T13:21:38.6999266+00:00" testType="13cdc9d9-ddb5-4fa4-a97d-d965ccfc6d4b" outcome="NotExecuted" testListId="8c84fa94-04c1-424b-9868-57a2d4851a1d" relativeResultsDirectory="0bbeb2b9-6e70-464c-ab0b-735f01723db5">
      <Output>
        <StdOut>Skipping test: it does not belong to this partition.</StdOut>
        <ErrorInfo>
          <Message>Skipping test: it does not belong to this partition.</Message>
        </ErrorInfo>
      </Output>
    </UnitTestResult>
    <UnitTestResult executionId="83195086-6cf9-441d-8d02-46ea835275fe" testId="300cca3f-6688-f0d4-582f-01eed32c7b2e" testName="FulfillmentOrderWorksInCookbook" computerName="ip-10-1-4-15" duration="00:00:00.0001680" startTime="2025-04-02T13:21:32.5301298+00:00" endTime="2025-04-02T13:21:32.5302974+00:00" testType="13cdc9d9-ddb5-4fa4-a97d-d965ccfc6d4b" outcome="NotExecuted" testListId="8c84fa94-04c1-424b-9868-57a2d4851a1d" relativeResultsDirectory="83195086-6cf9-441d-8d02-46ea835275fe">
      <Output>
        <StdOut>Skipping test: it does not belong to this partition.</StdOut>
        <ErrorInfo>
          <Message>Skipping test: it does not belong to this partition.</Message>
        </ErrorInfo>
      </Output>
    </UnitTestResult>
    <UnitTestResult executionId="9be96666-ae41-4bad-850f-1dbf4f709a83" testId="593d354a-c66f-4193-7154-4b05ee94523b" testName="Can_use_stock_to_influence_score(False)" computerName="ip-10-1-4-15" duration="00:00:00.0002270" startTime="2025-04-02T13:21:32.5296652+00:00" endTime="2025-04-02T13:21:32.5298917+00:00" testType="13cdc9d9-ddb5-4fa4-a97d-d965ccfc6d4b" outcome="NotExecuted" testListId="8c84fa94-04c1-424b-9868-57a2d4851a1d" relativeResultsDirectory="9be96666-ae41-4bad-850f-1dbf4f709a83">
      <Output>
        <StdOut>Skipping test: it does not belong to this partition.</StdOut>
        <ErrorInfo>
          <Message>Skipping test: it does not belong to this partition.</Message>
        </ErrorInfo>
      </Output>
    </UnitTestResult>
    <UnitTestResult executionId="48c5bc8c-1e7e-422d-9f64-31754c2f467b" testId="d746ee77-32e3-0cf9-87ae-66e77d3a9103" testName="Ship_From_Store_tasks_work_when_DisableAutomaticReceiveShipment_is_true_and_ShipFromStoreExternalLabelHandlerPrintType_is_asynchronous" computerName="ip-10-1-4-15" duration="00:00:00.0006360" startTime="2025-04-02T13:21:38.7022541+00:00" endTime="2025-04-02T13:21:38.7028898+00:00" testType="13cdc9d9-ddb5-4fa4-a97d-d965ccfc6d4b" outcome="NotExecuted" testListId="8c84fa94-04c1-424b-9868-57a2d4851a1d" relativeResultsDirectory="48c5bc8c-1e7e-422d-9f64-31754c2f467b">
      <Output>
        <StdOut>Skipping test: it does not belong to this partition.</StdOut>
        <ErrorInfo>
          <Message>Skipping test: it does not belong to this partition.</Message>
        </ErrorInfo>
      </Output>
    </UnitTestResult>
    <UnitTestResult executionId="f1915d1f-746f-437f-b13b-a01e627e3439" testId="86994d91-74cd-f400-e98c-db8b0c4961b1" testName="Can_use_supplier_cancellation_rate_in_sheet" computerName="ip-10-1-4-15" duration="00:00:00.8268870" startTime="2025-04-02T13:21:39.0166188+00:00" endTime="2025-04-02T13:21:39.8435051+00:00" testType="13cdc9d9-ddb5-4fa4-a97d-d965ccfc6d4b" outcome="Passed" testListId="8c84fa94-04c1-424b-9868-57a2d4851a1d" relativeResultsDirectory="f1915d1f-746f-437f-b13b-a01e627e3439">
      <Output>
        <StdOut>Warning message/ListOrderFulfillments limit_large - Limit parameter 1000 is high - consider adding paging.
Warning message/ListOrderFulfillments limit_large - Limit parameter 1000 is high - consider adding paging.
Warning message/ListOrderFulfillments limit_large - Limit parameter 1000 is high - consider adding paging.
Warning message/ListOrderFulfillments limit_large - Limit parameter 1000 is high - consider adding paging.</StdOut>
      </Output>
    </UnitTestResult>
    <UnitTestResult executionId="14ba9481-c823-4a42-9e20-b267622cbc89" testId="004dbfdb-b2f5-ca40-b4fd-9686f1df0a2b" testName="Ship_From_Store_print_tasks_work" computerName="ip-10-1-4-15" duration="00:00:00.0001920" startTime="2025-04-02T13:21:38.7012881+00:00" endTime="2025-04-02T13:21:38.7014797+00:00" testType="13cdc9d9-ddb5-4fa4-a97d-d965ccfc6d4b" outcome="NotExecuted" testListId="8c84fa94-04c1-424b-9868-57a2d4851a1d" relativeResultsDirectory="14ba9481-c823-4a42-9e20-b267622cbc89">
      <Output>
        <StdOut>Skipping test: it does not belong to this partition.</StdOut>
        <ErrorInfo>
          <Message>Skipping test: it does not belong to this partition.</Message>
        </ErrorInfo>
      </Output>
    </UnitTestResult>
    <UnitTestResult executionId="75070148-cafb-4bfe-a2ea-9386d1fcbded" testId="1311132a-6fea-41fb-0976-3bf762d2814d" testName="OrderLines_can_be_split(42,5,5,42,4,4,3)" computerName="ip-10-1-4-15" duration="00:00:00.0001870" startTime="2025-04-02T13:21:38.7041316+00:00" endTime="2025-04-02T13:21:38.7043190+00:00" testType="13cdc9d9-ddb5-4fa4-a97d-d965ccfc6d4b" outcome="NotExecuted" testListId="8c84fa94-04c1-424b-9868-57a2d4851a1d" relativeResultsDirectory="75070148-cafb-4bfe-a2ea-9386d1fcbded">
      <Output>
        <StdOut>Skipping test: it does not belong to this partition.</StdOut>
        <ErrorInfo>
          <Message>Skipping test: it does not belong to this partition.</Message>
        </ErrorInfo>
      </Output>
    </UnitTestResult>
    <UnitTestResult executionId="5f395e9a-ccb5-4af3-baa7-05b20e92abc4" testId="f405e8ce-345d-d3e9-d707-2f085343f837" testName="SUPPORT_1616" computerName="ip-10-1-4-15" duration="00:00:00.0001340" startTime="2025-04-02T13:21:38.7038127+00:00" endTime="2025-04-02T13:21:38.7039467+00:00" testType="13cdc9d9-ddb5-4fa4-a97d-d965ccfc6d4b" outcome="NotExecuted" testListId="8c84fa94-04c1-424b-9868-57a2d4851a1d" relativeResultsDirectory="5f395e9a-ccb5-4af3-baa7-05b20e92abc4">
      <Output>
        <StdOut>Skipping test: it does not belong to this partition.</StdOut>
        <ErrorInfo>
          <Message>Skipping test: it does not belong to this partition.</Message>
        </ErrorInfo>
      </Output>
    </UnitTestResult>
    <UnitTestResult executionId="e1132fe8-256c-4316-af2b-7253c096dcb8" testId="c521ea5f-db27-9197-e42b-e0123ebd90b4" testName="Line_splitting_can_be_disabled(False)" computerName="ip-10-1-4-15" duration="00:00:00.0817310" startTime="2025-04-02T13:21:33.5352409+00:00" endTime="2025-04-02T13:21:33.6169710+00:00" testType="13cdc9d9-ddb5-4fa4-a97d-d965ccfc6d4b" outcome="Passed" testListId="8c84fa94-04c1-424b-9868-57a2d4851a1d" relativeResultsDirectory="e1132fe8-256c-4316-af2b-7253c096dcb8" />
    <UnitTestResult executionId="f16f3730-3f46-48e5-b1bd-8056736d2dda" testId="3963bf40-a270-69b6-ff15-381e650c35ed" testName="Bundles_are_fulfilled_together(False,4)" computerName="ip-10-1-4-15" duration="00:00:00.0006500" startTime="2025-04-02T13:21:32.5245291+00:00" endTime="2025-04-02T13:21:32.5251790+00:00" testType="13cdc9d9-ddb5-4fa4-a97d-d965ccfc6d4b" outcome="NotExecuted" testListId="8c84fa94-04c1-424b-9868-57a2d4851a1d" relativeResultsDirectory="f16f3730-3f46-48e5-b1bd-8056736d2dda">
      <Output>
        <StdOut>Skipping test: it does not belong to this partition.</StdOut>
        <ErrorInfo>
          <Message>Skipping test: it does not belong to this partition.</Message>
        </ErrorInfo>
      </Output>
    </UnitTestResult>
    <UnitTestResult executionId="7f9c384f-f47d-446e-8156-ad4cbffb5923" testId="e349e8df-9d00-d9a6-2375-62ca3cfd49d8" testName="An_expired_ship_task_reroutes_the_order" computerName="ip-10-1-4-15" duration="00:00:00.0002420" startTime="2025-04-02T13:21:38.6963945+00:00" endTime="2025-04-02T13:21:38.6966361+00:00" testType="13cdc9d9-ddb5-4fa4-a97d-d965ccfc6d4b" outcome="NotExecuted" testListId="8c84fa94-04c1-424b-9868-57a2d4851a1d" relativeResultsDirectory="7f9c384f-f47d-446e-8156-ad4cbffb5923">
      <Output>
        <StdOut>Skipping test: it does not belong to this partition.</StdOut>
        <ErrorInfo>
          <Message>Skipping test: it does not belong to this partition.</Message>
        </ErrorInfo>
      </Output>
    </UnitTestResult>
    <UnitTestResult executionId="4ef0df59-171d-4a97-8ad7-b8e29a439064" testId="1563b781-f948-78c3-9752-e36974ad47d2" testName="Ship_From_Store_sheet_works" computerName="ip-10-1-4-15" duration="00:00:00.0001520" startTime="2025-04-02T13:21:38.7014908+00:00" endTime="2025-04-02T13:21:38.7016427+00:00" testType="13cdc9d9-ddb5-4fa4-a97d-d965ccfc6d4b" outcome="NotExecuted" testListId="8c84fa94-04c1-424b-9868-57a2d4851a1d" relativeResultsDirectory="4ef0df59-171d-4a97-8ad7-b8e29a439064">
      <Output>
        <StdOut>Skipping test: it does not belong to this partition.</StdOut>
        <ErrorInfo>
          <Message>Skipping test: it does not belong to this partition.</Message>
        </ErrorInfo>
      </Output>
    </UnitTestResult>
    <UnitTestResult executionId="a96bb8e4-818a-44e6-baec-f37d30d8c0d1" testId="3df3e1e0-29f8-3ce9-a145-624bf9068be7" testName="Replacement_product_pick_test" computerName="ip-10-1-4-15" duration="00:00:00.0001340" startTime="2025-04-02T13:21:38.7005694+00:00" endTime="2025-04-02T13:21:38.7007030+00:00" testType="13cdc9d9-ddb5-4fa4-a97d-d965ccfc6d4b" outcome="NotExecuted" testListId="8c84fa94-04c1-424b-9868-57a2d4851a1d" relativeResultsDirectory="a96bb8e4-818a-44e6-baec-f37d30d8c0d1">
      <Output>
        <StdOut>Skipping test: it does not belong to this partition.</StdOut>
        <ErrorInfo>
          <Message>Skipping test: it does not belong to this partition.</Message>
        </ErrorInfo>
      </Output>
    </UnitTestResult>
    <UnitTestResult executionId="36548b6b-ad7c-44f8-9118-44a332b7caff" testId="531f969c-27cb-5eef-29d7-fd9657cc6515" testName="Can_use_stock_to_influence_score(True)" computerName="ip-10-1-4-15" duration="00:00:00.0002450" startTime="2025-04-02T13:21:32.5294003+00:00" endTime="2025-04-02T13:21:32.5296452+00:00" testType="13cdc9d9-ddb5-4fa4-a97d-d965ccfc6d4b" outcome="NotExecuted" testListId="8c84fa94-04c1-424b-9868-57a2d4851a1d" relativeResultsDirectory="36548b6b-ad7c-44f8-9118-44a332b7caff">
      <Output>
        <StdOut>Skipping test: it does not belong to this partition.</StdOut>
        <ErrorInfo>
          <Message>Skipping test: it does not belong to this partition.</Message>
        </ErrorInfo>
      </Output>
    </UnitTestResult>
    <UnitTestResult executionId="a54a5667-efd4-4c4d-8884-d1f61068a264" testId="6d1dd42c-02f4-1842-0c30-f247dad384dc" testName="Pickup_orders_create_an_interbranch_SFS_task" computerName="ip-10-1-4-15" duration="00:00:00.0001499" startTime="2025-04-02T13:21:38.7002323+00:00" endTime="2025-04-02T13:21:38.7003821+00:00" testType="13cdc9d9-ddb5-4fa4-a97d-d965ccfc6d4b" outcome="NotExecuted" testListId="8c84fa94-04c1-424b-9868-57a2d4851a1d" relativeResultsDirectory="a54a5667-efd4-4c4d-8884-d1f61068a264">
      <Output>
        <StdOut>Skipping test: it does not belong to this partition.</StdOut>
        <ErrorInfo>
          <Message>Skipping test: it does not belong to this partition.</Message>
        </ErrorInfo>
      </Output>
    </UnitTestResult>
    <UnitTestResult executionId="970dd8c4-cb44-4f1d-8138-d9e6a813f423" testId="57138c3e-9aac-c1ba-a46b-efc821883b1e" testName="Can_partially_cancel_OrderLineFulfillment" computerName="ip-10-1-4-15" duration="00:00:00.0003280" startTime="2025-04-02T13:21:32.5276018+00:00" endTime="2025-04-02T13:21:32.5279298+00:00" testType="13cdc9d9-ddb5-4fa4-a97d-d965ccfc6d4b" outcome="NotExecuted" testListId="8c84fa94-04c1-424b-9868-57a2d4851a1d" relativeResultsDirectory="970dd8c4-cb44-4f1d-8138-d9e6a813f423">
      <Output>
        <StdOut>Skipping test: it does not belong to this partition.</StdOut>
        <ErrorInfo>
          <Message>Skipping test: it does not belong to this partition.</Message>
        </ErrorInfo>
      </Output>
    </UnitTestResult>
    <UnitTestResult executionId="83d3bdb8-9cc1-43e0-8969-38535628bdc1" testId="d94a455a-995f-6f56-1459-8745848f1bd9" testName="Test1(False)" computerName="ip-10-1-4-15" duration="00:00:00.1709390" startTime="2025-04-02T13:21:33.9448695+00:00" endTime="2025-04-02T13:21:34.1158085+00:00" testType="13cdc9d9-ddb5-4fa4-a97d-d965ccfc6d4b" outcome="Passed" testListId="8c84fa94-04c1-424b-9868-57a2d4851a1d" relativeResultsDirectory="83d3bdb8-9cc1-43e0-8969-38535628bdc1" />
    <UnitTestResult executionId="fb1212a6-4bdb-4381-a895-97492c6573bf" testId="caee47b6-53de-fcf5-fe16-5eb82cb9faa3" testName="Starting_a_SFS_task_deactivates_other_tasks" computerName="ip-10-1-4-15" duration="00:00:00.0002190" startTime="2025-04-02T13:21:38.7032723+00:00" endTime="2025-04-02T13:21:38.7034916+00:00" testType="13cdc9d9-ddb5-4fa4-a97d-d965ccfc6d4b" outcome="NotExecuted" testListId="8c84fa94-04c1-424b-9868-57a2d4851a1d" relativeResultsDirectory="fb1212a6-4bdb-4381-a895-97492c6573bf">
      <Output>
        <StdOut>Skipping test: it does not belong to this partition.</StdOut>
        <ErrorInfo>
          <Message>Skipping test: it does not belong to this partition.</Message>
        </ErrorInfo>
      </Output>
    </UnitTestResult>
    <UnitTestResult executionId="c3a55ab5-47d2-4a93-9bda-65c84b6e5a65" testId="c417373a-f093-4003-b082-71982157114c" testName="Canceling_a_pickup_SFS_task_reroutes_the_order" computerName="ip-10-1-4-15" duration="00:00:00.0001700" startTime="2025-04-02T13:21:38.6975581+00:00" endTime="2025-04-02T13:21:38.6977276+00:00" testType="13cdc9d9-ddb5-4fa4-a97d-d965ccfc6d4b" outcome="NotExecuted" testListId="8c84fa94-04c1-424b-9868-57a2d4851a1d" relativeResultsDirectory="c3a55ab5-47d2-4a93-9bda-65c84b6e5a65">
      <Output>
        <StdOut>Skipping test: it does not belong to this partition.</StdOut>
        <ErrorInfo>
          <Message>Skipping test: it does not belong to this partition.</Message>
        </ErrorInfo>
      </Output>
    </UnitTestResult>
    <UnitTestResult executionId="28fc7581-d52e-4a38-8d03-a076df66ff7f" testId="33e248b2-3a4b-0b51-e2fd-a56b88561ca4" testName="PackTaskCancelledWithProductRequirements" computerName="ip-10-1-4-15" duration="00:00:00.0001910" startTime="2025-04-02T13:21:38.6992557+00:00" endTime="2025-04-02T13:21:38.6994463+00:00" testType="13cdc9d9-ddb5-4fa4-a97d-d965ccfc6d4b" outcome="NotExecuted" testListId="8c84fa94-04c1-424b-9868-57a2d4851a1d" relativeResultsDirectory="28fc7581-d52e-4a38-8d03-a076df66ff7f">
      <Output>
        <StdOut>Skipping test: it does not belong to this partition.</StdOut>
        <ErrorInfo>
          <Message>Skipping test: it does not belong to this partition.</Message>
        </ErrorInfo>
      </Output>
    </UnitTestResult>
    <UnitTestResult executionId="c93e4fb9-936e-47aa-a3c5-08429f1ac4f0" testId="5cc1fc07-a076-da6f-6201-35c991e2b64c" testName="PackTaskWithProductRequirementsOnUnpickedLine_RemainingNonPackProduct" computerName="ip-10-1-4-15" duration="00:00:00.0001290" startTime="2025-04-02T13:21:38.6996509+00:00" endTime="2025-04-02T13:21:38.6997797+00:00" testType="13cdc9d9-ddb5-4fa4-a97d-d965ccfc6d4b" outcome="NotExecuted" testListId="8c84fa94-04c1-424b-9868-57a2d4851a1d" relativeResultsDirectory="c93e4fb9-936e-47aa-a3c5-08429f1ac4f0">
      <Output>
        <StdOut>Skipping test: it does not belong to this partition.</StdOut>
        <ErrorInfo>
          <Message>Skipping test: it does not belong to this partition.</Message>
        </ErrorInfo>
      </Output>
    </UnitTestResult>
    <UnitTestResult executionId="558fb95b-9d6c-48ad-82f2-283dae6f590b" testId="5a522e5a-4fbf-b4b5-64e4-bc15a625e653" testName="Can_use_SupplierCount(True)" computerName="ip-10-1-4-15" duration="00:00:00.0002509" startTime="2025-04-02T13:21:32.5305097+00:00" endTime="2025-04-02T13:21:32.5307606+00:00" testType="13cdc9d9-ddb5-4fa4-a97d-d965ccfc6d4b" outcome="NotExecuted" testListId="8c84fa94-04c1-424b-9868-57a2d4851a1d" relativeResultsDirectory="558fb95b-9d6c-48ad-82f2-283dae6f590b">
      <Output>
        <StdOut>Skipping test: it does not belong to this partition.</StdOut>
        <ErrorInfo>
          <Message>Skipping test: it does not belong to this partition.</Message>
        </ErrorInfo>
      </Output>
    </UnitTestResult>
    <UnitTestResult executionId="57e6bd07-e6dc-449d-8457-d9093f668413" testId="bec3ea51-7296-c5a8-cd19-87c1a96d45c2" testName="Can_reject_SDD_based_on_date" computerName="ip-10-1-4-15" duration="00:00:00.3811190" startTime="2025-04-02T13:21:36.8650062+00:00" endTime="2025-04-02T13:21:37.2461248+00:00" testType="13cdc9d9-ddb5-4fa4-a97d-d965ccfc6d4b" outcome="Passed" testListId="8c84fa94-04c1-424b-9868-57a2d4851a1d" relativeResultsDirectory="57e6bd07-e6dc-449d-8457-d9093f668413">
      <Output>
        <StdOut>Warning message/ListOrganizationUnits obsolete_service - EVA.Core.Services.OrganizationUnits.ListOrganizationUnits is deprecated and will be removed in 2.0.812: Use `ListOrganizationUnitDetailed` (authenticated) or `ListOrganizationUnitSummaries` (anonymous).
Warning message/GetOrganizationUnit obsolete_service - EVA.Core.Services.OrganizationUnits.GetOrganizationUnit is deprecated and will be removed in 2.0.812: Use `GetOrganizationUnitDetailed` (authenticated) or `GetOrganizationUnitSummary` (anonymous).</StdOut>
      </Output>
    </UnitTestResult>
    <UnitTestResult executionId="3846e789-af6c-4dc6-9730-18f40ed05710" testId="61308e46-f954-f24f-5b83-5779d925a2b6" testName="Can_cancel_OrderLineFulfillment" computerName="ip-10-1-4-15" duration="00:00:00.0002630" startTime="2025-04-02T13:21:32.5273216+00:00" endTime="2025-04-02T13:21:32.5275844+00:00" testType="13cdc9d9-ddb5-4fa4-a97d-d965ccfc6d4b" outcome="NotExecuted" testListId="8c84fa94-04c1-424b-9868-57a2d4851a1d" relativeResultsDirectory="3846e789-af6c-4dc6-9730-18f40ed05710">
      <Output>
        <StdOut>Skipping test: it does not belong to this partition.</StdOut>
        <ErrorInfo>
          <Message>Skipping test: it does not belong to this partition.</Message>
        </ErrorInfo>
      </Output>
    </UnitTestResult>
    <UnitTestResult executionId="d7cf489b-e46f-4d5a-8bf7-e549b7cce813" testId="9be6175a-72ec-48f6-4c89-527abf7f6806" testName="Bundles_are_fulfilled_together(True,30)" computerName="ip-10-1-4-15" duration="00:00:00.0002300" startTime="2025-04-02T13:21:32.5252262+00:00" endTime="2025-04-02T13:21:32.5254559+00:00" testType="13cdc9d9-ddb5-4fa4-a97d-d965ccfc6d4b" outcome="NotExecuted" testListId="8c84fa94-04c1-424b-9868-57a2d4851a1d" relativeResultsDirectory="d7cf489b-e46f-4d5a-8bf7-e549b7cce813">
      <Output>
        <StdOut>Skipping test: it does not belong to this partition.</StdOut>
        <ErrorInfo>
          <Message>Skipping test: it does not belong to this partition.</Message>
        </ErrorInfo>
      </Output>
    </UnitTestResult>
    <UnitTestResult executionId="dab07875-8dbb-47ae-bd16-1cbc724b8c73" testId="7a5e0e8a-07b5-299f-178e-5d14eb0ec905" testName="Can_get_alternative_fulfillment_options" computerName="ip-10-1-4-15" duration="00:00:00.4636840" startTime="2025-04-02T13:21:36.4012791+00:00" endTime="2025-04-02T13:21:36.8649629+00:00" testType="13cdc9d9-ddb5-4fa4-a97d-d965ccfc6d4b" outcome="Passed" testListId="8c84fa94-04c1-424b-9868-57a2d4851a1d" relativeResultsDirectory="dab07875-8dbb-47ae-bd16-1cbc724b8c73">
      <Output>
        <StdOut>Warning message/ListOrganizationUnits obsolete_service - EVA.Core.Services.OrganizationUnits.ListOrganizationUnits is deprecated and will be removed in 2.0.812: Use `ListOrganizationUnitDetailed` (authenticated) or `ListOrganizationUnitSummaries` (anonymous).
Warning message/GetOrganizationUnit obsolete_service - EVA.Core.Services.OrganizationUnits.GetOrganizationUnit is deprecated and will be removed in 2.0.812: Use `GetOrganizationUnitDetailed` (authenticated) or `GetOrganizationUnitSummary` (anonymous).</StdOut>
      </Output>
    </UnitTestResult>
    <UnitTestResult executionId="547e45ea-1e6f-44bf-8e71-ffea49cfde15" testId="3bbeed40-3375-9ee9-6ee4-b3a41ae22310" testName="Works(False)" computerName="ip-10-1-4-15" duration="00:00:00.0425190" startTime="2025-04-02T13:21:32.6349303+00:00" endTime="2025-04-02T13:21:32.6774484+00:00" testType="13cdc9d9-ddb5-4fa4-a97d-d965ccfc6d4b" outcome="Passed" testListId="8c84fa94-04c1-424b-9868-57a2d4851a1d" relativeResultsDirectory="547e45ea-1e6f-44bf-8e71-ffea49cfde15" />
    <UnitTestResult executionId="6634d390-c804-42d4-aea1-f436ad5929ed" testId="600c0cb3-b8a8-7ea4-0812-1fa531172940" testName="OrderLines_can_be_split(35,25,10,34,6,10,3)" computerName="ip-10-1-4-15" duration="00:00:00.0001900" startTime="2025-04-02T13:21:38.7047625+00:00" endTime="2025-04-02T13:21:38.7049523+00:00" testType="13cdc9d9-ddb5-4fa4-a97d-d965ccfc6d4b" outcome="NotExecuted" testListId="8c84fa94-04c1-424b-9868-57a2d4851a1d" relativeResultsDirectory="6634d390-c804-42d4-aea1-f436ad5929ed">
      <Output>
        <StdOut>Skipping test: it does not belong to this partition.</StdOut>
        <ErrorInfo>
          <Message>Skipping test: it does not belong to this partition.</Message>
        </ErrorInfo>
      </Output>
    </UnitTestResult>
    <UnitTestResult executionId="fe805f2a-9499-45cd-9b86-8453d2e32294" testId="dbd20827-5f71-7689-ff8f-250c78136bf9" testName="Allow_set_shipping_method_after_cancellation_orchestration" computerName="ip-10-1-4-15" duration="00:00:00.0001540" startTime="2025-04-02T13:21:32.5285625+00:00" endTime="2025-04-02T13:21:32.5287168+00:00" testType="13cdc9d9-ddb5-4fa4-a97d-d965ccfc6d4b" outcome="NotExecuted" testListId="8c84fa94-04c1-424b-9868-57a2d4851a1d" relativeResultsDirectory="fe805f2a-9499-45cd-9b86-8453d2e32294">
      <Output>
        <StdOut>Skipping test: it does not belong to this partition.</StdOut>
        <ErrorInfo>
          <Message>Skipping test: it does not belong to this partition.</Message>
        </ErrorInfo>
      </Output>
    </UnitTestResult>
    <UnitTestResult executionId="8691fd55-6f12-4015-85b8-49e6c1b24270" testId="716032a6-7f12-c9b2-0119-f8f87fc8c578" testName="Ship_From_Store_tasks_work_when_AutoAssignNextUserTask_is_enabled" computerName="ip-10-1-4-15" duration="00:00:00.0001280" startTime="2025-04-02T13:21:38.7017969+00:00" endTime="2025-04-02T13:21:38.7019249+00:00" testType="13cdc9d9-ddb5-4fa4-a97d-d965ccfc6d4b" outcome="NotExecuted" testListId="8c84fa94-04c1-424b-9868-57a2d4851a1d" relativeResultsDirectory="8691fd55-6f12-4015-85b8-49e6c1b24270">
      <Output>
        <StdOut>Skipping test: it does not belong to this partition.</StdOut>
        <ErrorInfo>
          <Message>Skipping test: it does not belong to this partition.</Message>
        </ErrorInfo>
      </Output>
    </UnitTestResult>
    <UnitTestResult executionId="563c2676-3448-481a-a7e2-169ab83a43ac" testId="1bb3d030-3a2b-d65d-0854-a8733d3071e5" testName="Test1(True)" computerName="ip-10-1-4-15" duration="00:00:00.1725420" startTime="2025-04-02T13:21:33.7722683+00:00" endTime="2025-04-02T13:21:33.9448099+00:00" testType="13cdc9d9-ddb5-4fa4-a97d-d965ccfc6d4b" outcome="Passed" testListId="8c84fa94-04c1-424b-9868-57a2d4851a1d" relativeResultsDirectory="563c2676-3448-481a-a7e2-169ab83a43ac" />
    <UnitTestResult executionId="554b0948-737a-4f79-9070-1e423e7dce90" testId="b71bdb82-5c4c-c493-2e39-111de3c4695e" testName="Can_specify_included_product_properties" computerName="ip-10-1-4-15" duration="00:00:00.0001180" startTime="2025-04-02T13:21:32.5290542+00:00" endTime="2025-04-02T13:21:32.5291719+00:00" testType="13cdc9d9-ddb5-4fa4-a97d-d965ccfc6d4b" outcome="NotExecuted" testListId="8c84fa94-04c1-424b-9868-57a2d4851a1d" relativeResultsDirectory="554b0948-737a-4f79-9070-1e423e7dce90">
      <Output>
        <StdOut>Skipping test: it does not belong to this partition.</StdOut>
        <ErrorInfo>
          <Message>Skipping test: it does not belong to this partition.</Message>
        </ErrorInfo>
      </Output>
    </UnitTestResult>
    <UnitTestResult executionId="3103dbc3-dff3-48c1-8aef-c12de623db19" testId="500fe94a-b73b-7412-4e79-67f925f399a1" testName="ShipFromStoreTasksLabelLocalization(&quot;en&quot;)" computerName="ip-10-1-4-15" duration="00:00:00.0001720" startTime="2025-04-02T13:21:38.7029264+00:00" endTime="2025-04-02T13:21:38.7030988+00:00" testType="13cdc9d9-ddb5-4fa4-a97d-d965ccfc6d4b" outcome="NotExecuted" testListId="8c84fa94-04c1-424b-9868-57a2d4851a1d" relativeResultsDirectory="3103dbc3-dff3-48c1-8aef-c12de623db19">
      <Output>
        <StdOut>Skipping test: it does not belong to this partition.</StdOut>
        <ErrorInfo>
          <Message>Skipping test: it does not belong to this partition.</Message>
        </ErrorInfo>
      </Output>
    </UnitTestResult>
    <UnitTestResult executionId="94dc9187-d0ce-4a0a-bbd6-a71f82609722" testId="02a83319-9533-1e45-e602-d82c28fd8d94" testName="SUPPORT_1552" computerName="ip-10-1-4-15" duration="00:00:00.0001410" startTime="2025-04-02T13:21:38.7036646+00:00" endTime="2025-04-02T13:21:38.7038056+00:00" testType="13cdc9d9-ddb5-4fa4-a97d-d965ccfc6d4b" outcome="NotExecuted" testListId="8c84fa94-04c1-424b-9868-57a2d4851a1d" relativeResultsDirectory="94dc9187-d0ce-4a0a-bbd6-a71f82609722">
      <Output>
        <StdOut>Skipping test: it does not belong to this partition.</StdOut>
        <ErrorInfo>
          <Message>Skipping test: it does not belong to this partition.</Message>
        </ErrorInfo>
      </Output>
    </UnitTestResult>
    <UnitTestResult executionId="55b41190-9089-44cc-a6e3-074bdca399a5" testId="bd13c074-a359-2ea2-9c96-83b9a31e7cba" testName="Partial_quantity_pick_test" computerName="ip-10-1-4-15" duration="00:00:00.0001370" startTime="2025-04-02T13:21:38.7000888+00:00" endTime="2025-04-02T13:21:38.7002257+00:00" testType="13cdc9d9-ddb5-4fa4-a97d-d965ccfc6d4b" outcome="NotExecuted" testListId="8c84fa94-04c1-424b-9868-57a2d4851a1d" relativeResultsDirectory="55b41190-9089-44cc-a6e3-074bdca399a5">
      <Output>
        <StdOut>Skipping test: it does not belong to this partition.</StdOut>
        <ErrorInfo>
          <Message>Skipping test: it does not belong to this partition.</Message>
        </ErrorInfo>
      </Output>
    </UnitTestResult>
    <UnitTestResult executionId="38a3dae5-792a-49bc-85ca-65783147072d" testId="87f5e320-5c60-abe2-31f5-7f79f17361c7" testName="Ship_From_Store_can_create_shipment_with_package" computerName="ip-10-1-4-15" duration="00:00:00.0001340" startTime="2025-04-02T13:21:38.7009952+00:00" endTime="2025-04-02T13:21:38.7011288+00:00" testType="13cdc9d9-ddb5-4fa4-a97d-d965ccfc6d4b" outcome="NotExecuted" testListId="8c84fa94-04c1-424b-9868-57a2d4851a1d" relativeResultsDirectory="38a3dae5-792a-49bc-85ca-65783147072d">
      <Output>
        <StdOut>Skipping test: it does not belong to this partition.</StdOut>
        <ErrorInfo>
          <Message>Skipping test: it does not belong to this partition.</Message>
        </ErrorInfo>
      </Output>
    </UnitTestResult>
    <UnitTestResult executionId="a1fcc31d-9cdf-470e-8173-f9b92e8e7630" testId="585ba0a6-dca0-4fb2-ab33-030a7b7a72d4" testName="Can_specify_preferred_fulfillment_OU" computerName="ip-10-1-4-15" duration="00:00:00.0001250" startTime="2025-04-02T13:21:32.5291861+00:00" endTime="2025-04-02T13:21:32.5293111+00:00" testType="13cdc9d9-ddb5-4fa4-a97d-d965ccfc6d4b" outcome="NotExecuted" testListId="8c84fa94-04c1-424b-9868-57a2d4851a1d" relativeResultsDirectory="a1fcc31d-9cdf-470e-8173-f9b92e8e7630">
      <Output>
        <StdOut>Skipping test: it does not belong to this partition.</StdOut>
        <ErrorInfo>
          <Message>Skipping test: it does not belong to this partition.</Message>
        </ErrorInfo>
      </Output>
    </UnitTestResult>
    <UnitTestResult executionId="fe8cf3f8-b798-4d4d-a4ee-dd138aae5601" testId="a38e05f4-754a-2ff8-acc1-c8813c6339cf" testName="Interbranch_partial_pick" computerName="ip-10-1-4-15" duration="00:00:00.0001520" startTime="2025-04-02T13:21:38.6990953+00:00" endTime="2025-04-02T13:21:38.6992480+00:00" testType="13cdc9d9-ddb5-4fa4-a97d-d965ccfc6d4b" outcome="NotExecuted" testListId="8c84fa94-04c1-424b-9868-57a2d4851a1d" relativeResultsDirectory="fe8cf3f8-b798-4d4d-a4ee-dd138aae5601">
      <Output>
        <StdOut>Skipping test: it does not belong to this partition.</StdOut>
        <ErrorInfo>
          <Message>Skipping test: it does not belong to this partition.</Message>
        </ErrorInfo>
      </Output>
    </UnitTestResult>
    <UnitTestResult executionId="fd3af511-3e77-4323-8139-bb6561f06de9" testId="82585f7e-f948-6fd2-bacd-9df8c45d1746" testName="Score_multiplying_works" computerName="ip-10-1-4-15" duration="00:00:00.0004520" startTime="2025-04-02T13:21:36.3998893+00:00" endTime="2025-04-02T13:21:36.4003411+00:00" testType="13cdc9d9-ddb5-4fa4-a97d-d965ccfc6d4b" outcome="NotExecuted" testListId="8c84fa94-04c1-424b-9868-57a2d4851a1d" relativeResultsDirectory="fd3af511-3e77-4323-8139-bb6561f06de9">
      <Output>
        <StdOut>Skipping test: it does not belong to this partition.</StdOut>
        <ErrorInfo>
          <Message>Skipping test: it does not belong to this partition.</Message>
        </ErrorInfo>
      </Output>
    </UnitTestResult>
    <UnitTestResult executionId="645756a9-f25c-469a-90fb-63007a0cc991" testId="8dddb11c-8019-2f5e-e6ec-10c19934f615" testName="Line_splitting_can_be_disabled(True)" computerName="ip-10-1-4-15" duration="00:00:00.0907410" startTime="2025-04-02T13:21:33.4444621+00:00" endTime="2025-04-02T13:21:33.5352022+00:00" testType="13cdc9d9-ddb5-4fa4-a97d-d965ccfc6d4b" outcome="Passed" testListId="8c84fa94-04c1-424b-9868-57a2d4851a1d" relativeResultsDirectory="645756a9-f25c-469a-90fb-63007a0cc991" />
    <UnitTestResult executionId="362234a9-fb04-481a-9915-ad3457b74ff9" testId="e02f8bbd-801e-403e-925c-1f40cd6327ca" testName="Combined_picking_works(False)" computerName="ip-10-1-4-15" duration="00:00:00.0002590" startTime="2025-04-02T13:21:38.6982728+00:00" endTime="2025-04-02T13:21:38.6985320+00:00" testType="13cdc9d9-ddb5-4fa4-a97d-d965ccfc6d4b" outcome="NotExecuted" testListId="8c84fa94-04c1-424b-9868-57a2d4851a1d" relativeResultsDirectory="362234a9-fb04-481a-9915-ad3457b74ff9">
      <Output>
        <StdOut>Skipping test: it does not belong to this partition.</StdOut>
        <ErrorInfo>
          <Message>Skipping test: it does not belong to this partition.</Message>
        </ErrorInfo>
      </Output>
    </UnitTestResult>
    <UnitTestResult executionId="2dbc6e85-4b10-4a6c-98ad-cdba58804402" testId="3cfc3d37-d06d-1514-8b42-86c13678cb4f" testName="Can_reject_SDD_based_on_stock" computerName="ip-10-1-4-15" duration="00:00:00.2974970" startTime="2025-04-02T13:21:37.2461697+00:00" endTime="2025-04-02T13:21:37.5436658+00:00" testType="13cdc9d9-ddb5-4fa4-a97d-d965ccfc6d4b" outcome="Passed" testListId="8c84fa94-04c1-424b-9868-57a2d4851a1d" relativeResultsDirectory="2dbc6e85-4b10-4a6c-98ad-cdba58804402">
      <Output>
        <StdOut>Warning message/ListOrganizationUnits obsolete_service - EVA.Core.Services.OrganizationUnits.ListOrganizationUnits is deprecated and will be removed in 2.0.812: Use `ListOrganizationUnitDetailed` (authenticated) or `ListOrganizationUnitSummaries` (anonymous).
Warning message/GetOrganizationUnit obsolete_service - EVA.Core.Services.OrganizationUnits.GetOrganizationUnit is deprecated and will be removed in 2.0.812: Use `GetOrganizationUnitDetailed` (authenticated) or `GetOrganizationUnitSummary` (anonymous).</StdOut>
      </Output>
    </UnitTestResult>
    <UnitTestResult executionId="367c7a6d-40b3-4a4a-81de-c2f062303a16" testId="eb02e926-db75-368b-9ce0-a30b34670a23" testName="Get_ship_from_store_task_by_barcode_test" computerName="ip-10-1-4-15" duration="00:00:00.0001530" startTime="2025-04-02T13:21:38.6989296+00:00" endTime="2025-04-02T13:21:38.6990824+00:00" testType="13cdc9d9-ddb5-4fa4-a97d-d965ccfc6d4b" outcome="NotExecuted" testListId="8c84fa94-04c1-424b-9868-57a2d4851a1d" relativeResultsDirectory="367c7a6d-40b3-4a4a-81de-c2f062303a16">
      <Output>
        <StdOut>Skipping test: it does not belong to this partition.</StdOut>
        <ErrorInfo>
          <Message>Skipping test: it does not belong to this partition.</Message>
        </ErrorInfo>
      </Output>
    </UnitTestResult>
    <UnitTestResult executionId="a6bcf240-8b62-4fb4-97d1-f3ac0b3e9f24" testId="dae92645-d76c-11f2-c28c-d51f0a3941a7" testName="Can_get_sheet_documentation" computerName="ip-10-1-4-15" duration="00:00:00.0001490" startTime="2025-04-02T13:21:32.5280534+00:00" endTime="2025-04-02T13:21:32.5282026+00:00" testType="13cdc9d9-ddb5-4fa4-a97d-d965ccfc6d4b" outcome="NotExecuted" testListId="8c84fa94-04c1-424b-9868-57a2d4851a1d" relativeResultsDirectory="a6bcf240-8b62-4fb4-97d1-f3ac0b3e9f24">
      <Output>
        <StdOut>Skipping test: it does not belong to this partition.</StdOut>
        <ErrorInfo>
          <Message>Skipping test: it does not belong to this partition.</Message>
        </ErrorInfo>
      </Output>
    </UnitTestResult>
    <UnitTestResult executionId="759d94be-eee8-46f6-951d-d6db38238d62" testId="4039c962-590e-fb15-7f94-e1cb6148b9aa" testName="Works(True)" computerName="ip-10-1-4-15" duration="00:00:00.1034120" startTime="2025-04-02T13:21:32.5314474+00:00" endTime="2025-04-02T13:21:32.6348599+00:00" testType="13cdc9d9-ddb5-4fa4-a97d-d965ccfc6d4b" outcome="Passed" testListId="8c84fa94-04c1-424b-9868-57a2d4851a1d" relativeResultsDirectory="759d94be-eee8-46f6-951d-d6db38238d62" />
    <UnitTestResult executionId="59c3496d-10e2-4176-b849-9b8b09a16510" testId="89338030-5796-ed82-5f8c-a4f7736e517d" testName="An_order_can_have_multiple_SFS_tasks_for_different_OrderLines" computerName="ip-10-1-4-15" duration="00:00:00.0004310" startTime="2025-04-02T13:21:38.6966495+00:00" endTime="2025-04-02T13:21:38.6970806+00:00" testType="13cdc9d9-ddb5-4fa4-a97d-d965ccfc6d4b" outcome="NotExecuted" testListId="8c84fa94-04c1-424b-9868-57a2d4851a1d" relativeResultsDirectory="59c3496d-10e2-4176-b849-9b8b09a16510">
      <Output>
        <StdOut>Skipping test: it does not belong to this partition.</StdOut>
        <ErrorInfo>
          <Message>Skipping test: it does not belong to this partition.</Message>
        </ErrorInfo>
      </Output>
    </UnitTestResult>
    <UnitTestResult executionId="18d3a24d-a61a-47e0-a77b-f5bab61ed440" testId="77d00fae-b879-67f6-0ea9-517ae3e69b77" testName="Basic_test" computerName="ip-10-1-4-15" duration="00:00:00.0002030" startTime="2025-04-02T13:21:32.5287238+00:00" endTime="2025-04-02T13:21:32.5289264+00:00" testType="13cdc9d9-ddb5-4fa4-a97d-d965ccfc6d4b" outcome="NotExecuted" testListId="8c84fa94-04c1-424b-9868-57a2d4851a1d" relativeResultsDirectory="18d3a24d-a61a-47e0-a77b-f5bab61ed440">
      <Output>
        <StdOut>Skipping test: it does not belong to this partition.</StdOut>
        <ErrorInfo>
          <Message>Skipping test: it does not belong to this partition.</Message>
        </ErrorInfo>
      </Output>
    </UnitTestResult>
    <UnitTestResult executionId="39d3c16e-1e39-46cb-b6c1-282fd76a075b" testId="c4a8a4a7-cf02-3b41-5b93-222aa66f97ca" testName="SDD_works_new" computerName="ip-10-1-4-15" duration="00:00:00.3472779" startTime="2025-04-02T13:21:38.3478199+00:00" endTime="2025-04-02T13:21:38.6950971+00:00" testType="13cdc9d9-ddb5-4fa4-a97d-d965ccfc6d4b" outcome="Passed" testListId="8c84fa94-04c1-424b-9868-57a2d4851a1d" relativeResultsDirectory="39d3c16e-1e39-46cb-b6c1-282fd76a075b">
      <Output>
        <StdOut>Warning message/ListOrganizationUnits obsolete_service - EVA.Core.Services.OrganizationUnits.ListOrganizationUnits is deprecated and will be removed in 2.0.812: Use `ListOrganizationUnitDetailed` (authenticated) or `ListOrganizationUnitSummaries` (anonymous).
Warning message/GetOrganizationUnit obsolete_service - EVA.Core.Services.OrganizationUnits.GetOrganizationUnit is deprecated and will be removed in 2.0.812: Use `GetOrganizationUnitDetailed` (authenticated) or `GetOrganizationUnitSummary` (anonymous).</StdOut>
      </Output>
    </UnitTestResult>
    <UnitTestResult executionId="30deddb4-e1cf-46b2-9b58-f837302e8eb2" testId="12867b82-5d0f-0398-5912-4f9f57473836" testName="Ship_From_Store_tasks_work_when_DisableAutomaticReceiveShipment_is_false_and_ShipFromStoreExternalLabelHandlerPrintType_is_asynchronous" computerName="ip-10-1-4-15" duration="00:00:00.0001460" startTime="2025-04-02T13:21:38.7019335+00:00" endTime="2025-04-02T13:21:38.7020797+00:00" testType="13cdc9d9-ddb5-4fa4-a97d-d965ccfc6d4b" outcome="NotExecuted" testListId="8c84fa94-04c1-424b-9868-57a2d4851a1d" relativeResultsDirectory="30deddb4-e1cf-46b2-9b58-f837302e8eb2">
      <Output>
        <StdOut>Skipping test: it does not belong to this partition.</StdOut>
        <ErrorInfo>
          <Message>Skipping test: it does not belong to this partition.</Message>
        </ErrorInfo>
      </Output>
    </UnitTestResult>
    <UnitTestResult executionId="acfc4de7-6b03-4aa4-9b7c-07334522a67e" testId="1acb1fc2-858d-5f19-7231-f8ebfdfad0b5" testName="Basic_test2" computerName="ip-10-1-4-15" duration="00:00:00.0001110" startTime="2025-04-02T13:21:32.5289361+00:00" endTime="2025-04-02T13:21:32.5290474+00:00" testType="13cdc9d9-ddb5-4fa4-a97d-d965ccfc6d4b" outcome="NotExecuted" testListId="8c84fa94-04c1-424b-9868-57a2d4851a1d" relativeResultsDirectory="acfc4de7-6b03-4aa4-9b7c-07334522a67e">
      <Output>
        <StdOut>Skipping test: it does not belong to this partition.</StdOut>
        <ErrorInfo>
          <Message>Skipping test: it does not belong to this partition.</Message>
        </ErrorInfo>
      </Output>
    </UnitTestResult>
    <UnitTestResult executionId="5023147e-65c0-4fc9-bf5e-b363794bda2a" testId="7c9dfba4-4202-9b33-fff0-d0871936cbc1" testName="ChildLines_ProductRequirements_AndMoreJuicyDetails" computerName="ip-10-1-4-15" duration="00:00:00.0003230" startTime="2025-04-02T13:21:38.6979063+00:00" endTime="2025-04-02T13:21:38.6982289+00:00" testType="13cdc9d9-ddb5-4fa4-a97d-d965ccfc6d4b" outcome="NotExecuted" testListId="8c84fa94-04c1-424b-9868-57a2d4851a1d" relativeResultsDirectory="5023147e-65c0-4fc9-bf5e-b363794bda2a">
      <Output>
        <StdOut>STRING-ID-SKIP-WithConfetti actually does not have a value but the peanut butter coating does..?</StdOut>
        <ErrorInfo>
          <Message>STRING-ID-SKIP-WithConfetti actually does not have a value but the peanut butter coating does..?</Message>
        </ErrorInfo>
      </Output>
    </UnitTestResult>
    <UnitTestResult executionId="19ad6ce8-b703-473d-937a-5feaf65867f0" testId="afb9442b-22ea-a8f0-a734-caa1b008dd22" testName="Ship_From_Store_tasks_work_when_DisableAutomaticReceiveShipment_is_true" computerName="ip-10-1-4-15" duration="00:00:00.0001530" startTime="2025-04-02T13:21:38.7020873+00:00" endTime="2025-04-02T13:21:38.7022398+00:00" testType="13cdc9d9-ddb5-4fa4-a97d-d965ccfc6d4b" outcome="NotExecuted" testListId="8c84fa94-04c1-424b-9868-57a2d4851a1d" relativeResultsDirectory="19ad6ce8-b703-473d-937a-5feaf65867f0">
      <Output>
        <StdOut>Skipping test: it does not belong to this partition.</StdOut>
        <ErrorInfo>
          <Message>Skipping test: it does not belong to this partition.</Message>
        </ErrorInfo>
      </Output>
    </UnitTestResult>
    <UnitTestResult executionId="109277a8-f092-4d52-9800-8f4205d4d4b8" testId="8e23741c-b033-4218-902f-57639dad886f" testName="Big_order_test" computerName="ip-10-1-4-15" duration="00:00:00.7666110" startTime="2025-04-02T13:21:32.6777704+00:00" endTime="2025-04-02T13:21:33.4443812+00:00" testType="13cdc9d9-ddb5-4fa4-a97d-d965ccfc6d4b" outcome="Passed" testListId="8c84fa94-04c1-424b-9868-57a2d4851a1d" relativeResultsDirectory="109277a8-f092-4d52-9800-8f4205d4d4b8" />
    <UnitTestResult executionId="ce7f2316-14a5-4b6a-8c57-ede8a48fb1f6" testId="9f3c360f-38d6-480f-c673-023ade4394b7" testName="SDD_works" computerName="ip-10-1-4-15" duration="00:00:00.4536150" startTime="2025-04-02T13:21:37.8941588+00:00" endTime="2025-04-02T13:21:38.3477728+00:00" testType="13cdc9d9-ddb5-4fa4-a97d-d965ccfc6d4b" outcome="Passed" testListId="8c84fa94-04c1-424b-9868-57a2d4851a1d" relativeResultsDirectory="ce7f2316-14a5-4b6a-8c57-ede8a48fb1f6">
      <Output>
        <StdOut>Warning message/ListOrganizationUnits obsolete_service - EVA.Core.Services.OrganizationUnits.ListOrganizationUnits is deprecated and will be removed in 2.0.812: Use `ListOrganizationUnitDetailed` (authenticated) or `ListOrganizationUnitSummaries` (anonymous).
Warning message/GetOrganizationUnit obsolete_service - EVA.Core.Services.OrganizationUnits.GetOrganizationUnit is deprecated and will be removed in 2.0.812: Use `GetOrganizationUnitDetailed` (authenticated) or `GetOrganizationUnitSummary` (anonymous).</StdOut>
      </Output>
    </UnitTestResult>
    <UnitTestResult executionId="6ca1621f-e806-4b05-88ab-36a43bce3a82" testId="8b852c46-2000-b524-34af-be00fee46b7a" testName="cant_change_shipping_method_on_ship_from_store_completed_tasks_work" computerName="ip-10-1-4-15" duration="00:00:00.0001560" startTime="2025-04-02T13:21:38.6977380+00:00" endTime="2025-04-02T13:21:38.6978939+00:00" testType="13cdc9d9-ddb5-4fa4-a97d-d965ccfc6d4b" outcome="NotExecuted" testListId="8c84fa94-04c1-424b-9868-57a2d4851a1d" relativeResultsDirectory="6ca1621f-e806-4b05-88ab-36a43bce3a82">
      <Output>
        <StdOut>Skipping test: it does not belong to this partition.</StdOut>
        <ErrorInfo>
          <Message>Skipping test: it does not belong to this partition.</Message>
        </ErrorInfo>
      </Output>
    </UnitTestResult>
    <UnitTestResult executionId="68cfcdc5-17ba-42f6-b886-d832f0a82589" testId="39e25498-3958-04da-1011-6c4c8f5479fe" testName="Can_add_labels_to_SFS_task(&quot;'my_label'&quot;,[&quot;my_label&quot;])" computerName="ip-10-1-4-15" duration="00:00:00.0001960" startTime="2025-04-02T13:21:38.6973285+00:00" endTime="2025-04-02T13:21:38.6975231+00:00" testType="13cdc9d9-ddb5-4fa4-a97d-d965ccfc6d4b" outcome="NotExecuted" testListId="8c84fa94-04c1-424b-9868-57a2d4851a1d" relativeResultsDirectory="68cfcdc5-17ba-42f6-b886-d832f0a82589">
      <Output>
        <StdOut>Skipping test: it does not belong to this partition.</StdOut>
        <ErrorInfo>
          <Message>Skipping test: it does not belong to this partition.</Message>
        </ErrorInfo>
      </Output>
    </UnitTestResult>
    <UnitTestResult executionId="e16604db-4452-4ba8-b0bc-f8c624fef93b" testId="dc5070c5-480e-8f98-a74b-1365849cdfbe" testName="SFS_Pick_Task_With_Unpicked_Service_Products" computerName="ip-10-1-4-15" duration="00:00:00.0001350" startTime="2025-04-02T13:21:38.7008523+00:00" endTime="2025-04-02T13:21:38.7009876+00:00" testType="13cdc9d9-ddb5-4fa4-a97d-d965ccfc6d4b" outcome="NotExecuted" testListId="8c84fa94-04c1-424b-9868-57a2d4851a1d" relativeResultsDirectory="e16604db-4452-4ba8-b0bc-f8c624fef93b">
      <Output>
        <StdOut>Skipping test: it does not belong to this partition.</StdOut>
        <ErrorInfo>
          <Message>Skipping test: it does not belong to this partition.</Message>
        </ErrorInfo>
      </Output>
    </UnitTestResult>
    <UnitTestResult executionId="ba09ebb3-20f5-4a97-bc64-91b364ea8ce1" testId="48115999-2eb9-2e84-7737-57b292467dc9" testName="Can_use_SupplierCount(False)" computerName="ip-10-1-4-15" duration="00:00:00.0004440" startTime="2025-04-02T13:21:32.5307770+00:00" endTime="2025-04-02T13:21:32.5312201+00:00" testType="13cdc9d9-ddb5-4fa4-a97d-d965ccfc6d4b" outcome="NotExecuted" testListId="8c84fa94-04c1-424b-9868-57a2d4851a1d" relativeResultsDirectory="ba09ebb3-20f5-4a97-bc64-91b364ea8ce1">
      <Output>
        <StdOut>Skipping test: it does not belong to this partition.</StdOut>
        <ErrorInfo>
          <Message>Skipping test: it does not belong to this partition.</Message>
        </ErrorInfo>
      </Output>
    </UnitTestResult>
    <UnitTestResult executionId="bde1c502-9c00-441c-abc8-869b08e51330" testId="fe2f8086-3b62-3d38-7430-e4ccbcba9d26" testName="Can_add_labels_to_SFS_task(&quot;AmazonLabel, 'SFS_task', MangoLabel, IsLimitedEdition&quot;,[&quot;NotAmazon&quot;, &quot;SFS_task&quot;, &quot;NotLimitedEdition&quot;])" computerName="ip-10-1-4-15" duration="00:00:00.0001880" startTime="2025-04-02T13:21:38.6971275+00:00" endTime="2025-04-02T13:21:38.6973157+00:00" testType="13cdc9d9-ddb5-4fa4-a97d-d965ccfc6d4b" outcome="NotExecuted" testListId="8c84fa94-04c1-424b-9868-57a2d4851a1d" relativeResultsDirectory="bde1c502-9c00-441c-abc8-869b08e51330">
      <Output>
        <StdOut>Skipping test: it does not belong to this partition.</StdOut>
        <ErrorInfo>
          <Message>Skipping test: it does not belong to this partition.</Message>
        </ErrorInfo>
      </Output>
    </UnitTestResult>
    <UnitTestResult executionId="6a01fe5b-ff2e-44f3-85b6-d4959782da35" testId="064014d6-5a1f-2d1b-c516-fd15bd79dc25" testName="SUPPORT_5035" computerName="ip-10-1-4-15" duration="00:00:00.0001450" startTime="2025-04-02T13:21:38.7051418+00:00" endTime="2025-04-02T13:21:38.7052873+00:00" testType="13cdc9d9-ddb5-4fa4-a97d-d965ccfc6d4b" outcome="NotExecuted" testListId="8c84fa94-04c1-424b-9868-57a2d4851a1d" relativeResultsDirectory="6a01fe5b-ff2e-44f3-85b6-d4959782da35">
      <Output>
        <StdOut>Skipping test: it does not belong to this partition.</StdOut>
        <ErrorInfo>
          <Message>Skipping test: it does not belong to this partition.</Message>
        </ErrorInfo>
      </Output>
    </UnitTestResult>
  </Results>
  <TestDefinitions>
    <UnitTest name="SUPPORT_4995" storage="/home/runner/_work/eva/eva/test/eva.testsuite.symphony/bin/release/eva.testsuite.symphony.dll" id="85d407ef-09d8-5cfa-ef0e-d59ec25d5d89">
      <Execution id="319008e4-309e-4e4f-aa68-5d00901955a5" />
      <TestMethod codeBase="/home/runner/_work/eva/eva/test/EVA.TestSuite.Symphony/bin/Release/EVA.TestSuite.Symphony.dll" adapterTypeName="executor://nunit3testexecutor/" className="EVA.TestSuite.Symphony.SplitOrderLinesTests" name="SUPPORT_4995" />
    </UnitTest>
    <UnitTest name="Canceling_a_pickup_SFS_task_reroutes_the_order" storage="/home/runner/_work/eva/eva/test/eva.testsuite.symphony/bin/release/eva.testsuite.symphony.dll" id="c417373a-f093-4003-b082-71982157114c">
      <Execution id="c3a55ab5-47d2-4a93-9bda-65c84b6e5a65" />
      <TestMethod codeBase="/home/runner/_work/eva/eva/test/EVA.TestSuite.Symphony/bin/Release/EVA.TestSuite.Symphony.dll" adapterTypeName="executor://nunit3testexecutor/" className="EVA.TestSuite.Symphony.ShipFromStoreTests" name="Canceling_a_pickup_SFS_task_reroutes_the_order" />
    </UnitTest>
    <UnitTest name="Combined_picking_works(True)" storage="/home/runner/_work/eva/eva/test/eva.testsuite.symphony/bin/release/eva.testsuite.symphony.dll" id="e5b1c762-e282-29c5-1c75-39698dbfc3f1">
      <Execution id="01550b07-deb6-49c2-b461-a57f192e4975" />
      <TestMethod codeBase="/home/runner/_work/eva/eva/test/EVA.TestSuite.Symphony/bin/Release/EVA.TestSuite.Symphony.dll" adapterTypeName="executor://nunit3testexecutor/" className="EVA.TestSuite.Symphony.ShipFromStoreTests" name="Combined_picking_works(True)" />
    </UnitTest>
    <UnitTest name="SDD_works" storage="/home/runner/_work/eva/eva/test/eva.testsuite.symphony/bin/release/eva.testsuite.symphony.dll" id="9f3c360f-38d6-480f-c673-023ade4394b7">
      <Execution id="ce7f2316-14a5-4b6a-8c57-ede8a48fb1f6" />
      <TestMethod codeBase="/home/runner/_work/eva/eva/test/EVA.TestSuite.Symphony/bin/Release/EVA.TestSuite.Symphony.dll" adapterTypeName="executor://nunit3testexecutor/" className="EVA.TestSuite.Symphony.SameDayDelivery" name="SDD_works" />
    </UnitTest>
    <UnitTest name="PackTaskCancelledWithProductRequirements" storage="/home/runner/_work/eva/eva/test/eva.testsuite.symphony/bin/release/eva.testsuite.symphony.dll" id="33e248b2-3a4b-0b51-e2fd-a56b88561ca4">
      <Execution id="28fc7581-d52e-4a38-8d03-a076df66ff7f" />
      <TestMethod codeBase="/home/runner/_work/eva/eva/test/EVA.TestSuite.Symphony/bin/Release/EVA.TestSuite.Symphony.dll" adapterTypeName="executor://nunit3testexecutor/" className="EVA.TestSuite.Symphony.ShipFromStoreTests" name="PackTaskCancelledWithProductRequirements" />
    </UnitTest>
    <UnitTest name="Can_use_stock_to_influence_score(False)" storage="/home/runner/_work/eva/eva/test/eva.testsuite.symphony/bin/release/eva.testsuite.symphony.dll" id="593d354a-c66f-4193-7154-4b05ee94523b">
      <Execution id="9be96666-ae41-4bad-850f-1dbf4f709a83" />
      <TestMethod codeBase="/home/runner/_work/eva/eva/test/EVA.TestSuite.Symphony/bin/Release/EVA.TestSuite.Symphony.dll" adapterTypeName="executor://nunit3testexecutor/" className="EVA.TestSuite.Symphony.OrderFulfillmentTests" name="Can_use_stock_to_influence_score(False)" />
    </UnitTest>
    <UnitTest name="Test1(True)" storage="/home/runner/_work/eva/eva/test/eva.testsuite.symphony/bin/release/eva.testsuite.symphony.dll" id="1bb3d030-3a2b-d65d-0854-a8733d3071e5">
      <Execution id="563c2676-3448-481a-a7e2-169ab83a43ac" />
      <TestMethod codeBase="/home/runner/_work/eva/eva/test/EVA.TestSuite.Symphony/bin/Release/EVA.TestSuite.Symphony.dll" adapterTypeName="executor://nunit3testexecutor/" className="EVA.TestSuite.Symphony.PartialFulfillmentTests" name="Test1(True)" />
    </UnitTest>
    <UnitTest name="Can_reject_SDD_based_on_stock" storage="/home/runner/_work/eva/eva/test/eva.testsuite.symphony/bin/release/eva.testsuite.symphony.dll" id="3cfc3d37-d06d-1514-8b42-86c13678cb4f">
      <Execution id="2dbc6e85-4b10-4a6c-98ad-cdba58804402" />
      <TestMethod codeBase="/home/runner/_work/eva/eva/test/EVA.TestSuite.Symphony/bin/Release/EVA.TestSuite.Symphony.dll" adapterTypeName="executor://nunit3testexecutor/" className="EVA.TestSuite.Symphony.SameDayDelivery" name="Can_reject_SDD_based_on_stock" />
    </UnitTest>
    <UnitTest name="Basic_test2" storage="/home/runner/_work/eva/eva/test/eva.testsuite.symphony/bin/release/eva.testsuite.symphony.dll" id="1acb1fc2-858d-5f19-7231-f8ebfdfad0b5">
      <Execution id="acfc4de7-6b03-4aa4-9b7c-07334522a67e" />
      <TestMethod codeBase="/home/runner/_work/eva/eva/test/EVA.TestSuite.Symphony/bin/Release/EVA.TestSuite.Symphony.dll" adapterTypeName="executor://nunit3testexecutor/" className="EVA.TestSuite.Symphony.OrderFulfillmentTests" name="Basic_test2" />
    </UnitTest>
    <UnitTest name="Can_get_alternative_fulfillment_options" storage="/home/runner/_work/eva/eva/test/eva.testsuite.symphony/bin/release/eva.testsuite.symphony.dll" id="7a5e0e8a-07b5-299f-178e-5d14eb0ec905">
      <Execution id="dab07875-8dbb-47ae-bd16-1cbc724b8c73" />
      <TestMethod codeBase="/home/runner/_work/eva/eva/test/EVA.TestSuite.Symphony/bin/Release/EVA.TestSuite.Symphony.dll" adapterTypeName="executor://nunit3testexecutor/" className="EVA.TestSuite.Symphony.SameDayDelivery" name="Can_get_alternative_fulfillment_options" />
    </UnitTest>
    <UnitTest name="Basic_test" storage="/home/runner/_work/eva/eva/test/eva.testsuite.symphony/bin/release/eva.testsuite.symphony.dll" id="77d00fae-b879-67f6-0ea9-517ae3e69b77">
      <Execution id="18d3a24d-a61a-47e0-a77b-f5bab61ed440" />
      <TestMethod codeBase="/home/runner/_work/eva/eva/test/EVA.TestSuite.Symphony/bin/Release/EVA.TestSuite.Symphony.dll" adapterTypeName="executor://nunit3testexecutor/" className="EVA.TestSuite.Symphony.OrderFulfillmentTests" name="Basic_test" />
    </UnitTest>
    <UnitTest name="Stock_check_takes_replacement_products_into_consideration" storage="/home/runner/_work/eva/eva/test/eva.testsuite.symphony/bin/release/eva.testsuite.symphony.dll" id="43263228-b1a5-b05e-cb5d-8061d3fd18c4">
      <Execution id="262ede56-337d-4e7e-aab1-137b9c833f6a" />
      <TestMethod codeBase="/home/runner/_work/eva/eva/test/EVA.TestSuite.Symphony/bin/Release/EVA.TestSuite.Symphony.dll" adapterTypeName="executor://nunit3testexecutor/" className="EVA.TestSuite.Symphony.StockReplacementTests" name="Stock_check_takes_replacement_products_into_consideration" />
    </UnitTest>
    <UnitTest name="Can_cancel_a_pending_fulfillment" storage="/home/runner/_work/eva/eva/test/eva.testsuite.symphony/bin/release/eva.testsuite.symphony.dll" id="89cf9f63-74c3-7c2f-691b-d719da430488">
      <Execution id="303ddf96-5378-4b19-8695-67dfb889f165" />
      <TestMethod codeBase="/home/runner/_work/eva/eva/test/EVA.TestSuite.Symphony/bin/Release/EVA.TestSuite.Symphony.dll" adapterTypeName="executor://nunit3testexecutor/" className="EVA.TestSuite.Symphony.PendingFulfillmentTests" name="Can_cancel_a_pending_fulfillment" />
    </UnitTest>
    <UnitTest name="Deactivating_the_ship_from_store_task_creates_a_new_task" storage="/home/runner/_work/eva/eva/test/eva.testsuite.symphony/bin/release/eva.testsuite.symphony.dll" id="04a0ea40-b77f-50f5-5376-ae3d16b897e9">
      <Execution id="64c679ac-e0e8-46cd-861d-127106fb42a7" />
      <TestMethod codeBase="/home/runner/_work/eva/eva/test/EVA.TestSuite.Symphony/bin/Release/EVA.TestSuite.Symphony.dll" adapterTypeName="executor://nunit3testexecutor/" className="EVA.TestSuite.Symphony.ShipFromStoreTests" name="Deactivating_the_ship_from_store_task_creates_a_new_task" />
    </UnitTest>
    <UnitTest name="Can_use_SupplierCount(False)" storage="/home/runner/_work/eva/eva/test/eva.testsuite.symphony/bin/release/eva.testsuite.symphony.dll" id="48115999-2eb9-2e84-7737-57b292467dc9">
      <Execution id="ba09ebb3-20f5-4a97-bc64-91b364ea8ce1" />
      <TestMethod codeBase="/home/runner/_work/eva/eva/test/EVA.TestSuite.Symphony/bin/Release/EVA.TestSuite.Symphony.dll" adapterTypeName="executor://nunit3testexecutor/" className="EVA.TestSuite.Symphony.OrderLineSupplierScopeTests" name="Can_use_SupplierCount(False)" />
    </UnitTest>
    <UnitTest name="Can_use_supplier_cancellation_rate_in_sheet" storage="/home/runner/_work/eva/eva/test/eva.testsuite.symphony/bin/release/eva.testsuite.symphony.dll" id="86994d91-74cd-f400-e98c-db8b0c4961b1">
      <Execution id="f1915d1f-746f-437f-b13b-a01e627e3439" />
      <TestMethod codeBase="/home/runner/_work/eva/eva/test/EVA.TestSuite.Symphony/bin/Release/EVA.TestSuite.Symphony.dll" adapterTypeName="executor://nunit3testexecutor/" className="EVA.TestSuite.Symphony.SupplierPerformanceTests" name="Can_use_supplier_cancellation_rate_in_sheet" />
    </UnitTest>
    <UnitTest name="Big_order_test" storage="/home/runner/_work/eva/eva/test/eva.testsuite.symphony/bin/release/eva.testsuite.symphony.dll" id="8e23741c-b033-4218-902f-57639dad886f">
      <Execution id="109277a8-f092-4d52-9800-8f4205d4d4b8" />
      <TestMethod codeBase="/home/runner/_work/eva/eva/test/EVA.TestSuite.Symphony/bin/Release/EVA.TestSuite.Symphony.dll" adapterTypeName="executor://nunit3testexecutor/" className="EVA.TestSuite.Symphony.PartialFulfillmentTests" name="Big_order_test" />
    </UnitTest>
    <UnitTest name="Works(True)" storage="/home/runner/_work/eva/eva/test/eva.testsuite.symphony/bin/release/eva.testsuite.symphony.dll" id="4039c962-590e-fb15-7f94-e1cb6148b9aa">
      <Execution id="759d94be-eee8-46f6-951d-d6db38238d62" />
      <TestMethod codeBase="/home/runner/_work/eva/eva/test/EVA.TestSuite.Symphony/bin/Release/EVA.TestSuite.Symphony.dll" adapterTypeName="executor://nunit3testexecutor/" className="EVA.TestSuite.Symphony.ParseSheetTests" name="Works(True)" />
    </UnitTest>
    <UnitTest name="FulfillmentOrderWorksInCookbook" storage="/home/runner/_work/eva/eva/test/eva.testsuite.symphony/bin/release/eva.testsuite.symphony.dll" id="300cca3f-6688-f0d4-582f-01eed32c7b2e">
      <Execution id="83195086-6cf9-441d-8d02-46ea835275fe" />
      <TestMethod codeBase="/home/runner/_work/eva/eva/test/EVA.TestSuite.Symphony/bin/Release/EVA.TestSuite.Symphony.dll" adapterTypeName="executor://nunit3testexecutor/" className="EVA.TestSuite.Symphony.OrderFulfillmentTests" name="FulfillmentOrderWorksInCookbook" />
    </UnitTest>
    <UnitTest name="Pickup_orders_create_an_interbranch_SFS_task" storage="/home/runner/_work/eva/eva/test/eva.testsuite.symphony/bin/release/eva.testsuite.symphony.dll" id="6d1dd42c-02f4-1842-0c30-f247dad384dc">
      <Execution id="a54a5667-efd4-4c4d-8884-d1f61068a264" />
      <TestMethod codeBase="/home/runner/_work/eva/eva/test/EVA.TestSuite.Symphony/bin/Release/EVA.TestSuite.Symphony.dll" adapterTypeName="executor://nunit3testexecutor/" className="EVA.TestSuite.Symphony.ShipFromStoreTests" name="Pickup_orders_create_an_interbranch_SFS_task" />
    </UnitTest>
    <UnitTest name="PackTaskWithProductRequirements" storage="/home/runner/_work/eva/eva/test/eva.testsuite.symphony/bin/release/eva.testsuite.symphony.dll" id="d8fdf074-71ab-e215-7bf3-0bfa309f97a5">
      <Execution id="871320f5-b417-4c81-b201-bb221ece87d9" />
      <TestMethod codeBase="/home/runner/_work/eva/eva/test/EVA.TestSuite.Symphony/bin/Release/EVA.TestSuite.Symphony.dll" adapterTypeName="executor://nunit3testexecutor/" className="EVA.TestSuite.Symphony.ShipFromStoreTests" name="PackTaskWithProductRequirements" />
    </UnitTest>
    <UnitTest name="Can_use_SupplierCount(True)" storage="/home/runner/_work/eva/eva/test/eva.testsuite.symphony/bin/release/eva.testsuite.symphony.dll" id="5a522e5a-4fbf-b4b5-64e4-bc15a625e653">
      <Execution id="558fb95b-9d6c-48ad-82f2-283dae6f590b" />
      <TestMethod codeBase="/home/runner/_work/eva/eva/test/EVA.TestSuite.Symphony/bin/Release/EVA.TestSuite.Symphony.dll" adapterTypeName="executor://nunit3testexecutor/" className="EVA.TestSuite.Symphony.OrderLineSupplierScopeTests" name="Can_use_SupplierCount(True)" />
    </UnitTest>
    <UnitTest name="Can_partially_cancel_OrderLineFulfillment" storage="/home/runner/_work/eva/eva/test/eva.testsuite.symphony/bin/release/eva.testsuite.symphony.dll" id="57138c3e-9aac-c1ba-a46b-efc821883b1e">
      <Execution id="970dd8c4-cb44-4f1d-8138-d9e6a813f423" />
      <TestMethod codeBase="/home/runner/_work/eva/eva/test/EVA.TestSuite.Symphony/bin/Release/EVA.TestSuite.Symphony.dll" adapterTypeName="executor://nunit3testexecutor/" className="EVA.TestSuite.Symphony.CancelOrderLineFulfillmentTests" name="Can_partially_cancel_OrderLineFulfillment" />
    </UnitTest>
    <UnitTest name="PrintShipFromStoreTasksWithBlobsWorks" storage="/home/runner/_work/eva/eva/test/eva.testsuite.symphony/bin/release/eva.testsuite.symphony.dll" id="a1783381-1cdf-5e07-3e6b-76bf393595d9">
      <Execution id="bd0989a3-55c9-4cd5-8dfe-91a70a58408f" />
      <TestMethod codeBase="/home/runner/_work/eva/eva/test/EVA.TestSuite.Symphony/bin/Release/EVA.TestSuite.Symphony.dll" adapterTypeName="executor://nunit3testexecutor/" className="EVA.TestSuite.Symphony.ShipFromStoreTests" name="PrintShipFromStoreTasksWithBlobsWorks" />
    </UnitTest>
    <UnitTest name="Ship_From_Store_tasks_work_when_DisableAutomaticReceiveShipment_is_true" storage="/home/runner/_work/eva/eva/test/eva.testsuite.symphony/bin/release/eva.testsuite.symphony.dll" id="afb9442b-22ea-a8f0-a734-caa1b008dd22">
      <Execution id="19ad6ce8-b703-473d-937a-5feaf65867f0" />
      <TestMethod codeBase="/home/runner/_work/eva/eva/test/EVA.TestSuite.Symphony/bin/Release/EVA.TestSuite.Symphony.dll" adapterTypeName="executor://nunit3testexecutor/" className="EVA.TestSuite.Symphony.ShipFromStoreTests" name="Ship_From_Store_tasks_work_when_DisableAutomaticReceiveShipment_is_true" />
    </UnitTest>
    <UnitTest name="Works" storage="/home/runner/_work/eva/eva/test/eva.testsuite.symphony/bin/release/eva.testsuite.symphony.dll" id="d53db237-d501-a3b6-a5bb-ceb40c2e51a3">
      <Execution id="683ac411-9bdb-48cd-b53d-b55265f5dcbc" />
      <TestMethod codeBase="/home/runner/_work/eva/eva/test/EVA.TestSuite.Symphony/bin/Release/EVA.TestSuite.Symphony.dll" adapterTypeName="executor://nunit3testexecutor/" className="EVA.TestSuite.Symphony.PreviewOrderFulfillmentTests" name="Works" />
    </UnitTest>
    <UnitTest name="An_expired_ship_task_reroutes_the_order" storage="/home/runner/_work/eva/eva/test/eva.testsuite.symphony/bin/release/eva.testsuite.symphony.dll" id="e349e8df-9d00-d9a6-2375-62ca3cfd49d8">
      <Execution id="7f9c384f-f47d-446e-8156-ad4cbffb5923" />
      <TestMethod codeBase="/home/runner/_work/eva/eva/test/EVA.TestSuite.Symphony/bin/Release/EVA.TestSuite.Symphony.dll" adapterTypeName="executor://nunit3testexecutor/" className="EVA.TestSuite.Symphony.ShipFromStoreTests" name="An_expired_ship_task_reroutes_the_order" />
    </UnitTest>
    <UnitTest name="Works(False)" storage="/home/runner/_work/eva/eva/test/eva.testsuite.symphony/bin/release/eva.testsuite.symphony.dll" id="3bbeed40-3375-9ee9-6ee4-b3a41ae22310">
      <Execution id="547e45ea-1e6f-44bf-8e71-ffea49cfde15" />
      <TestMethod codeBase="/home/runner/_work/eva/eva/test/EVA.TestSuite.Symphony/bin/Release/EVA.TestSuite.Symphony.dll" adapterTypeName="executor://nunit3testexecutor/" className="EVA.TestSuite.Symphony.ParseSheetTests" name="Works(False)" />
    </UnitTest>
    <UnitTest name="ChildLines_ProductRequirements_AndMoreJuicyDetails" storage="/home/runner/_work/eva/eva/test/eva.testsuite.symphony/bin/release/eva.testsuite.symphony.dll" id="7c9dfba4-4202-9b33-fff0-d0871936cbc1">
      <Execution id="5023147e-65c0-4fc9-bf5e-b363794bda2a" />
      <TestMethod codeBase="/home/runner/_work/eva/eva/test/EVA.TestSuite.Symphony/bin/Release/EVA.TestSuite.Symphony.dll" adapterTypeName="executor://nunit3testexecutor/" className="EVA.TestSuite.Symphony.ShipFromStoreTests" name="ChildLines_ProductRequirements_AndMoreJuicyDetails" />
    </UnitTest>
    <UnitTest name="Can_add_labels_to_SFS_task(&quot;AmazonLabel, 'SFS_task', MangoLabel, IsLimitedEdition&quot;,[&quot;NotAmazon&quot;, &quot;SFS_task&quot;, &quot;NotLimitedEdition&quot;])" storage="/home/runner/_work/eva/eva/test/eva.testsuite.symphony/bin/release/eva.testsuite.symphony.dll" id="fe2f8086-3b62-3d38-7430-e4ccbcba9d26">
      <Execution id="bde1c502-9c00-441c-abc8-869b08e51330" />
      <TestMethod codeBase="/home/runner/_work/eva/eva/test/EVA.TestSuite.Symphony/bin/Release/EVA.TestSuite.Symphony.dll" adapterTypeName="executor://nunit3testexecutor/" className="EVA.TestSuite.Symphony.ShipFromStoreTests" name="Can_add_labels_to_SFS_task(&quot;AmazonLabel, 'SFS_task', MangoLabel, IsLimitedEdition&quot;,[&quot;NotAmazon&quot;, &quot;SFS_task&quot;, &quot;NotLimitedEdition&quot;])" />
    </UnitTest>
    <UnitTest name="Modifying_sheets_should_reflect_in_list_and_history_services" storage="/home/runner/_work/eva/eva/test/eva.testsuite.symphony/bin/release/eva.testsuite.symphony.dll" id="a55ce991-4bf2-ca16-74fb-7288212674a3">
      <Execution id="3a142087-1f59-44b1-82d4-949dbb000b7b" />
      <TestMethod codeBase="/home/runner/_work/eva/eva/test/EVA.TestSuite.Symphony/bin/Release/EVA.TestSuite.Symphony.dll" adapterTypeName="executor://nunit3testexecutor/" className="EVA.TestSuite.Symphony.SheetTests" name="Modifying_sheets_should_reflect_in_list_and_history_services" />
    </UnitTest>
    <UnitTest name="Partial_quantity_pick_test" storage="/home/runner/_work/eva/eva/test/eva.testsuite.symphony/bin/release/eva.testsuite.symphony.dll" id="bd13c074-a359-2ea2-9c96-83b9a31e7cba">
      <Execution id="55b41190-9089-44cc-a6e3-074bdca399a5" />
      <TestMethod codeBase="/home/runner/_work/eva/eva/test/EVA.TestSuite.Symphony/bin/Release/EVA.TestSuite.Symphony.dll" adapterTypeName="executor://nunit3testexecutor/" className="EVA.TestSuite.Symphony.ShipFromStoreTests" name="Partial_quantity_pick_test" />
    </UnitTest>
    <UnitTest name="Line_splitting_can_be_disabled(False)" storage="/home/runner/_work/eva/eva/test/eva.testsuite.symphony/bin/release/eva.testsuite.symphony.dll" id="c521ea5f-db27-9197-e42b-e0123ebd90b4">
      <Execution id="e1132fe8-256c-4316-af2b-7253c096dcb8" />
      <TestMethod codeBase="/home/runner/_work/eva/eva/test/EVA.TestSuite.Symphony/bin/Release/EVA.TestSuite.Symphony.dll" adapterTypeName="executor://nunit3testexecutor/" className="EVA.TestSuite.Symphony.PartialFulfillmentTests" name="Line_splitting_can_be_disabled(False)" />
    </UnitTest>
    <UnitTest name="Can_use_stock_to_influence_score(True)" storage="/home/runner/_work/eva/eva/test/eva.testsuite.symphony/bin/release/eva.testsuite.symphony.dll" id="531f969c-27cb-5eef-29d7-fd9657cc6515">
      <Execution id="36548b6b-ad7c-44f8-9118-44a332b7caff" />
      <TestMethod codeBase="/home/runner/_work/eva/eva/test/EVA.TestSuite.Symphony/bin/Release/EVA.TestSuite.Symphony.dll" adapterTypeName="executor://nunit3testexecutor/" className="EVA.TestSuite.Symphony.OrderFulfillmentTests" name="Can_use_stock_to_influence_score(True)" />
    </UnitTest>
    <UnitTest name="Get_ship_from_store_task_by_barcode_test" storage="/home/runner/_work/eva/eva/test/eva.testsuite.symphony/bin/release/eva.testsuite.symphony.dll" id="eb02e926-db75-368b-9ce0-a30b34670a23">
      <Execution id="367c7a6d-40b3-4a4a-81de-c2f062303a16" />
      <TestMethod codeBase="/home/runner/_work/eva/eva/test/EVA.TestSuite.Symphony/bin/Release/EVA.TestSuite.Symphony.dll" adapterTypeName="executor://nunit3testexecutor/" className="EVA.TestSuite.Symphony.ShipFromStoreTests" name="Get_ship_from_store_task_by_barcode_test" />
    </UnitTest>
    <UnitTest name="Can_get_sheet_documentation_for_sheet_that_doesnt_compile" storage="/home/runner/_work/eva/eva/test/eva.testsuite.symphony/bin/release/eva.testsuite.symphony.dll" id="9f222c2d-f79f-68de-0fa1-2805565b3b70">
      <Execution id="8881761f-12bf-4298-b37b-e3deec000c05" />
      <TestMethod codeBase="/home/runner/_work/eva/eva/test/EVA.TestSuite.Symphony/bin/Release/EVA.TestSuite.Symphony.dll" adapterTypeName="executor://nunit3testexecutor/" className="EVA.TestSuite.Symphony.GetSheetDocumentationTests" name="Can_get_sheet_documentation_for_sheet_that_doesnt_compile" />
    </UnitTest>
    <UnitTest name="SUPPORT_1552" storage="/home/runner/_work/eva/eva/test/eva.testsuite.symphony/bin/release/eva.testsuite.symphony.dll" id="02a83319-9533-1e45-e602-d82c28fd8d94">
      <Execution id="94dc9187-d0ce-4a0a-bbd6-a71f82609722" />
      <TestMethod codeBase="/home/runner/_work/eva/eva/test/EVA.TestSuite.Symphony/bin/Release/EVA.TestSuite.Symphony.dll" adapterTypeName="executor://nunit3testexecutor/" className="EVA.TestSuite.Symphony.ShipFromStoreTests" name="SUPPORT_1552" />
    </UnitTest>
    <UnitTest name="OrderLines_can_be_split(35,25,0,34,16,0,2)" storage="/home/runner/_work/eva/eva/test/eva.testsuite.symphony/bin/release/eva.testsuite.symphony.dll" id="66aa8540-1fb5-332b-7a1d-fff8652c7b56">
      <Execution id="41571c17-5351-489b-83b1-0499c6053305" />
      <TestMethod codeBase="/home/runner/_work/eva/eva/test/EVA.TestSuite.Symphony/bin/Release/EVA.TestSuite.Symphony.dll" adapterTypeName="executor://nunit3testexecutor/" className="EVA.TestSuite.Symphony.SplitOrderLinesTests" name="OrderLines_can_be_split(35,25,0,34,16,0,2)" />
    </UnitTest>
    <UnitTest name="Ship_From_Store_tasks_work_when_DisableAutomaticReceiveShipment_is_false_and_ShipFromStoreExternalLabelHandlerPrintType_is_asynchronous" storage="/home/runner/_work/eva/eva/test/eva.testsuite.symphony/bin/release/eva.testsuite.symphony.dll" id="12867b82-5d0f-0398-5912-4f9f57473836">
      <Execution id="30deddb4-e1cf-46b2-9b58-f837302e8eb2" />
      <TestMethod codeBase="/home/runner/_work/eva/eva/test/EVA.TestSuite.Symphony/bin/Release/EVA.TestSuite.Symphony.dll" adapterTypeName="executor://nunit3testexecutor/" className="EVA.TestSuite.Symphony.ShipFromStoreTests" name="Ship_From_Store_tasks_work_when_DisableAutomaticReceiveShipment_is_false_and_ShipFromStoreExternalLabelHandlerPrintType_is_asynchronous" />
    </UnitTest>
    <UnitTest name="ShipFromStoreTasksLabelLocalization(&quot;nl&quot;)" storage="/home/runner/_work/eva/eva/test/eva.testsuite.symphony/bin/release/eva.testsuite.symphony.dll" id="50f9f215-6964-3114-8cab-596457577e8d">
      <Execution id="b3643aea-a68e-4148-8f3b-cee206b8bc0b" />
      <TestMethod codeBase="/home/runner/_work/eva/eva/test/EVA.TestSuite.Symphony/bin/Release/EVA.TestSuite.Symphony.dll" adapterTypeName="executor://nunit3testexecutor/" className="EVA.TestSuite.Symphony.ShipFromStoreTests" name="ShipFromStoreTasksLabelLocalization(&quot;nl&quot;)" />
    </UnitTest>
    <UnitTest name="Ship_From_Store_can_create_shipment_with_package" storage="/home/runner/_work/eva/eva/test/eva.testsuite.symphony/bin/release/eva.testsuite.symphony.dll" id="87f5e320-5c60-abe2-31f5-7f79f17361c7">
      <Execution id="38a3dae5-792a-49bc-85ca-65783147072d" />
      <TestMethod codeBase="/home/runner/_work/eva/eva/test/EVA.TestSuite.Symphony/bin/Release/EVA.TestSuite.Symphony.dll" adapterTypeName="executor://nunit3testexecutor/" className="EVA.TestSuite.Symphony.ShipFromStoreTests" name="Ship_From_Store_can_create_shipment_with_package" />
    </UnitTest>
    <UnitTest name="CancelExternalOrderWorks" storage="/home/runner/_work/eva/eva/test/eva.testsuite.symphony/bin/release/eva.testsuite.symphony.dll" id="4d54c5fa-b51f-bdea-606c-ec2dff42ebf4">
      <Execution id="6f9af3cb-d9a5-443b-b676-c45acaa35e35" />
      <TestMethod codeBase="/home/runner/_work/eva/eva/test/EVA.TestSuite.Symphony/bin/Release/EVA.TestSuite.Symphony.dll" adapterTypeName="executor://nunit3testexecutor/" className="EVA.TestSuite.Symphony.OrderFulfillmentTests" name="CancelExternalOrderWorks" />
    </UnitTest>
    <UnitTest name="PackTaskWithProductRequirementsOnUnpickedLine_RemainingNonPackProduct" storage="/home/runner/_work/eva/eva/test/eva.testsuite.symphony/bin/release/eva.testsuite.symphony.dll" id="5cc1fc07-a076-da6f-6201-35c991e2b64c">
      <Execution id="c93e4fb9-936e-47aa-a3c5-08429f1ac4f0" />
      <TestMethod codeBase="/home/runner/_work/eva/eva/test/EVA.TestSuite.Symphony/bin/Release/EVA.TestSuite.Symphony.dll" adapterTypeName="executor://nunit3testexecutor/" className="EVA.TestSuite.Symphony.ShipFromStoreTests" name="PackTaskWithProductRequirementsOnUnpickedLine_RemainingNonPackProduct" />
    </UnitTest>
    <UnitTest name="Can_get_sheet_documentation" storage="/home/runner/_work/eva/eva/test/eva.testsuite.symphony/bin/release/eva.testsuite.symphony.dll" id="dae92645-d76c-11f2-c28c-d51f0a3941a7">
      <Execution id="a6bcf240-8b62-4fb4-97d1-f3ac0b3e9f24" />
      <TestMethod codeBase="/home/runner/_work/eva/eva/test/EVA.TestSuite.Symphony/bin/Release/EVA.TestSuite.Symphony.dll" adapterTypeName="executor://nunit3testexecutor/" className="EVA.TestSuite.Symphony.GetSheetDocumentationTests" name="Can_get_sheet_documentation" />
    </UnitTest>
    <UnitTest name="Starting_a_SFS_task_does_not_cancel_other_SFS_tasks_for_different_parts_of_the_same_order" storage="/home/runner/_work/eva/eva/test/eva.testsuite.symphony/bin/release/eva.testsuite.symphony.dll" id="a60563d4-5632-24d5-2b54-2dd18e245851">
      <Execution id="8315dcf0-2a5f-41ca-b0a3-aac3bf817f4e" />
      <TestMethod codeBase="/home/runner/_work/eva/eva/test/EVA.TestSuite.Symphony/bin/Release/EVA.TestSuite.Symphony.dll" adapterTypeName="executor://nunit3testexecutor/" className="EVA.TestSuite.Symphony.ShipFromStoreTests" name="Starting_a_SFS_task_does_not_cancel_other_SFS_tasks_for_different_parts_of_the_same_order" />
    </UnitTest>
    <UnitTest name="Bundles_are_fulfilled_together(True,4)" storage="/home/runner/_work/eva/eva/test/eva.testsuite.symphony/bin/release/eva.testsuite.symphony.dll" id="68d4ede0-3258-19bc-e3e4-222b9fac0567">
      <Execution id="7d7357d2-7395-4ba9-9dad-4a23530d286b" />
      <TestMethod codeBase="/home/runner/_work/eva/eva/test/EVA.TestSuite.Symphony/bin/Release/EVA.TestSuite.Symphony.dll" adapterTypeName="executor://nunit3testexecutor/" className="EVA.TestSuite.Symphony.BundleFulfillmentTests" name="Bundles_are_fulfilled_together(True,4)" />
    </UnitTest>
    <UnitTest name="Bundles_are_fulfilled_together(False,4)" storage="/home/runner/_work/eva/eva/test/eva.testsuite.symphony/bin/release/eva.testsuite.symphony.dll" id="3963bf40-a270-69b6-ff15-381e650c35ed">
      <Execution id="f16f3730-3f46-48e5-b1bd-8056736d2dda" />
      <TestMethod codeBase="/home/runner/_work/eva/eva/test/EVA.TestSuite.Symphony/bin/Release/EVA.TestSuite.Symphony.dll" adapterTypeName="executor://nunit3testexecutor/" className="EVA.TestSuite.Symphony.BundleFulfillmentTests" name="Bundles_are_fulfilled_together(False,4)" />
    </UnitTest>
    <UnitTest name="Ship_From_Store_print_tasks_work" storage="/home/runner/_work/eva/eva/test/eva.testsuite.symphony/bin/release/eva.testsuite.symphony.dll" id="004dbfdb-b2f5-ca40-b4fd-9686f1df0a2b">
      <Execution id="14ba9481-c823-4a42-9e20-b267622cbc89" />
      <TestMethod codeBase="/home/runner/_work/eva/eva/test/EVA.TestSuite.Symphony/bin/Release/EVA.TestSuite.Symphony.dll" adapterTypeName="executor://nunit3testexecutor/" className="EVA.TestSuite.Symphony.ShipFromStoreTests" name="Ship_From_Store_print_tasks_work" />
    </UnitTest>
    <UnitTest name="Partial_pick_test" storage="/home/runner/_work/eva/eva/test/eva.testsuite.symphony/bin/release/eva.testsuite.symphony.dll" id="0111b4dd-57d1-f184-22cd-15c234fe3773">
      <Execution id="a4f8d44d-35f4-49de-b485-b7d500d57210" />
      <TestMethod codeBase="/home/runner/_work/eva/eva/test/EVA.TestSuite.Symphony/bin/Release/EVA.TestSuite.Symphony.dll" adapterTypeName="executor://nunit3testexecutor/" className="EVA.TestSuite.Symphony.ShipFromStoreTests" name="Partial_pick_test" />
    </UnitTest>
    <UnitTest name="Can_reject_SDD_based_on_date" storage="/home/runner/_work/eva/eva/test/eva.testsuite.symphony/bin/release/eva.testsuite.symphony.dll" id="bec3ea51-7296-c5a8-cd19-87c1a96d45c2">
      <Execution id="57e6bd07-e6dc-449d-8457-d9093f668413" />
      <TestMethod codeBase="/home/runner/_work/eva/eva/test/EVA.TestSuite.Symphony/bin/Release/EVA.TestSuite.Symphony.dll" adapterTypeName="executor://nunit3testexecutor/" className="EVA.TestSuite.Symphony.SameDayDelivery" name="Can_reject_SDD_based_on_date" />
    </UnitTest>
    <UnitTest name="Combined_picking_works(False)" storage="/home/runner/_work/eva/eva/test/eva.testsuite.symphony/bin/release/eva.testsuite.symphony.dll" id="e02f8bbd-801e-403e-925c-1f40cd6327ca">
      <Execution id="362234a9-fb04-481a-9915-ad3457b74ff9" />
      <TestMethod codeBase="/home/runner/_work/eva/eva/test/EVA.TestSuite.Symphony/bin/Release/EVA.TestSuite.Symphony.dll" adapterTypeName="executor://nunit3testexecutor/" className="EVA.TestSuite.Symphony.ShipFromStoreTests" name="Combined_picking_works(False)" />
    </UnitTest>
    <UnitTest name="PackTaskWithProductRequirementsOnUnpickedLine_RemainingPackProduct" storage="/home/runner/_work/eva/eva/test/eva.testsuite.symphony/bin/release/eva.testsuite.symphony.dll" id="c62ebb5f-12c5-efb5-1da1-8d916a029da3">
      <Execution id="0bbeb2b9-6e70-464c-ab0b-735f01723db5" />
      <TestMethod codeBase="/home/runner/_work/eva/eva/test/EVA.TestSuite.Symphony/bin/Release/EVA.TestSuite.Symphony.dll" adapterTypeName="executor://nunit3testexecutor/" className="EVA.TestSuite.Symphony.ShipFromStoreTests" name="PackTaskWithProductRequirementsOnUnpickedLine_RemainingPackProduct" />
    </UnitTest>
    <UnitTest name="Ship_From_Store_tasks_work_when_AutoAssignNextUserTask_is_enabled" storage="/home/runner/_work/eva/eva/test/eva.testsuite.symphony/bin/release/eva.testsuite.symphony.dll" id="716032a6-7f12-c9b2-0119-f8f87fc8c578">
      <Execution id="8691fd55-6f12-4015-85b8-49e6c1b24270" />
      <TestMethod codeBase="/home/runner/_work/eva/eva/test/EVA.TestSuite.Symphony/bin/Release/EVA.TestSuite.Symphony.dll" adapterTypeName="executor://nunit3testexecutor/" className="EVA.TestSuite.Symphony.ShipFromStoreTests" name="Ship_From_Store_tasks_work_when_AutoAssignNextUserTask_is_enabled" />
    </UnitTest>
    <UnitTest name="Score_multiplying_works" storage="/home/runner/_work/eva/eva/test/eva.testsuite.symphony/bin/release/eva.testsuite.symphony.dll" id="82585f7e-f948-6fd2-bacd-9df8c45d1746">
      <Execution id="fd3af511-3e77-4323-8139-bb6561f06de9" />
      <TestMethod codeBase="/home/runner/_work/eva/eva/test/EVA.TestSuite.Symphony/bin/Release/EVA.TestSuite.Symphony.dll" adapterTypeName="executor://nunit3testexecutor/" className="EVA.TestSuite.Symphony.PreviewOrderFulfillmentTests" name="Score_multiplying_works" />
    </UnitTest>
    <UnitTest name="Can_reject_SDD_for_a_store" storage="/home/runner/_work/eva/eva/test/eva.testsuite.symphony/bin/release/eva.testsuite.symphony.dll" id="f7422c32-68e9-c418-35b6-607db951bef6">
      <Execution id="7d8d7d4f-9f09-4038-8c1c-a5cb1a4b0be0" />
      <TestMethod codeBase="/home/runner/_work/eva/eva/test/EVA.TestSuite.Symphony/bin/Release/EVA.TestSuite.Symphony.dll" adapterTypeName="executor://nunit3testexecutor/" className="EVA.TestSuite.Symphony.SameDayDelivery" name="Can_reject_SDD_for_a_store" />
    </UnitTest>
    <UnitTest name="Ship_from_is_guessed_correctly" storage="/home/runner/_work/eva/eva/test/eva.testsuite.symphony/bin/release/eva.testsuite.symphony.dll" id="fd34e2cd-5d8d-c3ca-5375-8799d16d11f9">
      <Execution id="2b0a89e4-152b-48f0-b434-7fa4b842a556" />
      <TestMethod codeBase="/home/runner/_work/eva/eva/test/EVA.TestSuite.Symphony/bin/Release/EVA.TestSuite.Symphony.dll" adapterTypeName="executor://nunit3testexecutor/" className="EVA.TestSuite.Symphony.ShipFromGuessTests" name="Ship_from_is_guessed_correctly" />
    </UnitTest>
    <UnitTest name="Bundles_are_fulfilled_together(True,30)" storage="/home/runner/_work/eva/eva/test/eva.testsuite.symphony/bin/release/eva.testsuite.symphony.dll" id="9be6175a-72ec-48f6-4c89-527abf7f6806">
      <Execution id="d7cf489b-e46f-4d5a-8bf7-e549b7cce813" />
      <TestMethod codeBase="/home/runner/_work/eva/eva/test/EVA.TestSuite.Symphony/bin/Release/EVA.TestSuite.Symphony.dll" adapterTypeName="executor://nunit3testexecutor/" className="EVA.TestSuite.Symphony.BundleFulfillmentTests" name="Bundles_are_fulfilled_together(True,30)" />
    </UnitTest>
    <UnitTest name="Ship_From_Store_cannot_create_shipment_with_mismatched_package" storage="/home/runner/_work/eva/eva/test/eva.testsuite.symphony/bin/release/eva.testsuite.symphony.dll" id="8710ed58-efeb-b7dd-897e-f81efec02f87">
      <Execution id="c6fee8d4-b754-412b-a6d4-e01af9f7fc7f" />
      <TestMethod codeBase="/home/runner/_work/eva/eva/test/EVA.TestSuite.Symphony/bin/Release/EVA.TestSuite.Symphony.dll" adapterTypeName="executor://nunit3testexecutor/" className="EVA.TestSuite.Symphony.ShipFromStoreTests" name="Ship_From_Store_cannot_create_shipment_with_mismatched_package" />
    </UnitTest>
    <UnitTest name="Test" storage="/home/runner/_work/eva/eva/test/eva.testsuite.symphony/bin/release/eva.testsuite.symphony.dll" id="1058b7e4-4ff7-50da-3184-473344e0174b">
      <Execution id="2cf6a50b-fdaa-4b65-b0a6-a4af21427c9b" />
      <TestMethod codeBase="/home/runner/_work/eva/eva/test/EVA.TestSuite.Symphony/bin/Release/EVA.TestSuite.Symphony.dll" adapterTypeName="executor://nunit3testexecutor/" className="EVA.TestSuite.Symphony.PartialFulfillmentTests" name="Test" />
    </UnitTest>
    <UnitTest name="OrderLines_can_be_split(42,5,5,42,4,4,3)" storage="/home/runner/_work/eva/eva/test/eva.testsuite.symphony/bin/release/eva.testsuite.symphony.dll" id="1311132a-6fea-41fb-0976-3bf762d2814d">
      <Execution id="75070148-cafb-4bfe-a2ea-9386d1fcbded" />
      <TestMethod codeBase="/home/runner/_work/eva/eva/test/EVA.TestSuite.Symphony/bin/Release/EVA.TestSuite.Symphony.dll" adapterTypeName="executor://nunit3testexecutor/" className="EVA.TestSuite.Symphony.SplitOrderLinesTests" name="OrderLines_can_be_split(42,5,5,42,4,4,3)" />
    </UnitTest>
    <UnitTest name="ShipFromStoreTasksLabelLocalization(&quot;en&quot;)" storage="/home/runner/_work/eva/eva/test/eva.testsuite.symphony/bin/release/eva.testsuite.symphony.dll" id="500fe94a-b73b-7412-4e79-67f925f399a1">
      <Execution id="3103dbc3-dff3-48c1-8aef-c12de623db19" />
      <TestMethod codeBase="/home/runner/_work/eva/eva/test/EVA.TestSuite.Symphony/bin/Release/EVA.TestSuite.Symphony.dll" adapterTypeName="executor://nunit3testexecutor/" className="EVA.TestSuite.Symphony.ShipFromStoreTests" name="ShipFromStoreTasksLabelLocalization(&quot;en&quot;)" />
    </UnitTest>
    <UnitTest name="Can_cancel_OrderLineFulfillment" storage="/home/runner/_work/eva/eva/test/eva.testsuite.symphony/bin/release/eva.testsuite.symphony.dll" id="61308e46-f954-f24f-5b83-5779d925a2b6">
      <Execution id="3846e789-af6c-4dc6-9730-18f40ed05710" />
      <TestMethod codeBase="/home/runner/_work/eva/eva/test/EVA.TestSuite.Symphony/bin/Release/EVA.TestSuite.Symphony.dll" adapterTypeName="executor://nunit3testexecutor/" className="EVA.TestSuite.Symphony.CancelOrderLineFulfillmentTests" name="Can_cancel_OrderLineFulfillment" />
    </UnitTest>
    <UnitTest name="OrderLines_can_be_split(35,25,10,34,6,10,3)" storage="/home/runner/_work/eva/eva/test/eva.testsuite.symphony/bin/release/eva.testsuite.symphony.dll" id="600c0cb3-b8a8-7ea4-0812-1fa531172940">
      <Execution id="6634d390-c804-42d4-aea1-f436ad5929ed" />
      <TestMethod codeBase="/home/runner/_work/eva/eva/test/EVA.TestSuite.Symphony/bin/Release/EVA.TestSuite.Symphony.dll" adapterTypeName="executor://nunit3testexecutor/" className="EVA.TestSuite.Symphony.SplitOrderLinesTests" name="OrderLines_can_be_split(35,25,10,34,6,10,3)" />
    </UnitTest>
    <UnitTest name="Can_add_labels_to_SFS_task(&quot;'my_label'&quot;,[&quot;my_label&quot;])" storage="/home/runner/_work/eva/eva/test/eva.testsuite.symphony/bin/release/eva.testsuite.symphony.dll" id="39e25498-3958-04da-1011-6c4c8f5479fe">
      <Execution id="68cfcdc5-17ba-42f6-b886-d832f0a82589" />
      <TestMethod codeBase="/home/runner/_work/eva/eva/test/EVA.TestSuite.Symphony/bin/Release/EVA.TestSuite.Symphony.dll" adapterTypeName="executor://nunit3testexecutor/" className="EVA.TestSuite.Symphony.ShipFromStoreTests" name="Can_add_labels_to_SFS_task(&quot;'my_label'&quot;,[&quot;my_label&quot;])" />
    </UnitTest>
    <UnitTest name="Allow_set_shipping_method_after_cancellation_orchestration" storage="/home/runner/_work/eva/eva/test/eva.testsuite.symphony/bin/release/eva.testsuite.symphony.dll" id="dbd20827-5f71-7689-ff8f-250c78136bf9">
      <Execution id="fe805f2a-9499-45cd-9b86-8453d2e32294" />
      <TestMethod codeBase="/home/runner/_work/eva/eva/test/EVA.TestSuite.Symphony/bin/Release/EVA.TestSuite.Symphony.dll" adapterTypeName="executor://nunit3testexecutor/" className="EVA.TestSuite.Symphony.OrderFulfillmentTests" name="Allow_set_shipping_method_after_cancellation_orchestration" />
    </UnitTest>
    <UnitTest name="SDD_works_new" storage="/home/runner/_work/eva/eva/test/eva.testsuite.symphony/bin/release/eva.testsuite.symphony.dll" id="c4a8a4a7-cf02-3b41-5b93-222aa66f97ca">
      <Execution id="39d3c16e-1e39-46cb-b6c1-282fd76a075b" />
      <TestMethod codeBase="/home/runner/_work/eva/eva/test/EVA.TestSuite.Symphony/bin/Release/EVA.TestSuite.Symphony.dll" adapterTypeName="executor://nunit3testexecutor/" className="EVA.TestSuite.Symphony.SameDayDelivery" name="SDD_works_new" />
    </UnitTest>
    <UnitTest name="Bundles_are_fulfilled_together(False,30)" storage="/home/runner/_work/eva/eva/test/eva.testsuite.symphony/bin/release/eva.testsuite.symphony.dll" id="cc83171c-31a5-b810-84b7-5c219bf54547">
      <Execution id="09f3cf2d-a109-48eb-b758-9f923849b853" />
      <TestMethod codeBase="/home/runner/_work/eva/eva/test/EVA.TestSuite.Symphony/bin/Release/EVA.TestSuite.Symphony.dll" adapterTypeName="executor://nunit3testexecutor/" className="EVA.TestSuite.Symphony.BundleFulfillmentTests" name="Bundles_are_fulfilled_together(False,30)" />
    </UnitTest>
    <UnitTest name="Ship_From_Store_tasks_work" storage="/home/runner/_work/eva/eva/test/eva.testsuite.symphony/bin/release/eva.testsuite.symphony.dll" id="3f059bf4-d366-bbf4-27d7-e3cc37705a8a">
      <Execution id="4c58367b-1883-4f52-b6a4-1abfca23f80b" />
      <TestMethod codeBase="/home/runner/_work/eva/eva/test/EVA.TestSuite.Symphony/bin/Release/EVA.TestSuite.Symphony.dll" adapterTypeName="executor://nunit3testexecutor/" className="EVA.TestSuite.Symphony.ShipFromStoreTests" name="Ship_From_Store_tasks_work" />
    </UnitTest>
    <UnitTest name="Simple_warehouse" storage="/home/runner/_work/eva/eva/test/eva.testsuite.symphony/bin/release/eva.testsuite.symphony.dll" id="eb8b90df-1fed-0a44-547e-3f0e02634f90">
      <Execution id="ee896147-7185-40a6-ae49-f59116e88c9a" />
      <TestMethod codeBase="/home/runner/_work/eva/eva/test/EVA.TestSuite.Symphony/bin/Release/EVA.TestSuite.Symphony.dll" adapterTypeName="executor://nunit3testexecutor/" className="EVA.TestSuite.Symphony.PreviewOrderFulfillmentTests" name="Simple_warehouse" />
    </UnitTest>
    <UnitTest name="Test1(False)" storage="/home/runner/_work/eva/eva/test/eva.testsuite.symphony/bin/release/eva.testsuite.symphony.dll" id="d94a455a-995f-6f56-1459-8745848f1bd9">
      <Execution id="83d3bdb8-9cc1-43e0-8969-38535628bdc1" />
      <TestMethod codeBase="/home/runner/_work/eva/eva/test/EVA.TestSuite.Symphony/bin/Release/EVA.TestSuite.Symphony.dll" adapterTypeName="executor://nunit3testexecutor/" className="EVA.TestSuite.Symphony.PartialFulfillmentTests" name="Test1(False)" />
    </UnitTest>
    <UnitTest name="Starting_a_SFS_task_deactivates_other_tasks" storage="/home/runner/_work/eva/eva/test/eva.testsuite.symphony/bin/release/eva.testsuite.symphony.dll" id="caee47b6-53de-fcf5-fe16-5eb82cb9faa3">
      <Execution id="fb1212a6-4bdb-4381-a895-97492c6573bf" />
      <TestMethod codeBase="/home/runner/_work/eva/eva/test/EVA.TestSuite.Symphony/bin/Release/EVA.TestSuite.Symphony.dll" adapterTypeName="executor://nunit3testexecutor/" className="EVA.TestSuite.Symphony.ShipFromStoreTests" name="Starting_a_SFS_task_deactivates_other_tasks" />
    </UnitTest>
    <UnitTest name="SFS_Pick_Task_With_Unpicked_Products_With_Requirements" storage="/home/runner/_work/eva/eva/test/eva.testsuite.symphony/bin/release/eva.testsuite.symphony.dll" id="62fc2515-0668-3d46-a92c-e534c9842570">
      <Execution id="49529c98-1b3b-490b-8742-1f7df2d6eafd" />
      <TestMethod codeBase="/home/runner/_work/eva/eva/test/EVA.TestSuite.Symphony/bin/Release/EVA.TestSuite.Symphony.dll" adapterTypeName="executor://nunit3testexecutor/" className="EVA.TestSuite.Symphony.ShipFromStoreTests" name="SFS_Pick_Task_With_Unpicked_Products_With_Requirements" />
    </UnitTest>
    <UnitTest name="SUPPORT_5035" storage="/home/runner/_work/eva/eva/test/eva.testsuite.symphony/bin/release/eva.testsuite.symphony.dll" id="064014d6-5a1f-2d1b-c516-fd15bd79dc25">
      <Execution id="6a01fe5b-ff2e-44f3-85b6-d4959782da35" />
      <TestMethod codeBase="/home/runner/_work/eva/eva/test/EVA.TestSuite.Symphony/bin/Release/EVA.TestSuite.Symphony.dll" adapterTypeName="executor://nunit3testexecutor/" className="EVA.TestSuite.Symphony.SplitOrderLinesTests" name="SUPPORT_5035" />
    </UnitTest>
    <UnitTest name="SFS_Pick_Task_With_Unpicked_Service_Products" storage="/home/runner/_work/eva/eva/test/eva.testsuite.symphony/bin/release/eva.testsuite.symphony.dll" id="dc5070c5-480e-8f98-a74b-1365849cdfbe">
      <Execution id="e16604db-4452-4ba8-b0bc-f8c624fef93b" />
      <TestMethod codeBase="/home/runner/_work/eva/eva/test/EVA.TestSuite.Symphony/bin/Release/EVA.TestSuite.Symphony.dll" adapterTypeName="executor://nunit3testexecutor/" className="EVA.TestSuite.Symphony.ShipFromStoreTests" name="SFS_Pick_Task_With_Unpicked_Service_Products" />
    </UnitTest>
    <UnitTest name="Can_specify_preferred_fulfillment_OU" storage="/home/runner/_work/eva/eva/test/eva.testsuite.symphony/bin/release/eva.testsuite.symphony.dll" id="585ba0a6-dca0-4fb2-ab33-030a7b7a72d4">
      <Execution id="a1fcc31d-9cdf-470e-8173-f9b92e8e7630" />
      <TestMethod codeBase="/home/runner/_work/eva/eva/test/EVA.TestSuite.Symphony/bin/Release/EVA.TestSuite.Symphony.dll" adapterTypeName="executor://nunit3testexecutor/" className="EVA.TestSuite.Symphony.OrderFulfillmentTests" name="Can_specify_preferred_fulfillment_OU" />
    </UnitTest>
    <UnitTest name="Ship_From_Store_tasks_work_when_DisableAutomaticReceiveShipment_is_true_and_ShipFromStoreExternalLabelHandlerPrintType_is_asynchronous" storage="/home/runner/_work/eva/eva/test/eva.testsuite.symphony/bin/release/eva.testsuite.symphony.dll" id="d746ee77-32e3-0cf9-87ae-66e77d3a9103">
      <Execution id="48c5bc8c-1e7e-422d-9f64-31754c2f467b" />
      <TestMethod codeBase="/home/runner/_work/eva/eva/test/EVA.TestSuite.Symphony/bin/Release/EVA.TestSuite.Symphony.dll" adapterTypeName="executor://nunit3testexecutor/" className="EVA.TestSuite.Symphony.ShipFromStoreTests" name="Ship_From_Store_tasks_work_when_DisableAutomaticReceiveShipment_is_true_and_ShipFromStoreExternalLabelHandlerPrintType_is_asynchronous" />
    </UnitTest>
    <UnitTest name="cant_change_shipping_method_on_ship_from_store_completed_tasks_work" storage="/home/runner/_work/eva/eva/test/eva.testsuite.symphony/bin/release/eva.testsuite.symphony.dll" id="8b852c46-2000-b524-34af-be00fee46b7a">
      <Execution id="6ca1621f-e806-4b05-88ab-36a43bce3a82" />
      <TestMethod codeBase="/home/runner/_work/eva/eva/test/EVA.TestSuite.Symphony/bin/Release/EVA.TestSuite.Symphony.dll" adapterTypeName="executor://nunit3testexecutor/" className="EVA.TestSuite.Symphony.ShipFromStoreTests" name="cant_change_shipping_method_on_ship_from_store_completed_tasks_work" />
    </UnitTest>
    <UnitTest name="Can_specify_included_product_properties" storage="/home/runner/_work/eva/eva/test/eva.testsuite.symphony/bin/release/eva.testsuite.symphony.dll" id="b71bdb82-5c4c-c493-2e39-111de3c4695e">
      <Execution id="554b0948-737a-4f79-9070-1e423e7dce90" />
      <TestMethod codeBase="/home/runner/_work/eva/eva/test/EVA.TestSuite.Symphony/bin/Release/EVA.TestSuite.Symphony.dll" adapterTypeName="executor://nunit3testexecutor/" className="EVA.TestSuite.Symphony.OrderFulfillmentTests" name="Can_specify_included_product_properties" />
    </UnitTest>
    <UnitTest name="SUPPORT_1616" storage="/home/runner/_work/eva/eva/test/eva.testsuite.symphony/bin/release/eva.testsuite.symphony.dll" id="f405e8ce-345d-d3e9-d707-2f085343f837">
      <Execution id="5f395e9a-ccb5-4af3-baa7-05b20e92abc4" />
      <TestMethod codeBase="/home/runner/_work/eva/eva/test/EVA.TestSuite.Symphony/bin/Release/EVA.TestSuite.Symphony.dll" adapterTypeName="executor://nunit3testexecutor/" className="EVA.TestSuite.Symphony.ShipFromStoreTests" name="SUPPORT_1616" />
    </UnitTest>
    <UnitTest name="Ship_From_Store_sheet_works" storage="/home/runner/_work/eva/eva/test/eva.testsuite.symphony/bin/release/eva.testsuite.symphony.dll" id="1563b781-f948-78c3-9752-e36974ad47d2">
      <Execution id="4ef0df59-171d-4a97-8ad7-b8e29a439064" />
      <TestMethod codeBase="/home/runner/_work/eva/eva/test/EVA.TestSuite.Symphony/bin/Release/EVA.TestSuite.Symphony.dll" adapterTypeName="executor://nunit3testexecutor/" className="EVA.TestSuite.Symphony.ShipFromStoreTests" name="Ship_From_Store_sheet_works" />
    </UnitTest>
    <UnitTest name="Line_splitting_can_be_disabled(True)" storage="/home/runner/_work/eva/eva/test/eva.testsuite.symphony/bin/release/eva.testsuite.symphony.dll" id="8dddb11c-8019-2f5e-e6ec-10c19934f615">
      <Execution id="645756a9-f25c-469a-90fb-63007a0cc991" />
      <TestMethod codeBase="/home/runner/_work/eva/eva/test/EVA.TestSuite.Symphony/bin/Release/EVA.TestSuite.Symphony.dll" adapterTypeName="executor://nunit3testexecutor/" className="EVA.TestSuite.Symphony.PartialFulfillmentTests" name="Line_splitting_can_be_disabled(True)" />
    </UnitTest>
    <UnitTest name="Replacement_product_pick_test" storage="/home/runner/_work/eva/eva/test/eva.testsuite.symphony/bin/release/eva.testsuite.symphony.dll" id="3df3e1e0-29f8-3ce9-a145-624bf9068be7">
      <Execution id="a96bb8e4-818a-44e6-baec-f37d30d8c0d1" />
      <TestMethod codeBase="/home/runner/_work/eva/eva/test/EVA.TestSuite.Symphony/bin/Release/EVA.TestSuite.Symphony.dll" adapterTypeName="executor://nunit3testexecutor/" className="EVA.TestSuite.Symphony.ShipFromStoreTests" name="Replacement_product_pick_test" />
    </UnitTest>
    <UnitTest name="Interbranch_partial_pick" storage="/home/runner/_work/eva/eva/test/eva.testsuite.symphony/bin/release/eva.testsuite.symphony.dll" id="a38e05f4-754a-2ff8-acc1-c8813c6339cf">
      <Execution id="fe8cf3f8-b798-4d4d-a4ee-dd138aae5601" />
      <TestMethod codeBase="/home/runner/_work/eva/eva/test/EVA.TestSuite.Symphony/bin/Release/EVA.TestSuite.Symphony.dll" adapterTypeName="executor://nunit3testexecutor/" className="EVA.TestSuite.Symphony.ShipFromStoreTests" name="Interbranch_partial_pick" />
    </UnitTest>
    <UnitTest name="An_order_can_have_multiple_SFS_tasks_for_different_OrderLines" storage="/home/runner/_work/eva/eva/test/eva.testsuite.symphony/bin/release/eva.testsuite.symphony.dll" id="89338030-5796-ed82-5f8c-a4f7736e517d">
      <Execution id="59c3496d-10e2-4176-b849-9b8b09a16510" />
      <TestMethod codeBase="/home/runner/_work/eva/eva/test/EVA.TestSuite.Symphony/bin/Release/EVA.TestSuite.Symphony.dll" adapterTypeName="executor://nunit3testexecutor/" className="EVA.TestSuite.Symphony.ShipFromStoreTests" name="An_order_can_have_multiple_SFS_tasks_for_different_OrderLines" />
    </UnitTest>
  </TestDefinitions>
  <TestEntries>
    <TestEntry testId="cc83171c-31a5-b810-84b7-5c219bf54547" executionId="09f3cf2d-a109-48eb-b758-9f923849b853" testListId="8c84fa94-04c1-424b-9868-57a2d4851a1d" />
    <TestEntry testId="0111b4dd-57d1-f184-22cd-15c234fe3773" executionId="a4f8d44d-35f4-49de-b485-b7d500d57210" testListId="8c84fa94-04c1-424b-9868-57a2d4851a1d" />
    <TestEntry testId="a60563d4-5632-24d5-2b54-2dd18e245851" executionId="8315dcf0-2a5f-41ca-b0a3-aac3bf817f4e" testListId="8c84fa94-04c1-424b-9868-57a2d4851a1d" />
    <TestEntry testId="62fc2515-0668-3d46-a92c-e534c9842570" executionId="49529c98-1b3b-490b-8742-1f7df2d6eafd" testListId="8c84fa94-04c1-424b-9868-57a2d4851a1d" />
    <TestEntry testId="9f222c2d-f79f-68de-0fa1-2805565b3b70" executionId="8881761f-12bf-4298-b37b-e3deec000c05" testListId="8c84fa94-04c1-424b-9868-57a2d4851a1d" />
    <TestEntry testId="8710ed58-efeb-b7dd-897e-f81efec02f87" executionId="c6fee8d4-b754-412b-a6d4-e01af9f7fc7f" testListId="8c84fa94-04c1-424b-9868-57a2d4851a1d" />
    <TestEntry testId="50f9f215-6964-3114-8cab-596457577e8d" executionId="b3643aea-a68e-4148-8f3b-cee206b8bc0b" testListId="8c84fa94-04c1-424b-9868-57a2d4851a1d" />
    <TestEntry testId="66aa8540-1fb5-332b-7a1d-fff8652c7b56" executionId="41571c17-5351-489b-83b1-0499c6053305" testListId="8c84fa94-04c1-424b-9868-57a2d4851a1d" />
    <TestEntry testId="f7422c32-68e9-c418-35b6-607db951bef6" executionId="7d8d7d4f-9f09-4038-8c1c-a5cb1a4b0be0" testListId="8c84fa94-04c1-424b-9868-57a2d4851a1d" />
    <TestEntry testId="85d407ef-09d8-5cfa-ef0e-d59ec25d5d89" executionId="319008e4-309e-4e4f-aa68-5d00901955a5" testListId="8c84fa94-04c1-424b-9868-57a2d4851a1d" />
    <TestEntry testId="a1783381-1cdf-5e07-3e6b-76bf393595d9" executionId="bd0989a3-55c9-4cd5-8dfe-91a70a58408f" testListId="8c84fa94-04c1-424b-9868-57a2d4851a1d" />
    <TestEntry testId="d53db237-d501-a3b6-a5bb-ceb40c2e51a3" executionId="683ac411-9bdb-48cd-b53d-b55265f5dcbc" testListId="8c84fa94-04c1-424b-9868-57a2d4851a1d" />
    <TestEntry testId="68d4ede0-3258-19bc-e3e4-222b9fac0567" executionId="7d7357d2-7395-4ba9-9dad-4a23530d286b" testListId="8c84fa94-04c1-424b-9868-57a2d4851a1d" />
    <TestEntry testId="1058b7e4-4ff7-50da-3184-473344e0174b" executionId="2cf6a50b-fdaa-4b65-b0a6-a4af21427c9b" testListId="8c84fa94-04c1-424b-9868-57a2d4851a1d" />
    <TestEntry testId="a55ce991-4bf2-ca16-74fb-7288212674a3" executionId="3a142087-1f59-44b1-82d4-949dbb000b7b" testListId="8c84fa94-04c1-424b-9868-57a2d4851a1d" />
    <TestEntry testId="4d54c5fa-b51f-bdea-606c-ec2dff42ebf4" executionId="6f9af3cb-d9a5-443b-b676-c45acaa35e35" testListId="8c84fa94-04c1-424b-9868-57a2d4851a1d" />
    <TestEntry testId="d8fdf074-71ab-e215-7bf3-0bfa309f97a5" executionId="871320f5-b417-4c81-b201-bb221ece87d9" testListId="8c84fa94-04c1-424b-9868-57a2d4851a1d" />
    <TestEntry testId="89cf9f63-74c3-7c2f-691b-d719da430488" executionId="303ddf96-5378-4b19-8695-67dfb889f165" testListId="8c84fa94-04c1-424b-9868-57a2d4851a1d" />
    <TestEntry testId="e5b1c762-e282-29c5-1c75-39698dbfc3f1" executionId="01550b07-deb6-49c2-b461-a57f192e4975" testListId="8c84fa94-04c1-424b-9868-57a2d4851a1d" />
    <TestEntry testId="fd34e2cd-5d8d-c3ca-5375-8799d16d11f9" executionId="2b0a89e4-152b-48f0-b434-7fa4b842a556" testListId="8c84fa94-04c1-424b-9868-57a2d4851a1d" />
    <TestEntry testId="04a0ea40-b77f-50f5-5376-ae3d16b897e9" executionId="64c679ac-e0e8-46cd-861d-127106fb42a7" testListId="8c84fa94-04c1-424b-9868-57a2d4851a1d" />
    <TestEntry testId="43263228-b1a5-b05e-cb5d-8061d3fd18c4" executionId="262ede56-337d-4e7e-aab1-137b9c833f6a" testListId="8c84fa94-04c1-424b-9868-57a2d4851a1d" />
    <TestEntry testId="3f059bf4-d366-bbf4-27d7-e3cc37705a8a" executionId="4c58367b-1883-4f52-b6a4-1abfca23f80b" testListId="8c84fa94-04c1-424b-9868-57a2d4851a1d" />
    <TestEntry testId="eb8b90df-1fed-0a44-547e-3f0e02634f90" executionId="ee896147-7185-40a6-ae49-f59116e88c9a" testListId="8c84fa94-04c1-424b-9868-57a2d4851a1d" />
    <TestEntry testId="c62ebb5f-12c5-efb5-1da1-8d916a029da3" executionId="0bbeb2b9-6e70-464c-ab0b-735f01723db5" testListId="8c84fa94-04c1-424b-9868-57a2d4851a1d" />
    <TestEntry testId="300cca3f-6688-f0d4-582f-01eed32c7b2e" executionId="83195086-6cf9-441d-8d02-46ea835275fe" testListId="8c84fa94-04c1-424b-9868-57a2d4851a1d" />
    <TestEntry testId="593d354a-c66f-4193-7154-4b05ee94523b" executionId="9be96666-ae41-4bad-850f-1dbf4f709a83" testListId="8c84fa94-04c1-424b-9868-57a2d4851a1d" />
    <TestEntry testId="d746ee77-32e3-0cf9-87ae-66e77d3a9103" executionId="48c5bc8c-1e7e-422d-9f64-31754c2f467b" testListId="8c84fa94-04c1-424b-9868-57a2d4851a1d" />
    <TestEntry testId="86994d91-74cd-f400-e98c-db8b0c4961b1" executionId="f1915d1f-746f-437f-b13b-a01e627e3439" testListId="8c84fa94-04c1-424b-9868-57a2d4851a1d" />
    <TestEntry testId="004dbfdb-b2f5-ca40-b4fd-9686f1df0a2b" executionId="14ba9481-c823-4a42-9e20-b267622cbc89" testListId="8c84fa94-04c1-424b-9868-57a2d4851a1d" />
    <TestEntry testId="1311132a-6fea-41fb-0976-3bf762d2814d" executionId="75070148-cafb-4bfe-a2ea-9386d1fcbded" testListId="8c84fa94-04c1-424b-9868-57a2d4851a1d" />
    <TestEntry testId="f405e8ce-345d-d3e9-d707-2f085343f837" executionId="5f395e9a-ccb5-4af3-baa7-05b20e92abc4" testListId="8c84fa94-04c1-424b-9868-57a2d4851a1d" />
    <TestEntry testId="c521ea5f-db27-9197-e42b-e0123ebd90b4" executionId="e1132fe8-256c-4316-af2b-7253c096dcb8" testListId="8c84fa94-04c1-424b-9868-57a2d4851a1d" />
    <TestEntry testId="3963bf40-a270-69b6-ff15-381e650c35ed" executionId="f16f3730-3f46-48e5-b1bd-8056736d2dda" testListId="8c84fa94-04c1-424b-9868-57a2d4851a1d" />
    <TestEntry testId="e349e8df-9d00-d9a6-2375-62ca3cfd49d8" executionId="7f9c384f-f47d-446e-8156-ad4cbffb5923" testListId="8c84fa94-04c1-424b-9868-57a2d4851a1d" />
    <TestEntry testId="1563b781-f948-78c3-9752-e36974ad47d2" executionId="4ef0df59-171d-4a97-8ad7-b8e29a439064" testListId="8c84fa94-04c1-424b-9868-57a2d4851a1d" />
    <TestEntry testId="3df3e1e0-29f8-3ce9-a145-624bf9068be7" executionId="a96bb8e4-818a-44e6-baec-f37d30d8c0d1" testListId="8c84fa94-04c1-424b-9868-57a2d4851a1d" />
    <TestEntry testId="531f969c-27cb-5eef-29d7-fd9657cc6515" executionId="36548b6b-ad7c-44f8-9118-44a332b7caff" testListId="8c84fa94-04c1-424b-9868-57a2d4851a1d" />
    <TestEntry testId="6d1dd42c-02f4-1842-0c30-f247dad384dc" executionId="a54a5667-efd4-4c4d-8884-d1f61068a264" testListId="8c84fa94-04c1-424b-9868-57a2d4851a1d" />
    <TestEntry testId="57138c3e-9aac-c1ba-a46b-efc821883b1e" executionId="970dd8c4-cb44-4f1d-8138-d9e6a813f423" testListId="8c84fa94-04c1-424b-9868-57a2d4851a1d" />
    <TestEntry testId="d94a455a-995f-6f56-1459-8745848f1bd9" executionId="83d3bdb8-9cc1-43e0-8969-38535628bdc1" testListId="8c84fa94-04c1-424b-9868-57a2d4851a1d" />
    <TestEntry testId="caee47b6-53de-fcf5-fe16-5eb82cb9faa3" executionId="fb1212a6-4bdb-4381-a895-97492c6573bf" testListId="8c84fa94-04c1-424b-9868-57a2d4851a1d" />
    <TestEntry testId="c417373a-f093-4003-b082-71982157114c" executionId="c3a55ab5-47d2-4a93-9bda-65c84b6e5a65" testListId="8c84fa94-04c1-424b-9868-57a2d4851a1d" />
    <TestEntry testId="33e248b2-3a4b-0b51-e2fd-a56b88561ca4" executionId="28fc7581-d52e-4a38-8d03-a076df66ff7f" testListId="8c84fa94-04c1-424b-9868-57a2d4851a1d" />
    <TestEntry testId="5cc1fc07-a076-da6f-6201-35c991e2b64c" executionId="c93e4fb9-936e-47aa-a3c5-08429f1ac4f0" testListId="8c84fa94-04c1-424b-9868-57a2d4851a1d" />
    <TestEntry testId="5a522e5a-4fbf-b4b5-64e4-bc15a625e653" executionId="558fb95b-9d6c-48ad-82f2-283dae6f590b" testListId="8c84fa94-04c1-424b-9868-57a2d4851a1d" />
    <TestEntry testId="bec3ea51-7296-c5a8-cd19-87c1a96d45c2" executionId="57e6bd07-e6dc-449d-8457-d9093f668413" testListId="8c84fa94-04c1-424b-9868-57a2d4851a1d" />
    <TestEntry testId="61308e46-f954-f24f-5b83-5779d925a2b6" executionId="3846e789-af6c-4dc6-9730-18f40ed05710" testListId="8c84fa94-04c1-424b-9868-57a2d4851a1d" />
    <TestEntry testId="9be6175a-72ec-48f6-4c89-527abf7f6806" executionId="d7cf489b-e46f-4d5a-8bf7-e549b7cce813" testListId="8c84fa94-04c1-424b-9868-57a2d4851a1d" />
    <TestEntry testId="7a5e0e8a-07b5-299f-178e-5d14eb0ec905" executionId="dab07875-8dbb-47ae-bd16-1cbc724b8c73" testListId="8c84fa94-04c1-424b-9868-57a2d4851a1d" />
    <TestEntry testId="3bbeed40-3375-9ee9-6ee4-b3a41ae22310" executionId="547e45ea-1e6f-44bf-8e71-ffea49cfde15" testListId="8c84fa94-04c1-424b-9868-57a2d4851a1d" />
    <TestEntry testId="600c0cb3-b8a8-7ea4-0812-1fa531172940" executionId="6634d390-c804-42d4-aea1-f436ad5929ed" testListId="8c84fa94-04c1-424b-9868-57a2d4851a1d" />
    <TestEntry testId="dbd20827-5f71-7689-ff8f-250c78136bf9" executionId="fe805f2a-9499-45cd-9b86-8453d2e32294" testListId="8c84fa94-04c1-424b-9868-57a2d4851a1d" />
    <TestEntry testId="716032a6-7f12-c9b2-0119-f8f87fc8c578" executionId="8691fd55-6f12-4015-85b8-49e6c1b24270" testListId="8c84fa94-04c1-424b-9868-57a2d4851a1d" />
    <TestEntry testId="1bb3d030-3a2b-d65d-0854-a8733d3071e5" executionId="563c2676-3448-481a-a7e2-169ab83a43ac" testListId="8c84fa94-04c1-424b-9868-57a2d4851a1d" />
    <TestEntry testId="b71bdb82-5c4c-c493-2e39-111de3c4695e" executionId="554b0948-737a-4f79-9070-1e423e7dce90" testListId="8c84fa94-04c1-424b-9868-57a2d4851a1d" />
    <TestEntry testId="500fe94a-b73b-7412-4e79-67f925f399a1" executionId="3103dbc3-dff3-48c1-8aef-c12de623db19" testListId="8c84fa94-04c1-424b-9868-57a2d4851a1d" />
    <TestEntry testId="02a83319-9533-1e45-e602-d82c28fd8d94" executionId="94dc9187-d0ce-4a0a-bbd6-a71f82609722" testListId="8c84fa94-04c1-424b-9868-57a2d4851a1d" />
    <TestEntry testId="bd13c074-a359-2ea2-9c96-83b9a31e7cba" executionId="55b41190-9089-44cc-a6e3-074bdca399a5" testListId="8c84fa94-04c1-424b-9868-57a2d4851a1d" />
    <TestEntry testId="87f5e320-5c60-abe2-31f5-7f79f17361c7" executionId="38a3dae5-792a-49bc-85ca-65783147072d" testListId="8c84fa94-04c1-424b-9868-57a2d4851a1d" />
    <TestEntry testId="585ba0a6-dca0-4fb2-ab33-030a7b7a72d4" executionId="a1fcc31d-9cdf-470e-8173-f9b92e8e7630" testListId="8c84fa94-04c1-424b-9868-57a2d4851a1d" />
    <TestEntry testId="a38e05f4-754a-2ff8-acc1-c8813c6339cf" executionId="fe8cf3f8-b798-4d4d-a4ee-dd138aae5601" testListId="8c84fa94-04c1-424b-9868-57a2d4851a1d" />
    <TestEntry testId="82585f7e-f948-6fd2-bacd-9df8c45d1746" executionId="fd3af511-3e77-4323-8139-bb6561f06de9" testListId="8c84fa94-04c1-424b-9868-57a2d4851a1d" />
    <TestEntry testId="8dddb11c-8019-2f5e-e6ec-10c19934f615" executionId="645756a9-f25c-469a-90fb-63007a0cc991" testListId="8c84fa94-04c1-424b-9868-57a2d4851a1d" />
    <TestEntry testId="e02f8bbd-801e-403e-925c-1f40cd6327ca" executionId="362234a9-fb04-481a-9915-ad3457b74ff9" testListId="8c84fa94-04c1-424b-9868-57a2d4851a1d" />
    <TestEntry testId="3cfc3d37-d06d-1514-8b42-86c13678cb4f" executionId="2dbc6e85-4b10-4a6c-98ad-cdba58804402" testListId="8c84fa94-04c1-424b-9868-57a2d4851a1d" />
    <TestEntry testId="eb02e926-db75-368b-9ce0-a30b34670a23" executionId="367c7a6d-40b3-4a4a-81de-c2f062303a16" testListId="8c84fa94-04c1-424b-9868-57a2d4851a1d" />
    <TestEntry testId="dae92645-d76c-11f2-c28c-d51f0a3941a7" executionId="a6bcf240-8b62-4fb4-97d1-f3ac0b3e9f24" testListId="8c84fa94-04c1-424b-9868-57a2d4851a1d" />
    <TestEntry testId="4039c962-590e-fb15-7f94-e1cb6148b9aa" executionId="759d94be-eee8-46f6-951d-d6db38238d62" testListId="8c84fa94-04c1-424b-9868-57a2d4851a1d" />
    <TestEntry testId="89338030-5796-ed82-5f8c-a4f7736e517d" executionId="59c3496d-10e2-4176-b849-9b8b09a16510" testListId="8c84fa94-04c1-424b-9868-57a2d4851a1d" />
    <TestEntry testId="77d00fae-b879-67f6-0ea9-517ae3e69b77" executionId="18d3a24d-a61a-47e0-a77b-f5bab61ed440" testListId="8c84fa94-04c1-424b-9868-57a2d4851a1d" />
    <TestEntry testId="c4a8a4a7-cf02-3b41-5b93-222aa66f97ca" executionId="39d3c16e-1e39-46cb-b6c1-282fd76a075b" testListId="8c84fa94-04c1-424b-9868-57a2d4851a1d" />
    <TestEntry testId="12867b82-5d0f-0398-5912-4f9f57473836" executionId="30deddb4-e1cf-46b2-9b58-f837302e8eb2" testListId="8c84fa94-04c1-424b-9868-57a2d4851a1d" />
    <TestEntry testId="1acb1fc2-858d-5f19-7231-f8ebfdfad0b5" executionId="acfc4de7-6b03-4aa4-9b7c-07334522a67e" testListId="8c84fa94-04c1-424b-9868-57a2d4851a1d" />
    <TestEntry testId="7c9dfba4-4202-9b33-fff0-d0871936cbc1" executionId="5023147e-65c0-4fc9-bf5e-b363794bda2a" testListId="8c84fa94-04c1-424b-9868-57a2d4851a1d" />
    <TestEntry testId="afb9442b-22ea-a8f0-a734-caa1b008dd22" executionId="19ad6ce8-b703-473d-937a-5feaf65867f0" testListId="8c84fa94-04c1-424b-9868-57a2d4851a1d" />
    <TestEntry testId="8e23741c-b033-4218-902f-57639dad886f" executionId="109277a8-f092-4d52-9800-8f4205d4d4b8" testListId="8c84fa94-04c1-424b-9868-57a2d4851a1d" />
    <TestEntry testId="9f3c360f-38d6-480f-c673-023ade4394b7" executionId="ce7f2316-14a5-4b6a-8c57-ede8a48fb1f6" testListId="8c84fa94-04c1-424b-9868-57a2d4851a1d" />
    <TestEntry testId="8b852c46-2000-b524-34af-be00fee46b7a" executionId="6ca1621f-e806-4b05-88ab-36a43bce3a82" testListId="8c84fa94-04c1-424b-9868-57a2d4851a1d" />
    <TestEntry testId="39e25498-3958-04da-1011-6c4c8f5479fe" executionId="68cfcdc5-17ba-42f6-b886-d832f0a82589" testListId="8c84fa94-04c1-424b-9868-57a2d4851a1d" />
    <TestEntry testId="dc5070c5-480e-8f98-a74b-1365849cdfbe" executionId="e16604db-4452-4ba8-b0bc-f8c624fef93b" testListId="8c84fa94-04c1-424b-9868-57a2d4851a1d" />
    <TestEntry testId="48115999-2eb9-2e84-7737-57b292467dc9" executionId="ba09ebb3-20f5-4a97-bc64-91b364ea8ce1" testListId="8c84fa94-04c1-424b-9868-57a2d4851a1d" />
    <TestEntry testId="fe2f8086-3b62-3d38-7430-e4ccbcba9d26" executionId="bde1c502-9c00-441c-abc8-869b08e51330" testListId="8c84fa94-04c1-424b-9868-57a2d4851a1d" />
    <TestEntry testId="064014d6-5a1f-2d1b-c516-fd15bd79dc25" executionId="6a01fe5b-ff2e-44f3-85b6-d4959782da35" testListId="8c84fa94-04c1-424b-9868-57a2d4851a1d" />
  </TestEntries>
  <TestLists>
    <TestList name="Results Not in a List" id="8c84fa94-04c1-424b-9868-57a2d4851a1d" />
    <TestList name="All Loaded Results" id="19431567-8539-422a-85d7-44ee4e166bda" />
  </TestLists>
  <ResultSummary outcome="Completed">
    <Counters total="84" executed="17" passed="17" failed="0" error="0" timeout="0" aborted="0" inconclusive="0" passedButRunAborted="0" notRunnable="0" notExecuted="0" disconnected="0" warning="0" completed="0" inProgress="0" pending="0" />
    <Output>
      <StdOut>NUnit Adapter 5.0.0.0: Test execution started
Running all tests in /home/runner/_work/eva/eva/test/EVA.TestSuite.Symphony/bin/Release/EVA.TestSuite.Symphony.dll
   NUnit3TestExecutor discovered 84 of 84 NUnit test cases using Current Discovery mode, Non-Explicit run
Bundles_are_fulfilled_together(True,4): Skipping test: it does not belong to this partition.
Bundles_are_fulfilled_together(False,4): Skipping test: it does not belong to this partition.
Bundles_are_fulfilled_together(True,30): Skipping test: it does not belong to this partition.
Bundles_are_fulfilled_together(False,30): Skipping test: it does not belong to this partition.
Can_cancel_OrderLineFulfillment: Skipping test: it does not belong to this partition.
Can_partially_cancel_OrderLineFulfillment: Skipping test: it does not belong to this partition.
Can_get_sheet_documentation: Skipping test: it does not belong to this partition.
Can_get_sheet_documentation_for_sheet_that_doesnt_compile: Skipping test: it does not belong to this partition.
Allow_set_shipping_method_after_cancellation_orchestration: Skipping test: it does not belong to this partition.
Test 'Bundles_are_fulfilled_together(True,4)' was skipped in the test run.
Test 'Bundles_are_fulfilled_together(False,4)' was skipped in the test run.
Test 'Bundles_are_fulfilled_together(True,30)' was skipped in the test run.
Test 'Bundles_are_fulfilled_together(False,30)' was skipped in the test run.
Test 'Can_cancel_OrderLineFulfillment' was skipped in the test run.
Test 'Can_partially_cancel_OrderLineFulfillment' was skipped in the test run.
Test 'Can_get_sheet_documentation' was skipped in the test run.
Test 'Can_get_sheet_documentation_for_sheet_that_doesnt_compile' was skipped in the test run.
Test 'Allow_set_shipping_method_after_cancellation_orchestration' was skipped in the test run.
Basic_test: Skipping test: it does not belong to this partition.
Basic_test2: Skipping test: it does not belong to this partition.
Can_specify_included_product_properties: Skipping test: it does not belong to this partition.
Can_specify_preferred_fulfillment_OU: Skipping test: it does not belong to this partition.
Can_use_stock_to_influence_score(True): Skipping test: it does not belong to this partition.
Can_use_stock_to_influence_score(False): Skipping test: it does not belong to this partition.
CancelExternalOrderWorks: Skipping test: it does not belong to this partition.
FulfillmentOrderWorksInCookbook: Skipping test: it does not belong to this partition.
Can_use_SupplierCount(True): Skipping test: it does not belong to this partition.
Test 'Basic_test' was skipped in the test run.
Test 'Basic_test2' was skipped in the test run.
Test 'Can_specify_included_product_properties' was skipped in the test run.
Test 'Can_specify_preferred_fulfillment_OU' was skipped in the test run.
Test 'Can_use_stock_to_influence_score(True)' was skipped in the test run.
Test 'Can_use_stock_to_influence_score(False)' was skipped in the test run.
Test 'CancelExternalOrderWorks' was skipped in the test run.
Test 'FulfillmentOrderWorksInCookbook' was skipped in the test run.
Test 'Can_use_SupplierCount(True)' was skipped in the test run.
Can_use_SupplierCount(False): Skipping test: it does not belong to this partition.
Test 'Can_use_SupplierCount(False)' was skipped in the test run.
Warning message/ListOrderFulfillmentLines limit_large - Limit parameter 1000 is high - consider adding paging.
Warning message/ListOrderFulfillmentLines limit_large - Limit parameter 1000 is high - consider adding paging.
Warning message/ListOrderExportsForOrder limit_large - Limit parameter 1000 is high - consider adding paging.
Warning message/ListOrderFulfillmentLines limit_large - Limit parameter 1000 is high - consider adding paging.
Warning message/ListOrderFulfillmentLines limit_large - Limit parameter 1000 is high - consider adding paging.
Warning message/ListOrderFulfillmentLines limit_large - Limit parameter 1000 is high - consider adding paging.
Warning message/ListOrderFulfillmentLines limit_large - Limit parameter 1000 is high - consider adding paging.
Warning message/ListOrderFulfillmentLines limit_large - Limit parameter 1000 is high - consider adding paging.
Warning message/ListOrderFulfillmentLines limit_large - Limit parameter 1000 is high - consider adding paging.
Warning message/ListOrderFulfillmentLines limit_large - Limit parameter 1000 is high - consider adding paging.
Warning message/ListOrderFulfillmentLines limit_large - Limit parameter 1000 is high - consider adding paging.
Warning message/ListOrderFulfillmentLines limit_large - Limit parameter 1000 is high - consider adding paging.
Warning message/ListOrderFulfillmentLines limit_large - Limit parameter 1000 is high - consider adding paging.
Warning message/ListOrderFulfillmentLines limit_large - Limit parameter 1000 is high - consider adding paging.
Warning message/ListOrderFulfillmentLines limit_large - Limit parameter 1000 is high - consider adding paging.
Warning message/ListOrderFulfillmentLines limit_large - Limit parameter 1000 is high - consider adding paging.
Warning message/ListOrderFulfillmentLines limit_large - Limit parameter 1000 is high - consider adding paging.
Warning message/ListOrderFulfillmentLines limit_large - Limit parameter 1000 is high - consider adding paging.

Score_multiplying_works: Skipping test: it does not belong to this partition.
Simple_warehouse: Skipping test: it does not belong to this partition.
Works: Skipping test: it does not belong to this partition.
Warning message/ListOrganizationUnits obsolete_service - EVA.Core.Services.OrganizationUnits.ListOrganizationUnits is deprecated and will be removed in 2.0.812: Use `ListOrganizationUnitDetailed` (authenticated) or `ListOrganizationUnitSummaries` (anonymous).
Warning message/GetOrganizationUnit obsolete_service - EVA.Core.Services.OrganizationUnits.GetOrganizationUnit is deprecated and will be removed in 2.0.812: Use `GetOrganizationUnitDetailed` (authenticated) or `GetOrganizationUnitSummary` (anonymous).

Test 'Score_multiplying_works' was skipped in the test run.
Test 'Simple_warehouse' was skipped in the test run.
Test 'Works' was skipped in the test run.
Warning message/ListOrganizationUnits obsolete_service - EVA.Core.Services.OrganizationUnits.ListOrganizationUnits is deprecated and will be removed in 2.0.812: Use `ListOrganizationUnitDetailed` (authenticated) or `ListOrganizationUnitSummaries` (anonymous).
Warning message/GetOrganizationUnit obsolete_service - EVA.Core.Services.OrganizationUnits.GetOrganizationUnit is deprecated and will be removed in 2.0.812: Use `GetOrganizationUnitDetailed` (authenticated) or `GetOrganizationUnitSummary` (anonymous).

Warning message/ListOrganizationUnits obsolete_service - EVA.Core.Services.OrganizationUnits.ListOrganizationUnits is deprecated and will be removed in 2.0.812: Use `ListOrganizationUnitDetailed` (authenticated) or `ListOrganizationUnitSummaries` (anonymous).
Warning message/GetOrganizationUnit obsolete_service - EVA.Core.Services.OrganizationUnits.GetOrganizationUnit is deprecated and will be removed in 2.0.812: Use `GetOrganizationUnitDetailed` (authenticated) or `GetOrganizationUnitSummary` (anonymous).

Warning message/ListOrganizationUnits obsolete_service - EVA.Core.Services.OrganizationUnits.ListOrganizationUnits is deprecated and will be removed in 2.0.812: Use `ListOrganizationUnitDetailed` (authenticated) or `ListOrganizationUnitSummaries` (anonymous).
Warning message/GetOrganizationUnit obsolete_service - EVA.Core.Services.OrganizationUnits.GetOrganizationUnit is deprecated and will be removed in 2.0.812: Use `GetOrganizationUnitDetailed` (authenticated) or `GetOrganizationUnitSummary` (anonymous).

Warning message/ListOrganizationUnits obsolete_service - EVA.Core.Services.OrganizationUnits.ListOrganizationUnits is deprecated and will be removed in 2.0.812: Use `ListOrganizationUnitDetailed` (authenticated) or `ListOrganizationUnitSummaries` (anonymous).
Warning message/GetOrganizationUnit obsolete_service - EVA.Core.Services.OrganizationUnits.GetOrganizationUnit is deprecated and will be removed in 2.0.812: Use `GetOrganizationUnitDetailed` (authenticated) or `GetOrganizationUnitSummary` (anonymous).

Warning message/ListOrganizationUnits obsolete_service - EVA.Core.Services.OrganizationUnits.ListOrganizationUnits is deprecated and will be removed in 2.0.812: Use `ListOrganizationUnitDetailed` (authenticated) or `ListOrganizationUnitSummaries` (anonymous).
Warning message/GetOrganizationUnit obsolete_service - EVA.Core.Services.OrganizationUnits.GetOrganizationUnit is deprecated and will be removed in 2.0.812: Use `GetOrganizationUnitDetailed` (authenticated) or `GetOrganizationUnitSummary` (anonymous).

Modifying_sheets_should_reflect_in_list_and_history_services: Skipping test: it does not belong to this partition.
Ship_from_is_guessed_correctly: Skipping test: it does not belong to this partition.
An_expired_ship_task_reroutes_the_order: Skipping test: it does not belong to this partition.
An_order_can_have_multiple_SFS_tasks_for_different_OrderLines: Skipping test: it does not belong to this partition.
Can_add_labels_to_SFS_task("AmazonLabel, 'SFS_task', MangoLabel, IsLimitedEdition",["NotAmazon", "SFS_task", "NotLimitedEdition"]): Skipping test: it does not belong to this partition.
Can_add_labels_to_SFS_task("'my_label'",["my_label"]): Skipping test: it does not belong to this partition.
Canceling_a_pickup_SFS_task_reroutes_the_order: Skipping test: it does not belong to this partition.
cant_change_shipping_method_on_ship_from_store_completed_tasks_work: Skipping test: it does not belong to this partition.
Test 'Modifying_sheets_should_reflect_in_list_and_history_services' was skipped in the test run.
Test 'Ship_from_is_guessed_correctly' was skipped in the test run.
Test 'An_expired_ship_task_reroutes_the_order' was skipped in the test run.
Test 'An_order_can_have_multiple_SFS_tasks_for_different_OrderLines' was skipped in the test run.
Test 'Can_add_labels_to_SFS_task("AmazonLabel, 'SFS_task', MangoLabel, IsLimitedEdition",["NotAmazon", "SFS_task", "NotLimitedEdition"])' was skipped in the test run.
Test 'Can_add_labels_to_SFS_task("'my_label'",["my_label"])' was skipped in the test run.
Test 'Canceling_a_pickup_SFS_task_reroutes_the_order' was skipped in the test run.
Test 'cant_change_shipping_method_on_ship_from_store_completed_tasks_work' was skipped in the test run.
ChildLines_ProductRequirements_AndMoreJuicyDetails: STRING-ID-SKIP-WithConfetti actually does not have a value but the peanut butter coating does..?
Combined_picking_works(False): Skipping test: it does not belong to this partition.
Combined_picking_works(True): Skipping test: it does not belong to this partition.
Deactivating_the_ship_from_store_task_creates_a_new_task: Skipping test: it does not belong to this partition.
Get_ship_from_store_task_by_barcode_test: Skipping test: it does not belong to this partition.
Interbranch_partial_pick: Skipping test: it does not belong to this partition.
PackTaskCancelledWithProductRequirements: Skipping test: it does not belong to this partition.
PackTaskWithProductRequirements: Skipping test: it does not belong to this partition.
PackTaskWithProductRequirementsOnUnpickedLine_RemainingNonPackProduct: Skipping test: it does not belong to this partition.
Test 'ChildLines_ProductRequirements_AndMoreJuicyDetails' was skipped in the test run.
Test 'Combined_picking_works(False)' was skipped in the test run.
Test 'Combined_picking_works(True)' was skipped in the test run.
Test 'Deactivating_the_ship_from_store_task_creates_a_new_task' was skipped in the test run.
Test 'Get_ship_from_store_task_by_barcode_test' was skipped in the test run.
Test 'Interbranch_partial_pick' was skipped in the test run.
Test 'PackTaskCancelledWithProductRequirements' was skipped in the test run.
Test 'PackTaskWithProductRequirements' was skipped in the test run.
Test 'PackTaskWithProductRequirementsOnUnpickedLine_RemainingNonPackProduct' was skipped in the test run.
PackTaskWithProductRequirementsOnUnpickedLine_RemainingPackProduct: Skipping test: it does not belong to this partition.
Partial_pick_test: Skipping test: it does not belong to this partition.
Partial_quantity_pick_test: Skipping test: it does not belong to this partition.
Pickup_orders_create_an_interbranch_SFS_task: Skipping test: it does not belong to this partition.
PrintShipFromStoreTasksWithBlobsWorks: Skipping test: it does not belong to this partition.
Replacement_product_pick_test: Skipping test: it does not belong to this partition.
SFS_Pick_Task_With_Unpicked_Products_With_Requirements: Skipping test: it does not belong to this partition.
SFS_Pick_Task_With_Unpicked_Service_Products: Skipping test: it does not belong to this partition.
Ship_From_Store_can_create_shipment_with_package: Skipping test: it does not belong to this partition.
Test 'PackTaskWithProductRequirementsOnUnpickedLine_RemainingPackProduct' was skipped in the test run.
Test 'Partial_pick_test' was skipped in the test run.
Test 'Partial_quantity_pick_test' was skipped in the test run.
Test 'Pickup_orders_create_an_interbranch_SFS_task' was skipped in the test run.
Test 'PrintShipFromStoreTasksWithBlobsWorks' was skipped in the test run.
Test 'Replacement_product_pick_test' was skipped in the test run.
Test 'SFS_Pick_Task_With_Unpicked_Products_With_Requirements' was skipped in the test run.
Test 'SFS_Pick_Task_With_Unpicked_Service_Products' was skipped in the test run.
Test 'Ship_From_Store_can_create_shipment_with_package' was skipped in the test run.
Ship_From_Store_cannot_create_shipment_with_mismatched_package: Skipping test: it does not belong to this partition.
Ship_From_Store_print_tasks_work: Skipping test: it does not belong to this partition.
Ship_From_Store_sheet_works: Skipping test: it does not belong to this partition.
Ship_From_Store_tasks_work: Skipping test: it does not belong to this partition.
Ship_From_Store_tasks_work_when_AutoAssignNextUserTask_is_enabled: Skipping test: it does not belong to this partition.
Ship_From_Store_tasks_work_when_DisableAutomaticReceiveShipment_is_false_and_ShipFromStoreExternalLabelHandlerPrintType_is_asynchronous: Skipping test: it does not belong to this partition.
Ship_From_Store_tasks_work_when_DisableAutomaticReceiveShipment_is_true: Skipping test: it does not belong to this partition.
Ship_From_Store_tasks_work_when_DisableAutomaticReceiveShipment_is_true_and_ShipFromStoreExternalLabelHandlerPrintType_is_asynchronous: Skipping test: it does not belong to this partition.
ShipFromStoreTasksLabelLocalization("en"): Skipping test: it does not belong to this partition.
Test 'Ship_From_Store_cannot_create_shipment_with_mismatched_package' was skipped in the test run.
Test 'Ship_From_Store_print_tasks_work' was skipped in the test run.
Test 'Ship_From_Store_sheet_works' was skipped in the test run.
Test 'Ship_From_Store_tasks_work' was skipped in the test run.
Test 'Ship_From_Store_tasks_work_when_AutoAssignNextUserTask_is_enabled' was skipped in the test run.
Test 'Ship_From_Store_tasks_work_when_DisableAutomaticReceiveShipment_is_false_and_ShipFromStoreExternalLabelHandlerPrintType_is_asynchronous' was skipped in the test run.
Test 'Ship_From_Store_tasks_work_when_DisableAutomaticReceiveShipment_is_true' was skipped in the test run.
Test 'Ship_From_Store_tasks_work_when_DisableAutomaticReceiveShipment_is_true_and_ShipFromStoreExternalLabelHandlerPrintType_is_asynchronous' was skipped in the test run.
Test 'ShipFromStoreTasksLabelLocalization("en")' was skipped in the test run.
ShipFromStoreTasksLabelLocalization("nl"): Skipping test: it does not belong to this partition.
Starting_a_SFS_task_deactivates_other_tasks: Skipping test: it does not belong to this partition.
Starting_a_SFS_task_does_not_cancel_other_SFS_tasks_for_different_parts_of_the_same_order: Skipping test: it does not belong to this partition.
SUPPORT_1552: Skipping test: it does not belong to this partition.
SUPPORT_1616: Skipping test: it does not belong to this partition.
OrderLines_can_be_split(42,5,5,42,4,4,3): Skipping test: it does not belong to this partition.
OrderLines_can_be_split(35,25,0,34,16,0,2): Skipping test: it does not belong to this partition.
OrderLines_can_be_split(35,25,10,34,6,10,3): Skipping test: it does not belong to this partition.
SUPPORT_4995: Skipping test: it does not belong to this partition.
Test 'ShipFromStoreTasksLabelLocalization("nl")' was skipped in the test run.
Test 'Starting_a_SFS_task_deactivates_other_tasks' was skipped in the test run.
Test 'Starting_a_SFS_task_does_not_cancel_other_SFS_tasks_for_different_parts_of_the_same_order' was skipped in the test run.
Test 'SUPPORT_1552' was skipped in the test run.
Test 'SUPPORT_1616' was skipped in the test run.
Test 'OrderLines_can_be_split(42,5,5,42,4,4,3)' was skipped in the test run.
Test 'OrderLines_can_be_split(35,25,0,34,16,0,2)' was skipped in the test run.
Test 'OrderLines_can_be_split(35,25,10,34,6,10,3)' was skipped in the test run.
Test 'SUPPORT_4995' was skipped in the test run.
SUPPORT_5035: Skipping test: it does not belong to this partition.
Warning message/ListOrderFulfillments limit_large - Limit parameter 1000 is high - consider adding paging.
Warning message/ListOrderFulfillments limit_large - Limit parameter 1000 is high - consider adding paging.
Warning message/ListOrderFulfillments limit_large - Limit parameter 1000 is high - consider adding paging.
Warning message/ListOrderFulfillments limit_large - Limit parameter 1000 is high - consider adding paging.

NUnit Adapter 5.0.0.0: Test execution complete
Test 'SUPPORT_5035' was skipped in the test run.
</StdOut>
    </Output>
  </ResultSummary>
</TestRun>