<?xml version="1.0" encoding="utf-8"?>
<TestRun id="98a24d70-a831-4b5d-a86b-4463c3270f52" name="@ip-10-1-4-15 2025-04-02 13:21:48" xmlns="http://microsoft.com/schemas/VisualStudio/TeamTest/2010">
  <Times creation="2025-04-02T13:21:48.4506614+00:00" queuing="2025-04-02T13:21:48.4506615+00:00" start="2025-04-02T13:21:47.5493407+00:00" finish="2025-04-02T13:21:48.4548793+00:00" />
  <TestSettings name="default" id="3719ed02-d668-4365-9518-841b383e5674">
    <Deployment runDeploymentRoot="_ip-10-1-4-15_2025-04-02_13_21_48" />
  </TestSettings>
  <Results>
    <UnitTestResult executionId="54b7a6e8-5337-423a-9b75-3a33b8f958d1" testId="147905b9-5caf-7524-ecad-fede3ba005fb" testName="SaleIsCommunicatedToNedap" computerName="ip-10-1-4-15" duration="00:00:00.0120850" startTime="2025-04-02T13:21:48.3307455+00:00" endTime="2025-04-02T13:21:48.3428002+00:00" testType="13cdc9d9-ddb5-4fa4-a97d-d965ccfc6d4b" outcome="NotExecuted" testListId="8c84fa94-04c1-424b-9868-57a2d4851a1d" relativeResultsDirectory="54b7a6e8-5337-423a-9b75-3a33b8f958d1">
      <Output>
        <StdOut>Skipping test: it does not belong to this partition.</StdOut>
        <ErrorInfo>
          <Message>Skipping test: it does not belong to this partition.</Message>
        </ErrorInfo>
      </Output>
    </UnitTestResult>
  </Results>
  <TestDefinitions>
    <UnitTest name="SaleIsCommunicatedToNedap" storage="/home/runner/_work/eva/eva/test/eva.testsuite.nedap/bin/release/eva.testsuite.nedap.dll" id="147905b9-5caf-7524-ecad-fede3ba005fb">
      <Execution id="54b7a6e8-5337-423a-9b75-3a33b8f958d1" />
      <TestMethod codeBase="/home/runner/_work/eva/eva/test/EVA.TestSuite.Nedap/bin/Release/EVA.TestSuite.Nedap.dll" adapterTypeName="executor://nunit3testexecutor/" className="EVA.TestSuite.Nedap.NedapSaleTests" name="SaleIsCommunicatedToNedap" />
    </UnitTest>
  </TestDefinitions>
  <TestEntries>
    <TestEntry testId="147905b9-5caf-7524-ecad-fede3ba005fb" executionId="54b7a6e8-5337-423a-9b75-3a33b8f958d1" testListId="8c84fa94-04c1-424b-9868-57a2d4851a1d" />
  </TestEntries>
  <TestLists>
    <TestList name="Results Not in a List" id="8c84fa94-04c1-424b-9868-57a2d4851a1d" />
    <TestList name="All Loaded Results" id="19431567-8539-422a-85d7-44ee4e166bda" />
  </TestLists>
  <ResultSummary outcome="Completed">
    <Counters total="1" executed="0" passed="0" failed="0" error="0" timeout="0" aborted="0" inconclusive="0" passedButRunAborted="0" notRunnable="0" notExecuted="0" disconnected="0" warning="0" completed="0" inProgress="0" pending="0" />
    <Output>
      <StdOut>NUnit Adapter 5.0.0.0: Test execution started
Running all tests in /home/runner/_work/eva/eva/test/EVA.TestSuite.Nedap/bin/Release/EVA.TestSuite.Nedap.dll
   NUnit3TestExecutor discovered 1 of 1 NUnit test cases using Current Discovery mode, Non-Explicit run
SaleIsCommunicatedToNedap: Skipping test: it does not belong to this partition.
NUnit Adapter 5.0.0.0: Test execution complete
Test 'SaleIsCommunicatedToNedap' was skipped in the test run.
</StdOut>
    </Output>
  </ResultSummary>
</TestRun>