<?xml version="1.0" encoding="utf-8"?>
<TestRun id="b879b0f8-7fee-49b8-ba4a-e70a4347e320" name="@ip-10-1-37-176 2025-04-02 13:20:23" xmlns="http://microsoft.com/schemas/VisualStudio/TeamTest/2010">
  <Times creation="2025-04-02T13:20:23.1949981+00:00" queuing="2025-04-02T13:20:23.1949982+00:00" start="2025-04-02T13:20:21.5029578+00:00" finish="2025-04-02T13:20:23.1996549+00:00" />
  <TestSettings name="default" id="8e596f5c-cb74-4427-8de0-dd64dd5ebddc">
    <Deployment runDeploymentRoot="_ip-10-1-37-176_2025-04-02_13_20_23" />
  </TestSettings>
  <Results>
    <UnitTestResult executionId="53952221-136e-4793-9e25-207df5d0b46b" testId="147905b9-5caf-7524-ecad-fede3ba005fb" testName="SaleIsCommunicatedToNedap" computerName="ip-10-1-37-176" duration="00:00:00.7640890" startTime="2025-04-02T13:20:22.3154775+00:00" endTime="2025-04-02T13:20:23.0795286+00:00" testType="13cdc9d9-ddb5-4fa4-a97d-d965ccfc6d4b" outcome="Passed" testListId="8c84fa94-04c1-424b-9868-57a2d4851a1d" relativeResultsDirectory="53952221-136e-4793-9e25-207df5d0b46b">
      <Output>
        <StdOut>Warning message/ListOrganizationUnits obsolete_service - EVA.Core.Services.OrganizationUnits.ListOrganizationUnits is deprecated and will be removed in 2.0.812: Use `ListOrganizationUnitDetailed` (authenticated) or `ListOrganizationUnitSummaries` (anonymous).
Warning message/CreateOrganizationUnit required_field:ToCreate.CurrencyID - Field ToCreate.CurrencyID is required and will be enforced as such in 2.0.606.
Warning message/CreateOrganizationUnit required_field:ToCreate.CostPriceCurrencyID - Field ToCreate.CostPriceCurrencyID is required and will be enforced as such in 2.0.606.
Warning message/GetOrganizationUnit obsolete_service - EVA.Core.Services.OrganizationUnits.GetOrganizationUnit is deprecated and will be removed in 2.0.812: Use `GetOrganizationUnitDetailed` (authenticated) or `GetOrganizationUnitSummary` (anonymous).</StdOut>
      </Output>
    </UnitTestResult>
  </Results>
  <TestDefinitions>
    <UnitTest name="SaleIsCommunicatedToNedap" storage="/home/runner/_work/eva/eva/test/eva.testsuite.nedap/bin/release/eva.testsuite.nedap.dll" id="147905b9-5caf-7524-ecad-fede3ba005fb">
      <Execution id="53952221-136e-4793-9e25-207df5d0b46b" />
      <TestMethod codeBase="/home/runner/_work/eva/eva/test/EVA.TestSuite.Nedap/bin/Release/EVA.TestSuite.Nedap.dll" adapterTypeName="executor://nunit3testexecutor/" className="EVA.TestSuite.Nedap.NedapSaleTests" name="SaleIsCommunicatedToNedap" />
    </UnitTest>
  </TestDefinitions>
  <TestEntries>
    <TestEntry testId="147905b9-5caf-7524-ecad-fede3ba005fb" executionId="53952221-136e-4793-9e25-207df5d0b46b" testListId="8c84fa94-04c1-424b-9868-57a2d4851a1d" />
  </TestEntries>
  <TestLists>
    <TestList name="Results Not in a List" id="8c84fa94-04c1-424b-9868-57a2d4851a1d" />
    <TestList name="All Loaded Results" id="19431567-8539-422a-85d7-44ee4e166bda" />
  </TestLists>
  <ResultSummary outcome="Completed">
    <Counters total="1" executed="1" passed="1" failed="0" error="0" timeout="0" aborted="0" inconclusive="0" passedButRunAborted="0" notRunnable="0" notExecuted="0" disconnected="0" warning="0" completed="0" inProgress="0" pending="0" />
    <Output>
      <StdOut>NUnit Adapter 5.0.0.0: Test execution started
Running all tests in /home/runner/_work/eva/eva/test/EVA.TestSuite.Nedap/bin/Release/EVA.TestSuite.Nedap.dll
   NUnit3TestExecutor discovered 1 of 1 NUnit test cases using Current Discovery mode, Non-Explicit run
Warning message/ListOrganizationUnits obsolete_service - EVA.Core.Services.OrganizationUnits.ListOrganizationUnits is deprecated and will be removed in 2.0.812: Use `ListOrganizationUnitDetailed` (authenticated) or `ListOrganizationUnitSummaries` (anonymous).
Warning message/CreateOrganizationUnit required_field:ToCreate.CurrencyID - Field ToCreate.CurrencyID is required and will be enforced as such in 2.0.606.
Warning message/CreateOrganizationUnit required_field:ToCreate.CostPriceCurrencyID - Field ToCreate.CostPriceCurrencyID is required and will be enforced as such in 2.0.606.
Warning message/GetOrganizationUnit obsolete_service - EVA.Core.Services.OrganizationUnits.GetOrganizationUnit is deprecated and will be removed in 2.0.812: Use `GetOrganizationUnitDetailed` (authenticated) or `GetOrganizationUnitSummary` (anonymous).

NUnit Adapter 5.0.0.0: Test execution complete
</StdOut>
    </Output>
  </ResultSummary>
</TestRun>