<?xml version="1.0" encoding="utf-8"?>
<TestRun id="cdee810f-13f5-4fa2-8bbe-cbf6c97be386" name="@ip-10-1-13-52 2025-04-02 13:21:44" xmlns="http://microsoft.com/schemas/VisualStudio/TeamTest/2010">
  <Times creation="2025-04-02T13:21:44.7479811+00:00" queuing="2025-04-02T13:21:44.7479811+00:00" start="2025-04-02T13:21:43.6653352+00:00" finish="2025-04-02T13:21:44.7531080+00:00" />
  <TestSettings name="default" id="5ace7ff1-5b47-4a9f-adcd-76307f757f88">
    <Deployment runDeploymentRoot="_ip-10-1-13-52_2025-04-02_13_21_44" />
  </TestSettings>
  <Results>
    <UnitTestResult executionId="7635ef3b-f365-4642-b340-51411171e79b" testId="147905b9-5caf-7524-ecad-fede3ba005fb" testName="SaleIsCommunicatedToNedap" computerName="ip-10-1-13-52" duration="00:00:00.0143000" startTime="2025-04-02T13:21:44.5927801+00:00" endTime="2025-04-02T13:21:44.6070445+00:00" testType="13cdc9d9-ddb5-4fa4-a97d-d965ccfc6d4b" outcome="NotExecuted" testListId="8c84fa94-04c1-424b-9868-57a2d4851a1d" relativeResultsDirectory="7635ef3b-f365-4642-b340-51411171e79b">
      <Output>
        <StdOut>Skipping test: it does not belong to this partition.</StdOut>
        <ErrorInfo>
          <Message>Skipping test: it does not belong to this partition.</Message>
        </ErrorInfo>
      </Output>
    </UnitTestResult>
  </Results>
  <TestDefinitions>
    <UnitTest name="SaleIsCommunicatedToNedap" storage="/home/runner/_work/eva/eva/test/eva.testsuite.nedap/bin/release/eva.testsuite.nedap.dll" id="147905b9-5caf-7524-ecad-fede3ba005fb">
      <Execution id="7635ef3b-f365-4642-b340-51411171e79b" />
      <TestMethod codeBase="/home/runner/_work/eva/eva/test/EVA.TestSuite.Nedap/bin/Release/EVA.TestSuite.Nedap.dll" adapterTypeName="executor://nunit3testexecutor/" className="EVA.TestSuite.Nedap.NedapSaleTests" name="SaleIsCommunicatedToNedap" />
    </UnitTest>
  </TestDefinitions>
  <TestEntries>
    <TestEntry testId="147905b9-5caf-7524-ecad-fede3ba005fb" executionId="7635ef3b-f365-4642-b340-51411171e79b" testListId="8c84fa94-04c1-424b-9868-57a2d4851a1d" />
  </TestEntries>
  <TestLists>
    <TestList name="Results Not in a List" id="8c84fa94-04c1-424b-9868-57a2d4851a1d" />
    <TestList name="All Loaded Results" id="19431567-8539-422a-85d7-44ee4e166bda" />
  </TestLists>
  <ResultSummary outcome="Completed">
    <Counters total="1" executed="0" passed="0" failed="0" error="0" timeout="0" aborted="0" inconclusive="0" passedButRunAborted="0" notRunnable="0" notExecuted="0" disconnected="0" warning="0" completed="0" inProgress="0" pending="0" />
    <Output>
      <StdOut>NUnit Adapter 5.0.0.0: Test execution started
Running all tests in /home/runner/_work/eva/eva/test/EVA.TestSuite.Nedap/bin/Release/EVA.TestSuite.Nedap.dll
   NUnit3TestExecutor discovered 1 of 1 NUnit test cases using Current Discovery mode, Non-Explicit run
SaleIsCommunicatedToNedap: Skipping test: it does not belong to this partition.
NUnit Adapter 5.0.0.0: Test execution complete
Test 'SaleIsCommunicatedToNedap' was skipped in the test run.
</StdOut>
    </Output>
  </ResultSummary>
</TestRun>